<?xml version="1.0" encoding="UTF-8"?>
<testsuite name="AccountServiceTest" tests="1" skipped="0" failures="0" errors="0" timestamp="2023-06-21T19:47:28" hostname="DESKTOP-4O6GG5D" time="43.408">
  <properties/>
  <testcase name="start" classname="AccountServiceTest" time="43.408"/>
  <system-out><![CDATA[?[1;31m
Start test 1?[0m
?[0;34m
?[0m?[0;34m  .   ____          _            __ _ _
?[0m?[0;34m /\\ / ___'_ __ _ _(_)_ __  __ _ \ \ \ \
?[0m?[0;34m( ( )\___ | '_ | '_| | '_ \/ _` | \ \ \ \
?[0m?[0;34m \\/  ___)| |_)| | | | | || (_| |  ) ) ) )
?[0m?[0;34m  '  |____| .__|_| |_|_| |_\__, | / / / /
?[0m?[0;34m =========|_|==============|___/=/_/_/_/
?[0m?[0;34m?[32m :: Spring Boot :: ?[39m              ?[2m (v3.0.2)?[0;39m
?[0m?[0;34m
?[0m?[0;34m?[2m2023-06-21T15:47:28.884-04:00?[0;39m ?[32m INFO?[0;39m ?[35m31896?[0;39m ?[2m---?[0;39m ?[2m[    Test worker]?[0;39m ?[36maccount.AccountServiceApplication       ?[0;39m ?[2m:?[0;39m Starting AccountServiceApplication using Java 17.0.6 with PID 31896 (started by mikec in E:\New folder\Account Service\Account Service\task)
?[0m?[0;34m?[2m2023-06-21T15:47:28.888-04:00?[0;39m ?[32m INFO?[0;39m ?[35m31896?[0;39m ?[2m---?[0;39m ?[2m[    Test worker]?[0;39m ?[36maccount.AccountServiceApplication       ?[0;39m ?[2m:?[0;39m No active profile set, falling back to 1 default profile: "default"
?[0m?[0;34m?[2m2023-06-21T15:47:29.845-04:00?[0;39m ?[32m INFO?[0;39m ?[35m31896?[0;39m ?[2m---?[0;39m ?[2m[    Test worker]?[0;39m ?[36m.s.d.r.c.RepositoryConfigurationDelegate?[0;39m ?[2m:?[0;39m Bootstrapping Spring Data JPA repositories in DEFAULT mode.
?[0m?[0;34m?[2m2023-06-21T15:47:29.915-04:00?[0;39m ?[32m INFO?[0;39m ?[35m31896?[0;39m ?[2m---?[0;39m ?[2m[    Test worker]?[0;39m ?[36m.s.d.r.c.RepositoryConfigurationDelegate?[0;39m ?[2m:?[0;39m Finished Spring Data repository scanning in 61 ms. Found 3 JPA repository interfaces.
?[0m?[0;34m?[2m2023-06-21T15:47:30.458-04:00?[0;39m ?[32m INFO?[0;39m ?[35m31896?[0;39m ?[2m---?[0;39m ?[2m[    Test worker]?[0;39m ?[36mo.s.b.w.embedded.tomcat.TomcatWebServer ?[0;39m ?[2m:?[0;39m Tomcat initialized with port(s): 28852 (http)
?[0m?[0;34m?[2m2023-06-21T15:47:30.473-04:00?[0;39m ?[32m INFO?[0;39m ?[35m31896?[0;39m ?[2m---?[0;39m ?[2m[    Test worker]?[0;39m ?[36mo.apache.catalina.core.StandardService  ?[0;39m ?[2m:?[0;39m Starting service [Tomcat]
?[0m?[0;34m?[2m2023-06-21T15:47:30.474-04:00?[0;39m ?[32m INFO?[0;39m ?[35m31896?[0;39m ?[2m---?[0;39m ?[2m[    Test worker]?[0;39m ?[36mo.apache.catalina.core.StandardEngine   ?[0;39m ?[2m:?[0;39m Starting Servlet engine: [Apache Tomcat/10.1.5]
?[0m?[0;34m?[2m2023-06-21T15:47:30.565-04:00?[0;39m ?[32m INFO?[0;39m ?[35m31896?[0;39m ?[2m---?[0;39m ?[2m[    Test worker]?[0;39m ?[36mo.a.c.c.C.[Tomcat].[localhost].[/]      ?[0;39m ?[2m:?[0;39m Initializing Spring embedded WebApplicationContext
?[0m?[0;34m?[2m2023-06-21T15:47:30.567-04:00?[0;39m ?[32m INFO?[0;39m ?[35m31896?[0;39m ?[2m---?[0;39m ?[2m[    Test worker]?[0;39m ?[36mw.s.c.ServletWebServerApplicationContext?[0;39m ?[2m:?[0;39m Root WebApplicationContext: initialization completed in 1649 ms
?[0m?[0;34m?[2m2023-06-21T15:47:30.656-04:00?[0;39m ?[32m INFO?[0;39m ?[35m31896?[0;39m ?[2m---?[0;39m ?[2m[    Test worker]?[0;39m ?[36mcom.zaxxer.hikari.HikariDataSource      ?[0;39m ?[2m:?[0;39m HikariPool-1 - Starting...
?[0m?[0;34m?[2m2023-06-21T15:47:30.873-04:00?[0;39m ?[32m INFO?[0;39m ?[35m31896?[0;39m ?[2m---?[0;39m ?[2m[    Test worker]?[0;39m ?[36mcom.zaxxer.hikari.pool.HikariPool       ?[0;39m ?[2m:?[0;39m HikariPool-1 - Added connection conn0: url=jdbc:h2:file:~/service_db user=SA
?[0m?[0;34m?[2m2023-06-21T15:47:30.875-04:00?[0;39m ?[32m INFO?[0;39m ?[35m31896?[0;39m ?[2m---?[0;39m ?[2m[    Test worker]?[0;39m ?[36mcom.zaxxer.hikari.HikariDataSource      ?[0;39m ?[2m:?[0;39m HikariPool-1 - Start completed.
?[0m?[0;34m?[2m2023-06-21T15:47:30.888-04:00?[0;39m ?[32m INFO?[0;39m ?[35m31896?[0;39m ?[2m---?[0;39m ?[2m[    Test worker]?[0;39m ?[36mo.s.b.a.h2.H2ConsoleAutoConfiguration   ?[0;39m ?[2m:?[0;39m H2 console available at '/h2-console'. Database available at 'jdbc:h2:file:~/service_db'
?[0m?[0;34m?[2m2023-06-21T15:47:30.965-04:00?[0;39m ?[32mDEBUG?[0;39m ?[35m31896?[0;39m ?[2m---?[0;39m ?[2m[    Test worker]?[0;39m ?[36mo.s.w.f.ServerHttpObservationFilter     ?[0;39m ?[2m:?[0;39m Filter 'serverHttpObservationFilter' configured for use
?[0m?[0;34m?[2m2023-06-21T15:47:30.968-04:00?[0;39m ?[33m WARN?[0;39m ?[35m31896?[0;39m ?[2m---?[0;39m ?[2m[    Test worker]?[0;39m ?[36m.t.u.s.PrivilegedSetAccessControlContext?[0;39m ?[2m:?[0;39m Unable to set field Thread.inheritedAccessControlContext
?[0m?[0;34m
?[0m?[0;34mjava.lang.IllegalAccessException: class org.apache.tomcat.util.security.PrivilegedSetAccessControlContext cannot access a member of class java.lang.Thread (in module java.base) with modifiers "private"
?[0m?[0;34m	at java.base/jdk.internal.reflect.Reflection.newIllegalAccessException(Reflection.java:392) ~[na:na]
?[0m?[0;34m	at java.base/java.lang.reflect.AccessibleObject.checkAccess(AccessibleObject.java:674) ~[na:na]
?[0m?[0;34m	at java.base/java.lang.reflect.Field.checkAccess(Field.java:1102) ~[na:na]
?[0m?[0;34m	at java.base/java.lang.reflect.Field.set(Field.java:797) ~[na:na]
?[0m?[0;34m	at org.apache.tomcat.util.security.PrivilegedSetAccessControlContext.run(PrivilegedSetAccessControlContext.java:60) ~[tomcat-embed-core-10.1.5.jar:10.1.5]
?[0m?[0;34m	at org.apache.tomcat.util.security.PrivilegedSetAccessControlContext.run(PrivilegedSetAccessControlContext.java:28) ~[tomcat-embed-core-10.1.5.jar:10.1.5]
?[0m?[0;34m	at java.base/java.security.AccessController.doPrivileged(AccessController.java:318) ~[na:na]
?[0m?[0;34m	at org.apache.tomcat.util.threads.TaskThreadFactory.newThread(TaskThreadFactory.java:64) ~[tomcat-embed-core-10.1.5.jar:10.1.5]
?[0m?[0;34m	at java.base/java.util.concurrent.ThreadPoolExecutor$Worker.<init>(ThreadPoolExecutor.java:630) ~[na:na]
?[0m?[0;34m	at java.base/java.util.concurrent.ThreadPoolExecutor.addWorker(ThreadPoolExecutor.java:920) ~[na:na]
?[0m?[0;34m	at java.base/java.util.concurrent.ThreadPoolExecutor.ensurePrestart(ThreadPoolExecutor.java:1593) ~[na:na]
?[0m?[0;34m	at java.base/java.util.concurrent.ScheduledThreadPoolExecutor.delayedExecute(ScheduledThreadPoolExecutor.java:346) ~[na:na]
?[0m?[0;34m	at java.base/java.util.concurrent.ScheduledThreadPoolExecutor.scheduleWithFixedDelay(ScheduledThreadPoolExecutor.java:680) ~[na:na]
?[0m?[0;34m	at org.apache.tomcat.util.threads.ScheduledThreadPoolExecutor.scheduleWithFixedDelay(ScheduledThreadPoolExecutor.java:138) ~[tomcat-embed-core-10.1.5.jar:10.1.5]
?[0m?[0;34m	at org.apache.catalina.core.ContainerBase.startInternal(ContainerBase.java:948) ~[tomcat-embed-core-10.1.5.jar:10.1.5]
?[0m?[0;34m	at org.apache.catalina.core.StandardEngine.startInternal(StandardEngine.java:252) ~[tomcat-embed-core-10.1.5.jar:10.1.5]
?[0m?[0;34m	at org.apache.catalina.util.LifecycleBase.start(LifecycleBase.java:183) ~[tomcat-embed-core-10.1.5.jar:10.1.5]
?[0m?[0;34m	at org.apache.catalina.core.StandardService.startInternal(StandardService.java:430) ~[tomcat-embed-core-10.1.5.jar:10.1.5]
?[0m?[0;34m	at org.apache.catalina.util.LifecycleBase.start(LifecycleBase.java:183) ~[tomcat-embed-core-10.1.5.jar:10.1.5]
?[0m?[0;34m	at org.apache.catalina.core.StandardServer.startInternal(StandardServer.java:926) ~[tomcat-embed-core-10.1.5.jar:10.1.5]
?[0m?[0;34m	at org.apache.catalina.util.LifecycleBase.start(LifecycleBase.java:183) ~[tomcat-embed-core-10.1.5.jar:10.1.5]
?[0m?[0;34m	at org.apache.catalina.startup.Tomcat.start(Tomcat.java:485) ~[tomcat-embed-core-10.1.5.jar:10.1.5]
?[0m?[0;34m	at org.springframework.boot.web.embedded.tomcat.TomcatWebServer.initialize(TomcatWebServer.java:123) ~[spring-boot-3.0.2.jar:3.0.2]
?[0m?[0;34m	at org.springframework.boot.web.embedded.tomcat.TomcatWebServer.<init>(TomcatWebServer.java:104) ~[spring-boot-3.0.2.jar:3.0.2]
?[0m?[0;34m	at org.springframework.boot.web.embedded.tomcat.TomcatServletWebServerFactory.getTomcatWebServer(TomcatServletWebServerFactory.java:486) ~[spring-boot-3.0.2.jar:3.0.2]
?[0m?[0;34m	at org.springframework.boot.web.embedded.tomcat.TomcatServletWebServerFactory.getWebServer(TomcatServletWebServerFactory.java:210) ~[spring-boot-3.0.2.jar:3.0.2]
?[0m?[0;34m	at org.springframework.boot.web.servlet.context.ServletWebServerApplicationContext.createWebServer(ServletWebServerApplicationContext.java:183) ~[spring-boot-3.0.2.jar:3.0.2]
?[0m?[0;34m	at org.springframework.boot.web.servlet.context.ServletWebServerApplicationContext.onRefresh(ServletWebServerApplicationContext.java:161) ~[spring-boot-3.0.2.jar:3.0.2]
?[0m?[0;34m	at org.springframework.context.support.AbstractApplicationContext.refresh(AbstractApplicationContext.java:578) ~[spring-context-6.0.4.jar:6.0.4]
?[0m?[0;34m	at org.springframework.boot.web.servlet.context.ServletWebServerApplicationContext.refresh(ServletWebServerApplicationContext.java:146) ~[spring-boot-3.0.2.jar:3.0.2]
?[0m?[0;34m	at org.springframework.boot.SpringApplication.refresh(SpringApplication.java:730) ~[spring-boot-3.0.2.jar:3.0.2]
?[0m?[0;34m	at org.springframework.boot.SpringApplication.refreshContext(SpringApplication.java:432) ~[spring-boot-3.0.2.jar:3.0.2]
?[0m?[0;34m	at org.springframework.boot.SpringApplication.run(SpringApplication.java:308) ~[spring-boot-3.0.2.jar:3.0.2]
?[0m?[0;34m	at org.springframework.boot.SpringApplication.run(SpringApplication.java:1302) ~[spring-boot-3.0.2.jar:3.0.2]
?[0m?[0;34m	at org.springframework.boot.SpringApplication.run(SpringApplication.java:1291) ~[spring-boot-3.0.2.jar:3.0.2]
?[0m?[0;34m	at account.AccountServiceApplication.main(AccountServiceApplication.java:14) ~[main/:na]
?[0m?[0;34m	at java.base/jdk.internal.reflect.NativeMethodAccessorImpl.invoke0(Native Method) ~[na:na]
?[0m?[0;34m	at java.base/jdk.internal.reflect.NativeMethodAccessorImpl.invoke(NativeMethodAccessorImpl.java:77) ~[na:na]
?[0m?[0;34m	at java.base/jdk.internal.reflect.DelegatingMethodAccessorImpl.invoke(DelegatingMethodAccessorImpl.java:43) ~[na:na]
?[0m?[0;34m	at java.base/java.lang.reflect.Method.invoke(Method.java:568) ~[na:na]
?[0m?[0;34m	at org.hyperskill.hstest.stage.SpringTest.startSpring(SpringTest.java:187) ~[hs-test-release-SNAPSHOT.jar:na]
?[0m?[0;34m	at org.hyperskill.hstest.stage.SpringTest.launchSpring(SpringTest.java:49) ~[hs-test-release-SNAPSHOT.jar:na]
?[0m?[0;34m	at org.hyperskill.hstest.testing.runner.SpringApplicationRunner.launchSpringBootApplication(SpringApplicationRunner.java:20) ~[hs-test-release-SNAPSHOT.jar:na]
?[0m?[0;34m	at org.hyperskill.hstest.testing.runner.SpringApplicationRunner.setUp(SpringApplicationRunner.java:35) ~[hs-test-release-SNAPSHOT.jar:na]
?[0m?[0;34m	at org.hyperskill.hstest.testing.TestRun.setUp(TestRun.java:77) ~[hs-test-release-SNAPSHOT.jar:na]
?[0m?[0;34m	at org.hyperskill.hstest.stage.StageTest.start(StageTest.java:159) ~[hs-test-release-SNAPSHOT.jar:na]
?[0m?[0;34m	at java.base/jdk.internal.reflect.NativeMethodAccessorImpl.invoke0(Native Method) ~[na:na]
?[0m?[0;34m	at java.base/jdk.internal.reflect.NativeMethodAccessorImpl.invoke(NativeMethodAccessorImpl.java:77) ~[na:na]
?[0m?[0;34m	at java.base/jdk.internal.reflect.DelegatingMethodAccessorImpl.invoke(DelegatingMethodAccessorImpl.java:43) ~[na:na]
?[0m?[0;34m	at java.base/java.lang.reflect.Method.invoke(Method.java:568) ~[na:na]
?[0m?[0;34m	at org.junit.runners.model.FrameworkMethod$1.runReflectiveCall(FrameworkMethod.java:59) ~[junit-4.13.2.jar:4.13.2]
?[0m?[0;34m	at org.junit.internal.runners.model.ReflectiveCallable.run(ReflectiveCallable.java:12) ~[junit-4.13.2.jar:4.13.2]
?[0m?[0;34m	at org.junit.runners.model.FrameworkMethod.invokeExplosively(FrameworkMethod.java:56) ~[junit-4.13.2.jar:4.13.2]
?[0m?[0;34m	at org.junit.internal.runners.statements.InvokeMethod.evaluate(InvokeMethod.java:17) ~[junit-4.13.2.jar:4.13.2]
?[0m?[0;34m	at org.junit.internal.runners.statements.RunAfters.evaluate(RunAfters.java:27) ~[junit-4.13.2.jar:4.13.2]
?[0m?[0;34m	at org.junit.runners.ParentRunner$3.evaluate(ParentRunner.java:306) ~[junit-4.13.2.jar:4.13.2]
?[0m?[0;34m	at org.junit.runners.BlockJUnit4ClassRunner$1.evaluate(BlockJUnit4ClassRunner.java:100) ~[junit-4.13.2.jar:4.13.2]
?[0m?[0;34m	at org.junit.runners.ParentRunner.runLeaf(ParentRunner.java:366) ~[junit-4.13.2.jar:4.13.2]
?[0m?[0;34m	at org.junit.runners.BlockJUnit4ClassRunner.runChild(BlockJUnit4ClassRunner.java:103) ~[junit-4.13.2.jar:4.13.2]
?[0m?[0;34m	at org.junit.runners.BlockJUnit4ClassRunner.runChild(BlockJUnit4ClassRunner.java:63) ~[junit-4.13.2.jar:4.13.2]
?[0m?[0;34m	at org.junit.runners.ParentRunner$4.run(ParentRunner.java:331) ~[junit-4.13.2.jar:4.13.2]
?[0m?[0;34m	at org.junit.runners.ParentRunner$1.schedule(ParentRunner.java:79) ~[junit-4.13.2.jar:4.13.2]
?[0m?[0;34m	at org.junit.runners.ParentRunner.runChildren(ParentRunner.java:329) ~[junit-4.13.2.jar:4.13.2]
?[0m?[0;34m	at org.junit.runners.ParentRunner.access$100(ParentRunner.java:66) ~[junit-4.13.2.jar:4.13.2]
?[0m?[0;34m	at org.junit.runners.ParentRunner$2.evaluate(ParentRunner.java:293) ~[junit-4.13.2.jar:4.13.2]
?[0m?[0;34m	at org.junit.runners.ParentRunner$3.evaluate(ParentRunner.java:306) ~[junit-4.13.2.jar:4.13.2]
?[0m?[0;34m	at org.junit.runners.ParentRunner.run(ParentRunner.java:413) ~[junit-4.13.2.jar:4.13.2]
?[0m?[0;34m	at org.gradle.api.internal.tasks.testing.junit.JUnitTestClassExecutor.runTestClass(JUnitTestClassExecutor.java:108) ~[na:na]
?[0m?[0;34m	at org.gradle.api.internal.tasks.testing.junit.JUnitTestClassExecutor.execute(JUnitTestClassExecutor.java:57) ~[na:na]
?[0m?[0;34m	at org.gradle.api.internal.tasks.testing.junit.JUnitTestClassExecutor.execute(JUnitTestClassExecutor.java:39) ~[na:na]
?[0m?[0;34m	at org.gradle.api.internal.tasks.testing.junit.AbstractJUnitTestClassProcessor.processTestClass(AbstractJUnitTestClassProcessor.java:62) ~[na:na]
?[0m?[0;34m	at org.gradle.api.internal.tasks.testing.SuiteTestClassProcessor.processTestClass(SuiteTestClassProcessor.java:52) ~[na:na]
?[0m?[0;34m	at java.base/jdk.internal.reflect.NativeMethodAccessorImpl.invoke0(Native Method) ~[na:na]
?[0m?[0;34m	at java.base/jdk.internal.reflect.NativeMethodAccessorImpl.invoke(NativeMethodAccessorImpl.java:77) ~[na:na]
?[0m?[0;34m	at java.base/jdk.internal.reflect.DelegatingMethodAccessorImpl.invoke(DelegatingMethodAccessorImpl.java:43) ~[na:na]
?[0m?[0;34m	at java.base/java.lang.reflect.Method.invoke(Method.java:568) ~[na:na]
?[0m?[0;34m	at org.gradle.internal.dispatch.ReflectionDispatch.dispatch(ReflectionDispatch.java:36) ~[na:na]
?[0m?[0;34m	at org.gradle.internal.dispatch.ReflectionDispatch.dispatch(ReflectionDispatch.java:24) ~[na:na]
?[0m?[0;34m	at org.gradle.internal.dispatch.ContextClassLoaderDispatch.dispatch(ContextClassLoaderDispatch.java:33) ~[na:na]
?[0m?[0;34m	at org.gradle.internal.dispatch.ProxyDispatchAdapter$DispatchingInvocationHandler.invoke(ProxyDispatchAdapter.java:94) ~[na:na]
?[0m?[0;34m	at jdk.proxy1/jdk.proxy1.$Proxy2.processTestClass(Unknown Source) ~[na:na]
?[0m?[0;34m	at org.gradle.api.internal.tasks.testing.worker.TestWorker$2.run(TestWorker.java:176) ~[na:na]
?[0m?[0;34m	at org.gradle.api.internal.tasks.testing.worker.TestWorker.executeAndMaintainThreadName(TestWorker.java:129) ~[na:na]
?[0m?[0;34m	at org.gradle.api.internal.tasks.testing.worker.TestWorker.execute(TestWorker.java:100) ~[na:na]
?[0m?[0;34m	at org.gradle.api.internal.tasks.testing.worker.TestWorker.execute(TestWorker.java:60) ~[na:na]
?[0m?[0;34m	at org.gradle.process.internal.worker.child.ActionExecutionWorker.execute(ActionExecutionWorker.java:56) ~[na:na]
?[0m?[0;34m	at org.gradle.process.internal.worker.child.SystemApplicationClassLoaderWorker.call(SystemApplicationClassLoaderWorker.java:113) ~[na:na]
?[0m?[0;34m	at org.gradle.process.internal.worker.child.SystemApplicationClassLoaderWorker.call(SystemApplicationClassLoaderWorker.java:65) ~[na:na]
?[0m?[0;34m	at worker.org.gradle.process.internal.worker.GradleWorkerMain.run(GradleWorkerMain.java:69) ~[gradle-worker.jar:na]
?[0m?[0;34m	at worker.org.gradle.process.internal.worker.GradleWorkerMain.main(GradleWorkerMain.java:74) ~[gradle-worker.jar:na]
?[0m?[0;34m
?[0;34m?[2m2023-06-21T15:47:30.979-04:00?[0;39m ?[33m WARN?[0;39m ?[35m31896?[0;39m ?[2m---?[0;39m ?[2m[alina-utility-1]?[0;39m ?[36m.t.u.s.PrivilegedSetAccessControlContext?[0;39m ?[2m:?[0;39m Unable to set field Thread.inheritedAccessControlContext
?[0m?[0;34m
?[0m?[0;34mjava.lang.IllegalAccessException: class org.apache.tomcat.util.security.PrivilegedSetAccessControlContext cannot access a member of class java.lang.Thread (in module java.base) with modifiers "private"
?[0m?[0;34m	at java.base/jdk.internal.reflect.Reflection.newIllegalAccessException(Reflection.java:392) ~[na:na]
?[0m?[0;34m	at java.base/java.lang.reflect.AccessibleObject.checkAccess(AccessibleObject.java:674) ~[na:na]
?[0m?[0;34m	at java.base/java.lang.reflect.Field.checkAccess(Field.java:1102) ~[na:na]
?[0m?[0;34m	at java.base/java.lang.reflect.Field.set(Field.java:797) ~[na:na]
?[0m?[0;34m	at org.apache.tomcat.util.security.PrivilegedSetAccessControlContext.run(PrivilegedSetAccessControlContext.java:60) ~[tomcat-embed-core-10.1.5.jar:10.1.5]
?[0m?[0;34m	at org.apache.tomcat.util.security.PrivilegedSetAccessControlContext.run(PrivilegedSetAccessControlContext.java:28) ~[tomcat-embed-core-10.1.5.jar:10.1.5]
?[0m?[0;34m	at java.base/java.security.AccessController.doPrivileged(AccessController.java:318) ~[na:na]
?[0m?[0;34m	at org.apache.tomcat.util.threads.TaskThreadFactory.newThread(TaskThreadFactory.java:64) ~[tomcat-embed-core-10.1.5.jar:10.1.5]
?[0m?[0;34m	at java.base/java.util.concurrent.ThreadPoolExecutor$Worker.<init>(ThreadPoolExecutor.java:630) ~[na:na]
?[0m?[0;34m	at java.base/java.util.concurrent.ThreadPoolExecutor.addWorker(ThreadPoolExecutor.java:920) ~[na:na]
?[0m?[0;34m	at java.base/java.util.concurrent.ThreadPoolExecutor.ensurePrestart(ThreadPoolExecutor.java:1593) ~[na:na]
?[0m?[0;34m	at java.base/java.util.concurrent.ScheduledThreadPoolExecutor.delayedExecute(ScheduledThreadPoolExecutor.java:346) ~[na:na]
?[0m?[0;34m	at java.base/java.util.concurrent.ScheduledThreadPoolExecutor.scheduleWithFixedDelay(ScheduledThreadPoolExecutor.java:680) ~[na:na]
?[0m?[0;34m	at org.apache.tomcat.util.threads.ScheduledThreadPoolExecutor.scheduleWithFixedDelay(ScheduledThreadPoolExecutor.java:138) ~[tomcat-embed-core-10.1.5.jar:10.1.5]
?[0m?[0;34m	at org.apache.catalina.core.ContainerBase.threadStart(ContainerBase.java:1291) ~[tomcat-embed-core-10.1.5.jar:10.1.5]
?[0m?[0;34m	at org.apache.catalina.core.ContainerBase$ContainerBackgroundProcessorMonitor.run(ContainerBase.java:1331) ~[tomcat-embed-core-10.1.5.jar:10.1.5]
?[0m?[0;34m	at java.base/java.util.concurrent.Executors$RunnableAdapter.call(Executors.java:539) ~[na:na]
?[0m?[0;34m	at java.base/java.util.concurrent.FutureTask.runAndReset(FutureTask.java:305) ~[na:na]
?[0m?[0;34m	at java.base/java.util.concurrent.ScheduledThreadPoolExecutor$ScheduledFutureTask.run(ScheduledThreadPoolExecutor.java:305) ~[na:na]
?[0m?[0;34m	at java.base/java.util.concurrent.ThreadPoolExecutor.runWorker(ThreadPoolExecutor.java:1136) ~[na:na]
?[0m?[0;34m	at java.base/java.util.concurrent.ThreadPoolExecutor$Worker.run(ThreadPoolExecutor.java:635) ~[na:na]
?[0m?[0;34m	at org.apache.tomcat.util.threads.TaskThread$WrappingRunnable.run(TaskThread.java:61) ~[tomcat-embed-core-10.1.5.jar:10.1.5]
?[0m?[0;34m	at java.base/java.lang.Thread.run(Thread.java:833) ~[na:na]
?[0m?[0;34m
?[0m?[0;34m?[2m2023-06-21T15:47:31.051-04:00?[0;39m ?[32m INFO?[0;39m ?[35m31896?[0;39m ?[2m---?[0;39m ?[2m[    Test worker]?[0;39m ?[36mo.hibernate.jpa.internal.util.LogHelper ?[0;39m ?[2m:?[0;39m HHH000204: Processing PersistenceUnitInfo [name: default]
?[0m?[0;34m?[2m2023-06-21T15:47:31.102-04:00?[0;39m ?[32m INFO?[0;39m ?[35m31896?[0;39m ?[2m---?[0;39m ?[2m[    Test worker]?[0;39m ?[36morg.hibernate.Version                   ?[0;39m ?[2m:?[0;39m HHH000412: Hibernate ORM core version 6.1.6.Final
?[0m?[0;34m?[2m2023-06-21T15:47:31.275-04:00?[0;39m ?[33m WARN?[0;39m ?[35m31896?[0;39m ?[2m---?[0;39m ?[2m[    Test worker]?[0;39m ?[36morg.hibernate.orm.deprecation           ?[0;39m ?[2m:?[0;39m HHH90000021: Encountered deprecated setting [javax.persistence.sharedCache.mode], use [jakarta.persistence.sharedCache.mode] instead
?[0m?[0;34m?[2m2023-06-21T15:47:31.411-04:00?[0;39m ?[32m INFO?[0;39m ?[35m31896?[0;39m ?[2m---?[0;39m ?[2m[    Test worker]?[0;39m ?[36mSQL dialect                             ?[0;39m ?[2m:?[0;39m HHH000400: Using dialect: org.hibernate.dialect.H2Dialect
?[0m?[0;34mHibernate: create table authorities (username VARCHAR_IGNORECASE not null, authority varchar(255), primary key (username))
?[0m?[0;34mHibernate: create table employees (id bigint generated by default as identity, email VARCHAR_IGNORECASE, last_name varchar(255), name varchar(255), password varchar(255), role varchar(255), primary key (id))
?[0m?[0;34mHibernate: create table users (username VARCHAR_IGNORECASE not null, enabled integer, password varchar(255), primary key (username))
?[0m?[0;34m?[2m2023-06-21T15:47:32.267-04:00?[0;39m ?[32m INFO?[0;39m ?[35m31896?[0;39m ?[2m---?[0;39m ?[2m[    Test worker]?[0;39m ?[36mo.h.e.t.j.p.i.JtaPlatformInitiator      ?[0;39m ?[2m:?[0;39m HHH000490: Using JtaPlatform implementation: [org.hibernate.engine.transaction.jta.platform.internal.NoJtaPlatform]
?[0m?[0;34m?[2m2023-06-21T15:47:32.276-04:00?[0;39m ?[32m INFO?[0;39m ?[35m31896?[0;39m ?[2m---?[0;39m ?[2m[    Test worker]?[0;39m ?[36mj.LocalContainerEntityManagerFactoryBean?[0;39m ?[2m:?[0;39m Initialized JPA EntityManagerFactory for persistence unit 'default'
?[0m?[0;34m?[2m2023-06-21T15:47:32.572-04:00?[0;39m ?[32m INFO?[0;39m ?[35m31896?[0;39m ?[2m---?[0;39m ?[2m[    Test worker]?[0;39m ?[36mo.s.s.p.JdbcUserDetailsManager          ?[0;39m ?[2m:?[0;39m No authentication manager set. Reauthentication of users when changing passwords will not be performed.
?[0m?[0;34m?[2m2023-06-21T15:47:32.588-04:00?[0;39m ?[33m WARN?[0;39m ?[35m31896?[0;39m ?[2m---?[0;39m ?[2m[    Test worker]?[0;39m ?[36mJpaBaseConfiguration$JpaWebConfiguration?[0;39m ?[2m:?[0;39m spring.jpa.open-in-view is enabled by default. Therefore, database queries may be performed during view rendering. Explicitly configure spring.jpa.open-in-view to disable this warning
?[0m?[0;34m?[2m2023-06-21T15:47:32.728-04:00?[0;39m ?[32mDEBUG?[0;39m ?[35m31896?[0;39m ?[2m---?[0;39m ?[2m[    Test worker]?[0;39m ?[36ms.w.s.m.m.a.RequestMappingHandlerMapping?[0;39m ?[2m:?[0;39m 5 mappings in 'requestMappingHandlerMapping'
?[0m?[0;34m?[2m2023-06-21T15:47:32.815-04:00?[0;39m ?[32mDEBUG?[0;39m ?[35m31896?[0;39m ?[2m---?[0;39m ?[2m[    Test worker]?[0;39m ?[36mo.s.w.s.handler.SimpleUrlHandlerMapping ?[0;39m ?[2m:?[0;39m Patterns [/webjars/**, /**] in 'resourceHandlerMapping'
?[0m?[0;34m?[2m2023-06-21T15:47:32.945-04:00?[0;39m ?[32m INFO?[0;39m ?[35m31896?[0;39m ?[2m---?[0;39m ?[2m[    Test worker]?[0;39m ?[36mo.s.b.a.e.web.EndpointLinksResolver     ?[0;39m ?[2m:?[0;39m Exposing 14 endpoint(s) beneath base path '/actuator'
?[0m?[0;34m?[2m2023-06-21T15:47:32.986-04:00?[0;39m ?[32m INFO?[0;39m ?[35m31896?[0;39m ?[2m---?[0;39m ?[2m[    Test worker]?[0;39m ?[36mo.s.s.web.DefaultSecurityFilterChain    ?[0;39m ?[2m:?[0;39m Will secure any request with [org.springframework.security.web.session.DisableEncodeUrlFilter@683218c8, org.springframework.security.web.context.request.async.WebAsyncManagerIntegrationFilter@3eb6d7a9, org.springframework.security.web.context.SecurityContextHolderFilter@eb5471c, org.springframework.security.web.header.HeaderWriterFilter@17796f47, org.springframework.security.web.authentication.logout.LogoutFilter@3f54fabc, org.springframework.security.web.authentication.www.BasicAuthenticationFilter@581f1f40, org.springframework.security.web.savedrequest.RequestCacheAwareFilter@6a90b5e8, org.springframework.security.web.servletapi.SecurityContextHolderAwareRequestFilter@29b61bb, org.springframework.security.web.authentication.AnonymousAuthenticationFilter@345f4e0d, org.springframework.security.web.session.SessionManagementFilter@7c424dfe, org.springframework.security.web.access.ExceptionTranslationFilter@5d160056, org.springframework.security.web.access.intercept.AuthorizationFilter@5f113867]
?[0m?[0;34m?[2m2023-06-21T15:47:33.030-04:00?[0;39m ?[32mDEBUG?[0;39m ?[35m31896?[0;39m ?[2m---?[0;39m ?[2m[    Test worker]?[0;39m ?[36ms.w.s.m.m.a.RequestMappingHandlerAdapter?[0;39m ?[2m:?[0;39m ControllerAdvice beans: 0 @ModelAttribute, 0 @InitBinder, 1 RequestBodyAdvice, 1 ResponseBodyAdvice
?[0m?[0;34m?[2m2023-06-21T15:47:33.059-04:00?[0;39m ?[32mDEBUG?[0;39m ?[35m31896?[0;39m ?[2m---?[0;39m ?[2m[    Test worker]?[0;39m ?[36m.m.m.a.ExceptionHandlerExceptionResolver?[0;39m ?[2m:?[0;39m ControllerAdvice beans: 1 @ExceptionHandler, 1 ResponseBodyAdvice
?[0m?[0;34m?[2m2023-06-21T15:47:33.251-04:00?[0;39m ?[33m WARN?[0;39m ?[35m31896?[0;39m ?[2m---?[0;39m ?[2m[    Test worker]?[0;39m ?[36m.t.u.s.PrivilegedSetAccessControlContext?[0;39m ?[2m:?[0;39m Unable to set field Thread.inheritedAccessControlContext
?[0m?[0;34m
?[0m?[0;34mjava.lang.IllegalAccessException: class org.apache.tomcat.util.security.PrivilegedSetAccessControlContext cannot access a member of class java.lang.Thread (in module java.base) with modifiers "private"
?[0m?[0;34m	at java.base/jdk.internal.reflect.Reflection.newIllegalAccessException(Reflection.java:392) ~[na:na]
?[0m?[0;34m	at java.base/java.lang.reflect.AccessibleObject.checkAccess(AccessibleObject.java:674) ~[na:na]
?[0m?[0;34m	at java.base/java.lang.reflect.Field.checkAccess(Field.java:1102) ~[na:na]
?[0m?[0;34m	at java.base/java.lang.reflect.Field.set(Field.java:797) ~[na:na]
?[0m?[0;34m	at org.apache.tomcat.util.security.PrivilegedSetAccessControlContext.run(PrivilegedSetAccessControlContext.java:60) ~[tomcat-embed-core-10.1.5.jar:10.1.5]
?[0m?[0;34m	at org.apache.tomcat.util.security.PrivilegedSetAccessControlContext.run(PrivilegedSetAccessControlContext.java:28) ~[tomcat-embed-core-10.1.5.jar:10.1.5]
?[0m?[0;34m	at java.base/java.security.AccessController.doPrivileged(AccessController.java:318) ~[na:na]
?[0m?[0;34m	at org.apache.tomcat.util.threads.TaskThreadFactory.newThread(TaskThreadFactory.java:64) ~[tomcat-embed-core-10.1.5.jar:10.1.5]
?[0m?[0;34m	at org.apache.tomcat.util.threads.ThreadPoolExecutor$Worker.<init>(ThreadPoolExecutor.java:653) ~[tomcat-embed-core-10.1.5.jar:10.1.5]
?[0m?[0;34m	at org.apache.tomcat.util.threads.ThreadPoolExecutor.addWorker(ThreadPoolExecutor.java:957) ~[tomcat-embed-core-10.1.5.jar:10.1.5]
?[0m?[0;34m	at org.apache.tomcat.util.threads.ThreadPoolExecutor.prestartAllCoreThreads(ThreadPoolExecutor.java:1694) ~[tomcat-embed-core-10.1.5.jar:10.1.5]
?[0m?[0;34m	at org.apache.tomcat.util.threads.ThreadPoolExecutor.<init>(ThreadPoolExecutor.java:1370) ~[tomcat-embed-core-10.1.5.jar:10.1.5]
?[0m?[0;34m	at org.apache.tomcat.util.threads.ThreadPoolExecutor.<init>(ThreadPoolExecutor.java:1280) ~[tomcat-embed-core-10.1.5.jar:10.1.5]
?[0m?[0;34m	at org.apache.tomcat.util.net.AbstractEndpoint.createExecutor(AbstractEndpoint.java:948) ~[tomcat-embed-core-10.1.5.jar:10.1.5]
?[0m?[0;34m	at org.apache.tomcat.util.net.NioEndpoint.startInternal(NioEndpoint.java:279) ~[tomcat-embed-core-10.1.5.jar:10.1.5]
?[0m?[0;34m	at org.apache.tomcat.util.net.AbstractEndpoint.start(AbstractEndpoint.java:1261) ~[tomcat-embed-core-10.1.5.jar:10.1.5]
?[0m?[0;34m	at org.apache.coyote.AbstractProtocol.start(AbstractProtocol.java:586) ~[tomcat-embed-core-10.1.5.jar:10.1.5]
?[0m?[0;34m	at org.apache.catalina.connector.Connector.startInternal(Connector.java:1081) ~[tomcat-embed-core-10.1.5.jar:10.1.5]
?[0m?[0;34m	at org.apache.catalina.util.LifecycleBase.start(LifecycleBase.java:183) ~[tomcat-embed-core-10.1.5.jar:10.1.5]
?[0m?[0;34m	at org.apache.catalina.core.StandardService.addConnector(StandardService.java:234) ~[tomcat-embed-core-10.1.5.jar:10.1.5]
?[0m?[0;34m	at org.springframework.boot.web.embedded.tomcat.TomcatWebServer.addPreviouslyRemovedConnectors(TomcatWebServer.java:282) ~[spring-boot-3.0.2.jar:3.0.2]
?[0m?[0;34m	at org.springframework.boot.web.embedded.tomcat.TomcatWebServer.start(TomcatWebServer.java:213) ~[spring-boot-3.0.2.jar:3.0.2]
?[0m?[0;34m	at org.springframework.boot.web.servlet.context.WebServerStartStopLifecycle.start(WebServerStartStopLifecycle.java:44) ~[spring-boot-3.0.2.jar:3.0.2]
?[0m?[0;34m	at org.springframework.context.support.DefaultLifecycleProcessor.doStart(DefaultLifecycleProcessor.java:178) ~[spring-context-6.0.4.jar:6.0.4]
?[0m?[0;34m	at org.springframework.context.support.DefaultLifecycleProcessor$LifecycleGroup.start(DefaultLifecycleProcessor.java:356) ~[spring-context-6.0.4.jar:6.0.4]
?[0m?[0;34m	at java.base/java.lang.Iterable.forEach(Iterable.java:75) ~[na:na]
?[0m?[0;34m	at org.springframework.context.support.DefaultLifecycleProcessor.startBeans(DefaultLifecycleProcessor.java:155) ~[spring-context-6.0.4.jar:6.0.4]
?[0m?[0;34m	at org.springframework.context.support.DefaultLifecycleProcessor.onRefresh(DefaultLifecycleProcessor.java:123) ~[spring-context-6.0.4.jar:6.0.4]
?[0m?[0;34m	at org.springframework.context.support.AbstractApplicationContext.finishRefresh(AbstractApplicationContext.java:932) ~[spring-context-6.0.4.jar:6.0.4]
?[0m?[0;34m	at org.springframework.context.support.AbstractApplicationContext.refresh(AbstractApplicationContext.java:587) ~[spring-context-6.0.4.jar:6.0.4]
?[0m?[0;34m	at org.springframework.boot.web.servlet.context.ServletWebServerApplicationContext.refresh(ServletWebServerApplicationContext.java:146) ~[spring-boot-3.0.2.jar:3.0.2]
?[0m?[0;34m	at org.springframework.boot.SpringApplication.refresh(SpringApplication.java:730) ~[spring-boot-3.0.2.jar:3.0.2]
?[0m?[0;34m	at org.springframework.boot.SpringApplication.refreshContext(SpringApplication.java:432) ~[spring-boot-3.0.2.jar:3.0.2]
?[0m?[0;34m	at org.springframework.boot.SpringApplication.run(SpringApplication.java:308) ~[spring-boot-3.0.2.jar:3.0.2]
?[0m?[0;34m	at org.springframework.boot.SpringApplication.run(SpringApplication.java:1302) ~[spring-boot-3.0.2.jar:3.0.2]
?[0m?[0;34m	at org.springframework.boot.SpringApplication.run(SpringApplication.java:1291) ~[spring-boot-3.0.2.jar:3.0.2]
?[0m?[0;34m	at account.AccountServiceApplication.main(AccountServiceApplication.java:14) ~[main/:na]
?[0m?[0;34m	at java.base/jdk.internal.reflect.NativeMethodAccessorImpl.invoke0(Native Method) ~[na:na]
?[0m?[0;34m	at java.base/jdk.internal.reflect.NativeMethodAccessorImpl.invoke(NativeMethodAccessorImpl.java:77) ~[na:na]
?[0m?[0;34m	at java.base/jdk.internal.reflect.DelegatingMethodAccessorImpl.invoke(DelegatingMethodAccessorImpl.java:43) ~[na:na]
?[0m?[0;34m	at java.base/java.lang.reflect.Method.invoke(Method.java:568) ~[na:na]
?[0m?[0;34m	at org.hyperskill.hstest.stage.SpringTest.startSpring(SpringTest.java:187) ~[hs-test-release-SNAPSHOT.jar:na]
?[0m?[0;34m	at org.hyperskill.hstest.stage.SpringTest.launchSpring(SpringTest.java:49) ~[hs-test-release-SNAPSHOT.jar:na]
?[0m?[0;34m	at org.hyperskill.hstest.testing.runner.SpringApplicationRunner.launchSpringBootApplication(SpringApplicationRunner.java:20) ~[hs-test-release-SNAPSHOT.jar:na]
?[0m?[0;34m	at org.hyperskill.hstest.testing.runner.SpringApplicationRunner.setUp(SpringApplicationRunner.java:35) ~[hs-test-release-SNAPSHOT.jar:na]
?[0m?[0;34m	at org.hyperskill.hstest.testing.TestRun.setUp(TestRun.java:77) ~[hs-test-release-SNAPSHOT.jar:na]
?[0m?[0;34m	at org.hyperskill.hstest.stage.StageTest.start(StageTest.java:159) ~[hs-test-release-SNAPSHOT.jar:na]
?[0m?[0;34m	at java.base/jdk.internal.reflect.NativeMethodAccessorImpl.invoke0(Native Method) ~[na:na]
?[0m?[0;34m	at java.base/jdk.internal.reflect.NativeMethodAccessorImpl.invoke(NativeMethodAccessorImpl.java:77) ~[na:na]
?[0m?[0;34m	at java.base/jdk.internal.reflect.DelegatingMethodAccessorImpl.invoke(DelegatingMethodAccessorImpl.java:43) ~[na:na]
?[0m?[0;34m	at java.base/java.lang.reflect.Method.invoke(Method.java:568) ~[na:na]
?[0m?[0;34m	at org.junit.runners.model.FrameworkMethod$1.runReflectiveCall(FrameworkMethod.java:59) ~[junit-4.13.2.jar:4.13.2]
?[0m?[0;34m	at org.junit.internal.runners.model.ReflectiveCallable.run(ReflectiveCallable.java:12) ~[junit-4.13.2.jar:4.13.2]
?[0m?[0;34m	at org.junit.runners.model.FrameworkMethod.invokeExplosively(FrameworkMethod.java:56) ~[junit-4.13.2.jar:4.13.2]
?[0m?[0;34m	at org.junit.internal.runners.statements.InvokeMethod.evaluate(InvokeMethod.java:17) ~[junit-4.13.2.jar:4.13.2]
?[0m?[0;34m	at org.junit.internal.runners.statements.RunAfters.evaluate(RunAfters.java:27) ~[junit-4.13.2.jar:4.13.2]
?[0m?[0;34m	at org.junit.runners.ParentRunner$3.evaluate(ParentRunner.java:306) ~[junit-4.13.2.jar:4.13.2]
?[0m?[0;34m	at org.junit.runners.BlockJUnit4ClassRunner$1.evaluate(BlockJUnit4ClassRunner.java:100) ~[junit-4.13.2.jar:4.13.2]
?[0m?[0;34m	at org.junit.runners.ParentRunner.runLeaf(ParentRunner.java:366) ~[junit-4.13.2.jar:4.13.2]
?[0m?[0;34m	at org.junit.runners.BlockJUnit4ClassRunner.runChild(BlockJUnit4ClassRunner.java:103) ~[junit-4.13.2.jar:4.13.2]
?[0m?[0;34m	at org.junit.runners.BlockJUnit4ClassRunner.runChild(BlockJUnit4ClassRunner.java:63) ~[junit-4.13.2.jar:4.13.2]
?[0m?[0;34m	at org.junit.runners.ParentRunner$4.run(ParentRunner.java:331) ~[junit-4.13.2.jar:4.13.2]
?[0m?[0;34m	at org.junit.runners.ParentRunner$1.schedule(ParentRunner.java:79) ~[junit-4.13.2.jar:4.13.2]
?[0m?[0;34m	at org.junit.runners.ParentRunner.runChildren(ParentRunner.java:329) ~[junit-4.13.2.jar:4.13.2]
?[0m?[0;34m	at org.junit.runners.ParentRunner.access$100(ParentRunner.java:66) ~[junit-4.13.2.jar:4.13.2]
?[0m?[0;34m	at org.junit.runners.ParentRunner$2.evaluate(ParentRunner.java:293) ~[junit-4.13.2.jar:4.13.2]
?[0m?[0;34m	at org.junit.runners.ParentRunner$3.evaluate(ParentRunner.java:306) ~[junit-4.13.2.jar:4.13.2]
?[0m?[0;34m	at org.junit.runners.ParentRunner.run(ParentRunner.java:413) ~[junit-4.13.2.jar:4.13.2]
?[0m?[0;34m	at org.gradle.api.internal.tasks.testing.junit.JUnitTestClassExecutor.runTestClass(JUnitTestClassExecutor.java:108) ~[na:na]
?[0m?[0;34m	at org.gradle.api.internal.tasks.testing.junit.JUnitTestClassExecutor.execute(JUnitTestClassExecutor.java:57) ~[na:na]
?[0m?[0;34m	at org.gradle.api.internal.tasks.testing.junit.JUnitTestClassExecutor.execute(JUnitTestClassExecutor.java:39) ~[na:na]
?[0m?[0;34m	at org.gradle.api.internal.tasks.testing.junit.AbstractJUnitTestClassProcessor.processTestClass(AbstractJUnitTestClassProcessor.java:62) ~[na:na]
?[0m?[0;34m	at org.gradle.api.internal.tasks.testing.SuiteTestClassProcessor.processTestClass(SuiteTestClassProcessor.java:52) ~[na:na]
?[0m?[0;34m	at java.base/jdk.internal.reflect.NativeMethodAccessorImpl.invoke0(Native Method) ~[na:na]
?[0m?[0;34m	at java.base/jdk.internal.reflect.NativeMethodAccessorImpl.invoke(NativeMethodAccessorImpl.java:77) ~[na:na]
?[0m?[0;34m	at java.base/jdk.internal.reflect.DelegatingMethodAccessorImpl.invoke(DelegatingMethodAccessorImpl.java:43) ~[na:na]
?[0m?[0;34m	at java.base/java.lang.reflect.Method.invoke(Method.java:568) ~[na:na]
?[0m?[0;34m	at org.gradle.internal.dispatch.ReflectionDispatch.dispatch(ReflectionDispatch.java:36) ~[na:na]
?[0m?[0;34m	at org.gradle.internal.dispatch.ReflectionDispatch.dispatch(ReflectionDispatch.java:24) ~[na:na]
?[0m?[0;34m	at org.gradle.internal.dispatch.ContextClassLoaderDispatch.dispatch(ContextClassLoaderDispatch.java:33) ~[na:na]
?[0m?[0;34m	at org.gradle.internal.dispatch.ProxyDispatchAdapter$DispatchingInvocationHandler.invoke(ProxyDispatchAdapter.java:94) ~[na:na]
?[0m?[0;34m	at jdk.proxy1/jdk.proxy1.$Proxy2.processTestClass(Unknown Source) ~[na:na]
?[0m?[0;34m	at org.gradle.api.internal.tasks.testing.worker.TestWorker$2.run(TestWorker.java:176) ~[na:na]
?[0m?[0;34m	at org.gradle.api.internal.tasks.testing.worker.TestWorker.executeAndMaintainThreadName(TestWorker.java:129) ~[na:na]
?[0m?[0;34m	at org.gradle.api.internal.tasks.testing.worker.TestWorker.execute(TestWorker.java:100) ~[na:na]
?[0m?[0;34m	at org.gradle.api.internal.tasks.testing.worker.TestWorker.execute(TestWorker.java:60) ~[na:na]
?[0m?[0;34m	at org.gradle.process.internal.worker.child.ActionExecutionWorker.execute(ActionExecutionWorker.java:56) ~[na:na]
?[0m?[0;34m	at org.gradle.process.internal.worker.child.SystemApplicationClassLoaderWorker.call(SystemApplicationClassLoaderWorker.java:113) ~[na:na]
?[0m?[0;34m	at org.gradle.process.internal.worker.child.SystemApplicationClassLoaderWorker.call(SystemApplicationClassLoaderWorker.java:65) ~[na:na]
?[0m?[0;34m	at worker.org.gradle.process.internal.worker.GradleWorkerMain.run(GradleWorkerMain.java:69) ~[gradle-worker.jar:na]
?[0m?[0;34m	at worker.org.gradle.process.internal.worker.GradleWorkerMain.main(GradleWorkerMain.java:74) ~[gradle-worker.jar:na]
?[0m?[0;34m
?[0m?[0;34m?[2m2023-06-21T15:47:33.257-04:00?[0;39m ?[33m WARN?[0;39m ?[35m31896?[0;39m ?[2m---?[0;39m ?[2m[    Test worker]?[0;39m ?[36m.t.u.s.PrivilegedSetAccessControlContext?[0;39m ?[2m:?[0;39m Unable to set field Thread.inheritedAccessControlContext
?[0m?[0;34m
?[0m?[0;34mjava.lang.IllegalAccessException: class org.apache.tomcat.util.security.PrivilegedSetAccessControlContext cannot access a member of class java.lang.Thread (in module java.base) with modifiers "private"
?[0m?[0;34m	at java.base/jdk.internal.reflect.Reflection.newIllegalAccessException(Reflection.java:392) ~[na:na]
?[0m?[0;34m	at java.base/java.lang.reflect.AccessibleObject.checkAccess(AccessibleObject.java:674) ~[na:na]
?[0m?[0;34m	at java.base/java.lang.reflect.Field.checkAccess(Field.java:1102) ~[na:na]
?[0m?[0;34m	at java.base/java.lang.reflect.Field.set(Field.java:797) ~[na:na]
?[0m?[0;34m	at org.apache.tomcat.util.security.PrivilegedSetAccessControlContext.run(PrivilegedSetAccessControlContext.java:60) ~[tomcat-embed-core-10.1.5.jar:10.1.5]
?[0m?[0;34m	at org.apache.tomcat.util.security.PrivilegedSetAccessControlContext.run(PrivilegedSetAccessControlContext.java:28) ~[tomcat-embed-core-10.1.5.jar:10.1.5]
?[0m?[0;34m	at java.base/java.security.AccessController.doPrivileged(AccessController.java:318) ~[na:na]
?[0m?[0;34m	at org.apache.tomcat.util.threads.TaskThreadFactory.newThread(TaskThreadFactory.java:64) ~[tomcat-embed-core-10.1.5.jar:10.1.5]
?[0m?[0;34m	at org.apache.tomcat.util.threads.ThreadPoolExecutor$Worker.<init>(ThreadPoolExecutor.java:653) ~[tomcat-embed-core-10.1.5.jar:10.1.5]
?[0m?[0;34m	at org.apache.tomcat.util.threads.ThreadPoolExecutor.addWorker(ThreadPoolExecutor.java:957) ~[tomcat-embed-core-10.1.5.jar:10.1.5]
?[0m?[0;34m	at org.apache.tomcat.util.threads.ThreadPoolExecutor.prestartAllCoreThreads(ThreadPoolExecutor.java:1694) ~[tomcat-embed-core-10.1.5.jar:10.1.5]
?[0m?[0;34m	at org.apache.tomcat.util.threads.ThreadPoolExecutor.<init>(ThreadPoolExecutor.java:1370) ~[tomcat-embed-core-10.1.5.jar:10.1.5]
?[0m?[0;34m	at org.apache.tomcat.util.threads.ThreadPoolExecutor.<init>(ThreadPoolExecutor.java:1280) ~[tomcat-embed-core-10.1.5.jar:10.1.5]
?[0m?[0;34m	at org.apache.tomcat.util.net.AbstractEndpoint.createExecutor(AbstractEndpoint.java:948) ~[tomcat-embed-core-10.1.5.jar:10.1.5]
?[0m?[0;34m	at org.apache.tomcat.util.net.NioEndpoint.startInternal(NioEndpoint.java:279) ~[tomcat-embed-core-10.1.5.jar:10.1.5]
?[0m?[0;34m	at org.apache.tomcat.util.net.AbstractEndpoint.start(AbstractEndpoint.java:1261) ~[tomcat-embed-core-10.1.5.jar:10.1.5]
?[0m?[0;34m	at org.apache.coyote.AbstractProtocol.start(AbstractProtocol.java:586) ~[tomcat-embed-core-10.1.5.jar:10.1.5]
?[0m?[0;34m	at org.apache.catalina.connector.Connector.startInternal(Connector.java:1081) ~[tomcat-embed-core-10.1.5.jar:10.1.5]
?[0m?[0;34m	at org.apache.catalina.util.LifecycleBase.start(LifecycleBase.java:183) ~[tomcat-embed-core-10.1.5.jar:10.1.5]
?[0m?[0;34m	at org.apache.catalina.core.StandardService.addConnector(StandardService.java:234) ~[tomcat-embed-core-10.1.5.jar:10.1.5]
?[0m?[0;34m	at org.springframework.boot.web.embedded.tomcat.TomcatWebServer.addPreviouslyRemovedConnectors(TomcatWebServer.java:282) ~[spring-boot-3.0.2.jar:3.0.2]
?[0m?[0;34m	at org.springframework.boot.web.embedded.tomcat.TomcatWebServer.start(TomcatWebServer.java:213) ~[spring-boot-3.0.2.jar:3.0.2]
?[0m?[0;34m	at org.springframework.boot.web.servlet.context.WebServerStartStopLifecycle.start(WebServerStartStopLifecycle.java:44) ~[spring-boot-3.0.2.jar:3.0.2]
?[0m?[0;34m	at org.springframework.context.support.DefaultLifecycleProcessor.doStart(DefaultLifecycleProcessor.java:178) ~[spring-context-6.0.4.jar:6.0.4]
?[0m?[0;34m	at org.springframework.context.support.DefaultLifecycleProcessor$LifecycleGroup.start(DefaultLifecycleProcessor.java:356) ~[spring-context-6.0.4.jar:6.0.4]
?[0m?[0;34m	at java.base/java.lang.Iterable.forEach(Iterable.java:75) ~[na:na]
?[0m?[0;34m	at org.springframework.context.support.DefaultLifecycleProcessor.startBeans(DefaultLifecycleProcessor.java:155) ~[spring-context-6.0.4.jar:6.0.4]
?[0m?[0;34m	at org.springframework.context.support.DefaultLifecycleProcessor.onRefresh(DefaultLifecycleProcessor.java:123) ~[spring-context-6.0.4.jar:6.0.4]
?[0m?[0;34m	at org.springframework.context.support.AbstractApplicationContext.finishRefresh(AbstractApplicationContext.java:932) ~[spring-context-6.0.4.jar:6.0.4]
?[0m?[0;34m	at org.springframework.context.support.AbstractApplicationContext.refresh(AbstractApplicationContext.java:587) ~[spring-context-6.0.4.jar:6.0.4]
?[0m?[0;34m	at org.springframework.boot.web.servlet.context.ServletWebServerApplicationContext.refresh(ServletWebServerApplicationContext.java:146) ~[spring-boot-3.0.2.jar:3.0.2]
?[0m?[0;34m	at org.springframework.boot.SpringApplication.refresh(SpringApplication.java:730) ~[spring-boot-3.0.2.jar:3.0.2]
?[0m?[0;34m	at org.springframework.boot.SpringApplication.refreshContext(SpringApplication.java:432) ~[spring-boot-3.0.2.jar:3.0.2]
?[0m?[0;34m	at org.springframework.boot.SpringApplication.run(SpringApplication.java:308) ~[spring-boot-3.0.2.jar:3.0.2]
?[0m?[0;34m	at org.springframework.boot.SpringApplication.run(SpringApplication.java:1302) ~[spring-boot-3.0.2.jar:3.0.2]
?[0m?[0;34m	at org.springframework.boot.SpringApplication.run(SpringApplication.java:1291) ~[spring-boot-3.0.2.jar:3.0.2]
?[0m?[0;34m	at account.AccountServiceApplication.main(AccountServiceApplication.java:14) ~[main/:na]
?[0m?[0;34m	at java.base/jdk.internal.reflect.NativeMethodAccessorImpl.invoke0(Native Method) ~[na:na]
?[0m?[0;34m	at java.base/jdk.internal.reflect.NativeMethodAccessorImpl.invoke(NativeMethodAccessorImpl.java:77) ~[na:na]
?[0m?[0;34m	at java.base/jdk.internal.reflect.DelegatingMethodAccessorImpl.invoke(DelegatingMethodAccessorImpl.java:43) ~[na:na]
?[0m?[0;34m	at java.base/java.lang.reflect.Method.invoke(Method.java:568) ~[na:na]
?[0m?[0;34m	at org.hyperskill.hstest.stage.SpringTest.startSpring(SpringTest.java:187) ~[hs-test-release-SNAPSHOT.jar:na]
?[0m?[0;34m	at org.hyperskill.hstest.stage.SpringTest.launchSpring(SpringTest.java:49) ~[hs-test-release-SNAPSHOT.jar:na]
?[0m?[0;34m	at org.hyperskill.hstest.testing.runner.SpringApplicationRunner.launchSpringBootApplication(SpringApplicationRunner.java:20) ~[hs-test-release-SNAPSHOT.jar:na]
?[0m?[0;34m	at org.hyperskill.hstest.testing.runner.SpringApplicationRunner.setUp(SpringApplicationRunner.java:35) ~[hs-test-release-SNAPSHOT.jar:na]
?[0m?[0;34m	at org.hyperskill.hstest.testing.TestRun.setUp(TestRun.java:77) ~[hs-test-release-SNAPSHOT.jar:na]
?[0m?[0;34m	at org.hyperskill.hstest.stage.StageTest.start(StageTest.java:159) ~[hs-test-release-SNAPSHOT.jar:na]
?[0m?[0;34m	at java.base/jdk.internal.reflect.NativeMethodAccessorImpl.invoke0(Native Method) ~[na:na]
?[0m?[0;34m	at java.base/jdk.internal.reflect.NativeMethodAccessorImpl.invoke(NativeMethodAccessorImpl.java:77) ~[na:na]
?[0m?[0;34m	at java.base/jdk.internal.reflect.DelegatingMethodAccessorImpl.invoke(DelegatingMethodAccessorImpl.java:43) ~[na:na]
?[0m?[0;34m	at java.base/java.lang.reflect.Method.invoke(Method.java:568) ~[na:na]
?[0m?[0;34m	at org.junit.runners.model.FrameworkMethod$1.runReflectiveCall(FrameworkMethod.java:59) ~[junit-4.13.2.jar:4.13.2]
?[0m?[0;34m	at org.junit.internal.runners.model.ReflectiveCallable.run(ReflectiveCallable.java:12) ~[junit-4.13.2.jar:4.13.2]
?[0m?[0;34m	at org.junit.runners.model.FrameworkMethod.invokeExplosively(FrameworkMethod.java:56) ~[junit-4.13.2.jar:4.13.2]
?[0m?[0;34m	at org.junit.internal.runners.statements.InvokeMethod.evaluate(InvokeMethod.java:17) ~[junit-4.13.2.jar:4.13.2]
?[0m?[0;34m	at org.junit.internal.runners.statements.RunAfters.evaluate(RunAfters.java:27) ~[junit-4.13.2.jar:4.13.2]
?[0m?[0;34m	at org.junit.runners.ParentRunner$3.evaluate(ParentRunner.java:306) ~[junit-4.13.2.jar:4.13.2]
?[0m?[0;34m	at org.junit.runners.BlockJUnit4ClassRunner$1.evaluate(BlockJUnit4ClassRunner.java:100) ~[junit-4.13.2.jar:4.13.2]
?[0m?[0;34m	at org.junit.runners.ParentRunner.runLeaf(ParentRunner.java:366) ~[junit-4.13.2.jar:4.13.2]
?[0m?[0;34m	at org.junit.runners.BlockJUnit4ClassRunner.runChild(BlockJUnit4ClassRunner.java:103) ~[junit-4.13.2.jar:4.13.2]
?[0m?[0;34m	at org.junit.runners.BlockJUnit4ClassRunner.runChild(BlockJUnit4ClassRunner.java:63) ~[junit-4.13.2.jar:4.13.2]
?[0m?[0;34m	at org.junit.runners.ParentRunner$4.run(ParentRunner.java:331) ~[junit-4.13.2.jar:4.13.2]
?[0m?[0;34m	at org.junit.runners.ParentRunner$1.schedule(ParentRunner.java:79) ~[junit-4.13.2.jar:4.13.2]
?[0m?[0;34m	at org.junit.runners.ParentRunner.runChildren(ParentRunner.java:329) ~[junit-4.13.2.jar:4.13.2]
?[0m?[0;34m	at org.junit.runners.ParentRunner.access$100(ParentRunner.java:66) ~[junit-4.13.2.jar:4.13.2]
?[0m?[0;34m	at org.junit.runners.ParentRunner$2.evaluate(ParentRunner.java:293) ~[junit-4.13.2.jar:4.13.2]
?[0m?[0;34m	at org.junit.runners.ParentRunner$3.evaluate(ParentRunner.java:306) ~[junit-4.13.2.jar:4.13.2]
?[0m?[0;34m	at org.junit.runners.ParentRunner.run(ParentRunner.java:413) ~[junit-4.13.2.jar:4.13.2]
?[0m?[0;34m	at org.gradle.api.internal.tasks.testing.junit.JUnitTestClassExecutor.runTestClass(JUnitTestClassExecutor.java:108) ~[na:na]
?[0m?[0;34m	at org.gradle.api.internal.tasks.testing.junit.JUnitTestClassExecutor.execute(JUnitTestClassExecutor.java:57) ~[na:na]
?[0m?[0;34m	at org.gradle.api.internal.tasks.testing.junit.JUnitTestClassExecutor.execute(JUnitTestClassExecutor.java:39) ~[na:na]
?[0m?[0;34m	at org.gradle.api.internal.tasks.testing.junit.AbstractJUnitTestClassProcessor.processTestClass(AbstractJUnitTestClassProcessor.java:62) ~[na:na]
?[0m?[0;34m	at org.gradle.api.internal.tasks.testing.SuiteTestClassProcessor.processTestClass(SuiteTestClassProcessor.java:52) ~[na:na]
?[0m?[0;34m	at java.base/jdk.internal.reflect.NativeMethodAccessorImpl.invoke0(Native Method) ~[na:na]
?[0m?[0;34m	at java.base/jdk.internal.reflect.NativeMethodAccessorImpl.invoke(NativeMethodAccessorImpl.java:77) ~[na:na]
?[0m?[0;34m	at java.base/jdk.internal.reflect.DelegatingMethodAccessorImpl.invoke(DelegatingMethodAccessorImpl.java:43) ~[na:na]
?[0m?[0;34m	at java.base/java.lang.reflect.Method.invoke(Method.java:568) ~[na:na]
?[0m?[0;34m	at org.gradle.internal.dispatch.ReflectionDispatch.dispatch(ReflectionDispatch.java:36) ~[na:na]
?[0m?[0;34m	at org.gradle.internal.dispatch.ReflectionDispatch.dispatch(ReflectionDispatch.java:24) ~[na:na]
?[0m?[0;34m	at org.gradle.internal.dispatch.ContextClassLoaderDispatch.dispatch(ContextClassLoaderDispatch.java:33) ~[na:na]
?[0m?[0;34m	at org.gradle.internal.dispatch.ProxyDispatchAdapter$DispatchingInvocationHandler.invoke(ProxyDispatchAdapter.java:94) ~[na:na]
?[0m?[0;34m	at jdk.proxy1/jdk.proxy1.$Proxy2.processTestClass(Unknown Source) ~[na:na]
?[0m?[0;34m	at org.gradle.api.internal.tasks.testing.worker.TestWorker$2.run(TestWorker.java:176) ~[na:na]
?[0m?[0;34m	at org.gradle.api.internal.tasks.testing.worker.TestWorker.executeAndMaintainThreadName(TestWorker.java:129) ~[na:na]
?[0m?[0;34m	at org.gradle.api.internal.tasks.testing.worker.TestWorker.execute(TestWorker.java:100) ~[na:na]
?[0m?[0;34m	at org.gradle.api.internal.tasks.testing.worker.TestWorker.execute(TestWorker.java:60) ~[na:na]
?[0m?[0;34m	at org.gradle.process.internal.worker.child.ActionExecutionWorker.execute(ActionExecutionWorker.java:56) ~[na:na]
?[0m?[0;34m	at org.gradle.process.internal.worker.child.SystemApplicationClassLoaderWorker.call(SystemApplicationClassLoaderWorker.java:113) ~[na:na]
?[0m?[0;34m	at org.gradle.process.internal.worker.child.SystemApplicationClassLoaderWorker.call(SystemApplicationClassLoaderWorker.java:65) ~[na:na]
?[0m?[0;34m	at worker.org.gradle.process.internal.worker.GradleWorkerMain.run(GradleWorkerMain.java:69) ~[gradle-worker.jar:na]
?[0m?[0;34m	at worker.org.gradle.process.internal.worker.GradleWorkerMain.main(GradleWorkerMain.java:74) ~[gradle-worker.jar:na]
?[0m?[0;34m
?[0m?[0;34m?[2m2023-06-21T15:47:33.263-04:00?[0;39m ?[33m WARN?[0;39m ?[35m31896?[0;39m ?[2m---?[0;39m ?[2m[    Test worker]?[0;39m ?[36m.t.u.s.PrivilegedSetAccessControlContext?[0;39m ?[2m:?[0;39m Unable to set field Thread.inheritedAccessControlContext
?[0m?[0;34m
?[0m?[0;34mjava.lang.IllegalAccessException: class org.apache.tomcat.util.security.PrivilegedSetAccessControlContext cannot access a member of class java.lang.Thread (in module java.base) with modifiers "private"
?[0m?[0;34m	at java.base/jdk.internal.reflect.Reflection.newIllegalAccessException(Reflection.java:392) ~[na:na]
?[0m?[0;34m	at java.base/java.lang.reflect.AccessibleObject.checkAccess(AccessibleObject.java:674) ~[na:na]
?[0m?[0;34m	at java.base/java.lang.reflect.Field.checkAccess(Field.java:1102) ~[na:na]
?[0m?[0;34m	at java.base/java.lang.reflect.Field.set(Field.java:797) ~[na:na]
?[0m?[0;34m	at org.apache.tomcat.util.security.PrivilegedSetAccessControlContext.run(PrivilegedSetAccessControlContext.java:60) ~[tomcat-embed-core-10.1.5.jar:10.1.5]
?[0m?[0;34m	at org.apache.tomcat.util.security.PrivilegedSetAccessControlContext.run(PrivilegedSetAccessControlContext.java:28) ~[tomcat-embed-core-10.1.5.jar:10.1.5]
?[0m?[0;34m	at java.base/java.security.AccessController.doPrivileged(AccessController.java:318) ~[na:na]
?[0m?[0;34m	at org.apache.tomcat.util.threads.TaskThreadFactory.newThread(TaskThreadFactory.java:64) ~[tomcat-embed-core-10.1.5.jar:10.1.5]
?[0m?[0;34m	at org.apache.tomcat.util.threads.ThreadPoolExecutor$Worker.<init>(ThreadPoolExecutor.java:653) ~[tomcat-embed-core-10.1.5.jar:10.1.5]
?[0m?[0;34m	at org.apache.tomcat.util.threads.ThreadPoolExecutor.addWorker(ThreadPoolExecutor.java:957) ~[tomcat-embed-core-10.1.5.jar:10.1.5]
?[0m?[0;34m	at org.apache.tomcat.util.threads.ThreadPoolExecutor.prestartAllCoreThreads(ThreadPoolExecutor.java:1694) ~[tomcat-embed-core-10.1.5.jar:10.1.5]
?[0m?[0;34m	at org.apache.tomcat.util.threads.ThreadPoolExecutor.<init>(ThreadPoolExecutor.java:1370) ~[tomcat-embed-core-10.1.5.jar:10.1.5]
?[0m?[0;34m	at org.apache.tomcat.util.threads.ThreadPoolExecutor.<init>(ThreadPoolExecutor.java:1280) ~[tomcat-embed-core-10.1.5.jar:10.1.5]
?[0m?[0;34m	at org.apache.tomcat.util.net.AbstractEndpoint.createExecutor(AbstractEndpoint.java:948) ~[tomcat-embed-core-10.1.5.jar:10.1.5]
?[0m?[0;34m	at org.apache.tomcat.util.net.NioEndpoint.startInternal(NioEndpoint.java:279) ~[tomcat-embed-core-10.1.5.jar:10.1.5]
?[0m?[0;34m	at org.apache.tomcat.util.net.AbstractEndpoint.start(AbstractEndpoint.java:1261) ~[tomcat-embed-core-10.1.5.jar:10.1.5]
?[0m?[0;34m	at org.apache.coyote.AbstractProtocol.start(AbstractProtocol.java:586) ~[tomcat-embed-core-10.1.5.jar:10.1.5]
?[0m?[0;34m	at org.apache.catalina.connector.Connector.startInternal(Connector.java:1081) ~[tomcat-embed-core-10.1.5.jar:10.1.5]
?[0m?[0;34m	at org.apache.catalina.util.LifecycleBase.start(LifecycleBase.java:183) ~[tomcat-embed-core-10.1.5.jar:10.1.5]
?[0m?[0;34m	at org.apache.catalina.core.StandardService.addConnector(StandardService.java:234) ~[tomcat-embed-core-10.1.5.jar:10.1.5]
?[0m?[0;34m	at org.springframework.boot.web.embedded.tomcat.TomcatWebServer.addPreviouslyRemovedConnectors(TomcatWebServer.java:282) ~[spring-boot-3.0.2.jar:3.0.2]
?[0m?[0;34m	at org.springframework.boot.web.embedded.tomcat.TomcatWebServer.start(TomcatWebServer.java:213) ~[spring-boot-3.0.2.jar:3.0.2]
?[0m?[0;34m	at org.springframework.boot.web.servlet.context.WebServerStartStopLifecycle.start(WebServerStartStopLifecycle.java:44) ~[spring-boot-3.0.2.jar:3.0.2]
?[0m?[0;34m	at org.springframework.context.support.DefaultLifecycleProcessor.doStart(DefaultLifecycleProcessor.java:178) ~[spring-context-6.0.4.jar:6.0.4]
?[0m?[0;34m	at org.springframework.context.support.DefaultLifecycleProcessor$LifecycleGroup.start(DefaultLifecycleProcessor.java:356) ~[spring-context-6.0.4.jar:6.0.4]
?[0m?[0;34m	at java.base/java.lang.Iterable.forEach(Iterable.java:75) ~[na:na]
?[0m?[0;34m	at org.springframework.context.support.DefaultLifecycleProcessor.startBeans(DefaultLifecycleProcessor.java:155) ~[spring-context-6.0.4.jar:6.0.4]
?[0m?[0;34m	at org.springframework.context.support.DefaultLifecycleProcessor.onRefresh(DefaultLifecycleProcessor.java:123) ~[spring-context-6.0.4.jar:6.0.4]
?[0m?[0;34m	at org.springframework.context.support.AbstractApplicationContext.finishRefresh(AbstractApplicationContext.java:932) ~[spring-context-6.0.4.jar:6.0.4]
?[0m?[0;34m	at org.springframework.context.support.AbstractApplicationContext.refresh(AbstractApplicationContext.java:587) ~[spring-context-6.0.4.jar:6.0.4]
?[0m?[0;34m	at org.springframework.boot.web.servlet.context.ServletWebServerApplicationContext.refresh(ServletWebServerApplicationContext.java:146) ~[spring-boot-3.0.2.jar:3.0.2]
?[0m?[0;34m	at org.springframework.boot.SpringApplication.refresh(SpringApplication.java:730) ~[spring-boot-3.0.2.jar:3.0.2]
?[0m?[0;34m	at org.springframework.boot.SpringApplication.refreshContext(SpringApplication.java:432) ~[spring-boot-3.0.2.jar:3.0.2]
?[0m?[0;34m	at org.springframework.boot.SpringApplication.run(SpringApplication.java:308) ~[spring-boot-3.0.2.jar:3.0.2]
?[0m?[0;34m	at org.springframework.boot.SpringApplication.run(SpringApplication.java:1302) ~[spring-boot-3.0.2.jar:3.0.2]
?[0m?[0;34m	at org.springframework.boot.SpringApplication.run(SpringApplication.java:1291) ~[spring-boot-3.0.2.jar:3.0.2]
?[0m?[0;34m	at account.AccountServiceApplication.main(AccountServiceApplication.java:14) ~[main/:na]
?[0m?[0;34m	at java.base/jdk.internal.reflect.NativeMethodAccessorImpl.invoke0(Native Method) ~[na:na]
?[0m?[0;34m	at java.base/jdk.internal.reflect.NativeMethodAccessorImpl.invoke(NativeMethodAccessorImpl.java:77) ~[na:na]
?[0m?[0;34m	at java.base/jdk.internal.reflect.DelegatingMethodAccessorImpl.invoke(DelegatingMethodAccessorImpl.java:43) ~[na:na]
?[0m?[0;34m	at java.base/java.lang.reflect.Method.invoke(Method.java:568) ~[na:na]
?[0m?[0;34m	at org.hyperskill.hstest.stage.SpringTest.startSpring(SpringTest.java:187) ~[hs-test-release-SNAPSHOT.jar:na]
?[0m?[0;34m	at org.hyperskill.hstest.stage.SpringTest.launchSpring(SpringTest.java:49) ~[hs-test-release-SNAPSHOT.jar:na]
?[0m?[0;34m	at org.hyperskill.hstest.testing.runner.SpringApplicationRunner.launchSpringBootApplication(SpringApplicationRunner.java:20) ~[hs-test-release-SNAPSHOT.jar:na]
?[0m?[0;34m	at org.hyperskill.hstest.testing.runner.SpringApplicationRunner.setUp(SpringApplicationRunner.java:35) ~[hs-test-release-SNAPSHOT.jar:na]
?[0m?[0;34m	at org.hyperskill.hstest.testing.TestRun.setUp(TestRun.java:77) ~[hs-test-release-SNAPSHOT.jar:na]
?[0m?[0;34m	at org.hyperskill.hstest.stage.StageTest.start(StageTest.java:159) ~[hs-test-release-SNAPSHOT.jar:na]
?[0m?[0;34m	at java.base/jdk.internal.reflect.NativeMethodAccessorImpl.invoke0(Native Method) ~[na:na]
?[0m?[0;34m	at java.base/jdk.internal.reflect.NativeMethodAccessorImpl.invoke(NativeMethodAccessorImpl.java:77) ~[na:na]
?[0m?[0;34m	at java.base/jdk.internal.reflect.DelegatingMethodAccessorImpl.invoke(DelegatingMethodAccessorImpl.java:43) ~[na:na]
?[0m?[0;34m	at java.base/java.lang.reflect.Method.invoke(Method.java:568) ~[na:na]
?[0m?[0;34m	at org.junit.runners.model.FrameworkMethod$1.runReflectiveCall(FrameworkMethod.java:59) ~[junit-4.13.2.jar:4.13.2]
?[0m?[0;34m	at org.junit.internal.runners.model.ReflectiveCallable.run(ReflectiveCallable.java:12) ~[junit-4.13.2.jar:4.13.2]
?[0m?[0;34m	at org.junit.runners.model.FrameworkMethod.invokeExplosively(FrameworkMethod.java:56) ~[junit-4.13.2.jar:4.13.2]
?[0m?[0;34m	at org.junit.internal.runners.statements.InvokeMethod.evaluate(InvokeMethod.java:17) ~[junit-4.13.2.jar:4.13.2]
?[0m?[0;34m	at org.junit.internal.runners.statements.RunAfters.evaluate(RunAfters.java:27) ~[junit-4.13.2.jar:4.13.2]
?[0m?[0;34m	at org.junit.runners.ParentRunner$3.evaluate(ParentRunner.java:306) ~[junit-4.13.2.jar:4.13.2]
?[0m?[0;34m	at org.junit.runners.BlockJUnit4ClassRunner$1.evaluate(BlockJUnit4ClassRunner.java:100) ~[junit-4.13.2.jar:4.13.2]
?[0m?[0;34m	at org.junit.runners.ParentRunner.runLeaf(ParentRunner.java:366) ~[junit-4.13.2.jar:4.13.2]
?[0m?[0;34m	at org.junit.runners.BlockJUnit4ClassRunner.runChild(BlockJUnit4ClassRunner.java:103) ~[junit-4.13.2.jar:4.13.2]
?[0m?[0;34m	at org.junit.runners.BlockJUnit4ClassRunner.runChild(BlockJUnit4ClassRunner.java:63) ~[junit-4.13.2.jar:4.13.2]
?[0m?[0;34m	at org.junit.runners.ParentRunner$4.run(ParentRunner.java:331) ~[junit-4.13.2.jar:4.13.2]
?[0m?[0;34m	at org.junit.runners.ParentRunner$1.schedule(ParentRunner.java:79) ~[junit-4.13.2.jar:4.13.2]
?[0m?[0;34m	at org.junit.runners.ParentRunner.runChildren(ParentRunner.java:329) ~[junit-4.13.2.jar:4.13.2]
?[0m?[0;34m	at org.junit.runners.ParentRunner.access$100(ParentRunner.java:66) ~[junit-4.13.2.jar:4.13.2]
?[0m?[0;34m	at org.junit.runners.ParentRunner$2.evaluate(ParentRunner.java:293) ~[junit-4.13.2.jar:4.13.2]
?[0m?[0;34m	at org.junit.runners.ParentRunner$3.evaluate(ParentRunner.java:306) ~[junit-4.13.2.jar:4.13.2]
?[0m?[0;34m	at org.junit.runners.ParentRunner.run(ParentRunner.java:413) ~[junit-4.13.2.jar:4.13.2]
?[0m?[0;34m	at org.gradle.api.internal.tasks.testing.junit.JUnitTestClassExecutor.runTestClass(JUnitTestClassExecutor.java:108) ~[na:na]
?[0m?[0;34m	at org.gradle.api.internal.tasks.testing.junit.JUnitTestClassExecutor.execute(JUnitTestClassExecutor.java:57) ~[na:na]
?[0m?[0;34m	at org.gradle.api.internal.tasks.testing.junit.JUnitTestClassExecutor.execute(JUnitTestClassExecutor.java:39) ~[na:na]
?[0m?[0;34m	at org.gradle.api.internal.tasks.testing.junit.AbstractJUnitTestClassProcessor.processTestClass(AbstractJUnitTestClassProcessor.java:62) ~[na:na]
?[0m?[0;34m	at org.gradle.api.internal.tasks.testing.SuiteTestClassProcessor.processTestClass(SuiteTestClassProcessor.java:52) ~[na:na]
?[0m?[0;34m	at java.base/jdk.internal.reflect.NativeMethodAccessorImpl.invoke0(Native Method) ~[na:na]
?[0m?[0;34m	at java.base/jdk.internal.reflect.NativeMethodAccessorImpl.invoke(NativeMethodAccessorImpl.java:77) ~[na:na]
?[0m?[0;34m	at java.base/jdk.internal.reflect.DelegatingMethodAccessorImpl.invoke(DelegatingMethodAccessorImpl.java:43) ~[na:na]
?[0m?[0;34m	at java.base/java.lang.reflect.Method.invoke(Method.java:568) ~[na:na]
?[0m?[0;34m	at org.gradle.internal.dispatch.ReflectionDispatch.dispatch(ReflectionDispatch.java:36) ~[na:na]
?[0m?[0;34m	at org.gradle.internal.dispatch.ReflectionDispatch.dispatch(ReflectionDispatch.java:24) ~[na:na]
?[0m?[0;34m	at org.gradle.internal.dispatch.ContextClassLoaderDispatch.dispatch(ContextClassLoaderDispatch.java:33) ~[na:na]
?[0m?[0;34m	at org.gradle.internal.dispatch.ProxyDispatchAdapter$DispatchingInvocationHandler.invoke(ProxyDispatchAdapter.java:94) ~[na:na]
?[0m?[0;34m	at jdk.proxy1/jdk.proxy1.$Proxy2.processTestClass(Unknown Source) ~[na:na]
?[0m?[0;34m	at org.gradle.api.internal.tasks.testing.worker.TestWorker$2.run(TestWorker.java:176) ~[na:na]
?[0m?[0;34m	at org.gradle.api.internal.tasks.testing.worker.TestWorker.executeAndMaintainThreadName(TestWorker.java:129) ~[na:na]
?[0m?[0;34m	at org.gradle.api.internal.tasks.testing.worker.TestWorker.execute(TestWorker.java:100) ~[na:na]
?[0m?[0;34m	at org.gradle.api.internal.tasks.testing.worker.TestWorker.execute(TestWorker.java:60) ~[na:na]
?[0m?[0;34m	at org.gradle.process.internal.worker.child.ActionExecutionWorker.execute(ActionExecutionWorker.java:56) ~[na:na]
?[0m?[0;34m	at org.gradle.process.internal.worker.child.SystemApplicationClassLoaderWorker.call(SystemApplicationClassLoaderWorker.java:113) ~[na:na]
?[0m?[0;34m	at org.gradle.process.internal.worker.child.SystemApplicationClassLoaderWorker.call(SystemApplicationClassLoaderWorker.java:65) ~[na:na]
?[0m?[0;34m	at worker.org.gradle.process.internal.worker.GradleWorkerMain.run(GradleWorkerMain.java:69) ~[gradle-worker.jar:na]
?[0m?[0;34m	at worker.org.gradle.process.internal.worker.GradleWorkerMain.main(GradleWorkerMain.java:74) ~[gradle-worker.jar:na]
?[0m?[0;34m
?[0m?[0;34m?[2m2023-06-21T15:47:33.269-04:00?[0;39m ?[33m WARN?[0;39m ?[35m31896?[0;39m ?[2m---?[0;39m ?[2m[    Test worker]?[0;39m ?[36m.t.u.s.PrivilegedSetAccessControlContext?[0;39m ?[2m:?[0;39m Unable to set field Thread.inheritedAccessControlContext
?[0m?[0;34m
?[0m?[0;34mjava.lang.IllegalAccessException: class org.apache.tomcat.util.security.PrivilegedSetAccessControlContext cannot access a member of class java.lang.Thread (in module java.base) with modifiers "private"
?[0m?[0;34m	at java.base/jdk.internal.reflect.Reflection.newIllegalAccessException(Reflection.java:392) ~[na:na]
?[0m?[0;34m	at java.base/java.lang.reflect.AccessibleObject.checkAccess(AccessibleObject.java:674) ~[na:na]
?[0m?[0;34m	at java.base/java.lang.reflect.Field.checkAccess(Field.java:1102) ~[na:na]
?[0m?[0;34m	at java.base/java.lang.reflect.Field.set(Field.java:797) ~[na:na]
?[0m?[0;34m	at org.apache.tomcat.util.security.PrivilegedSetAccessControlContext.run(PrivilegedSetAccessControlContext.java:60) ~[tomcat-embed-core-10.1.5.jar:10.1.5]
?[0m?[0;34m	at org.apache.tomcat.util.security.PrivilegedSetAccessControlContext.run(PrivilegedSetAccessControlContext.java:28) ~[tomcat-embed-core-10.1.5.jar:10.1.5]
?[0m?[0;34m	at java.base/java.security.AccessController.doPrivileged(AccessController.java:318) ~[na:na]
?[0m?[0;34m	at org.apache.tomcat.util.threads.TaskThreadFactory.newThread(TaskThreadFactory.java:64) ~[tomcat-embed-core-10.1.5.jar:10.1.5]
?[0m?[0;34m	at org.apache.tomcat.util.threads.ThreadPoolExecutor$Worker.<init>(ThreadPoolExecutor.java:653) ~[tomcat-embed-core-10.1.5.jar:10.1.5]
?[0m?[0;34m	at org.apache.tomcat.util.threads.ThreadPoolExecutor.addWorker(ThreadPoolExecutor.java:957) ~[tomcat-embed-core-10.1.5.jar:10.1.5]
?[0m?[0;34m	at org.apache.tomcat.util.threads.ThreadPoolExecutor.prestartAllCoreThreads(ThreadPoolExecutor.java:1694) ~[tomcat-embed-core-10.1.5.jar:10.1.5]
?[0m?[0;34m	at org.apache.tomcat.util.threads.ThreadPoolExecutor.<init>(ThreadPoolExecutor.java:1370) ~[tomcat-embed-core-10.1.5.jar:10.1.5]
?[0m?[0;34m	at org.apache.tomcat.util.threads.ThreadPoolExecutor.<init>(ThreadPoolExecutor.java:1280) ~[tomcat-embed-core-10.1.5.jar:10.1.5]
?[0m?[0;34m	at org.apache.tomcat.util.net.AbstractEndpoint.createExecutor(AbstractEndpoint.java:948) ~[tomcat-embed-core-10.1.5.jar:10.1.5]
?[0m?[0;34m	at org.apache.tomcat.util.net.NioEndpoint.startInternal(NioEndpoint.java:279) ~[tomcat-embed-core-10.1.5.jar:10.1.5]
?[0m?[0;34m	at org.apache.tomcat.util.net.AbstractEndpoint.start(AbstractEndpoint.java:1261) ~[tomcat-embed-core-10.1.5.jar:10.1.5]
?[0m?[0;34m	at org.apache.coyote.AbstractProtocol.start(AbstractProtocol.java:586) ~[tomcat-embed-core-10.1.5.jar:10.1.5]
?[0m?[0;34m	at org.apache.catalina.connector.Connector.startInternal(Connector.java:1081) ~[tomcat-embed-core-10.1.5.jar:10.1.5]
?[0m?[0;34m	at org.apache.catalina.util.LifecycleBase.start(LifecycleBase.java:183) ~[tomcat-embed-core-10.1.5.jar:10.1.5]
?[0m?[0;34m	at org.apache.catalina.core.StandardService.addConnector(StandardService.java:234) ~[tomcat-embed-core-10.1.5.jar:10.1.5]
?[0m?[0;34m	at org.springframework.boot.web.embedded.tomcat.TomcatWebServer.addPreviouslyRemovedConnectors(TomcatWebServer.java:282) ~[spring-boot-3.0.2.jar:3.0.2]
?[0m?[0;34m	at org.springframework.boot.web.embedded.tomcat.TomcatWebServer.start(TomcatWebServer.java:213) ~[spring-boot-3.0.2.jar:3.0.2]
?[0m?[0;34m	at org.springframework.boot.web.servlet.context.WebServerStartStopLifecycle.start(WebServerStartStopLifecycle.java:44) ~[spring-boot-3.0.2.jar:3.0.2]
?[0m?[0;34m	at org.springframework.context.support.DefaultLifecycleProcessor.doStart(DefaultLifecycleProcessor.java:178) ~[spring-context-6.0.4.jar:6.0.4]
?[0m?[0;34m	at org.springframework.context.support.DefaultLifecycleProcessor$LifecycleGroup.start(DefaultLifecycleProcessor.java:356) ~[spring-context-6.0.4.jar:6.0.4]
?[0m?[0;34m	at java.base/java.lang.Iterable.forEach(Iterable.java:75) ~[na:na]
?[0m?[0;34m	at org.springframework.context.support.DefaultLifecycleProcessor.startBeans(DefaultLifecycleProcessor.java:155) ~[spring-context-6.0.4.jar:6.0.4]
?[0m?[0;34m	at org.springframework.context.support.DefaultLifecycleProcessor.onRefresh(DefaultLifecycleProcessor.java:123) ~[spring-context-6.0.4.jar:6.0.4]
?[0m?[0;34m	at org.springframework.context.support.AbstractApplicationContext.finishRefresh(AbstractApplicationContext.java:932) ~[spring-context-6.0.4.jar:6.0.4]
?[0m?[0;34m	at org.springframework.context.support.AbstractApplicationContext.refresh(AbstractApplicationContext.java:587) ~[spring-context-6.0.4.jar:6.0.4]
?[0m?[0;34m	at org.springframework.boot.web.servlet.context.ServletWebServerApplicationContext.refresh(ServletWebServerApplicationContext.java:146) ~[spring-boot-3.0.2.jar:3.0.2]
?[0m?[0;34m	at org.springframework.boot.SpringApplication.refresh(SpringApplication.java:730) ~[spring-boot-3.0.2.jar:3.0.2]
?[0m?[0;34m	at org.springframework.boot.SpringApplication.refreshContext(SpringApplication.java:432) ~[spring-boot-3.0.2.jar:3.0.2]
?[0m?[0;34m	at org.springframework.boot.SpringApplication.run(SpringApplication.java:308) ~[spring-boot-3.0.2.jar:3.0.2]
?[0m?[0;34m	at org.springframework.boot.SpringApplication.run(SpringApplication.java:1302) ~[spring-boot-3.0.2.jar:3.0.2]
?[0m?[0;34m	at org.springframework.boot.SpringApplication.run(SpringApplication.java:1291) ~[spring-boot-3.0.2.jar:3.0.2]
?[0m?[0;34m	at account.AccountServiceApplication.main(AccountServiceApplication.java:14) ~[main/:na]
?[0m?[0;34m	at java.base/jdk.internal.reflect.NativeMethodAccessorImpl.invoke0(Native Method) ~[na:na]
?[0m?[0;34m	at java.base/jdk.internal.reflect.NativeMethodAccessorImpl.invoke(NativeMethodAccessorImpl.java:77) ~[na:na]
?[0m?[0;34m	at java.base/jdk.internal.reflect.DelegatingMethodAccessorImpl.invoke(DelegatingMethodAccessorImpl.java:43) ~[na:na]
?[0m?[0;34m	at java.base/java.lang.reflect.Method.invoke(Method.java:568) ~[na:na]
?[0m?[0;34m	at org.hyperskill.hstest.stage.SpringTest.startSpring(SpringTest.java:187) ~[hs-test-release-SNAPSHOT.jar:na]
?[0m?[0;34m	at org.hyperskill.hstest.stage.SpringTest.launchSpring(SpringTest.java:49) ~[hs-test-release-SNAPSHOT.jar:na]
?[0m?[0;34m	at org.hyperskill.hstest.testing.runner.SpringApplicationRunner.launchSpringBootApplication(SpringApplicationRunner.java:20) ~[hs-test-release-SNAPSHOT.jar:na]
?[0m?[0;34m	at org.hyperskill.hstest.testing.runner.SpringApplicationRunner.setUp(SpringApplicationRunner.java:35) ~[hs-test-release-SNAPSHOT.jar:na]
?[0m?[0;34m	at org.hyperskill.hstest.testing.TestRun.setUp(TestRun.java:77) ~[hs-test-release-SNAPSHOT.jar:na]
?[0m?[0;34m	at org.hyperskill.hstest.stage.StageTest.start(StageTest.java:159) ~[hs-test-release-SNAPSHOT.jar:na]
?[0m?[0;34m	at java.base/jdk.internal.reflect.NativeMethodAccessorImpl.invoke0(Native Method) ~[na:na]
?[0m?[0;34m	at java.base/jdk.internal.reflect.NativeMethodAccessorImpl.invoke(NativeMethodAccessorImpl.java:77) ~[na:na]
?[0m?[0;34m	at java.base/jdk.internal.reflect.DelegatingMethodAccessorImpl.invoke(DelegatingMethodAccessorImpl.java:43) ~[na:na]
?[0m?[0;34m	at java.base/java.lang.reflect.Method.invoke(Method.java:568) ~[na:na]
?[0m?[0;34m	at org.junit.runners.model.FrameworkMethod$1.runReflectiveCall(FrameworkMethod.java:59) ~[junit-4.13.2.jar:4.13.2]
?[0m?[0;34m	at org.junit.internal.runners.model.ReflectiveCallable.run(ReflectiveCallable.java:12) ~[junit-4.13.2.jar:4.13.2]
?[0m?[0;34m	at org.junit.runners.model.FrameworkMethod.invokeExplosively(FrameworkMethod.java:56) ~[junit-4.13.2.jar:4.13.2]
?[0m?[0;34m	at org.junit.internal.runners.statements.InvokeMethod.evaluate(InvokeMethod.java:17) ~[junit-4.13.2.jar:4.13.2]
?[0m?[0;34m	at org.junit.internal.runners.statements.RunAfters.evaluate(RunAfters.java:27) ~[junit-4.13.2.jar:4.13.2]
?[0m?[0;34m	at org.junit.runners.ParentRunner$3.evaluate(ParentRunner.java:306) ~[junit-4.13.2.jar:4.13.2]
?[0m?[0;34m	at org.junit.runners.BlockJUnit4ClassRunner$1.evaluate(BlockJUnit4ClassRunner.java:100) ~[junit-4.13.2.jar:4.13.2]
?[0m?[0;34m	at org.junit.runners.ParentRunner.runLeaf(ParentRunner.java:366) ~[junit-4.13.2.jar:4.13.2]
?[0m?[0;34m	at org.junit.runners.BlockJUnit4ClassRunner.runChild(BlockJUnit4ClassRunner.java:103) ~[junit-4.13.2.jar:4.13.2]
?[0m?[0;34m	at org.junit.runners.BlockJUnit4ClassRunner.runChild(BlockJUnit4ClassRunner.java:63) ~[junit-4.13.2.jar:4.13.2]
?[0m?[0;34m	at org.junit.runners.ParentRunner$4.run(ParentRunner.java:331) ~[junit-4.13.2.jar:4.13.2]
?[0m?[0;34m	at org.junit.runners.ParentRunner$1.schedule(ParentRunner.java:79) ~[junit-4.13.2.jar:4.13.2]
?[0m?[0;34m	at org.junit.runners.ParentRunner.runChildren(ParentRunner.java:329) ~[junit-4.13.2.jar:4.13.2]
?[0m?[0;34m	at org.junit.runners.ParentRunner.access$100(ParentRunner.java:66) ~[junit-4.13.2.jar:4.13.2]
?[0m?[0;34m	at org.junit.runners.ParentRunner$2.evaluate(ParentRunner.java:293) ~[junit-4.13.2.jar:4.13.2]
?[0m?[0;34m	at org.junit.runners.ParentRunner$3.evaluate(ParentRunner.java:306) ~[junit-4.13.2.jar:4.13.2]
?[0m?[0;34m	at org.junit.runners.ParentRunner.run(ParentRunner.java:413) ~[junit-4.13.2.jar:4.13.2]
?[0m?[0;34m	at org.gradle.api.internal.tasks.testing.junit.JUnitTestClassExecutor.runTestClass(JUnitTestClassExecutor.java:108) ~[na:na]
?[0m?[0;34m	at org.gradle.api.internal.tasks.testing.junit.JUnitTestClassExecutor.execute(JUnitTestClassExecutor.java:57) ~[na:na]
?[0m?[0;34m	at org.gradle.api.internal.tasks.testing.junit.JUnitTestClassExecutor.execute(JUnitTestClassExecutor.java:39) ~[na:na]
?[0m?[0;34m	at org.gradle.api.internal.tasks.testing.junit.AbstractJUnitTestClassProcessor.processTestClass(AbstractJUnitTestClassProcessor.java:62) ~[na:na]
?[0m?[0;34m	at org.gradle.api.internal.tasks.testing.SuiteTestClassProcessor.processTestClass(SuiteTestClassProcessor.java:52) ~[na:na]
?[0m?[0;34m	at java.base/jdk.internal.reflect.NativeMethodAccessorImpl.invoke0(Native Method) ~[na:na]
?[0m?[0;34m	at java.base/jdk.internal.reflect.NativeMethodAccessorImpl.invoke(NativeMethodAccessorImpl.java:77) ~[na:na]
?[0m?[0;34m	at java.base/jdk.internal.reflect.DelegatingMethodAccessorImpl.invoke(DelegatingMethodAccessorImpl.java:43) ~[na:na]
?[0m?[0;34m	at java.base/java.lang.reflect.Method.invoke(Method.java:568) ~[na:na]
?[0m?[0;34m	at org.gradle.internal.dispatch.ReflectionDispatch.dispatch(ReflectionDispatch.java:36) ~[na:na]
?[0m?[0;34m	at org.gradle.internal.dispatch.ReflectionDispatch.dispatch(ReflectionDispatch.java:24) ~[na:na]
?[0m?[0;34m	at org.gradle.internal.dispatch.ContextClassLoaderDispatch.dispatch(ContextClassLoaderDispatch.java:33) ~[na:na]
?[0m?[0;34m	at org.gradle.internal.dispatch.ProxyDispatchAdapter$DispatchingInvocationHandler.invoke(ProxyDispatchAdapter.java:94) ~[na:na]
?[0m?[0;34m	at jdk.proxy1/jdk.proxy1.$Proxy2.processTestClass(Unknown Source) ~[na:na]
?[0m?[0;34m	at org.gradle.api.internal.tasks.testing.worker.TestWorker$2.run(TestWorker.java:176) ~[na:na]
?[0m?[0;34m	at org.gradle.api.internal.tasks.testing.worker.TestWorker.executeAndMaintainThreadName(TestWorker.java:129) ~[na:na]
?[0m?[0;34m	at org.gradle.api.internal.tasks.testing.worker.TestWorker.execute(TestWorker.java:100) ~[na:na]
?[0m?[0;34m	at org.gradle.api.internal.tasks.testing.worker.TestWorker.execute(TestWorker.java:60) ~[na:na]
?[0m?[0;34m	at org.gradle.process.internal.worker.child.ActionExecutionWorker.execute(ActionExecutionWorker.java:56) ~[na:na]
?[0m?[0;34m	at org.gradle.process.internal.worker.child.SystemApplicationClassLoaderWorker.call(SystemApplicationClassLoaderWorker.java:113) ~[na:na]
?[0m?[0;34m	at org.gradle.process.internal.worker.child.SystemApplicationClassLoaderWorker.call(SystemApplicationClassLoaderWorker.java:65) ~[na:na]
?[0m?[0;34m	at worker.org.gradle.process.internal.worker.GradleWorkerMain.run(GradleWorkerMain.java:69) ~[gradle-worker.jar:na]
?[0m?[0;34m	at worker.org.gradle.process.internal.worker.GradleWorkerMain.main(GradleWorkerMain.java:74) ~[gradle-worker.jar:na]
?[0m?[0;34m
?[0m?[0;34m?[2m2023-06-21T15:47:33.274-04:00?[0;39m ?[33m WARN?[0;39m ?[35m31896?[0;39m ?[2m---?[0;39m ?[2m[    Test worker]?[0;39m ?[36m.t.u.s.PrivilegedSetAccessControlContext?[0;39m ?[2m:?[0;39m Unable to set field Thread.inheritedAccessControlContext
?[0m?[0;34m
?[0m?[0;34mjava.lang.IllegalAccessException: class org.apache.tomcat.util.security.PrivilegedSetAccessControlContext cannot access a member of class java.lang.Thread (in module java.base) with modifiers "private"
?[0m?[0;34m	at java.base/jdk.internal.reflect.Reflection.newIllegalAccessException(Reflection.java:392) ~[na:na]
?[0m?[0;34m	at java.base/java.lang.reflect.AccessibleObject.checkAccess(AccessibleObject.java:674) ~[na:na]
?[0m?[0;34m	at java.base/java.lang.reflect.Field.checkAccess(Field.java:1102) ~[na:na]
?[0m?[0;34m	at java.base/java.lang.reflect.Field.set(Field.java:797) ~[na:na]
?[0m?[0;34m	at org.apache.tomcat.util.security.PrivilegedSetAccessControlContext.run(PrivilegedSetAccessControlContext.java:60) ~[tomcat-embed-core-10.1.5.jar:10.1.5]
?[0m?[0;34m	at org.apache.tomcat.util.security.PrivilegedSetAccessControlContext.run(PrivilegedSetAccessControlContext.java:28) ~[tomcat-embed-core-10.1.5.jar:10.1.5]
?[0m?[0;34m	at java.base/java.security.AccessController.doPrivileged(AccessController.java:318) ~[na:na]
?[0m?[0;34m	at org.apache.tomcat.util.threads.TaskThreadFactory.newThread(TaskThreadFactory.java:64) ~[tomcat-embed-core-10.1.5.jar:10.1.5]
?[0m?[0;34m	at org.apache.tomcat.util.threads.ThreadPoolExecutor$Worker.<init>(ThreadPoolExecutor.java:653) ~[tomcat-embed-core-10.1.5.jar:10.1.5]
?[0m?[0;34m	at org.apache.tomcat.util.threads.ThreadPoolExecutor.addWorker(ThreadPoolExecutor.java:957) ~[tomcat-embed-core-10.1.5.jar:10.1.5]
?[0m?[0;34m	at org.apache.tomcat.util.threads.ThreadPoolExecutor.prestartAllCoreThreads(ThreadPoolExecutor.java:1694) ~[tomcat-embed-core-10.1.5.jar:10.1.5]
?[0m?[0;34m	at org.apache.tomcat.util.threads.ThreadPoolExecutor.<init>(ThreadPoolExecutor.java:1370) ~[tomcat-embed-core-10.1.5.jar:10.1.5]
?[0m?[0;34m	at org.apache.tomcat.util.threads.ThreadPoolExecutor.<init>(ThreadPoolExecutor.java:1280) ~[tomcat-embed-core-10.1.5.jar:10.1.5]
?[0m?[0;34m	at org.apache.tomcat.util.net.AbstractEndpoint.createExecutor(AbstractEndpoint.java:948) ~[tomcat-embed-core-10.1.5.jar:10.1.5]
?[0m?[0;34m	at org.apache.tomcat.util.net.NioEndpoint.startInternal(NioEndpoint.java:279) ~[tomcat-embed-core-10.1.5.jar:10.1.5]
?[0m?[0;34m	at org.apache.tomcat.util.net.AbstractEndpoint.start(AbstractEndpoint.java:1261) ~[tomcat-embed-core-10.1.5.jar:10.1.5]
?[0m?[0;34m	at org.apache.coyote.AbstractProtocol.start(AbstractProtocol.java:586) ~[tomcat-embed-core-10.1.5.jar:10.1.5]
?[0m?[0;34m	at org.apache.catalina.connector.Connector.startInternal(Connector.java:1081) ~[tomcat-embed-core-10.1.5.jar:10.1.5]
?[0m?[0;34m	at org.apache.catalina.util.LifecycleBase.start(LifecycleBase.java:183) ~[tomcat-embed-core-10.1.5.jar:10.1.5]
?[0m?[0;34m	at org.apache.catalina.core.StandardService.addConnector(StandardService.java:234) ~[tomcat-embed-core-10.1.5.jar:10.1.5]
?[0m?[0;34m	at org.springframework.boot.web.embedded.tomcat.TomcatWebServer.addPreviouslyRemovedConnectors(TomcatWebServer.java:282) ~[spring-boot-3.0.2.jar:3.0.2]
?[0m?[0;34m	at org.springframework.boot.web.embedded.tomcat.TomcatWebServer.start(TomcatWebServer.java:213) ~[spring-boot-3.0.2.jar:3.0.2]
?[0m?[0;34m	at org.springframework.boot.web.servlet.context.WebServerStartStopLifecycle.start(WebServerStartStopLifecycle.java:44) ~[spring-boot-3.0.2.jar:3.0.2]
?[0m?[0;34m	at org.springframework.context.support.DefaultLifecycleProcessor.doStart(DefaultLifecycleProcessor.java:178) ~[spring-context-6.0.4.jar:6.0.4]
?[0m?[0;34m	at org.springframework.context.support.DefaultLifecycleProcessor$LifecycleGroup.start(DefaultLifecycleProcessor.java:356) ~[spring-context-6.0.4.jar:6.0.4]
?[0m?[0;34m	at java.base/java.lang.Iterable.forEach(Iterable.java:75) ~[na:na]
?[0m?[0;34m	at org.springframework.context.support.DefaultLifecycleProcessor.startBeans(DefaultLifecycleProcessor.java:155) ~[spring-context-6.0.4.jar:6.0.4]
?[0m?[0;34m	at org.springframework.context.support.DefaultLifecycleProcessor.onRefresh(DefaultLifecycleProcessor.java:123) ~[spring-context-6.0.4.jar:6.0.4]
?[0m?[0;34m	at org.springframework.context.support.AbstractApplicationContext.finishRefresh(AbstractApplicationContext.java:932) ~[spring-context-6.0.4.jar:6.0.4]
?[0m?[0;34m	at org.springframework.context.support.AbstractApplicationContext.refresh(AbstractApplicationContext.java:587) ~[spring-context-6.0.4.jar:6.0.4]
?[0m?[0;34m	at org.springframework.boot.web.servlet.context.ServletWebServerApplicationContext.refresh(ServletWebServerApplicationContext.java:146) ~[spring-boot-3.0.2.jar:3.0.2]
?[0m?[0;34m	at org.springframework.boot.SpringApplication.refresh(SpringApplication.java:730) ~[spring-boot-3.0.2.jar:3.0.2]
?[0m?[0;34m	at org.springframework.boot.SpringApplication.refreshContext(SpringApplication.java:432) ~[spring-boot-3.0.2.jar:3.0.2]
?[0m?[0;34m	at org.springframework.boot.SpringApplication.run(SpringApplication.java:308) ~[spring-boot-3.0.2.jar:3.0.2]
?[0m?[0;34m	at org.springframework.boot.SpringApplication.run(SpringApplication.java:1302) ~[spring-boot-3.0.2.jar:3.0.2]
?[0m?[0;34m	at org.springframework.boot.SpringApplication.run(SpringApplication.java:1291) ~[spring-boot-3.0.2.jar:3.0.2]
?[0m?[0;34m	at account.AccountServiceApplication.main(AccountServiceApplication.java:14) ~[main/:na]
?[0m?[0;34m	at java.base/jdk.internal.reflect.NativeMethodAccessorImpl.invoke0(Native Method) ~[na:na]
?[0m?[0;34m	at java.base/jdk.internal.reflect.NativeMethodAccessorImpl.invoke(NativeMethodAccessorImpl.java:77) ~[na:na]
?[0m?[0;34m	at java.base/jdk.internal.reflect.DelegatingMethodAccessorImpl.invoke(DelegatingMethodAccessorImpl.java:43) ~[na:na]
?[0m?[0;34m	at java.base/java.lang.reflect.Method.invoke(Method.java:568) ~[na:na]
?[0m?[0;34m	at org.hyperskill.hstest.stage.SpringTest.startSpring(SpringTest.java:187) ~[hs-test-release-SNAPSHOT.jar:na]
?[0m?[0;34m	at org.hyperskill.hstest.stage.SpringTest.launchSpring(SpringTest.java:49) ~[hs-test-release-SNAPSHOT.jar:na]
?[0m?[0;34m	at org.hyperskill.hstest.testing.runner.SpringApplicationRunner.launchSpringBootApplication(SpringApplicationRunner.java:20) ~[hs-test-release-SNAPSHOT.jar:na]
?[0m?[0;34m	at org.hyperskill.hstest.testing.runner.SpringApplicationRunner.setUp(SpringApplicationRunner.java:35) ~[hs-test-release-SNAPSHOT.jar:na]
?[0m?[0;34m	at org.hyperskill.hstest.testing.TestRun.setUp(TestRun.java:77) ~[hs-test-release-SNAPSHOT.jar:na]
?[0m?[0;34m	at org.hyperskill.hstest.stage.StageTest.start(StageTest.java:159) ~[hs-test-release-SNAPSHOT.jar:na]
?[0m?[0;34m	at java.base/jdk.internal.reflect.NativeMethodAccessorImpl.invoke0(Native Method) ~[na:na]
?[0m?[0;34m	at java.base/jdk.internal.reflect.NativeMethodAccessorImpl.invoke(NativeMethodAccessorImpl.java:77) ~[na:na]
?[0m?[0;34m	at java.base/jdk.internal.reflect.DelegatingMethodAccessorImpl.invoke(DelegatingMethodAccessorImpl.java:43) ~[na:na]
?[0m?[0;34m	at java.base/java.lang.reflect.Method.invoke(Method.java:568) ~[na:na]
?[0m?[0;34m	at org.junit.runners.model.FrameworkMethod$1.runReflectiveCall(FrameworkMethod.java:59) ~[junit-4.13.2.jar:4.13.2]
?[0m?[0;34m	at org.junit.internal.runners.model.ReflectiveCallable.run(ReflectiveCallable.java:12) ~[junit-4.13.2.jar:4.13.2]
?[0m?[0;34m	at org.junit.runners.model.FrameworkMethod.invokeExplosively(FrameworkMethod.java:56) ~[junit-4.13.2.jar:4.13.2]
?[0m?[0;34m	at org.junit.internal.runners.statements.InvokeMethod.evaluate(InvokeMethod.java:17) ~[junit-4.13.2.jar:4.13.2]
?[0m?[0;34m	at org.junit.internal.runners.statements.RunAfters.evaluate(RunAfters.java:27) ~[junit-4.13.2.jar:4.13.2]
?[0m?[0;34m	at org.junit.runners.ParentRunner$3.evaluate(ParentRunner.java:306) ~[junit-4.13.2.jar:4.13.2]
?[0m?[0;34m	at org.junit.runners.BlockJUnit4ClassRunner$1.evaluate(BlockJUnit4ClassRunner.java:100) ~[junit-4.13.2.jar:4.13.2]
?[0m?[0;34m	at org.junit.runners.ParentRunner.runLeaf(ParentRunner.java:366) ~[junit-4.13.2.jar:4.13.2]
?[0m?[0;34m	at org.junit.runners.BlockJUnit4ClassRunner.runChild(BlockJUnit4ClassRunner.java:103) ~[junit-4.13.2.jar:4.13.2]
?[0m?[0;34m	at org.junit.runners.BlockJUnit4ClassRunner.runChild(BlockJUnit4ClassRunner.java:63) ~[junit-4.13.2.jar:4.13.2]
?[0m?[0;34m	at org.junit.runners.ParentRunner$4.run(ParentRunner.java:331) ~[junit-4.13.2.jar:4.13.2]
?[0m?[0;34m	at org.junit.runners.ParentRunner$1.schedule(ParentRunner.java:79) ~[junit-4.13.2.jar:4.13.2]
?[0m?[0;34m	at org.junit.runners.ParentRunner.runChildren(ParentRunner.java:329) ~[junit-4.13.2.jar:4.13.2]
?[0m?[0;34m	at org.junit.runners.ParentRunner.access$100(ParentRunner.java:66) ~[junit-4.13.2.jar:4.13.2]
?[0m?[0;34m	at org.junit.runners.ParentRunner$2.evaluate(ParentRunner.java:293) ~[junit-4.13.2.jar:4.13.2]
?[0m?[0;34m	at org.junit.runners.ParentRunner$3.evaluate(ParentRunner.java:306) ~[junit-4.13.2.jar:4.13.2]
?[0m?[0;34m	at org.junit.runners.ParentRunner.run(ParentRunner.java:413) ~[junit-4.13.2.jar:4.13.2]
?[0m?[0;34m	at org.gradle.api.internal.tasks.testing.junit.JUnitTestClassExecutor.runTestClass(JUnitTestClassExecutor.java:108) ~[na:na]
?[0m?[0;34m	at org.gradle.api.internal.tasks.testing.junit.JUnitTestClassExecutor.execute(JUnitTestClassExecutor.java:57) ~[na:na]
?[0m?[0;34m	at org.gradle.api.internal.tasks.testing.junit.JUnitTestClassExecutor.execute(JUnitTestClassExecutor.java:39) ~[na:na]
?[0m?[0;34m	at org.gradle.api.internal.tasks.testing.junit.AbstractJUnitTestClassProcessor.processTestClass(AbstractJUnitTestClassProcessor.java:62) ~[na:na]
?[0m?[0;34m	at org.gradle.api.internal.tasks.testing.SuiteTestClassProcessor.processTestClass(SuiteTestClassProcessor.java:52) ~[na:na]
?[0m?[0;34m	at java.base/jdk.internal.reflect.NativeMethodAccessorImpl.invoke0(Native Method) ~[na:na]
?[0m?[0;34m	at java.base/jdk.internal.reflect.NativeMethodAccessorImpl.invoke(NativeMethodAccessorImpl.java:77) ~[na:na]
?[0m?[0;34m	at java.base/jdk.internal.reflect.DelegatingMethodAccessorImpl.invoke(DelegatingMethodAccessorImpl.java:43) ~[na:na]
?[0m?[0;34m	at java.base/java.lang.reflect.Method.invoke(Method.java:568) ~[na:na]
?[0m?[0;34m	at org.gradle.internal.dispatch.ReflectionDispatch.dispatch(ReflectionDispatch.java:36) ~[na:na]
?[0m?[0;34m	at org.gradle.internal.dispatch.ReflectionDispatch.dispatch(ReflectionDispatch.java:24) ~[na:na]
?[0m?[0;34m	at org.gradle.internal.dispatch.ContextClassLoaderDispatch.dispatch(ContextClassLoaderDispatch.java:33) ~[na:na]
?[0m?[0;34m	at org.gradle.internal.dispatch.ProxyDispatchAdapter$DispatchingInvocationHandler.invoke(ProxyDispatchAdapter.java:94) ~[na:na]
?[0m?[0;34m	at jdk.proxy1/jdk.proxy1.$Proxy2.processTestClass(Unknown Source) ~[na:na]
?[0m?[0;34m	at org.gradle.api.internal.tasks.testing.worker.TestWorker$2.run(TestWorker.java:176) ~[na:na]
?[0m?[0;34m	at org.gradle.api.internal.tasks.testing.worker.TestWorker.executeAndMaintainThreadName(TestWorker.java:129) ~[na:na]
?[0m?[0;34m	at org.gradle.api.internal.tasks.testing.worker.TestWorker.execute(TestWorker.java:100) ~[na:na]
?[0m?[0;34m	at org.gradle.api.internal.tasks.testing.worker.TestWorker.execute(TestWorker.java:60) ~[na:na]
?[0m?[0;34m	at org.gradle.process.internal.worker.child.ActionExecutionWorker.execute(ActionExecutionWorker.java:56) ~[na:na]
?[0m?[0;34m	at org.gradle.process.internal.worker.child.SystemApplicationClassLoaderWorker.call(SystemApplicationClassLoaderWorker.java:113) ~[na:na]
?[0m?[0;34m	at org.gradle.process.internal.worker.child.SystemApplicationClassLoaderWorker.call(SystemApplicationClassLoaderWorker.java:65) ~[na:na]
?[0m?[0;34m	at worker.org.gradle.process.internal.worker.GradleWorkerMain.run(GradleWorkerMain.java:69) ~[gradle-worker.jar:na]
?[0m?[0;34m	at worker.org.gradle.process.internal.worker.GradleWorkerMain.main(GradleWorkerMain.java:74) ~[gradle-worker.jar:na]
?[0m?[0;34m
?[0m?[0;34m?[2m2023-06-21T15:47:33.279-04:00?[0;39m ?[33m WARN?[0;39m ?[35m31896?[0;39m ?[2m---?[0;39m ?[2m[    Test worker]?[0;39m ?[36m.t.u.s.PrivilegedSetAccessControlContext?[0;39m ?[2m:?[0;39m Unable to set field Thread.inheritedAccessControlContext
?[0m?[0;34m
?[0m?[0;34mjava.lang.IllegalAccessException: class org.apache.tomcat.util.security.PrivilegedSetAccessControlContext cannot access a member of class java.lang.Thread (in module java.base) with modifiers "private"
?[0m?[0;34m	at java.base/jdk.internal.reflect.Reflection.newIllegalAccessException(Reflection.java:392) ~[na:na]
?[0m?[0;34m	at java.base/java.lang.reflect.AccessibleObject.checkAccess(AccessibleObject.java:674) ~[na:na]
?[0m?[0;34m	at java.base/java.lang.reflect.Field.checkAccess(Field.java:1102) ~[na:na]
?[0m?[0;34m	at java.base/java.lang.reflect.Field.set(Field.java:797) ~[na:na]
?[0m?[0;34m	at org.apache.tomcat.util.security.PrivilegedSetAccessControlContext.run(PrivilegedSetAccessControlContext.java:60) ~[tomcat-embed-core-10.1.5.jar:10.1.5]
?[0m?[0;34m	at org.apache.tomcat.util.security.PrivilegedSetAccessControlContext.run(PrivilegedSetAccessControlContext.java:28) ~[tomcat-embed-core-10.1.5.jar:10.1.5]
?[0m?[0;34m	at java.base/java.security.AccessController.doPrivileged(AccessController.java:318) ~[na:na]
?[0m?[0;34m	at org.apache.tomcat.util.threads.TaskThreadFactory.newThread(TaskThreadFactory.java:64) ~[tomcat-embed-core-10.1.5.jar:10.1.5]
?[0m?[0;34m	at org.apache.tomcat.util.threads.ThreadPoolExecutor$Worker.<init>(ThreadPoolExecutor.java:653) ~[tomcat-embed-core-10.1.5.jar:10.1.5]
?[0m?[0;34m	at org.apache.tomcat.util.threads.ThreadPoolExecutor.addWorker(ThreadPoolExecutor.java:957) ~[tomcat-embed-core-10.1.5.jar:10.1.5]
?[0m?[0;34m	at org.apache.tomcat.util.threads.ThreadPoolExecutor.prestartAllCoreThreads(ThreadPoolExecutor.java:1694) ~[tomcat-embed-core-10.1.5.jar:10.1.5]
?[0m?[0;34m	at org.apache.tomcat.util.threads.ThreadPoolExecutor.<init>(ThreadPoolExecutor.java:1370) ~[tomcat-embed-core-10.1.5.jar:10.1.5]
?[0m?[0;34m	at org.apache.tomcat.util.threads.ThreadPoolExecutor.<init>(ThreadPoolExecutor.java:1280) ~[tomcat-embed-core-10.1.5.jar:10.1.5]
?[0m?[0;34m	at org.apache.tomcat.util.net.AbstractEndpoint.createExecutor(AbstractEndpoint.java:948) ~[tomcat-embed-core-10.1.5.jar:10.1.5]
?[0m?[0;34m	at org.apache.tomcat.util.net.NioEndpoint.startInternal(NioEndpoint.java:279) ~[tomcat-embed-core-10.1.5.jar:10.1.5]
?[0m?[0;34m	at org.apache.tomcat.util.net.AbstractEndpoint.start(AbstractEndpoint.java:1261) ~[tomcat-embed-core-10.1.5.jar:10.1.5]
?[0m?[0;34m	at org.apache.coyote.AbstractProtocol.start(AbstractProtocol.java:586) ~[tomcat-embed-core-10.1.5.jar:10.1.5]
?[0m?[0;34m	at org.apache.catalina.connector.Connector.startInternal(Connector.java:1081) ~[tomcat-embed-core-10.1.5.jar:10.1.5]
?[0m?[0;34m	at org.apache.catalina.util.LifecycleBase.start(LifecycleBase.java:183) ~[tomcat-embed-core-10.1.5.jar:10.1.5]
?[0m?[0;34m	at org.apache.catalina.core.StandardService.addConnector(StandardService.java:234) ~[tomcat-embed-core-10.1.5.jar:10.1.5]
?[0m?[0;34m	at org.springframework.boot.web.embedded.tomcat.TomcatWebServer.addPreviouslyRemovedConnectors(TomcatWebServer.java:282) ~[spring-boot-3.0.2.jar:3.0.2]
?[0m?[0;34m	at org.springframework.boot.web.embedded.tomcat.TomcatWebServer.start(TomcatWebServer.java:213) ~[spring-boot-3.0.2.jar:3.0.2]
?[0m?[0;34m	at org.springframework.boot.web.servlet.context.WebServerStartStopLifecycle.start(WebServerStartStopLifecycle.java:44) ~[spring-boot-3.0.2.jar:3.0.2]
?[0m?[0;34m	at org.springframework.context.support.DefaultLifecycleProcessor.doStart(DefaultLifecycleProcessor.java:178) ~[spring-context-6.0.4.jar:6.0.4]
?[0m?[0;34m	at org.springframework.context.support.DefaultLifecycleProcessor$LifecycleGroup.start(DefaultLifecycleProcessor.java:356) ~[spring-context-6.0.4.jar:6.0.4]
?[0m?[0;34m	at java.base/java.lang.Iterable.forEach(Iterable.java:75) ~[na:na]
?[0m?[0;34m	at org.springframework.context.support.DefaultLifecycleProcessor.startBeans(DefaultLifecycleProcessor.java:155) ~[spring-context-6.0.4.jar:6.0.4]
?[0m?[0;34m	at org.springframework.context.support.DefaultLifecycleProcessor.onRefresh(DefaultLifecycleProcessor.java:123) ~[spring-context-6.0.4.jar:6.0.4]
?[0m?[0;34m	at org.springframework.context.support.AbstractApplicationContext.finishRefresh(AbstractApplicationContext.java:932) ~[spring-context-6.0.4.jar:6.0.4]
?[0m?[0;34m	at org.springframework.context.support.AbstractApplicationContext.refresh(AbstractApplicationContext.java:587) ~[spring-context-6.0.4.jar:6.0.4]
?[0m?[0;34m	at org.springframework.boot.web.servlet.context.ServletWebServerApplicationContext.refresh(ServletWebServerApplicationContext.java:146) ~[spring-boot-3.0.2.jar:3.0.2]
?[0m?[0;34m	at org.springframework.boot.SpringApplication.refresh(SpringApplication.java:730) ~[spring-boot-3.0.2.jar:3.0.2]
?[0m?[0;34m	at org.springframework.boot.SpringApplication.refreshContext(SpringApplication.java:432) ~[spring-boot-3.0.2.jar:3.0.2]
?[0m?[0;34m	at org.springframework.boot.SpringApplication.run(SpringApplication.java:308) ~[spring-boot-3.0.2.jar:3.0.2]
?[0m?[0;34m	at org.springframework.boot.SpringApplication.run(SpringApplication.java:1302) ~[spring-boot-3.0.2.jar:3.0.2]
?[0m?[0;34m	at org.springframework.boot.SpringApplication.run(SpringApplication.java:1291) ~[spring-boot-3.0.2.jar:3.0.2]
?[0m?[0;34m	at account.AccountServiceApplication.main(AccountServiceApplication.java:14) ~[main/:na]
?[0m?[0;34m	at java.base/jdk.internal.reflect.NativeMethodAccessorImpl.invoke0(Native Method) ~[na:na]
?[0m?[0;34m	at java.base/jdk.internal.reflect.NativeMethodAccessorImpl.invoke(NativeMethodAccessorImpl.java:77) ~[na:na]
?[0m?[0;34m	at java.base/jdk.internal.reflect.DelegatingMethodAccessorImpl.invoke(DelegatingMethodAccessorImpl.java:43) ~[na:na]
?[0m?[0;34m	at java.base/java.lang.reflect.Method.invoke(Method.java:568) ~[na:na]
?[0m?[0;34m	at org.hyperskill.hstest.stage.SpringTest.startSpring(SpringTest.java:187) ~[hs-test-release-SNAPSHOT.jar:na]
?[0m?[0;34m	at org.hyperskill.hstest.stage.SpringTest.launchSpring(SpringTest.java:49) ~[hs-test-release-SNAPSHOT.jar:na]
?[0m?[0;34m	at org.hyperskill.hstest.testing.runner.SpringApplicationRunner.launchSpringBootApplication(SpringApplicationRunner.java:20) ~[hs-test-release-SNAPSHOT.jar:na]
?[0m?[0;34m	at org.hyperskill.hstest.testing.runner.SpringApplicationRunner.setUp(SpringApplicationRunner.java:35) ~[hs-test-release-SNAPSHOT.jar:na]
?[0m?[0;34m	at org.hyperskill.hstest.testing.TestRun.setUp(TestRun.java:77) ~[hs-test-release-SNAPSHOT.jar:na]
?[0m?[0;34m	at org.hyperskill.hstest.stage.StageTest.start(StageTest.java:159) ~[hs-test-release-SNAPSHOT.jar:na]
?[0m?[0;34m	at java.base/jdk.internal.reflect.NativeMethodAccessorImpl.invoke0(Native Method) ~[na:na]
?[0m?[0;34m	at java.base/jdk.internal.reflect.NativeMethodAccessorImpl.invoke(NativeMethodAccessorImpl.java:77) ~[na:na]
?[0m?[0;34m	at java.base/jdk.internal.reflect.DelegatingMethodAccessorImpl.invoke(DelegatingMethodAccessorImpl.java:43) ~[na:na]
?[0m?[0;34m	at java.base/java.lang.reflect.Method.invoke(Method.java:568) ~[na:na]
?[0m?[0;34m	at org.junit.runners.model.FrameworkMethod$1.runReflectiveCall(FrameworkMethod.java:59) ~[junit-4.13.2.jar:4.13.2]
?[0m?[0;34m	at org.junit.internal.runners.model.ReflectiveCallable.run(ReflectiveCallable.java:12) ~[junit-4.13.2.jar:4.13.2]
?[0m?[0;34m	at org.junit.runners.model.FrameworkMethod.invokeExplosively(FrameworkMethod.java:56) ~[junit-4.13.2.jar:4.13.2]
?[0m?[0;34m	at org.junit.internal.runners.statements.InvokeMethod.evaluate(InvokeMethod.java:17) ~[junit-4.13.2.jar:4.13.2]
?[0m?[0;34m	at org.junit.internal.runners.statements.RunAfters.evaluate(RunAfters.java:27) ~[junit-4.13.2.jar:4.13.2]
?[0m?[0;34m	at org.junit.runners.ParentRunner$3.evaluate(ParentRunner.java:306) ~[junit-4.13.2.jar:4.13.2]
?[0m?[0;34m	at org.junit.runners.BlockJUnit4ClassRunner$1.evaluate(BlockJUnit4ClassRunner.java:100) ~[junit-4.13.2.jar:4.13.2]
?[0m?[0;34m	at org.junit.runners.ParentRunner.runLeaf(ParentRunner.java:366) ~[junit-4.13.2.jar:4.13.2]
?[0m?[0;34m	at org.junit.runners.BlockJUnit4ClassRunner.runChild(BlockJUnit4ClassRunner.java:103) ~[junit-4.13.2.jar:4.13.2]
?[0m?[0;34m	at org.junit.runners.BlockJUnit4ClassRunner.runChild(BlockJUnit4ClassRunner.java:63) ~[junit-4.13.2.jar:4.13.2]
?[0m?[0;34m	at org.junit.runners.ParentRunner$4.run(ParentRunner.java:331) ~[junit-4.13.2.jar:4.13.2]
?[0m?[0;34m	at org.junit.runners.ParentRunner$1.schedule(ParentRunner.java:79) ~[junit-4.13.2.jar:4.13.2]
?[0m?[0;34m	at org.junit.runners.ParentRunner.runChildren(ParentRunner.java:329) ~[junit-4.13.2.jar:4.13.2]
?[0m?[0;34m	at org.junit.runners.ParentRunner.access$100(ParentRunner.java:66) ~[junit-4.13.2.jar:4.13.2]
?[0m?[0;34m	at org.junit.runners.ParentRunner$2.evaluate(ParentRunner.java:293) ~[junit-4.13.2.jar:4.13.2]
?[0m?[0;34m	at org.junit.runners.ParentRunner$3.evaluate(ParentRunner.java:306) ~[junit-4.13.2.jar:4.13.2]
?[0m?[0;34m	at org.junit.runners.ParentRunner.run(ParentRunner.java:413) ~[junit-4.13.2.jar:4.13.2]
?[0m?[0;34m	at org.gradle.api.internal.tasks.testing.junit.JUnitTestClassExecutor.runTestClass(JUnitTestClassExecutor.java:108) ~[na:na]
?[0m?[0;34m	at org.gradle.api.internal.tasks.testing.junit.JUnitTestClassExecutor.execute(JUnitTestClassExecutor.java:57) ~[na:na]
?[0m?[0;34m	at org.gradle.api.internal.tasks.testing.junit.JUnitTestClassExecutor.execute(JUnitTestClassExecutor.java:39) ~[na:na]
?[0m?[0;34m	at org.gradle.api.internal.tasks.testing.junit.AbstractJUnitTestClassProcessor.processTestClass(AbstractJUnitTestClassProcessor.java:62) ~[na:na]
?[0m?[0;34m	at org.gradle.api.internal.tasks.testing.SuiteTestClassProcessor.processTestClass(SuiteTestClassProcessor.java:52) ~[na:na]
?[0m?[0;34m	at java.base/jdk.internal.reflect.NativeMethodAccessorImpl.invoke0(Native Method) ~[na:na]
?[0m?[0;34m	at java.base/jdk.internal.reflect.NativeMethodAccessorImpl.invoke(NativeMethodAccessorImpl.java:77) ~[na:na]
?[0m?[0;34m	at java.base/jdk.internal.reflect.DelegatingMethodAccessorImpl.invoke(DelegatingMethodAccessorImpl.java:43) ~[na:na]
?[0m?[0;34m	at java.base/java.lang.reflect.Method.invoke(Method.java:568) ~[na:na]
?[0m?[0;34m	at org.gradle.internal.dispatch.ReflectionDispatch.dispatch(ReflectionDispatch.java:36) ~[na:na]
?[0m?[0;34m	at org.gradle.internal.dispatch.ReflectionDispatch.dispatch(ReflectionDispatch.java:24) ~[na:na]
?[0m?[0;34m	at org.gradle.internal.dispatch.ContextClassLoaderDispatch.dispatch(ContextClassLoaderDispatch.java:33) ~[na:na]
?[0m?[0;34m	at org.gradle.internal.dispatch.ProxyDispatchAdapter$DispatchingInvocationHandler.invoke(ProxyDispatchAdapter.java:94) ~[na:na]
?[0m?[0;34m	at jdk.proxy1/jdk.proxy1.$Proxy2.processTestClass(Unknown Source) ~[na:na]
?[0m?[0;34m	at org.gradle.api.internal.tasks.testing.worker.TestWorker$2.run(TestWorker.java:176) ~[na:na]
?[0m?[0;34m	at org.gradle.api.internal.tasks.testing.worker.TestWorker.executeAndMaintainThreadName(TestWorker.java:129) ~[na:na]
?[0m?[0;34m	at org.gradle.api.internal.tasks.testing.worker.TestWorker.execute(TestWorker.java:100) ~[na:na]
?[0m?[0;34m	at org.gradle.api.internal.tasks.testing.worker.TestWorker.execute(TestWorker.java:60) ~[na:na]
?[0m?[0;34m	at org.gradle.process.internal.worker.child.ActionExecutionWorker.execute(ActionExecutionWorker.java:56) ~[na:na]
?[0m?[0;34m	at org.gradle.process.internal.worker.child.SystemApplicationClassLoaderWorker.call(SystemApplicationClassLoaderWorker.java:113) ~[na:na]
?[0m?[0;34m	at org.gradle.process.internal.worker.child.SystemApplicationClassLoaderWorker.call(SystemApplicationClassLoaderWorker.java:65) ~[na:na]
?[0m?[0;34m	at worker.org.gradle.process.internal.worker.GradleWorkerMain.run(GradleWorkerMain.java:69) ~[gradle-worker.jar:na]
?[0m?[0;34m	at worker.org.gradle.process.internal.worker.GradleWorkerMain.main(GradleWorkerMain.java:74) ~[gradle-worker.jar:na]
?[0m?[0;34m
?[0m?[0;34m?[2m2023-06-21T15:47:33.283-04:00?[0;39m ?[33m WARN?[0;39m ?[35m31896?[0;39m ?[2m---?[0;39m ?[2m[    Test worker]?[0;39m ?[36m.t.u.s.PrivilegedSetAccessControlContext?[0;39m ?[2m:?[0;39m Unable to set field Thread.inheritedAccessControlContext
?[0m?[0;34m
?[0m?[0;34mjava.lang.IllegalAccessException: class org.apache.tomcat.util.security.PrivilegedSetAccessControlContext cannot access a member of class java.lang.Thread (in module java.base) with modifiers "private"
?[0m?[0;34m	at java.base/jdk.internal.reflect.Reflection.newIllegalAccessException(Reflection.java:392) ~[na:na]
?[0m?[0;34m	at java.base/java.lang.reflect.AccessibleObject.checkAccess(AccessibleObject.java:674) ~[na:na]
?[0m?[0;34m	at java.base/java.lang.reflect.Field.checkAccess(Field.java:1102) ~[na:na]
?[0m?[0;34m	at java.base/java.lang.reflect.Field.set(Field.java:797) ~[na:na]
?[0m?[0;34m	at org.apache.tomcat.util.security.PrivilegedSetAccessControlContext.run(PrivilegedSetAccessControlContext.java:60) ~[tomcat-embed-core-10.1.5.jar:10.1.5]
?[0m?[0;34m	at org.apache.tomcat.util.security.PrivilegedSetAccessControlContext.run(PrivilegedSetAccessControlContext.java:28) ~[tomcat-embed-core-10.1.5.jar:10.1.5]
?[0m?[0;34m	at java.base/java.security.AccessController.doPrivileged(AccessController.java:318) ~[na:na]
?[0m?[0;34m	at org.apache.tomcat.util.threads.TaskThreadFactory.newThread(TaskThreadFactory.java:64) ~[tomcat-embed-core-10.1.5.jar:10.1.5]
?[0m?[0;34m	at org.apache.tomcat.util.threads.ThreadPoolExecutor$Worker.<init>(ThreadPoolExecutor.java:653) ~[tomcat-embed-core-10.1.5.jar:10.1.5]
?[0m?[0;34m	at org.apache.tomcat.util.threads.ThreadPoolExecutor.addWorker(ThreadPoolExecutor.java:957) ~[tomcat-embed-core-10.1.5.jar:10.1.5]
?[0m?[0;34m	at org.apache.tomcat.util.threads.ThreadPoolExecutor.prestartAllCoreThreads(ThreadPoolExecutor.java:1694) ~[tomcat-embed-core-10.1.5.jar:10.1.5]
?[0m?[0;34m	at org.apache.tomcat.util.threads.ThreadPoolExecutor.<init>(ThreadPoolExecutor.java:1370) ~[tomcat-embed-core-10.1.5.jar:10.1.5]
?[0m?[0;34m	at org.apache.tomcat.util.threads.ThreadPoolExecutor.<init>(ThreadPoolExecutor.java:1280) ~[tomcat-embed-core-10.1.5.jar:10.1.5]
?[0m?[0;34m	at org.apache.tomcat.util.net.AbstractEndpoint.createExecutor(AbstractEndpoint.java:948) ~[tomcat-embed-core-10.1.5.jar:10.1.5]
?[0m?[0;34m	at org.apache.tomcat.util.net.NioEndpoint.startInternal(NioEndpoint.java:279) ~[tomcat-embed-core-10.1.5.jar:10.1.5]
?[0m?[0;34m	at org.apache.tomcat.util.net.AbstractEndpoint.start(AbstractEndpoint.java:1261) ~[tomcat-embed-core-10.1.5.jar:10.1.5]
?[0m?[0;34m	at org.apache.coyote.AbstractProtocol.start(AbstractProtocol.java:586) ~[tomcat-embed-core-10.1.5.jar:10.1.5]
?[0m?[0;34m	at org.apache.catalina.connector.Connector.startInternal(Connector.java:1081) ~[tomcat-embed-core-10.1.5.jar:10.1.5]
?[0m?[0;34m	at org.apache.catalina.util.LifecycleBase.start(LifecycleBase.java:183) ~[tomcat-embed-core-10.1.5.jar:10.1.5]
?[0m?[0;34m	at org.apache.catalina.core.StandardService.addConnector(StandardService.java:234) ~[tomcat-embed-core-10.1.5.jar:10.1.5]
?[0m?[0;34m	at org.springframework.boot.web.embedded.tomcat.TomcatWebServer.addPreviouslyRemovedConnectors(TomcatWebServer.java:282) ~[spring-boot-3.0.2.jar:3.0.2]
?[0m?[0;34m	at org.springframework.boot.web.embedded.tomcat.TomcatWebServer.start(TomcatWebServer.java:213) ~[spring-boot-3.0.2.jar:3.0.2]
?[0m?[0;34m	at org.springframework.boot.web.servlet.context.WebServerStartStopLifecycle.start(WebServerStartStopLifecycle.java:44) ~[spring-boot-3.0.2.jar:3.0.2]
?[0m?[0;34m	at org.springframework.context.support.DefaultLifecycleProcessor.doStart(DefaultLifecycleProcessor.java:178) ~[spring-context-6.0.4.jar:6.0.4]
?[0m?[0;34m	at org.springframework.context.support.DefaultLifecycleProcessor$LifecycleGroup.start(DefaultLifecycleProcessor.java:356) ~[spring-context-6.0.4.jar:6.0.4]
?[0m?[0;34m	at java.base/java.lang.Iterable.forEach(Iterable.java:75) ~[na:na]
?[0m?[0;34m	at org.springframework.context.support.DefaultLifecycleProcessor.startBeans(DefaultLifecycleProcessor.java:155) ~[spring-context-6.0.4.jar:6.0.4]
?[0m?[0;34m	at org.springframework.context.support.DefaultLifecycleProcessor.onRefresh(DefaultLifecycleProcessor.java:123) ~[spring-context-6.0.4.jar:6.0.4]
?[0m?[0;34m	at org.springframework.context.support.AbstractApplicationContext.finishRefresh(AbstractApplicationContext.java:932) ~[spring-context-6.0.4.jar:6.0.4]
?[0m?[0;34m	at org.springframework.context.support.AbstractApplicationContext.refresh(AbstractApplicationContext.java:587) ~[spring-context-6.0.4.jar:6.0.4]
?[0m?[0;34m	at org.springframework.boot.web.servlet.context.ServletWebServerApplicationContext.refresh(ServletWebServerApplicationContext.java:146) ~[spring-boot-3.0.2.jar:3.0.2]
?[0m?[0;34m	at org.springframework.boot.SpringApplication.refresh(SpringApplication.java:730) ~[spring-boot-3.0.2.jar:3.0.2]
?[0m?[0;34m	at org.springframework.boot.SpringApplication.refreshContext(SpringApplication.java:432) ~[spring-boot-3.0.2.jar:3.0.2]
?[0m?[0;34m	at org.springframework.boot.SpringApplication.run(SpringApplication.java:308) ~[spring-boot-3.0.2.jar:3.0.2]
?[0m?[0;34m	at org.springframework.boot.SpringApplication.run(SpringApplication.java:1302) ~[spring-boot-3.0.2.jar:3.0.2]
?[0m?[0;34m	at org.springframework.boot.SpringApplication.run(SpringApplication.java:1291) ~[spring-boot-3.0.2.jar:3.0.2]
?[0m?[0;34m	at account.AccountServiceApplication.main(AccountServiceApplication.java:14) ~[main/:na]
?[0m?[0;34m	at java.base/jdk.internal.reflect.NativeMethodAccessorImpl.invoke0(Native Method) ~[na:na]
?[0m?[0;34m	at java.base/jdk.internal.reflect.NativeMethodAccessorImpl.invoke(NativeMethodAccessorImpl.java:77) ~[na:na]
?[0m?[0;34m	at java.base/jdk.internal.reflect.DelegatingMethodAccessorImpl.invoke(DelegatingMethodAccessorImpl.java:43) ~[na:na]
?[0m?[0;34m	at java.base/java.lang.reflect.Method.invoke(Method.java:568) ~[na:na]
?[0m?[0;34m	at org.hyperskill.hstest.stage.SpringTest.startSpring(SpringTest.java:187) ~[hs-test-release-SNAPSHOT.jar:na]
?[0m?[0;34m	at org.hyperskill.hstest.stage.SpringTest.launchSpring(SpringTest.java:49) ~[hs-test-release-SNAPSHOT.jar:na]
?[0m?[0;34m	at org.hyperskill.hstest.testing.runner.SpringApplicationRunner.launchSpringBootApplication(SpringApplicationRunner.java:20) ~[hs-test-release-SNAPSHOT.jar:na]
?[0m?[0;34m	at org.hyperskill.hstest.testing.runner.SpringApplicationRunner.setUp(SpringApplicationRunner.java:35) ~[hs-test-release-SNAPSHOT.jar:na]
?[0m?[0;34m	at org.hyperskill.hstest.testing.TestRun.setUp(TestRun.java:77) ~[hs-test-release-SNAPSHOT.jar:na]
?[0m?[0;34m	at org.hyperskill.hstest.stage.StageTest.start(StageTest.java:159) ~[hs-test-release-SNAPSHOT.jar:na]
?[0m?[0;34m	at java.base/jdk.internal.reflect.NativeMethodAccessorImpl.invoke0(Native Method) ~[na:na]
?[0m?[0;34m	at java.base/jdk.internal.reflect.NativeMethodAccessorImpl.invoke(NativeMethodAccessorImpl.java:77) ~[na:na]
?[0m?[0;34m	at java.base/jdk.internal.reflect.DelegatingMethodAccessorImpl.invoke(DelegatingMethodAccessorImpl.java:43) ~[na:na]
?[0m?[0;34m	at java.base/java.lang.reflect.Method.invoke(Method.java:568) ~[na:na]
?[0m?[0;34m	at org.junit.runners.model.FrameworkMethod$1.runReflectiveCall(FrameworkMethod.java:59) ~[junit-4.13.2.jar:4.13.2]
?[0m?[0;34m	at org.junit.internal.runners.model.ReflectiveCallable.run(ReflectiveCallable.java:12) ~[junit-4.13.2.jar:4.13.2]
?[0m?[0;34m	at org.junit.runners.model.FrameworkMethod.invokeExplosively(FrameworkMethod.java:56) ~[junit-4.13.2.jar:4.13.2]
?[0m?[0;34m	at org.junit.internal.runners.statements.InvokeMethod.evaluate(InvokeMethod.java:17) ~[junit-4.13.2.jar:4.13.2]
?[0m?[0;34m	at org.junit.internal.runners.statements.RunAfters.evaluate(RunAfters.java:27) ~[junit-4.13.2.jar:4.13.2]
?[0m?[0;34m	at org.junit.runners.ParentRunner$3.evaluate(ParentRunner.java:306) ~[junit-4.13.2.jar:4.13.2]
?[0m?[0;34m	at org.junit.runners.BlockJUnit4ClassRunner$1.evaluate(BlockJUnit4ClassRunner.java:100) ~[junit-4.13.2.jar:4.13.2]
?[0m?[0;34m	at org.junit.runners.ParentRunner.runLeaf(ParentRunner.java:366) ~[junit-4.13.2.jar:4.13.2]
?[0m?[0;34m	at org.junit.runners.BlockJUnit4ClassRunner.runChild(BlockJUnit4ClassRunner.java:103) ~[junit-4.13.2.jar:4.13.2]
?[0m?[0;34m	at org.junit.runners.BlockJUnit4ClassRunner.runChild(BlockJUnit4ClassRunner.java:63) ~[junit-4.13.2.jar:4.13.2]
?[0m?[0;34m	at org.junit.runners.ParentRunner$4.run(ParentRunner.java:331) ~[junit-4.13.2.jar:4.13.2]
?[0m?[0;34m	at org.junit.runners.ParentRunner$1.schedule(ParentRunner.java:79) ~[junit-4.13.2.jar:4.13.2]
?[0m?[0;34m	at org.junit.runners.ParentRunner.runChildren(ParentRunner.java:329) ~[junit-4.13.2.jar:4.13.2]
?[0m?[0;34m	at org.junit.runners.ParentRunner.access$100(ParentRunner.java:66) ~[junit-4.13.2.jar:4.13.2]
?[0m?[0;34m	at org.junit.runners.ParentRunner$2.evaluate(ParentRunner.java:293) ~[junit-4.13.2.jar:4.13.2]
?[0m?[0;34m	at org.junit.runners.ParentRunner$3.evaluate(ParentRunner.java:306) ~[junit-4.13.2.jar:4.13.2]
?[0m?[0;34m	at org.junit.runners.ParentRunner.run(ParentRunner.java:413) ~[junit-4.13.2.jar:4.13.2]
?[0m?[0;34m	at org.gradle.api.internal.tasks.testing.junit.JUnitTestClassExecutor.runTestClass(JUnitTestClassExecutor.java:108) ~[na:na]
?[0m?[0;34m	at org.gradle.api.internal.tasks.testing.junit.JUnitTestClassExecutor.execute(JUnitTestClassExecutor.java:57) ~[na:na]
?[0m?[0;34m	at org.gradle.api.internal.tasks.testing.junit.JUnitTestClassExecutor.execute(JUnitTestClassExecutor.java:39) ~[na:na]
?[0m?[0;34m	at org.gradle.api.internal.tasks.testing.junit.AbstractJUnitTestClassProcessor.processTestClass(AbstractJUnitTestClassProcessor.java:62) ~[na:na]
?[0m?[0;34m	at org.gradle.api.internal.tasks.testing.SuiteTestClassProcessor.processTestClass(SuiteTestClassProcessor.java:52) ~[na:na]
?[0m?[0;34m	at java.base/jdk.internal.reflect.NativeMethodAccessorImpl.invoke0(Native Method) ~[na:na]
?[0m?[0;34m	at java.base/jdk.internal.reflect.NativeMethodAccessorImpl.invoke(NativeMethodAccessorImpl.java:77) ~[na:na]
?[0m?[0;34m	at java.base/jdk.internal.reflect.DelegatingMethodAccessorImpl.invoke(DelegatingMethodAccessorImpl.java:43) ~[na:na]
?[0m?[0;34m	at java.base/java.lang.reflect.Method.invoke(Method.java:568) ~[na:na]
?[0m?[0;34m	at org.gradle.internal.dispatch.ReflectionDispatch.dispatch(ReflectionDispatch.java:36) ~[na:na]
?[0m?[0;34m	at org.gradle.internal.dispatch.ReflectionDispatch.dispatch(ReflectionDispatch.java:24) ~[na:na]
?[0m?[0;34m	at org.gradle.internal.dispatch.ContextClassLoaderDispatch.dispatch(ContextClassLoaderDispatch.java:33) ~[na:na]
?[0m?[0;34m	at org.gradle.internal.dispatch.ProxyDispatchAdapter$DispatchingInvocationHandler.invoke(ProxyDispatchAdapter.java:94) ~[na:na]
?[0m?[0;34m	at jdk.proxy1/jdk.proxy1.$Proxy2.processTestClass(Unknown Source) ~[na:na]
?[0m?[0;34m	at org.gradle.api.internal.tasks.testing.worker.TestWorker$2.run(TestWorker.java:176) ~[na:na]
?[0m?[0;34m	at org.gradle.api.internal.tasks.testing.worker.TestWorker.executeAndMaintainThreadName(TestWorker.java:129) ~[na:na]
?[0m?[0;34m	at org.gradle.api.internal.tasks.testing.worker.TestWorker.execute(TestWorker.java:100) ~[na:na]
?[0m?[0;34m	at org.gradle.api.internal.tasks.testing.worker.TestWorker.execute(TestWorker.java:60) ~[na:na]
?[0m?[0;34m	at org.gradle.process.internal.worker.child.ActionExecutionWorker.execute(ActionExecutionWorker.java:56) ~[na:na]
?[0m?[0;34m	at org.gradle.process.internal.worker.child.SystemApplicationClassLoaderWorker.call(SystemApplicationClassLoaderWorker.java:113) ~[na:na]
?[0m?[0;34m	at org.gradle.process.internal.worker.child.SystemApplicationClassLoaderWorker.call(SystemApplicationClassLoaderWorker.java:65) ~[na:na]
?[0m?[0;34m	at worker.org.gradle.process.internal.worker.GradleWorkerMain.run(GradleWorkerMain.java:69) ~[gradle-worker.jar:na]
?[0m?[0;34m	at worker.org.gradle.process.internal.worker.GradleWorkerMain.main(GradleWorkerMain.java:74) ~[gradle-worker.jar:na]
?[0m?[0;34m
?[0m?[0;34m?[2m2023-06-21T15:47:33.291-04:00?[0;39m ?[33m WARN?[0;39m ?[35m31896?[0;39m ?[2m---?[0;39m ?[2m[    Test worker]?[0;39m ?[36m.t.u.s.PrivilegedSetAccessControlContext?[0;39m ?[2m:?[0;39m Unable to set field Thread.inheritedAccessControlContext
?[0m?[0;34m
?[0m?[0;34mjava.lang.IllegalAccessException: class org.apache.tomcat.util.security.PrivilegedSetAccessControlContext cannot access a member of class java.lang.Thread (in module java.base) with modifiers "private"
?[0m?[0;34m	at java.base/jdk.internal.reflect.Reflection.newIllegalAccessException(Reflection.java:392) ~[na:na]
?[0m?[0;34m	at java.base/java.lang.reflect.AccessibleObject.checkAccess(AccessibleObject.java:674) ~[na:na]
?[0m?[0;34m	at java.base/java.lang.reflect.Field.checkAccess(Field.java:1102) ~[na:na]
?[0m?[0;34m	at java.base/java.lang.reflect.Field.set(Field.java:797) ~[na:na]
?[0m?[0;34m	at org.apache.tomcat.util.security.PrivilegedSetAccessControlContext.run(PrivilegedSetAccessControlContext.java:60) ~[tomcat-embed-core-10.1.5.jar:10.1.5]
?[0m?[0;34m	at org.apache.tomcat.util.security.PrivilegedSetAccessControlContext.run(PrivilegedSetAccessControlContext.java:28) ~[tomcat-embed-core-10.1.5.jar:10.1.5]
?[0m?[0;34m	at java.base/java.security.AccessController.doPrivileged(AccessController.java:318) ~[na:na]
?[0m?[0;34m	at org.apache.tomcat.util.threads.TaskThreadFactory.newThread(TaskThreadFactory.java:64) ~[tomcat-embed-core-10.1.5.jar:10.1.5]
?[0m?[0;34m	at org.apache.tomcat.util.threads.ThreadPoolExecutor$Worker.<init>(ThreadPoolExecutor.java:653) ~[tomcat-embed-core-10.1.5.jar:10.1.5]
?[0m?[0;34m	at org.apache.tomcat.util.threads.ThreadPoolExecutor.addWorker(ThreadPoolExecutor.java:957) ~[tomcat-embed-core-10.1.5.jar:10.1.5]
?[0m?[0;34m	at org.apache.tomcat.util.threads.ThreadPoolExecutor.prestartAllCoreThreads(ThreadPoolExecutor.java:1694) ~[tomcat-embed-core-10.1.5.jar:10.1.5]
?[0m?[0;34m	at org.apache.tomcat.util.threads.ThreadPoolExecutor.<init>(ThreadPoolExecutor.java:1370) ~[tomcat-embed-core-10.1.5.jar:10.1.5]
?[0m?[0;34m	at org.apache.tomcat.util.threads.ThreadPoolExecutor.<init>(ThreadPoolExecutor.java:1280) ~[tomcat-embed-core-10.1.5.jar:10.1.5]
?[0m?[0;34m	at org.apache.tomcat.util.net.AbstractEndpoint.createExecutor(AbstractEndpoint.java:948) ~[tomcat-embed-core-10.1.5.jar:10.1.5]
?[0m?[0;34m	at org.apache.tomcat.util.net.NioEndpoint.startInternal(NioEndpoint.java:279) ~[tomcat-embed-core-10.1.5.jar:10.1.5]
?[0m?[0;34m	at org.apache.tomcat.util.net.AbstractEndpoint.start(AbstractEndpoint.java:1261) ~[tomcat-embed-core-10.1.5.jar:10.1.5]
?[0m?[0;34m	at org.apache.coyote.AbstractProtocol.start(AbstractProtocol.java:586) ~[tomcat-embed-core-10.1.5.jar:10.1.5]
?[0m?[0;34m	at org.apache.catalina.connector.Connector.startInternal(Connector.java:1081) ~[tomcat-embed-core-10.1.5.jar:10.1.5]
?[0m?[0;34m	at org.apache.catalina.util.LifecycleBase.start(LifecycleBase.java:183) ~[tomcat-embed-core-10.1.5.jar:10.1.5]
?[0m?[0;34m	at org.apache.catalina.core.StandardService.addConnector(StandardService.java:234) ~[tomcat-embed-core-10.1.5.jar:10.1.5]
?[0m?[0;34m	at org.springframework.boot.web.embedded.tomcat.TomcatWebServer.addPreviouslyRemovedConnectors(TomcatWebServer.java:282) ~[spring-boot-3.0.2.jar:3.0.2]
?[0m?[0;34m	at org.springframework.boot.web.embedded.tomcat.TomcatWebServer.start(TomcatWebServer.java:213) ~[spring-boot-3.0.2.jar:3.0.2]
?[0m?[0;34m	at org.springframework.boot.web.servlet.context.WebServerStartStopLifecycle.start(WebServerStartStopLifecycle.java:44) ~[spring-boot-3.0.2.jar:3.0.2]
?[0m?[0;34m	at org.springframework.context.support.DefaultLifecycleProcessor.doStart(DefaultLifecycleProcessor.java:178) ~[spring-context-6.0.4.jar:6.0.4]
?[0m?[0;34m	at org.springframework.context.support.DefaultLifecycleProcessor$LifecycleGroup.start(DefaultLifecycleProcessor.java:356) ~[spring-context-6.0.4.jar:6.0.4]
?[0m?[0;34m	at java.base/java.lang.Iterable.forEach(Iterable.java:75) ~[na:na]
?[0m?[0;34m	at org.springframework.context.support.DefaultLifecycleProcessor.startBeans(DefaultLifecycleProcessor.java:155) ~[spring-context-6.0.4.jar:6.0.4]
?[0m?[0;34m	at org.springframework.context.support.DefaultLifecycleProcessor.onRefresh(DefaultLifecycleProcessor.java:123) ~[spring-context-6.0.4.jar:6.0.4]
?[0m?[0;34m	at org.springframework.context.support.AbstractApplicationContext.finishRefresh(AbstractApplicationContext.java:932) ~[spring-context-6.0.4.jar:6.0.4]
?[0m?[0;34m	at org.springframework.context.support.AbstractApplicationContext.refresh(AbstractApplicationContext.java:587) ~[spring-context-6.0.4.jar:6.0.4]
?[0m?[0;34m	at org.springframework.boot.web.servlet.context.ServletWebServerApplicationContext.refresh(ServletWebServerApplicationContext.java:146) ~[spring-boot-3.0.2.jar:3.0.2]
?[0m?[0;34m	at org.springframework.boot.SpringApplication.refresh(SpringApplication.java:730) ~[spring-boot-3.0.2.jar:3.0.2]
?[0m?[0;34m	at org.springframework.boot.SpringApplication.refreshContext(SpringApplication.java:432) ~[spring-boot-3.0.2.jar:3.0.2]
?[0m?[0;34m	at org.springframework.boot.SpringApplication.run(SpringApplication.java:308) ~[spring-boot-3.0.2.jar:3.0.2]
?[0m?[0;34m	at org.springframework.boot.SpringApplication.run(SpringApplication.java:1302) ~[spring-boot-3.0.2.jar:3.0.2]
?[0m?[0;34m	at org.springframework.boot.SpringApplication.run(SpringApplication.java:1291) ~[spring-boot-3.0.2.jar:3.0.2]
?[0m?[0;34m	at account.AccountServiceApplication.main(AccountServiceApplication.java:14) ~[main/:na]
?[0m?[0;34m	at java.base/jdk.internal.reflect.NativeMethodAccessorImpl.invoke0(Native Method) ~[na:na]
?[0m?[0;34m	at java.base/jdk.internal.reflect.NativeMethodAccessorImpl.invoke(NativeMethodAccessorImpl.java:77) ~[na:na]
?[0m?[0;34m	at java.base/jdk.internal.reflect.DelegatingMethodAccessorImpl.invoke(DelegatingMethodAccessorImpl.java:43) ~[na:na]
?[0m?[0;34m	at java.base/java.lang.reflect.Method.invoke(Method.java:568) ~[na:na]
?[0m?[0;34m	at org.hyperskill.hstest.stage.SpringTest.startSpring(SpringTest.java:187) ~[hs-test-release-SNAPSHOT.jar:na]
?[0m?[0;34m	at org.hyperskill.hstest.stage.SpringTest.launchSpring(SpringTest.java:49) ~[hs-test-release-SNAPSHOT.jar:na]
?[0m?[0;34m	at org.hyperskill.hstest.testing.runner.SpringApplicationRunner.launchSpringBootApplication(SpringApplicationRunner.java:20) ~[hs-test-release-SNAPSHOT.jar:na]
?[0m?[0;34m	at org.hyperskill.hstest.testing.runner.SpringApplicationRunner.setUp(SpringApplicationRunner.java:35) ~[hs-test-release-SNAPSHOT.jar:na]
?[0m?[0;34m	at org.hyperskill.hstest.testing.TestRun.setUp(TestRun.java:77) ~[hs-test-release-SNAPSHOT.jar:na]
?[0m?[0;34m	at org.hyperskill.hstest.stage.StageTest.start(StageTest.java:159) ~[hs-test-release-SNAPSHOT.jar:na]
?[0m?[0;34m	at java.base/jdk.internal.reflect.NativeMethodAccessorImpl.invoke0(Native Method) ~[na:na]
?[0m?[0;34m	at java.base/jdk.internal.reflect.NativeMethodAccessorImpl.invoke(NativeMethodAccessorImpl.java:77) ~[na:na]
?[0m?[0;34m	at java.base/jdk.internal.reflect.DelegatingMethodAccessorImpl.invoke(DelegatingMethodAccessorImpl.java:43) ~[na:na]
?[0m?[0;34m	at java.base/java.lang.reflect.Method.invoke(Method.java:568) ~[na:na]
?[0m?[0;34m	at org.junit.runners.model.FrameworkMethod$1.runReflectiveCall(FrameworkMethod.java:59) ~[junit-4.13.2.jar:4.13.2]
?[0m?[0;34m	at org.junit.internal.runners.model.ReflectiveCallable.run(ReflectiveCallable.java:12) ~[junit-4.13.2.jar:4.13.2]
?[0m?[0;34m	at org.junit.runners.model.FrameworkMethod.invokeExplosively(FrameworkMethod.java:56) ~[junit-4.13.2.jar:4.13.2]
?[0m?[0;34m	at org.junit.internal.runners.statements.InvokeMethod.evaluate(InvokeMethod.java:17) ~[junit-4.13.2.jar:4.13.2]
?[0m?[0;34m	at org.junit.internal.runners.statements.RunAfters.evaluate(RunAfters.java:27) ~[junit-4.13.2.jar:4.13.2]
?[0m?[0;34m	at org.junit.runners.ParentRunner$3.evaluate(ParentRunner.java:306) ~[junit-4.13.2.jar:4.13.2]
?[0m?[0;34m	at org.junit.runners.BlockJUnit4ClassRunner$1.evaluate(BlockJUnit4ClassRunner.java:100) ~[junit-4.13.2.jar:4.13.2]
?[0m?[0;34m	at org.junit.runners.ParentRunner.runLeaf(ParentRunner.java:366) ~[junit-4.13.2.jar:4.13.2]
?[0m?[0;34m	at org.junit.runners.BlockJUnit4ClassRunner.runChild(BlockJUnit4ClassRunner.java:103) ~[junit-4.13.2.jar:4.13.2]
?[0m?[0;34m	at org.junit.runners.BlockJUnit4ClassRunner.runChild(BlockJUnit4ClassRunner.java:63) ~[junit-4.13.2.jar:4.13.2]
?[0m?[0;34m	at org.junit.runners.ParentRunner$4.run(ParentRunner.java:331) ~[junit-4.13.2.jar:4.13.2]
?[0m?[0;34m	at org.junit.runners.ParentRunner$1.schedule(ParentRunner.java:79) ~[junit-4.13.2.jar:4.13.2]
?[0m?[0;34m	at org.junit.runners.ParentRunner.runChildren(ParentRunner.java:329) ~[junit-4.13.2.jar:4.13.2]
?[0m?[0;34m	at org.junit.runners.ParentRunner.access$100(ParentRunner.java:66) ~[junit-4.13.2.jar:4.13.2]
?[0m?[0;34m	at org.junit.runners.ParentRunner$2.evaluate(ParentRunner.java:293) ~[junit-4.13.2.jar:4.13.2]
?[0m?[0;34m	at org.junit.runners.ParentRunner$3.evaluate(ParentRunner.java:306) ~[junit-4.13.2.jar:4.13.2]
?[0m?[0;34m	at org.junit.runners.ParentRunner.run(ParentRunner.java:413) ~[junit-4.13.2.jar:4.13.2]
?[0m?[0;34m	at org.gradle.api.internal.tasks.testing.junit.JUnitTestClassExecutor.runTestClass(JUnitTestClassExecutor.java:108) ~[na:na]
?[0m?[0;34m	at org.gradle.api.internal.tasks.testing.junit.JUnitTestClassExecutor.execute(JUnitTestClassExecutor.java:57) ~[na:na]
?[0m?[0;34m	at org.gradle.api.internal.tasks.testing.junit.JUnitTestClassExecutor.execute(JUnitTestClassExecutor.java:39) ~[na:na]
?[0m?[0;34m	at org.gradle.api.internal.tasks.testing.junit.AbstractJUnitTestClassProcessor.processTestClass(AbstractJUnitTestClassProcessor.java:62) ~[na:na]
?[0m?[0;34m	at org.gradle.api.internal.tasks.testing.SuiteTestClassProcessor.processTestClass(SuiteTestClassProcessor.java:52) ~[na:na]
?[0m?[0;34m	at java.base/jdk.internal.reflect.NativeMethodAccessorImpl.invoke0(Native Method) ~[na:na]
?[0m?[0;34m	at java.base/jdk.internal.reflect.NativeMethodAccessorImpl.invoke(NativeMethodAccessorImpl.java:77) ~[na:na]
?[0m?[0;34m	at java.base/jdk.internal.reflect.DelegatingMethodAccessorImpl.invoke(DelegatingMethodAccessorImpl.java:43) ~[na:na]
?[0m?[0;34m	at java.base/java.lang.reflect.Method.invoke(Method.java:568) ~[na:na]
?[0m?[0;34m	at org.gradle.internal.dispatch.ReflectionDispatch.dispatch(ReflectionDispatch.java:36) ~[na:na]
?[0m?[0;34m	at org.gradle.internal.dispatch.ReflectionDispatch.dispatch(ReflectionDispatch.java:24) ~[na:na]
?[0m?[0;34m	at org.gradle.internal.dispatch.ContextClassLoaderDispatch.dispatch(ContextClassLoaderDispatch.java:33) ~[na:na]
?[0m?[0;34m	at org.gradle.internal.dispatch.ProxyDispatchAdapter$DispatchingInvocationHandler.invoke(ProxyDispatchAdapter.java:94) ~[na:na]
?[0m?[0;34m	at jdk.proxy1/jdk.proxy1.$Proxy2.processTestClass(Unknown Source) ~[na:na]
?[0m?[0;34m	at org.gradle.api.internal.tasks.testing.worker.TestWorker$2.run(TestWorker.java:176) ~[na:na]
?[0m?[0;34m	at org.gradle.api.internal.tasks.testing.worker.TestWorker.executeAndMaintainThreadName(TestWorker.java:129) ~[na:na]
?[0m?[0;34m	at org.gradle.api.internal.tasks.testing.worker.TestWorker.execute(TestWorker.java:100) ~[na:na]
?[0m?[0;34m	at org.gradle.api.internal.tasks.testing.worker.TestWorker.execute(TestWorker.java:60) ~[na:na]
?[0m?[0;34m	at org.gradle.process.internal.worker.child.ActionExecutionWorker.execute(ActionExecutionWorker.java:56) ~[na:na]
?[0m?[0;34m	at org.gradle.process.internal.worker.child.SystemApplicationClassLoaderWorker.call(SystemApplicationClassLoaderWorker.java:113) ~[na:na]
?[0m?[0;34m	at org.gradle.process.internal.worker.child.SystemApplicationClassLoaderWorker.call(SystemApplicationClassLoaderWorker.java:65) ~[na:na]
?[0m?[0;34m	at worker.org.gradle.process.internal.worker.GradleWorkerMain.run(GradleWorkerMain.java:69) ~[gradle-worker.jar:na]
?[0m?[0;34m	at worker.org.gradle.process.internal.worker.GradleWorkerMain.main(GradleWorkerMain.java:74) ~[gradle-worker.jar:na]
?[0m?[0;34m
?[0m?[0;34m?[2m2023-06-21T15:47:33.295-04:00?[0;39m ?[33m WARN?[0;39m ?[35m31896?[0;39m ?[2m---?[0;39m ?[2m[    Test worker]?[0;39m ?[36m.t.u.s.PrivilegedSetAccessControlContext?[0;39m ?[2m:?[0;39m Unable to set field Thread.inheritedAccessControlContext
?[0m?[0;34m
?[0m?[0;34mjava.lang.IllegalAccessException: class org.apache.tomcat.util.security.PrivilegedSetAccessControlContext cannot access a member of class java.lang.Thread (in module java.base) with modifiers "private"
?[0m?[0;34m	at java.base/jdk.internal.reflect.Reflection.newIllegalAccessException(Reflection.java:392) ~[na:na]
?[0m?[0;34m	at java.base/java.lang.reflect.AccessibleObject.checkAccess(AccessibleObject.java:674) ~[na:na]
?[0m?[0;34m	at java.base/java.lang.reflect.Field.checkAccess(Field.java:1102) ~[na:na]
?[0m?[0;34m	at java.base/java.lang.reflect.Field.set(Field.java:797) ~[na:na]
?[0m?[0;34m	at org.apache.tomcat.util.security.PrivilegedSetAccessControlContext.run(PrivilegedSetAccessControlContext.java:60) ~[tomcat-embed-core-10.1.5.jar:10.1.5]
?[0m?[0;34m	at org.apache.tomcat.util.security.PrivilegedSetAccessControlContext.run(PrivilegedSetAccessControlContext.java:28) ~[tomcat-embed-core-10.1.5.jar:10.1.5]
?[0m?[0;34m	at java.base/java.security.AccessController.doPrivileged(AccessController.java:318) ~[na:na]
?[0m?[0;34m	at org.apache.tomcat.util.threads.TaskThreadFactory.newThread(TaskThreadFactory.java:64) ~[tomcat-embed-core-10.1.5.jar:10.1.5]
?[0m?[0;34m	at org.apache.tomcat.util.threads.ThreadPoolExecutor$Worker.<init>(ThreadPoolExecutor.java:653) ~[tomcat-embed-core-10.1.5.jar:10.1.5]
?[0m?[0;34m	at org.apache.tomcat.util.threads.ThreadPoolExecutor.addWorker(ThreadPoolExecutor.java:957) ~[tomcat-embed-core-10.1.5.jar:10.1.5]
?[0m?[0;34m	at org.apache.tomcat.util.threads.ThreadPoolExecutor.prestartAllCoreThreads(ThreadPoolExecutor.java:1694) ~[tomcat-embed-core-10.1.5.jar:10.1.5]
?[0m?[0;34m	at org.apache.tomcat.util.threads.ThreadPoolExecutor.<init>(ThreadPoolExecutor.java:1370) ~[tomcat-embed-core-10.1.5.jar:10.1.5]
?[0m?[0;34m	at org.apache.tomcat.util.threads.ThreadPoolExecutor.<init>(ThreadPoolExecutor.java:1280) ~[tomcat-embed-core-10.1.5.jar:10.1.5]
?[0m?[0;34m	at org.apache.tomcat.util.net.AbstractEndpoint.createExecutor(AbstractEndpoint.java:948) ~[tomcat-embed-core-10.1.5.jar:10.1.5]
?[0m?[0;34m	at org.apache.tomcat.util.net.NioEndpoint.startInternal(NioEndpoint.java:279) ~[tomcat-embed-core-10.1.5.jar:10.1.5]
?[0m?[0;34m	at org.apache.tomcat.util.net.AbstractEndpoint.start(AbstractEndpoint.java:1261) ~[tomcat-embed-core-10.1.5.jar:10.1.5]
?[0m?[0;34m	at org.apache.coyote.AbstractProtocol.start(AbstractProtocol.java:586) ~[tomcat-embed-core-10.1.5.jar:10.1.5]
?[0m?[0;34m	at org.apache.catalina.connector.Connector.startInternal(Connector.java:1081) ~[tomcat-embed-core-10.1.5.jar:10.1.5]
?[0m?[0;34m	at org.apache.catalina.util.LifecycleBase.start(LifecycleBase.java:183) ~[tomcat-embed-core-10.1.5.jar:10.1.5]
?[0m?[0;34m	at org.apache.catalina.core.StandardService.addConnector(StandardService.java:234) ~[tomcat-embed-core-10.1.5.jar:10.1.5]
?[0m?[0;34m	at org.springframework.boot.web.embedded.tomcat.TomcatWebServer.addPreviouslyRemovedConnectors(TomcatWebServer.java:282) ~[spring-boot-3.0.2.jar:3.0.2]
?[0m?[0;34m	at org.springframework.boot.web.embedded.tomcat.TomcatWebServer.start(TomcatWebServer.java:213) ~[spring-boot-3.0.2.jar:3.0.2]
?[0m?[0;34m	at org.springframework.boot.web.servlet.context.WebServerStartStopLifecycle.start(WebServerStartStopLifecycle.java:44) ~[spring-boot-3.0.2.jar:3.0.2]
?[0m?[0;34m	at org.springframework.context.support.DefaultLifecycleProcessor.doStart(DefaultLifecycleProcessor.java:178) ~[spring-context-6.0.4.jar:6.0.4]
?[0m?[0;34m	at org.springframework.context.support.DefaultLifecycleProcessor$LifecycleGroup.start(DefaultLifecycleProcessor.java:356) ~[spring-context-6.0.4.jar:6.0.4]
?[0m?[0;34m	at java.base/java.lang.Iterable.forEach(Iterable.java:75) ~[na:na]
?[0m?[0;34m	at org.springframework.context.support.DefaultLifecycleProcessor.startBeans(DefaultLifecycleProcessor.java:155) ~[spring-context-6.0.4.jar:6.0.4]
?[0m?[0;34m	at org.springframework.context.support.DefaultLifecycleProcessor.onRefresh(DefaultLifecycleProcessor.java:123) ~[spring-context-6.0.4.jar:6.0.4]
?[0m?[0;34m	at org.springframework.context.support.AbstractApplicationContext.finishRefresh(AbstractApplicationContext.java:932) ~[spring-context-6.0.4.jar:6.0.4]
?[0m?[0;34m	at org.springframework.context.support.AbstractApplicationContext.refresh(AbstractApplicationContext.java:587) ~[spring-context-6.0.4.jar:6.0.4]
?[0m?[0;34m	at org.springframework.boot.web.servlet.context.ServletWebServerApplicationContext.refresh(ServletWebServerApplicationContext.java:146) ~[spring-boot-3.0.2.jar:3.0.2]
?[0m?[0;34m	at org.springframework.boot.SpringApplication.refresh(SpringApplication.java:730) ~[spring-boot-3.0.2.jar:3.0.2]
?[0m?[0;34m	at org.springframework.boot.SpringApplication.refreshContext(SpringApplication.java:432) ~[spring-boot-3.0.2.jar:3.0.2]
?[0m?[0;34m	at org.springframework.boot.SpringApplication.run(SpringApplication.java:308) ~[spring-boot-3.0.2.jar:3.0.2]
?[0m?[0;34m	at org.springframework.boot.SpringApplication.run(SpringApplication.java:1302) ~[spring-boot-3.0.2.jar:3.0.2]
?[0m?[0;34m	at org.springframework.boot.SpringApplication.run(SpringApplication.java:1291) ~[spring-boot-3.0.2.jar:3.0.2]
?[0m?[0;34m	at account.AccountServiceApplication.main(AccountServiceApplication.java:14) ~[main/:na]
?[0m?[0;34m	at java.base/jdk.internal.reflect.NativeMethodAccessorImpl.invoke0(Native Method) ~[na:na]
?[0m?[0;34m	at java.base/jdk.internal.reflect.NativeMethodAccessorImpl.invoke(NativeMethodAccessorImpl.java:77) ~[na:na]
?[0m?[0;34m	at java.base/jdk.internal.reflect.DelegatingMethodAccessorImpl.invoke(DelegatingMethodAccessorImpl.java:43) ~[na:na]
?[0m?[0;34m	at java.base/java.lang.reflect.Method.invoke(Method.java:568) ~[na:na]
?[0m?[0;34m	at org.hyperskill.hstest.stage.SpringTest.startSpring(SpringTest.java:187) ~[hs-test-release-SNAPSHOT.jar:na]
?[0m?[0;34m	at org.hyperskill.hstest.stage.SpringTest.launchSpring(SpringTest.java:49) ~[hs-test-release-SNAPSHOT.jar:na]
?[0m?[0;34m	at org.hyperskill.hstest.testing.runner.SpringApplicationRunner.launchSpringBootApplication(SpringApplicationRunner.java:20) ~[hs-test-release-SNAPSHOT.jar:na]
?[0m?[0;34m	at org.hyperskill.hstest.testing.runner.SpringApplicationRunner.setUp(SpringApplicationRunner.java:35) ~[hs-test-release-SNAPSHOT.jar:na]
?[0m?[0;34m	at org.hyperskill.hstest.testing.TestRun.setUp(TestRun.java:77) ~[hs-test-release-SNAPSHOT.jar:na]
?[0m?[0;34m	at org.hyperskill.hstest.stage.StageTest.start(StageTest.java:159) ~[hs-test-release-SNAPSHOT.jar:na]
?[0m?[0;34m	at java.base/jdk.internal.reflect.NativeMethodAccessorImpl.invoke0(Native Method) ~[na:na]
?[0m?[0;34m	at java.base/jdk.internal.reflect.NativeMethodAccessorImpl.invoke(NativeMethodAccessorImpl.java:77) ~[na:na]
?[0m?[0;34m	at java.base/jdk.internal.reflect.DelegatingMethodAccessorImpl.invoke(DelegatingMethodAccessorImpl.java:43) ~[na:na]
?[0m?[0;34m	at java.base/java.lang.reflect.Method.invoke(Method.java:568) ~[na:na]
?[0m?[0;34m	at org.junit.runners.model.FrameworkMethod$1.runReflectiveCall(FrameworkMethod.java:59) ~[junit-4.13.2.jar:4.13.2]
?[0m?[0;34m	at org.junit.internal.runners.model.ReflectiveCallable.run(ReflectiveCallable.java:12) ~[junit-4.13.2.jar:4.13.2]
?[0m?[0;34m	at org.junit.runners.model.FrameworkMethod.invokeExplosively(FrameworkMethod.java:56) ~[junit-4.13.2.jar:4.13.2]
?[0m?[0;34m	at org.junit.internal.runners.statements.InvokeMethod.evaluate(InvokeMethod.java:17) ~[junit-4.13.2.jar:4.13.2]
?[0m?[0;34m	at org.junit.internal.runners.statements.RunAfters.evaluate(RunAfters.java:27) ~[junit-4.13.2.jar:4.13.2]
?[0m?[0;34m	at org.junit.runners.ParentRunner$3.evaluate(ParentRunner.java:306) ~[junit-4.13.2.jar:4.13.2]
?[0m?[0;34m	at org.junit.runners.BlockJUnit4ClassRunner$1.evaluate(BlockJUnit4ClassRunner.java:100) ~[junit-4.13.2.jar:4.13.2]
?[0m?[0;34m	at org.junit.runners.ParentRunner.runLeaf(ParentRunner.java:366) ~[junit-4.13.2.jar:4.13.2]
?[0m?[0;34m	at org.junit.runners.BlockJUnit4ClassRunner.runChild(BlockJUnit4ClassRunner.java:103) ~[junit-4.13.2.jar:4.13.2]
?[0m?[0;34m	at org.junit.runners.BlockJUnit4ClassRunner.runChild(BlockJUnit4ClassRunner.java:63) ~[junit-4.13.2.jar:4.13.2]
?[0m?[0;34m	at org.junit.runners.ParentRunner$4.run(ParentRunner.java:331) ~[junit-4.13.2.jar:4.13.2]
?[0m?[0;34m	at org.junit.runners.ParentRunner$1.schedule(ParentRunner.java:79) ~[junit-4.13.2.jar:4.13.2]
?[0m?[0;34m	at org.junit.runners.ParentRunner.runChildren(ParentRunner.java:329) ~[junit-4.13.2.jar:4.13.2]
?[0m?[0;34m	at org.junit.runners.ParentRunner.access$100(ParentRunner.java:66) ~[junit-4.13.2.jar:4.13.2]
?[0m?[0;34m	at org.junit.runners.ParentRunner$2.evaluate(ParentRunner.java:293) ~[junit-4.13.2.jar:4.13.2]
?[0m?[0;34m	at org.junit.runners.ParentRunner$3.evaluate(ParentRunner.java:306) ~[junit-4.13.2.jar:4.13.2]
?[0m?[0;34m	at org.junit.runners.ParentRunner.run(ParentRunner.java:413) ~[junit-4.13.2.jar:4.13.2]
?[0m?[0;34m	at org.gradle.api.internal.tasks.testing.junit.JUnitTestClassExecutor.runTestClass(JUnitTestClassExecutor.java:108) ~[na:na]
?[0m?[0;34m	at org.gradle.api.internal.tasks.testing.junit.JUnitTestClassExecutor.execute(JUnitTestClassExecutor.java:57) ~[na:na]
?[0m?[0;34m	at org.gradle.api.internal.tasks.testing.junit.JUnitTestClassExecutor.execute(JUnitTestClassExecutor.java:39) ~[na:na]
?[0m?[0;34m	at org.gradle.api.internal.tasks.testing.junit.AbstractJUnitTestClassProcessor.processTestClass(AbstractJUnitTestClassProcessor.java:62) ~[na:na]
?[0m?[0;34m	at org.gradle.api.internal.tasks.testing.SuiteTestClassProcessor.processTestClass(SuiteTestClassProcessor.java:52) ~[na:na]
?[0m?[0;34m	at java.base/jdk.internal.reflect.NativeMethodAccessorImpl.invoke0(Native Method) ~[na:na]
?[0m?[0;34m	at java.base/jdk.internal.reflect.NativeMethodAccessorImpl.invoke(NativeMethodAccessorImpl.java:77) ~[na:na]
?[0m?[0;34m	at java.base/jdk.internal.reflect.DelegatingMethodAccessorImpl.invoke(DelegatingMethodAccessorImpl.java:43) ~[na:na]
?[0m?[0;34m	at java.base/java.lang.reflect.Method.invoke(Method.java:568) ~[na:na]
?[0m?[0;34m	at org.gradle.internal.dispatch.ReflectionDispatch.dispatch(ReflectionDispatch.java:36) ~[na:na]
?[0m?[0;34m	at org.gradle.internal.dispatch.ReflectionDispatch.dispatch(ReflectionDispatch.java:24) ~[na:na]
?[0m?[0;34m	at org.gradle.internal.dispatch.ContextClassLoaderDispatch.dispatch(ContextClassLoaderDispatch.java:33) ~[na:na]
?[0m?[0;34m	at org.gradle.internal.dispatch.ProxyDispatchAdapter$DispatchingInvocationHandler.invoke(ProxyDispatchAdapter.java:94) ~[na:na]
?[0m?[0;34m	at jdk.proxy1/jdk.proxy1.$Proxy2.processTestClass(Unknown Source) ~[na:na]
?[0m?[0;34m	at org.gradle.api.internal.tasks.testing.worker.TestWorker$2.run(TestWorker.java:176) ~[na:na]
?[0m?[0;34m	at org.gradle.api.internal.tasks.testing.worker.TestWorker.executeAndMaintainThreadName(TestWorker.java:129) ~[na:na]
?[0m?[0;34m	at org.gradle.api.internal.tasks.testing.worker.TestWorker.execute(TestWorker.java:100) ~[na:na]
?[0m?[0;34m	at org.gradle.api.internal.tasks.testing.worker.TestWorker.execute(TestWorker.java:60) ~[na:na]
?[0m?[0;34m	at org.gradle.process.internal.worker.child.ActionExecutionWorker.execute(ActionExecutionWorker.java:56) ~[na:na]
?[0m?[0;34m	at org.gradle.process.internal.worker.child.SystemApplicationClassLoaderWorker.call(SystemApplicationClassLoaderWorker.java:113) ~[na:na]
?[0m?[0;34m	at org.gradle.process.internal.worker.child.SystemApplicationClassLoaderWorker.call(SystemApplicationClassLoaderWorker.java:65) ~[na:na]
?[0m?[0;34m	at worker.org.gradle.process.internal.worker.GradleWorkerMain.run(GradleWorkerMain.java:69) ~[gradle-worker.jar:na]
?[0m?[0;34m	at worker.org.gradle.process.internal.worker.GradleWorkerMain.main(GradleWorkerMain.java:74) ~[gradle-worker.jar:na]
?[0m?[0;34m
?[0m?[0;34m?[2m2023-06-21T15:47:33.300-04:00?[0;39m ?[33m WARN?[0;39m ?[35m31896?[0;39m ?[2m---?[0;39m ?[2m[    Test worker]?[0;39m ?[36m.t.u.s.PrivilegedSetAccessControlContext?[0;39m ?[2m:?[0;39m Unable to set field Thread.inheritedAccessControlContext
?[0m?[0;34m
?[0m?[0;34mjava.lang.IllegalAccessException: class org.apache.tomcat.util.security.PrivilegedSetAccessControlContext cannot access a member of class java.lang.Thread (in module java.base) with modifiers "private"
?[0m?[0;34m	at java.base/jdk.internal.reflect.Reflection.newIllegalAccessException(Reflection.java:392) ~[na:na]
?[0m?[0;34m	at java.base/java.lang.reflect.AccessibleObject.checkAccess(AccessibleObject.java:674) ~[na:na]
?[0m?[0;34m	at java.base/java.lang.reflect.Field.checkAccess(Field.java:1102) ~[na:na]
?[0m?[0;34m	at java.base/java.lang.reflect.Field.set(Field.java:797) ~[na:na]
?[0m?[0;34m	at org.apache.tomcat.util.security.PrivilegedSetAccessControlContext.run(PrivilegedSetAccessControlContext.java:60) ~[tomcat-embed-core-10.1.5.jar:10.1.5]
?[0m?[0;34m	at org.apache.tomcat.util.security.PrivilegedSetAccessControlContext.run(PrivilegedSetAccessControlContext.java:28) ~[tomcat-embed-core-10.1.5.jar:10.1.5]
?[0m?[0;34m	at java.base/java.security.AccessController.doPrivileged(AccessController.java:318) ~[na:na]
?[0m?[0;34m	at org.apache.tomcat.util.threads.TaskThreadFactory.newThread(TaskThreadFactory.java:64) ~[tomcat-embed-core-10.1.5.jar:10.1.5]
?[0m?[0;34m	at org.apache.tomcat.util.threads.ThreadPoolExecutor$Worker.<init>(ThreadPoolExecutor.java:653) ~[tomcat-embed-core-10.1.5.jar:10.1.5]
?[0m?[0;34m	at org.apache.tomcat.util.threads.ThreadPoolExecutor.addWorker(ThreadPoolExecutor.java:957) ~[tomcat-embed-core-10.1.5.jar:10.1.5]
?[0m?[0;34m	at org.apache.tomcat.util.threads.ThreadPoolExecutor.prestartAllCoreThreads(ThreadPoolExecutor.java:1694) ~[tomcat-embed-core-10.1.5.jar:10.1.5]
?[0m?[0;34m	at org.apache.tomcat.util.threads.ThreadPoolExecutor.<init>(ThreadPoolExecutor.java:1370) ~[tomcat-embed-core-10.1.5.jar:10.1.5]
?[0m?[0;34m	at org.apache.tomcat.util.threads.ThreadPoolExecutor.<init>(ThreadPoolExecutor.java:1280) ~[tomcat-embed-core-10.1.5.jar:10.1.5]
?[0m?[0;34m	at org.apache.tomcat.util.net.AbstractEndpoint.createExecutor(AbstractEndpoint.java:948) ~[tomcat-embed-core-10.1.5.jar:10.1.5]
?[0m?[0;34m	at org.apache.tomcat.util.net.NioEndpoint.startInternal(NioEndpoint.java:279) ~[tomcat-embed-core-10.1.5.jar:10.1.5]
?[0m?[0;34m	at org.apache.tomcat.util.net.AbstractEndpoint.start(AbstractEndpoint.java:1261) ~[tomcat-embed-core-10.1.5.jar:10.1.5]
?[0m?[0;34m	at org.apache.coyote.AbstractProtocol.start(AbstractProtocol.java:586) ~[tomcat-embed-core-10.1.5.jar:10.1.5]
?[0m?[0;34m	at org.apache.catalina.connector.Connector.startInternal(Connector.java:1081) ~[tomcat-embed-core-10.1.5.jar:10.1.5]
?[0m?[0;34m	at org.apache.catalina.util.LifecycleBase.start(LifecycleBase.java:183) ~[tomcat-embed-core-10.1.5.jar:10.1.5]
?[0m?[0;34m	at org.apache.catalina.core.StandardService.addConnector(StandardService.java:234) ~[tomcat-embed-core-10.1.5.jar:10.1.5]
?[0m?[0;34m	at org.springframework.boot.web.embedded.tomcat.TomcatWebServer.addPreviouslyRemovedConnectors(TomcatWebServer.java:282) ~[spring-boot-3.0.2.jar:3.0.2]
?[0m?[0;34m	at org.springframework.boot.web.embedded.tomcat.TomcatWebServer.start(TomcatWebServer.java:213) ~[spring-boot-3.0.2.jar:3.0.2]
?[0m?[0;34m	at org.springframework.boot.web.servlet.context.WebServerStartStopLifecycle.start(WebServerStartStopLifecycle.java:44) ~[spring-boot-3.0.2.jar:3.0.2]
?[0m?[0;34m	at org.springframework.context.support.DefaultLifecycleProcessor.doStart(DefaultLifecycleProcessor.java:178) ~[spring-context-6.0.4.jar:6.0.4]
?[0m?[0;34m	at org.springframework.context.support.DefaultLifecycleProcessor$LifecycleGroup.start(DefaultLifecycleProcessor.java:356) ~[spring-context-6.0.4.jar:6.0.4]
?[0m?[0;34m	at java.base/java.lang.Iterable.forEach(Iterable.java:75) ~[na:na]
?[0m?[0;34m	at org.springframework.context.support.DefaultLifecycleProcessor.startBeans(DefaultLifecycleProcessor.java:155) ~[spring-context-6.0.4.jar:6.0.4]
?[0m?[0;34m	at org.springframework.context.support.DefaultLifecycleProcessor.onRefresh(DefaultLifecycleProcessor.java:123) ~[spring-context-6.0.4.jar:6.0.4]
?[0m?[0;34m	at org.springframework.context.support.AbstractApplicationContext.finishRefresh(AbstractApplicationContext.java:932) ~[spring-context-6.0.4.jar:6.0.4]
?[0m?[0;34m	at org.springframework.context.support.AbstractApplicationContext.refresh(AbstractApplicationContext.java:587) ~[spring-context-6.0.4.jar:6.0.4]
?[0m?[0;34m	at org.springframework.boot.web.servlet.context.ServletWebServerApplicationContext.refresh(ServletWebServerApplicationContext.java:146) ~[spring-boot-3.0.2.jar:3.0.2]
?[0m?[0;34m	at org.springframework.boot.SpringApplication.refresh(SpringApplication.java:730) ~[spring-boot-3.0.2.jar:3.0.2]
?[0m?[0;34m	at org.springframework.boot.SpringApplication.refreshContext(SpringApplication.java:432) ~[spring-boot-3.0.2.jar:3.0.2]
?[0m?[0;34m	at org.springframework.boot.SpringApplication.run(SpringApplication.java:308) ~[spring-boot-3.0.2.jar:3.0.2]
?[0m?[0;34m	at org.springframework.boot.SpringApplication.run(SpringApplication.java:1302) ~[spring-boot-3.0.2.jar:3.0.2]
?[0m?[0;34m	at org.springframework.boot.SpringApplication.run(SpringApplication.java:1291) ~[spring-boot-3.0.2.jar:3.0.2]
?[0m?[0;34m	at account.AccountServiceApplication.main(AccountServiceApplication.java:14) ~[main/:na]
?[0m?[0;34m	at java.base/jdk.internal.reflect.NativeMethodAccessorImpl.invoke0(Native Method) ~[na:na]
?[0m?[0;34m	at java.base/jdk.internal.reflect.NativeMethodAccessorImpl.invoke(NativeMethodAccessorImpl.java:77) ~[na:na]
?[0m?[0;34m	at java.base/jdk.internal.reflect.DelegatingMethodAccessorImpl.invoke(DelegatingMethodAccessorImpl.java:43) ~[na:na]
?[0m?[0;34m	at java.base/java.lang.reflect.Method.invoke(Method.java:568) ~[na:na]
?[0m?[0;34m	at org.hyperskill.hstest.stage.SpringTest.startSpring(SpringTest.java:187) ~[hs-test-release-SNAPSHOT.jar:na]
?[0m?[0;34m	at org.hyperskill.hstest.stage.SpringTest.launchSpring(SpringTest.java:49) ~[hs-test-release-SNAPSHOT.jar:na]
?[0m?[0;34m	at org.hyperskill.hstest.testing.runner.SpringApplicationRunner.launchSpringBootApplication(SpringApplicationRunner.java:20) ~[hs-test-release-SNAPSHOT.jar:na]
?[0m?[0;34m	at org.hyperskill.hstest.testing.runner.SpringApplicationRunner.setUp(SpringApplicationRunner.java:35) ~[hs-test-release-SNAPSHOT.jar:na]
?[0m?[0;34m	at org.hyperskill.hstest.testing.TestRun.setUp(TestRun.java:77) ~[hs-test-release-SNAPSHOT.jar:na]
?[0m?[0;34m	at org.hyperskill.hstest.stage.StageTest.start(StageTest.java:159) ~[hs-test-release-SNAPSHOT.jar:na]
?[0m?[0;34m	at java.base/jdk.internal.reflect.NativeMethodAccessorImpl.invoke0(Native Method) ~[na:na]
?[0m?[0;34m	at java.base/jdk.internal.reflect.NativeMethodAccessorImpl.invoke(NativeMethodAccessorImpl.java:77) ~[na:na]
?[0m?[0;34m	at java.base/jdk.internal.reflect.DelegatingMethodAccessorImpl.invoke(DelegatingMethodAccessorImpl.java:43) ~[na:na]
?[0m?[0;34m	at java.base/java.lang.reflect.Method.invoke(Method.java:568) ~[na:na]
?[0m?[0;34m	at org.junit.runners.model.FrameworkMethod$1.runReflectiveCall(FrameworkMethod.java:59) ~[junit-4.13.2.jar:4.13.2]
?[0m?[0;34m	at org.junit.internal.runners.model.ReflectiveCallable.run(ReflectiveCallable.java:12) ~[junit-4.13.2.jar:4.13.2]
?[0m?[0;34m	at org.junit.runners.model.FrameworkMethod.invokeExplosively(FrameworkMethod.java:56) ~[junit-4.13.2.jar:4.13.2]
?[0m?[0;34m	at org.junit.internal.runners.statements.InvokeMethod.evaluate(InvokeMethod.java:17) ~[junit-4.13.2.jar:4.13.2]
?[0m?[0;34m	at org.junit.internal.runners.statements.RunAfters.evaluate(RunAfters.java:27) ~[junit-4.13.2.jar:4.13.2]
?[0m?[0;34m	at org.junit.runners.ParentRunner$3.evaluate(ParentRunner.java:306) ~[junit-4.13.2.jar:4.13.2]
?[0m?[0;34m	at org.junit.runners.BlockJUnit4ClassRunner$1.evaluate(BlockJUnit4ClassRunner.java:100) ~[junit-4.13.2.jar:4.13.2]
?[0m?[0;34m	at org.junit.runners.ParentRunner.runLeaf(ParentRunner.java:366) ~[junit-4.13.2.jar:4.13.2]
?[0m?[0;34m	at org.junit.runners.BlockJUnit4ClassRunner.runChild(BlockJUnit4ClassRunner.java:103) ~[junit-4.13.2.jar:4.13.2]
?[0m?[0;34m	at org.junit.runners.BlockJUnit4ClassRunner.runChild(BlockJUnit4ClassRunner.java:63) ~[junit-4.13.2.jar:4.13.2]
?[0m?[0;34m	at org.junit.runners.ParentRunner$4.run(ParentRunner.java:331) ~[junit-4.13.2.jar:4.13.2]
?[0m?[0;34m	at org.junit.runners.ParentRunner$1.schedule(ParentRunner.java:79) ~[junit-4.13.2.jar:4.13.2]
?[0m?[0;34m	at org.junit.runners.ParentRunner.runChildren(ParentRunner.java:329) ~[junit-4.13.2.jar:4.13.2]
?[0m?[0;34m	at org.junit.runners.ParentRunner.access$100(ParentRunner.java:66) ~[junit-4.13.2.jar:4.13.2]
?[0m?[0;34m	at org.junit.runners.ParentRunner$2.evaluate(ParentRunner.java:293) ~[junit-4.13.2.jar:4.13.2]
?[0m?[0;34m	at org.junit.runners.ParentRunner$3.evaluate(ParentRunner.java:306) ~[junit-4.13.2.jar:4.13.2]
?[0m?[0;34m	at org.junit.runners.ParentRunner.run(ParentRunner.java:413) ~[junit-4.13.2.jar:4.13.2]
?[0m?[0;34m	at org.gradle.api.internal.tasks.testing.junit.JUnitTestClassExecutor.runTestClass(JUnitTestClassExecutor.java:108) ~[na:na]
?[0m?[0;34m	at org.gradle.api.internal.tasks.testing.junit.JUnitTestClassExecutor.execute(JUnitTestClassExecutor.java:57) ~[na:na]
?[0m?[0;34m	at org.gradle.api.internal.tasks.testing.junit.JUnitTestClassExecutor.execute(JUnitTestClassExecutor.java:39) ~[na:na]
?[0m?[0;34m	at org.gradle.api.internal.tasks.testing.junit.AbstractJUnitTestClassProcessor.processTestClass(AbstractJUnitTestClassProcessor.java:62) ~[na:na]
?[0m?[0;34m	at org.gradle.api.internal.tasks.testing.SuiteTestClassProcessor.processTestClass(SuiteTestClassProcessor.java:52) ~[na:na]
?[0m?[0;34m	at java.base/jdk.internal.reflect.NativeMethodAccessorImpl.invoke0(Native Method) ~[na:na]
?[0m?[0;34m	at java.base/jdk.internal.reflect.NativeMethodAccessorImpl.invoke(NativeMethodAccessorImpl.java:77) ~[na:na]
?[0m?[0;34m	at java.base/jdk.internal.reflect.DelegatingMethodAccessorImpl.invoke(DelegatingMethodAccessorImpl.java:43) ~[na:na]
?[0m?[0;34m	at java.base/java.lang.reflect.Method.invoke(Method.java:568) ~[na:na]
?[0m?[0;34m	at org.gradle.internal.dispatch.ReflectionDispatch.dispatch(ReflectionDispatch.java:36) ~[na:na]
?[0m?[0;34m	at org.gradle.internal.dispatch.ReflectionDispatch.dispatch(ReflectionDispatch.java:24) ~[na:na]
?[0m?[0;34m	at org.gradle.internal.dispatch.ContextClassLoaderDispatch.dispatch(ContextClassLoaderDispatch.java:33) ~[na:na]
?[0m?[0;34m	at org.gradle.internal.dispatch.ProxyDispatchAdapter$DispatchingInvocationHandler.invoke(ProxyDispatchAdapter.java:94) ~[na:na]
?[0m?[0;34m	at jdk.proxy1/jdk.proxy1.$Proxy2.processTestClass(Unknown Source) ~[na:na]
?[0m?[0;34m	at org.gradle.api.internal.tasks.testing.worker.TestWorker$2.run(TestWorker.java:176) ~[na:na]
?[0m?[0;34m	at org.gradle.api.internal.tasks.testing.worker.TestWorker.executeAndMaintainThreadName(TestWorker.java:129) ~[na:na]
?[0m?[0;34m	at org.gradle.api.internal.tasks.testing.worker.TestWorker.execute(TestWorker.java:100) ~[na:na]
?[0m?[0;34m	at org.gradle.api.internal.tasks.testing.worker.TestWorker.execute(TestWorker.java:60) ~[na:na]
?[0m?[0;34m	at org.gradle.process.internal.worker.child.ActionExecutionWorker.execute(ActionExecutionWorker.java:56) ~[na:na]
?[0m?[0;34m	at org.gradle.process.internal.worker.child.SystemApplicationClassLoaderWorker.call(SystemApplicationClassLoaderWorker.java:113) ~[na:na]
?[0m?[0;34m	at org.gradle.process.internal.worker.child.SystemApplicationClassLoaderWorker.call(SystemApplicationClassLoaderWorker.java:65) ~[na:na]
?[0m?[0;34m	at worker.org.gradle.process.internal.worker.GradleWorkerMain.run(GradleWorkerMain.java:69) ~[gradle-worker.jar:na]
?[0m?[0;34m	at worker.org.gradle.process.internal.worker.GradleWorkerMain.main(GradleWorkerMain.java:74) ~[gradle-worker.jar:na]
?[0m?[0;34m
?[0m?[0;34m?[2m2023-06-21T15:47:33.310-04:00?[0;39m ?[32m INFO?[0;39m ?[35m31896?[0;39m ?[2m---?[0;39m ?[2m[    Test worker]?[0;39m ?[36mo.s.b.w.embedded.tomcat.TomcatWebServer ?[0;39m ?[2m:?[0;39m Tomcat started on port(s): 28852 (http) with context path ''
?[0m?[0;34m?[2m2023-06-21T15:47:33.321-04:00?[0;39m ?[32m INFO?[0;39m ?[35m31896?[0;39m ?[2m---?[0;39m ?[2m[    Test worker]?[0;39m ?[36maccount.AccountServiceApplication       ?[0;39m ?[2m:?[0;39m Started AccountServiceApplication in 4.749 seconds (process running for 5.648)
?[0;34m?[2m2023-06-21T15:47:33.599-04:00?[0;39m ?[32m INFO?[0;39m ?[35m31896?[0;39m ?[2m---?[0;39m ?[2m[io-28852-exec-1]?[0;39m ?[36mo.a.c.c.C.[Tomcat].[localhost].[/]      ?[0;39m ?[2m:?[0;39m Initializing Spring DispatcherServlet 'dispatcherServlet'
?[0m?[0;34m?[2m2023-06-21T15:47:33.599-04:00?[0;39m ?[32m INFO?[0;39m ?[35m31896?[0;39m ?[2m---?[0;39m ?[2m[io-28852-exec-1]?[0;39m ?[36mo.s.web.servlet.DispatcherServlet       ?[0;39m ?[2m:?[0;39m Initializing Servlet 'dispatcherServlet'
?[0m?[0;34m?[2m2023-06-21T15:47:33.599-04:00?[0;39m ?[32mDEBUG?[0;39m ?[35m31896?[0;39m ?[2m---?[0;39m ?[2m[io-28852-exec-1]?[0;39m ?[36mo.s.web.servlet.DispatcherServlet       ?[0;39m ?[2m:?[0;39m Detected StandardServletMultipartResolver
?[0m?[0;34m?[2m2023-06-21T15:47:33.599-04:00?[0;39m ?[32mDEBUG?[0;39m ?[35m31896?[0;39m ?[2m---?[0;39m ?[2m[io-28852-exec-1]?[0;39m ?[36mo.s.web.servlet.DispatcherServlet       ?[0;39m ?[2m:?[0;39m Detected AcceptHeaderLocaleResolver
?[0m?[0;34m?[2m2023-06-21T15:47:33.599-04:00?[0;39m ?[32mDEBUG?[0;39m ?[35m31896?[0;39m ?[2m---?[0;39m ?[2m[io-28852-exec-1]?[0;39m ?[36mo.s.web.servlet.DispatcherServlet       ?[0;39m ?[2m:?[0;39m Detected FixedThemeResolver
?[0m?[0;34m?[2m2023-06-21T15:47:33.600-04:00?[0;39m ?[32mDEBUG?[0;39m ?[35m31896?[0;39m ?[2m---?[0;39m ?[2m[io-28852-exec-1]?[0;39m ?[36mo.s.web.servlet.DispatcherServlet       ?[0;39m ?[2m:?[0;39m Detected org.springframework.web.servlet.view.DefaultRequestToViewNameTranslator@4700db93
?[0m?[0;34m?[2m2023-06-21T15:47:33.600-04:00?[0;39m ?[32mDEBUG?[0;39m ?[35m31896?[0;39m ?[2m---?[0;39m ?[2m[io-28852-exec-1]?[0;39m ?[36mo.s.web.servlet.DispatcherServlet       ?[0;39m ?[2m:?[0;39m Detected org.springframework.web.servlet.support.SessionFlashMapManager@41acf2f1
?[0m?[0;34m?[2m2023-06-21T15:47:33.600-04:00?[0;39m ?[32mDEBUG?[0;39m ?[35m31896?[0;39m ?[2m---?[0;39m ?[2m[io-28852-exec-1]?[0;39m ?[36mo.s.web.servlet.DispatcherServlet       ?[0;39m ?[2m:?[0;39m enableLoggingRequestDetails='false': request parameters and headers will be masked to prevent unsafe logging of potentially sensitive data
?[0m?[0;34m?[2m2023-06-21T15:47:33.600-04:00?[0;39m ?[32m INFO?[0;39m ?[35m31896?[0;39m ?[2m---?[0;39m ?[2m[io-28852-exec-1]?[0;39m ?[36mo.s.web.servlet.DispatcherServlet       ?[0;39m ?[2m:?[0;39m Completed initialization in 1 ms
?[0m?[0;34m?[2m2023-06-21T15:47:33.632-04:00?[0;39m ?[32mDEBUG?[0;39m ?[35m31896?[0;39m ?[2m---?[0;39m ?[2m[io-28852-exec-1]?[0;39m ?[36ms.w.s.m.m.a.RequestMappingHandlerMapping?[0;39m ?[2m:?[0;39m Mapped to account.controllers.AuthenticationController#signUser(Employee)
?[0m?[0;34m?[2m2023-06-21T15:47:33.633-04:00?[0;39m ?[32mDEBUG?[0;39m ?[35m31896?[0;39m ?[2m---?[0;39m ?[2m[io-28852-exec-1]?[0;39m ?[36ms.w.s.m.m.a.RequestMappingHandlerMapping?[0;39m ?[2m:?[0;39m Mapped to account.controllers.AuthenticationController#signUser(Employee)
?[0m?[0;34m?[2m2023-06-21T15:47:33.638-04:00?[0;39m ?[32mDEBUG?[0;39m ?[35m31896?[0;39m ?[2m---?[0;39m ?[2m[io-28852-exec-1]?[0;39m ?[36mo.s.web.servlet.DispatcherServlet       ?[0;39m ?[2m:?[0;39m POST "/api/auth/signup", parameters={}
?[0m?[0;34m?[2m2023-06-21T15:47:33.639-04:00?[0;39m ?[32mDEBUG?[0;39m ?[35m31896?[0;39m ?[2m---?[0;39m ?[2m[io-28852-exec-1]?[0;39m ?[36ms.w.s.m.m.a.RequestMappingHandlerMapping?[0;39m ?[2m:?[0;39m Mapped to account.controllers.AuthenticationController#signUser(Employee)
?[0m?[0;34m?[2m2023-06-21T15:47:33.697-04:00?[0;39m ?[32mDEBUG?[0;39m ?[35m31896?[0;39m ?[2m---?[0;39m ?[2m[io-28852-exec-1]?[0;39m ?[36mm.m.a.RequestResponseBodyMethodProcessor?[0;39m ?[2m:?[0;39m Read "application/json;charset=UTF-8" to [User{id=0, name='', lastName='Doe', email='JohnDoe@acme.com', password='oMoa3VvqnLxW'}]
?[0m?[0;34m?[2m2023-06-21T15:47:33.757-04:00?[0;39m ?[32mDEBUG?[0;39m ?[35m31896?[0;39m ?[2m---?[0;39m ?[2m[io-28852-exec-1]?[0;39m ?[36m.m.m.a.ExceptionHandlerExceptionResolver?[0;39m ?[2m:?[0;39m Using @ExceptionHandler account.exceptions.ControllerExceptionHandler#handleException(Exception, WebRequest)
?[0m?[0;34m?[2m2023-06-21T15:47:33.762-04:00?[0;39m ?[32mDEBUG?[0;39m ?[35m31896?[0;39m ?[2m---?[0;39m ?[2m[io-28852-exec-1]?[0;39m ?[36mo.s.w.s.m.m.a.HttpEntityMethodProcessor ?[0;39m ?[2m:?[0;39m Using 'application/json', given [*/*] and supported [application/json, application/*+json]
?[0m?[0;34m?[2m2023-06-21T15:47:33.764-04:00?[0;39m ?[32mDEBUG?[0;39m ?[35m31896?[0;39m ?[2m---?[0;39m ?[2m[io-28852-exec-1]?[0;39m ?[36mo.s.w.s.m.m.a.HttpEntityMethodProcessor ?[0;39m ?[2m:?[0;39m Writing [{timestamp=2023-06-21T15:47:33.758140400, status=400, error=Bad Request, message=Password length mus (truncated)...]
?[0m?[0;34m?[2m2023-06-21T15:47:33.774-04:00?[0;39m ?[32mDEBUG?[0;39m ?[35m31896?[0;39m ?[2m---?[0;39m ?[2m[io-28852-exec-1]?[0;39m ?[36m.m.m.a.ExceptionHandlerExceptionResolver?[0;39m ?[2m:?[0;39m Resolved [org.springframework.web.bind.MethodArgumentNotValidException: Validation failed for argument [0] in public org.springframework.http.ResponseEntity<?> account.controllers.AuthenticationController.signUser(account.entities.Employee): [Field error in object 'employee' on field 'name': rejected value []; codes [NotEmpty.employee.name,NotEmpty.name,NotEmpty.java.lang.String,NotEmpty]; arguments [org.springframework.context.support.DefaultMessageSourceResolvable: codes [employee.name,name]; arguments []; default message [name]]; default message [must not be empty]] ]
?[0m?[0;34m?[2m2023-06-21T15:47:33.775-04:00?[0;39m ?[32mDEBUG?[0;39m ?[35m31896?[0;39m ?[2m---?[0;39m ?[2m[io-28852-exec-1]?[0;39m ?[36mo.s.web.servlet.DispatcherServlet       ?[0;39m ?[2m:?[0;39m Completed 400 BAD_REQUEST
?[0m?[1;31m
Start test 2?[0m
?[0;34m?[2m2023-06-21T15:47:33.789-04:00?[0;39m ?[32mDEBUG?[0;39m ?[35m31896?[0;39m ?[2m---?[0;39m ?[2m[io-28852-exec-2]?[0;39m ?[36ms.w.s.m.m.a.RequestMappingHandlerMapping?[0;39m ?[2m:?[0;39m Mapped to account.controllers.AuthenticationController#signUser(Employee)
?[0m?[0;34m?[2m2023-06-21T15:47:33.790-04:00?[0;39m ?[32mDEBUG?[0;39m ?[35m31896?[0;39m ?[2m---?[0;39m ?[2m[io-28852-exec-2]?[0;39m ?[36ms.w.s.m.m.a.RequestMappingHandlerMapping?[0;39m ?[2m:?[0;39m Mapped to account.controllers.AuthenticationController#signUser(Employee)
?[0m?[0;34m?[2m2023-06-21T15:47:33.790-04:00?[0;39m ?[32mDEBUG?[0;39m ?[35m31896?[0;39m ?[2m---?[0;39m ?[2m[io-28852-exec-2]?[0;39m ?[36mo.s.web.servlet.DispatcherServlet       ?[0;39m ?[2m:?[0;39m POST "/api/auth/signup", parameters={}
?[0m?[0;34m?[2m2023-06-21T15:47:33.791-04:00?[0;39m ?[32mDEBUG?[0;39m ?[35m31896?[0;39m ?[2m---?[0;39m ?[2m[io-28852-exec-2]?[0;39m ?[36ms.w.s.m.m.a.RequestMappingHandlerMapping?[0;39m ?[2m:?[0;39m Mapped to account.controllers.AuthenticationController#signUser(Employee)
?[0m?[0;34m?[2m2023-06-21T15:47:33.791-04:00?[0;39m ?[32mDEBUG?[0;39m ?[35m31896?[0;39m ?[2m---?[0;39m ?[2m[io-28852-exec-2]?[0;39m ?[36mm.m.a.RequestResponseBodyMethodProcessor?[0;39m ?[2m:?[0;39m Read "application/json;charset=UTF-8" to [User{id=0, name='null', lastName='Doe', email='JohnDoe@acme.com', password='oMoa3VvqnLxW'}]
?[0m?[0;34m?[2m2023-06-21T15:47:33.792-04:00?[0;39m ?[32mDEBUG?[0;39m ?[35m31896?[0;39m ?[2m---?[0;39m ?[2m[io-28852-exec-2]?[0;39m ?[36m.m.m.a.ExceptionHandlerExceptionResolver?[0;39m ?[2m:?[0;39m Using @ExceptionHandler account.exceptions.ControllerExceptionHandler#handleException(Exception, WebRequest)
?[0m?[0;34m?[2m2023-06-21T15:47:33.792-04:00?[0;39m ?[32mDEBUG?[0;39m ?[35m31896?[0;39m ?[2m---?[0;39m ?[2m[io-28852-exec-2]?[0;39m ?[36mo.s.w.s.m.m.a.HttpEntityMethodProcessor ?[0;39m ?[2m:?[0;39m Using 'application/json', given [*/*] and supported [application/json, application/*+json]
?[0m?[0;34m?[2m2023-06-21T15:47:33.792-04:00?[0;39m ?[32mDEBUG?[0;39m ?[35m31896?[0;39m ?[2m---?[0;39m ?[2m[io-28852-exec-2]?[0;39m ?[36mo.s.w.s.m.m.a.HttpEntityMethodProcessor ?[0;39m ?[2m:?[0;39m Writing [{timestamp=2023-06-21T15:47:33.792171200, status=400, error=Bad Request, message=Password length mus (truncated)...]
?[0m?[0;34m?[2m2023-06-21T15:47:33.793-04:00?[0;39m ?[32mDEBUG?[0;39m ?[35m31896?[0;39m ?[2m---?[0;39m ?[2m[io-28852-exec-2]?[0;39m ?[36m.m.m.a.ExceptionHandlerExceptionResolver?[0;39m ?[2m:?[0;39m Resolved [org.springframework.web.bind.MethodArgumentNotValidException: Validation failed for argument [0] in public org.springframework.http.ResponseEntity<?> account.controllers.AuthenticationController.signUser(account.entities.Employee): [Field error in object 'employee' on field 'name': rejected value [null]; codes [NotEmpty.employee.name,NotEmpty.name,NotEmpty.java.lang.String,NotEmpty]; arguments [org.springframework.context.support.DefaultMessageSourceResolvable: codes [employee.name,name]; arguments []; default message [name]]; default message [must not be empty]] ]
?[0m?[0;34m?[2m2023-06-21T15:47:33.793-04:00?[0;39m ?[32mDEBUG?[0;39m ?[35m31896?[0;39m ?[2m---?[0;39m ?[2m[io-28852-exec-2]?[0;39m ?[36mo.s.web.servlet.DispatcherServlet       ?[0;39m ?[2m:?[0;39m Completed 400 BAD_REQUEST
?[1;31m
Start test 3?[0m
?[0;34m?[2m2023-06-21T15:47:33.800-04:00?[0;39m ?[32mDEBUG?[0;39m ?[35m31896?[0;39m ?[2m---?[0;39m ?[2m[io-28852-exec-3]?[0;39m ?[36ms.w.s.m.m.a.RequestMappingHandlerMapping?[0;39m ?[2m:?[0;39m Mapped to account.controllers.AuthenticationController#signUser(Employee)
?[0m?[0;34m?[2m2023-06-21T15:47:33.800-04:00?[0;39m ?[32mDEBUG?[0;39m ?[35m31896?[0;39m ?[2m---?[0;39m ?[2m[io-28852-exec-3]?[0;39m ?[36ms.w.s.m.m.a.RequestMappingHandlerMapping?[0;39m ?[2m:?[0;39m Mapped to account.controllers.AuthenticationController#signUser(Employee)
?[0m?[0;34m?[2m2023-06-21T15:47:33.801-04:00?[0;39m ?[32mDEBUG?[0;39m ?[35m31896?[0;39m ?[2m---?[0;39m ?[2m[io-28852-exec-3]?[0;39m ?[36mo.s.web.servlet.DispatcherServlet       ?[0;39m ?[2m:?[0;39m POST "/api/auth/signup", parameters={}
?[0m?[0;34m?[2m2023-06-21T15:47:33.801-04:00?[0;39m ?[32mDEBUG?[0;39m ?[35m31896?[0;39m ?[2m---?[0;39m ?[2m[io-28852-exec-3]?[0;39m ?[36ms.w.s.m.m.a.RequestMappingHandlerMapping?[0;39m ?[2m:?[0;39m Mapped to account.controllers.AuthenticationController#signUser(Employee)
?[0m?[0;34m?[2m2023-06-21T15:47:33.802-04:00?[0;39m ?[32mDEBUG?[0;39m ?[35m31896?[0;39m ?[2m---?[0;39m ?[2m[io-28852-exec-3]?[0;39m ?[36mm.m.a.RequestResponseBodyMethodProcessor?[0;39m ?[2m:?[0;39m Read "application/json;charset=UTF-8" to [User{id=0, name='John', lastName='', email='JohnDoe@acme.com', password='oMoa3VvqnLxW'}]
?[0m?[0;34m?[2m2023-06-21T15:47:33.803-04:00?[0;39m ?[32mDEBUG?[0;39m ?[35m31896?[0;39m ?[2m---?[0;39m ?[2m[io-28852-exec-3]?[0;39m ?[36m.m.m.a.ExceptionHandlerExceptionResolver?[0;39m ?[2m:?[0;39m Using @ExceptionHandler account.exceptions.ControllerExceptionHandler#handleException(Exception, WebRequest)
?[0m?[0;34m?[2m2023-06-21T15:47:33.803-04:00?[0;39m ?[32mDEBUG?[0;39m ?[35m31896?[0;39m ?[2m---?[0;39m ?[2m[io-28852-exec-3]?[0;39m ?[36mo.s.w.s.m.m.a.HttpEntityMethodProcessor ?[0;39m ?[2m:?[0;39m Using 'application/json', given [*/*] and supported [application/json, application/*+json]
?[0m?[0;34m?[2m2023-06-21T15:47:33.803-04:00?[0;39m ?[32mDEBUG?[0;39m ?[35m31896?[0;39m ?[2m---?[0;39m ?[2m[io-28852-exec-3]?[0;39m ?[36mo.s.w.s.m.m.a.HttpEntityMethodProcessor ?[0;39m ?[2m:?[0;39m Writing [{timestamp=2023-06-21T15:47:33.803181200, status=400, error=Bad Request, message=Password length mus (truncated)...]
?[0m?[0;34m?[2m2023-06-21T15:47:33.804-04:00?[0;39m ?[32mDEBUG?[0;39m ?[35m31896?[0;39m ?[2m---?[0;39m ?[2m[io-28852-exec-3]?[0;39m ?[36m.m.m.a.ExceptionHandlerExceptionResolver?[0;39m ?[2m:?[0;39m Resolved [org.springframework.web.bind.MethodArgumentNotValidException: Validation failed for argument [0] in public org.springframework.http.ResponseEntity<?> account.controllers.AuthenticationController.signUser(account.entities.Employee): [Field error in object 'employee' on field 'lastName': rejected value []; codes [NotEmpty.employee.lastName,NotEmpty.lastName,NotEmpty.java.lang.String,NotEmpty]; arguments [org.springframework.context.support.DefaultMessageSourceResolvable: codes [employee.lastName,lastName]; arguments []; default message [lastName]]; default message [must not be empty]] ]
?[0m?[0;34m?[2m2023-06-21T15:47:33.804-04:00?[0;39m ?[32mDEBUG?[0;39m ?[35m31896?[0;39m ?[2m---?[0;39m ?[2m[io-28852-exec-3]?[0;39m ?[36mo.s.web.servlet.DispatcherServlet       ?[0;39m ?[2m:?[0;39m Completed 400 BAD_REQUEST
?[1;31m
Start test 4?[0m
?[0;34m?[2m2023-06-21T15:47:33.811-04:00?[0;39m ?[32mDEBUG?[0;39m ?[35m31896?[0;39m ?[2m---?[0;39m ?[2m[io-28852-exec-4]?[0;39m ?[36ms.w.s.m.m.a.RequestMappingHandlerMapping?[0;39m ?[2m:?[0;39m Mapped to account.controllers.AuthenticationController#signUser(Employee)
?[0m?[0;34m?[2m2023-06-21T15:47:33.811-04:00?[0;39m ?[32mDEBUG?[0;39m ?[35m31896?[0;39m ?[2m---?[0;39m ?[2m[io-28852-exec-4]?[0;39m ?[36ms.w.s.m.m.a.RequestMappingHandlerMapping?[0;39m ?[2m:?[0;39m Mapped to account.controllers.AuthenticationController#signUser(Employee)
?[0m?[0;34m?[2m2023-06-21T15:47:33.812-04:00?[0;39m ?[32mDEBUG?[0;39m ?[35m31896?[0;39m ?[2m---?[0;39m ?[2m[io-28852-exec-4]?[0;39m ?[36mo.s.web.servlet.DispatcherServlet       ?[0;39m ?[2m:?[0;39m POST "/api/auth/signup", parameters={}
?[0m?[0;34m?[2m2023-06-21T15:47:33.812-04:00?[0;39m ?[32mDEBUG?[0;39m ?[35m31896?[0;39m ?[2m---?[0;39m ?[2m[io-28852-exec-4]?[0;39m ?[36ms.w.s.m.m.a.RequestMappingHandlerMapping?[0;39m ?[2m:?[0;39m Mapped to account.controllers.AuthenticationController#signUser(Employee)
?[0m?[0;34m?[2m2023-06-21T15:47:33.813-04:00?[0;39m ?[32mDEBUG?[0;39m ?[35m31896?[0;39m ?[2m---?[0;39m ?[2m[io-28852-exec-4]?[0;39m ?[36mm.m.a.RequestResponseBodyMethodProcessor?[0;39m ?[2m:?[0;39m Read "application/json;charset=UTF-8" to [User{id=0, name='John', lastName='null', email='JohnDoe@acme.com', password='oMoa3VvqnLxW'}]
?[0m?[0;34m?[2m2023-06-21T15:47:33.814-04:00?[0;39m ?[32mDEBUG?[0;39m ?[35m31896?[0;39m ?[2m---?[0;39m ?[2m[io-28852-exec-4]?[0;39m ?[36m.m.m.a.ExceptionHandlerExceptionResolver?[0;39m ?[2m:?[0;39m Using @ExceptionHandler account.exceptions.ControllerExceptionHandler#handleException(Exception, WebRequest)
?[0m?[0;34m?[2m2023-06-21T15:47:33.814-04:00?[0;39m ?[32mDEBUG?[0;39m ?[35m31896?[0;39m ?[2m---?[0;39m ?[2m[io-28852-exec-4]?[0;39m ?[36mo.s.w.s.m.m.a.HttpEntityMethodProcessor ?[0;39m ?[2m:?[0;39m Using 'application/json', given [*/*] and supported [application/json, application/*+json]
?[0m?[0;34m?[2m2023-06-21T15:47:33.814-04:00?[0;39m ?[32mDEBUG?[0;39m ?[35m31896?[0;39m ?[2m---?[0;39m ?[2m[io-28852-exec-4]?[0;39m ?[36mo.s.w.s.m.m.a.HttpEntityMethodProcessor ?[0;39m ?[2m:?[0;39m Writing [{timestamp=2023-06-21T15:47:33.814191300, status=400, error=Bad Request, message=Password length mus (truncated)...]
?[0m?[0;34m?[2m2023-06-21T15:47:33.815-04:00?[0;39m ?[32mDEBUG?[0;39m ?[35m31896?[0;39m ?[2m---?[0;39m ?[2m[io-28852-exec-4]?[0;39m ?[36m.m.m.a.ExceptionHandlerExceptionResolver?[0;39m ?[2m:?[0;39m Resolved [org.springframework.web.bind.MethodArgumentNotValidException: Validation failed for argument [0] in public org.springframework.http.ResponseEntity<?> account.controllers.AuthenticationController.signUser(account.entities.Employee): [Field error in object 'employee' on field 'lastName': rejected value [null]; codes [NotEmpty.employee.lastName,NotEmpty.lastName,NotEmpty.java.lang.String,NotEmpty]; arguments [org.springframework.context.support.DefaultMessageSourceResolvable: codes [employee.lastName,lastName]; arguments []; default message [lastName]]; default message [must not be empty]] ]
?[0m?[0;34m?[2m2023-06-21T15:47:33.815-04:00?[0;39m ?[32mDEBUG?[0;39m ?[35m31896?[0;39m ?[2m---?[0;39m ?[2m[io-28852-exec-4]?[0;39m ?[36mo.s.web.servlet.DispatcherServlet       ?[0;39m ?[2m:?[0;39m Completed 400 BAD_REQUEST
?[1;31m
Start test 5?[0m
?[0;34m?[2m2023-06-21T15:47:33.822-04:00?[0;39m ?[32mDEBUG?[0;39m ?[35m31896?[0;39m ?[2m---?[0;39m ?[2m[io-28852-exec-5]?[0;39m ?[36ms.w.s.m.m.a.RequestMappingHandlerMapping?[0;39m ?[2m:?[0;39m Mapped to account.controllers.AuthenticationController#signUser(Employee)
?[0m?[0;34m?[2m2023-06-21T15:47:33.822-04:00?[0;39m ?[32mDEBUG?[0;39m ?[35m31896?[0;39m ?[2m---?[0;39m ?[2m[io-28852-exec-5]?[0;39m ?[36ms.w.s.m.m.a.RequestMappingHandlerMapping?[0;39m ?[2m:?[0;39m Mapped to account.controllers.AuthenticationController#signUser(Employee)
?[0m?[0;34m?[2m2023-06-21T15:47:33.823-04:00?[0;39m ?[32mDEBUG?[0;39m ?[35m31896?[0;39m ?[2m---?[0;39m ?[2m[io-28852-exec-5]?[0;39m ?[36mo.s.web.servlet.DispatcherServlet       ?[0;39m ?[2m:?[0;39m POST "/api/auth/signup", parameters={}
?[0m?[0;34m?[2m2023-06-21T15:47:33.823-04:00?[0;39m ?[32mDEBUG?[0;39m ?[35m31896?[0;39m ?[2m---?[0;39m ?[2m[io-28852-exec-5]?[0;39m ?[36ms.w.s.m.m.a.RequestMappingHandlerMapping?[0;39m ?[2m:?[0;39m Mapped to account.controllers.AuthenticationController#signUser(Employee)
?[0m?[0;34m?[2m2023-06-21T15:47:33.824-04:00?[0;39m ?[32mDEBUG?[0;39m ?[35m31896?[0;39m ?[2m---?[0;39m ?[2m[io-28852-exec-5]?[0;39m ?[36mm.m.a.RequestResponseBodyMethodProcessor?[0;39m ?[2m:?[0;39m Read "application/json;charset=UTF-8" to [User{id=0, name='John', lastName='Doe', email='', password='oMoa3VvqnLxW'}]
?[0m?[0;34m?[2m2023-06-21T15:47:33.825-04:00?[0;39m ?[32mDEBUG?[0;39m ?[35m31896?[0;39m ?[2m---?[0;39m ?[2m[io-28852-exec-5]?[0;39m ?[36m.m.m.a.ExceptionHandlerExceptionResolver?[0;39m ?[2m:?[0;39m Using @ExceptionHandler account.exceptions.ControllerExceptionHandler#handleException(Exception, WebRequest)
?[0m?[0;34m?[2m2023-06-21T15:47:33.825-04:00?[0;39m ?[32mDEBUG?[0;39m ?[35m31896?[0;39m ?[2m---?[0;39m ?[2m[io-28852-exec-5]?[0;39m ?[36mo.s.w.s.m.m.a.HttpEntityMethodProcessor ?[0;39m ?[2m:?[0;39m Using 'application/json', given [*/*] and supported [application/json, application/*+json]
?[0m?[0;34m?[2m2023-06-21T15:47:33.825-04:00?[0;39m ?[32mDEBUG?[0;39m ?[35m31896?[0;39m ?[2m---?[0;39m ?[2m[io-28852-exec-5]?[0;39m ?[36mo.s.w.s.m.m.a.HttpEntityMethodProcessor ?[0;39m ?[2m:?[0;39m Writing [{timestamp=2023-06-21T15:47:33.825201, status=400, error=Bad Request, message=Password length must b (truncated)...]
?[0m?[0;34m?[2m2023-06-21T15:47:33.826-04:00?[0;39m ?[32mDEBUG?[0;39m ?[35m31896?[0;39m ?[2m---?[0;39m ?[2m[io-28852-exec-5]?[0;39m ?[36m.m.m.a.ExceptionHandlerExceptionResolver?[0;39m ?[2m:?[0;39m Resolved [org.springframework.web.bind.MethodArgumentNotValidException: Validation failed for argument [0] in public org.springframework.http.ResponseEntity<?> account.controllers.AuthenticationController.signUser(account.entities.Employee) with 2 errors: [Field error in object 'employee' on field 'email': rejected value []; codes [NotEmpty.employee.email,NotEmpty.email,NotEmpty.java.lang.String,NotEmpty]; arguments [org.springframework.context.support.DefaultMessageSourceResolvable: codes [employee.email,email]; arguments []; default message [email]]; default message [must not be empty]] [Field error in object 'employee' on field 'email': rejected value []; codes [Email.employee.email,Email.email,Email.java.lang.String,Email]; arguments [org.springframework.context.support.DefaultMessageSourceResolvable: codes [employee.email,email]; arguments []; default message [email],[Ljakarta.validation.constraints.Pattern$Flag;@33dbb9c3,\w+(@acme.com)$]; default message [must be a well-formed email address]] ]
?[0m?[0;34m?[2m2023-06-21T15:47:33.826-04:00?[0;39m ?[32mDEBUG?[0;39m ?[35m31896?[0;39m ?[2m---?[0;39m ?[2m[io-28852-exec-5]?[0;39m ?[36mo.s.web.servlet.DispatcherServlet       ?[0;39m ?[2m:?[0;39m Completed 400 BAD_REQUEST
?[1;31m
Start test 6?[0m
?[0;34m?[2m2023-06-21T15:47:33.832-04:00?[0;39m ?[32mDEBUG?[0;39m ?[35m31896?[0;39m ?[2m---?[0;39m ?[2m[io-28852-exec-6]?[0;39m ?[36ms.w.s.m.m.a.RequestMappingHandlerMapping?[0;39m ?[2m:?[0;39m Mapped to account.controllers.AuthenticationController#signUser(Employee)
?[0m?[0;34m?[2m2023-06-21T15:47:33.832-04:00?[0;39m ?[32mDEBUG?[0;39m ?[35m31896?[0;39m ?[2m---?[0;39m ?[2m[io-28852-exec-6]?[0;39m ?[36ms.w.s.m.m.a.RequestMappingHandlerMapping?[0;39m ?[2m:?[0;39m Mapped to account.controllers.AuthenticationController#signUser(Employee)
?[0m?[0;34m?[2m2023-06-21T15:47:33.832-04:00?[0;39m ?[32mDEBUG?[0;39m ?[35m31896?[0;39m ?[2m---?[0;39m ?[2m[io-28852-exec-6]?[0;39m ?[36mo.s.web.servlet.DispatcherServlet       ?[0;39m ?[2m:?[0;39m POST "/api/auth/signup", parameters={}
?[0m?[0;34m?[2m2023-06-21T15:47:33.833-04:00?[0;39m ?[32mDEBUG?[0;39m ?[35m31896?[0;39m ?[2m---?[0;39m ?[2m[io-28852-exec-6]?[0;39m ?[36ms.w.s.m.m.a.RequestMappingHandlerMapping?[0;39m ?[2m:?[0;39m Mapped to account.controllers.AuthenticationController#signUser(Employee)
?[0m?[0;34m?[2m2023-06-21T15:47:33.833-04:00?[0;39m ?[32mDEBUG?[0;39m ?[35m31896?[0;39m ?[2m---?[0;39m ?[2m[io-28852-exec-6]?[0;39m ?[36mm.m.a.RequestResponseBodyMethodProcessor?[0;39m ?[2m:?[0;39m Read "application/json;charset=UTF-8" to [User{id=0, name='John', lastName='Doe', email='null', password='oMoa3VvqnLxW'}]
?[0m?[0;34m?[2m2023-06-21T15:47:33.834-04:00?[0;39m ?[32mDEBUG?[0;39m ?[35m31896?[0;39m ?[2m---?[0;39m ?[2m[io-28852-exec-6]?[0;39m ?[36m.m.m.a.ExceptionHandlerExceptionResolver?[0;39m ?[2m:?[0;39m Using @ExceptionHandler account.exceptions.ControllerExceptionHandler#handleException(Exception, WebRequest)
?[0m?[0;34m?[2m2023-06-21T15:47:33.834-04:00?[0;39m ?[32mDEBUG?[0;39m ?[35m31896?[0;39m ?[2m---?[0;39m ?[2m[io-28852-exec-6]?[0;39m ?[36mo.s.w.s.m.m.a.HttpEntityMethodProcessor ?[0;39m ?[2m:?[0;39m Using 'application/json', given [*/*] and supported [application/json, application/*+json]
?[0m?[0;34m?[2m2023-06-21T15:47:33.834-04:00?[0;39m ?[32mDEBUG?[0;39m ?[35m31896?[0;39m ?[2m---?[0;39m ?[2m[io-28852-exec-6]?[0;39m ?[36mo.s.w.s.m.m.a.HttpEntityMethodProcessor ?[0;39m ?[2m:?[0;39m Writing [{timestamp=2023-06-21T15:47:33.834210100, status=400, error=Bad Request, message=Password length mus (truncated)...]
?[0m?[0;34m?[2m2023-06-21T15:47:33.835-04:00?[0;39m ?[32mDEBUG?[0;39m ?[35m31896?[0;39m ?[2m---?[0;39m ?[2m[io-28852-exec-6]?[0;39m ?[36m.m.m.a.ExceptionHandlerExceptionResolver?[0;39m ?[2m:?[0;39m Resolved [org.springframework.web.bind.MethodArgumentNotValidException: Validation failed for argument [0] in public org.springframework.http.ResponseEntity<?> account.controllers.AuthenticationController.signUser(account.entities.Employee): [Field error in object 'employee' on field 'email': rejected value [null]; codes [NotEmpty.employee.email,NotEmpty.email,NotEmpty.java.lang.String,NotEmpty]; arguments [org.springframework.context.support.DefaultMessageSourceResolvable: codes [employee.email,email]; arguments []; default message [email]]; default message [must not be empty]] ]
?[0m?[0;34m?[2m2023-06-21T15:47:33.835-04:00?[0;39m ?[32mDEBUG?[0;39m ?[35m31896?[0;39m ?[2m---?[0;39m ?[2m[io-28852-exec-6]?[0;39m ?[36mo.s.web.servlet.DispatcherServlet       ?[0;39m ?[2m:?[0;39m Completed 400 BAD_REQUEST
?[1;31m
Start test 7?[0m
?[0;34m?[2m2023-06-21T15:47:33.842-04:00?[0;39m ?[32mDEBUG?[0;39m ?[35m31896?[0;39m ?[2m---?[0;39m ?[2m[io-28852-exec-7]?[0;39m ?[36ms.w.s.m.m.a.RequestMappingHandlerMapping?[0;39m ?[2m:?[0;39m Mapped to account.controllers.AuthenticationController#signUser(Employee)
?[0m?[0;34m?[2m2023-06-21T15:47:33.842-04:00?[0;39m ?[32mDEBUG?[0;39m ?[35m31896?[0;39m ?[2m---?[0;39m ?[2m[io-28852-exec-7]?[0;39m ?[36ms.w.s.m.m.a.RequestMappingHandlerMapping?[0;39m ?[2m:?[0;39m Mapped to account.controllers.AuthenticationController#signUser(Employee)
?[0m?[0;34m?[2m2023-06-21T15:47:33.842-04:00?[0;39m ?[32mDEBUG?[0;39m ?[35m31896?[0;39m ?[2m---?[0;39m ?[2m[io-28852-exec-7]?[0;39m ?[36mo.s.web.servlet.DispatcherServlet       ?[0;39m ?[2m:?[0;39m POST "/api/auth/signup", parameters={}
?[0m?[0;34m?[2m2023-06-21T15:47:33.843-04:00?[0;39m ?[32mDEBUG?[0;39m ?[35m31896?[0;39m ?[2m---?[0;39m ?[2m[io-28852-exec-7]?[0;39m ?[36ms.w.s.m.m.a.RequestMappingHandlerMapping?[0;39m ?[2m:?[0;39m Mapped to account.controllers.AuthenticationController#signUser(Employee)
?[0m?[0;34m?[2m2023-06-21T15:47:33.843-04:00?[0;39m ?[32mDEBUG?[0;39m ?[35m31896?[0;39m ?[2m---?[0;39m ?[2m[io-28852-exec-7]?[0;39m ?[36mm.m.a.RequestResponseBodyMethodProcessor?[0;39m ?[2m:?[0;39m Read "application/json;charset=UTF-8" to [User{id=0, name='John', lastName='Doe', email='JohnDoe@acme.com', password=''}]
?[0m?[0;34m?[2m2023-06-21T15:47:33.844-04:00?[0;39m ?[32mDEBUG?[0;39m ?[35m31896?[0;39m ?[2m---?[0;39m ?[2m[io-28852-exec-7]?[0;39m ?[36m.m.m.a.ExceptionHandlerExceptionResolver?[0;39m ?[2m:?[0;39m Using @ExceptionHandler account.exceptions.ControllerExceptionHandler#handleException(Exception, WebRequest)
?[0m?[0;34m?[2m2023-06-21T15:47:33.844-04:00?[0;39m ?[32mDEBUG?[0;39m ?[35m31896?[0;39m ?[2m---?[0;39m ?[2m[io-28852-exec-7]?[0;39m ?[36mo.s.w.s.m.m.a.HttpEntityMethodProcessor ?[0;39m ?[2m:?[0;39m Using 'application/json', given [*/*] and supported [application/json, application/*+json]
?[0m?[0;34m?[2m2023-06-21T15:47:33.844-04:00?[0;39m ?[32mDEBUG?[0;39m ?[35m31896?[0;39m ?[2m---?[0;39m ?[2m[io-28852-exec-7]?[0;39m ?[36mo.s.w.s.m.m.a.HttpEntityMethodProcessor ?[0;39m ?[2m:?[0;39m Writing [{timestamp=2023-06-21T15:47:33.844218900, status=400, error=Bad Request, message=Password length mus (truncated)...]
?[0m?[0;34m?[2m2023-06-21T15:47:33.845-04:00?[0;39m ?[32mDEBUG?[0;39m ?[35m31896?[0;39m ?[2m---?[0;39m ?[2m[io-28852-exec-7]?[0;39m ?[36m.m.m.a.ExceptionHandlerExceptionResolver?[0;39m ?[2m:?[0;39m Resolved [org.springframework.web.bind.MethodArgumentNotValidException: Validation failed for argument [0] in public org.springframework.http.ResponseEntity<?> account.controllers.AuthenticationController.signUser(account.entities.Employee) with 2 errors: [Field error in object 'employee' on field 'password': rejected value []; codes [Size.employee.password,Size.password,Size.java.lang.String,Size]; arguments [org.springframework.context.support.DefaultMessageSourceResolvable: codes [employee.password,password]; arguments []; default message [password],2147483647,12]; default message [oof]] [Field error in object 'employee' on field 'password': rejected value []; codes [NotEmpty.employee.password,NotEmpty.password,NotEmpty.java.lang.String,NotEmpty]; arguments [org.springframework.context.support.DefaultMessageSourceResolvable: codes [employee.password,password]; arguments []; default message [password]]; default message [must not be empty]] ]
?[0m?[0;34m?[2m2023-06-21T15:47:33.845-04:00?[0;39m ?[32mDEBUG?[0;39m ?[35m31896?[0;39m ?[2m---?[0;39m ?[2m[io-28852-exec-7]?[0;39m ?[36mo.s.web.servlet.DispatcherServlet       ?[0;39m ?[2m:?[0;39m Completed 400 BAD_REQUEST
?[1;31m
Start test 8?[0m
?[0;34m?[2m2023-06-21T15:47:33.855-04:00?[0;39m ?[32mDEBUG?[0;39m ?[35m31896?[0;39m ?[2m---?[0;39m ?[2m[io-28852-exec-8]?[0;39m ?[36ms.w.s.m.m.a.RequestMappingHandlerMapping?[0;39m ?[2m:?[0;39m Mapped to account.controllers.AuthenticationController#signUser(Employee)
?[0m?[0;34m?[2m2023-06-21T15:47:33.856-04:00?[0;39m ?[32mDEBUG?[0;39m ?[35m31896?[0;39m ?[2m---?[0;39m ?[2m[io-28852-exec-8]?[0;39m ?[36ms.w.s.m.m.a.RequestMappingHandlerMapping?[0;39m ?[2m:?[0;39m Mapped to account.controllers.AuthenticationController#signUser(Employee)
?[0m?[0;34m?[2m2023-06-21T15:47:33.856-04:00?[0;39m ?[32mDEBUG?[0;39m ?[35m31896?[0;39m ?[2m---?[0;39m ?[2m[io-28852-exec-8]?[0;39m ?[36mo.s.web.servlet.DispatcherServlet       ?[0;39m ?[2m:?[0;39m POST "/api/auth/signup", parameters={}
?[0m?[0;34m?[2m2023-06-21T15:47:33.857-04:00?[0;39m ?[32mDEBUG?[0;39m ?[35m31896?[0;39m ?[2m---?[0;39m ?[2m[io-28852-exec-8]?[0;39m ?[36ms.w.s.m.m.a.RequestMappingHandlerMapping?[0;39m ?[2m:?[0;39m Mapped to account.controllers.AuthenticationController#signUser(Employee)
?[0m?[0;34m?[2m2023-06-21T15:47:33.857-04:00?[0;39m ?[32mDEBUG?[0;39m ?[35m31896?[0;39m ?[2m---?[0;39m ?[2m[io-28852-exec-8]?[0;39m ?[36mm.m.a.RequestResponseBodyMethodProcessor?[0;39m ?[2m:?[0;39m Read "application/json;charset=UTF-8" to [User{id=0, name='John', lastName='Doe', email='JohnDoe@acme.com', password='null'}]
?[0m?[0;34m?[2m2023-06-21T15:47:33.858-04:00?[0;39m ?[32mDEBUG?[0;39m ?[35m31896?[0;39m ?[2m---?[0;39m ?[2m[io-28852-exec-8]?[0;39m ?[36m.m.m.a.ExceptionHandlerExceptionResolver?[0;39m ?[2m:?[0;39m Using @ExceptionHandler account.exceptions.ControllerExceptionHandler#handleException(Exception, WebRequest)
?[0m?[0;34m?[2m2023-06-21T15:47:33.858-04:00?[0;39m ?[32mDEBUG?[0;39m ?[35m31896?[0;39m ?[2m---?[0;39m ?[2m[io-28852-exec-8]?[0;39m ?[36mo.s.w.s.m.m.a.HttpEntityMethodProcessor ?[0;39m ?[2m:?[0;39m Using 'application/json', given [*/*] and supported [application/json, application/*+json]
?[0m?[0;34m?[2m2023-06-21T15:47:33.859-04:00?[0;39m ?[32mDEBUG?[0;39m ?[35m31896?[0;39m ?[2m---?[0;39m ?[2m[io-28852-exec-8]?[0;39m ?[36mo.s.w.s.m.m.a.HttpEntityMethodProcessor ?[0;39m ?[2m:?[0;39m Writing [{timestamp=2023-06-21T15:47:33.858231800, status=400, error=Bad Request, message=Password length mus (truncated)...]
?[0m?[0;34m?[2m2023-06-21T15:47:33.859-04:00?[0;39m ?[32mDEBUG?[0;39m ?[35m31896?[0;39m ?[2m---?[0;39m ?[2m[io-28852-exec-8]?[0;39m ?[36m.m.m.a.ExceptionHandlerExceptionResolver?[0;39m ?[2m:?[0;39m Resolved [org.springframework.web.bind.MethodArgumentNotValidException: Validation failed for argument [0] in public org.springframework.http.ResponseEntity<?> account.controllers.AuthenticationController.signUser(account.entities.Employee): [Field error in object 'employee' on field 'password': rejected value [null]; codes [NotEmpty.employee.password,NotEmpty.password,NotEmpty.java.lang.String,NotEmpty]; arguments [org.springframework.context.support.DefaultMessageSourceResolvable: codes [employee.password,password]; arguments []; default message [password]]; default message [must not be empty]] ]
?[0m?[0;34m?[2m2023-06-21T15:47:33.859-04:00?[0;39m ?[32mDEBUG?[0;39m ?[35m31896?[0;39m ?[2m---?[0;39m ?[2m[io-28852-exec-8]?[0;39m ?[36mo.s.web.servlet.DispatcherServlet       ?[0;39m ?[2m:?[0;39m Completed 400 BAD_REQUEST
?[1;31m
Start test 9?[0m
?[0;34m?[2m2023-06-21T15:47:33.866-04:00?[0;39m ?[32mDEBUG?[0;39m ?[35m31896?[0;39m ?[2m---?[0;39m ?[2m[io-28852-exec-9]?[0;39m ?[36ms.w.s.m.m.a.RequestMappingHandlerMapping?[0;39m ?[2m:?[0;39m Mapped to account.controllers.AuthenticationController#signUser(Employee)
?[0m?[0;34m?[2m2023-06-21T15:47:33.866-04:00?[0;39m ?[32mDEBUG?[0;39m ?[35m31896?[0;39m ?[2m---?[0;39m ?[2m[io-28852-exec-9]?[0;39m ?[36ms.w.s.m.m.a.RequestMappingHandlerMapping?[0;39m ?[2m:?[0;39m Mapped to account.controllers.AuthenticationController#signUser(Employee)
?[0m?[0;34m?[2m2023-06-21T15:47:33.866-04:00?[0;39m ?[32mDEBUG?[0;39m ?[35m31896?[0;39m ?[2m---?[0;39m ?[2m[io-28852-exec-9]?[0;39m ?[36mo.s.web.servlet.DispatcherServlet       ?[0;39m ?[2m:?[0;39m POST "/api/auth/signup", parameters={}
?[0m?[0;34m?[2m2023-06-21T15:47:33.867-04:00?[0;39m ?[32mDEBUG?[0;39m ?[35m31896?[0;39m ?[2m---?[0;39m ?[2m[io-28852-exec-9]?[0;39m ?[36ms.w.s.m.m.a.RequestMappingHandlerMapping?[0;39m ?[2m:?[0;39m Mapped to account.controllers.AuthenticationController#signUser(Employee)
?[0m?[0;34m?[2m2023-06-21T15:47:33.868-04:00?[0;39m ?[32mDEBUG?[0;39m ?[35m31896?[0;39m ?[2m---?[0;39m ?[2m[io-28852-exec-9]?[0;39m ?[36mm.m.a.RequestResponseBodyMethodProcessor?[0;39m ?[2m:?[0;39m Read "application/json;charset=UTF-8" to [User{id=0, name='John', lastName='Doe', email='johndoeacme.com', password='oMoa3VvqnLxW'}]
?[0m?[0;34m?[2m2023-06-21T15:47:33.868-04:00?[0;39m ?[32mDEBUG?[0;39m ?[35m31896?[0;39m ?[2m---?[0;39m ?[2m[io-28852-exec-9]?[0;39m ?[36m.m.m.a.ExceptionHandlerExceptionResolver?[0;39m ?[2m:?[0;39m Using @ExceptionHandler account.exceptions.ControllerExceptionHandler#handleException(Exception, WebRequest)
?[0m?[0;34m?[2m2023-06-21T15:47:33.869-04:00?[0;39m ?[32mDEBUG?[0;39m ?[35m31896?[0;39m ?[2m---?[0;39m ?[2m[io-28852-exec-9]?[0;39m ?[36mo.s.w.s.m.m.a.HttpEntityMethodProcessor ?[0;39m ?[2m:?[0;39m Using 'application/json', given [*/*] and supported [application/json, application/*+json]
?[0m?[0;34m?[2m2023-06-21T15:47:33.869-04:00?[0;39m ?[32mDEBUG?[0;39m ?[35m31896?[0;39m ?[2m---?[0;39m ?[2m[io-28852-exec-9]?[0;39m ?[36mo.s.w.s.m.m.a.HttpEntityMethodProcessor ?[0;39m ?[2m:?[0;39m Writing [{timestamp=2023-06-21T15:47:33.869242700, status=400, error=Bad Request, message=Password length mus (truncated)...]
?[0m?[0;34m?[2m2023-06-21T15:47:33.869-04:00?[0;39m ?[32mDEBUG?[0;39m ?[35m31896?[0;39m ?[2m---?[0;39m ?[2m[io-28852-exec-9]?[0;39m ?[36m.m.m.a.ExceptionHandlerExceptionResolver?[0;39m ?[2m:?[0;39m Resolved [org.springframework.web.bind.MethodArgumentNotValidException: Validation failed for argument [0] in public org.springframework.http.ResponseEntity<?> account.controllers.AuthenticationController.signUser(account.entities.Employee): [Field error in object 'employee' on field 'email': rejected value [johndoeacme.com]; codes [Email.employee.email,Email.email,Email.java.lang.String,Email]; arguments [org.springframework.context.support.DefaultMessageSourceResolvable: codes [employee.email,email]; arguments []; default message [email],[Ljakarta.validation.constraints.Pattern$Flag;@33dbb9c3,\w+(@acme.com)$]; default message [must be a well-formed email address]] ]
?[0m?[0;34m?[2m2023-06-21T15:47:33.870-04:00?[0;39m ?[32mDEBUG?[0;39m ?[35m31896?[0;39m ?[2m---?[0;39m ?[2m[io-28852-exec-9]?[0;39m ?[36mo.s.web.servlet.DispatcherServlet       ?[0;39m ?[2m:?[0;39m Completed 400 BAD_REQUEST
?[1;31m
Start test 10?[0m
?[0;34m?[2m2023-06-21T15:47:33.877-04:00?[0;39m ?[32mDEBUG?[0;39m ?[35m31896?[0;39m ?[2m---?[0;39m ?[2m[o-28852-exec-10]?[0;39m ?[36ms.w.s.m.m.a.RequestMappingHandlerMapping?[0;39m ?[2m:?[0;39m Mapped to account.controllers.AuthenticationController#signUser(Employee)
?[0m?[0;34m?[2m2023-06-21T15:47:33.877-04:00?[0;39m ?[32mDEBUG?[0;39m ?[35m31896?[0;39m ?[2m---?[0;39m ?[2m[o-28852-exec-10]?[0;39m ?[36ms.w.s.m.m.a.RequestMappingHandlerMapping?[0;39m ?[2m:?[0;39m Mapped to account.controllers.AuthenticationController#signUser(Employee)
?[0m?[0;34m?[2m2023-06-21T15:47:33.878-04:00?[0;39m ?[32mDEBUG?[0;39m ?[35m31896?[0;39m ?[2m---?[0;39m ?[2m[o-28852-exec-10]?[0;39m ?[36mo.s.web.servlet.DispatcherServlet       ?[0;39m ?[2m:?[0;39m POST "/api/auth/signup", parameters={}
?[0m?[0;34m?[2m2023-06-21T15:47:33.878-04:00?[0;39m ?[32mDEBUG?[0;39m ?[35m31896?[0;39m ?[2m---?[0;39m ?[2m[o-28852-exec-10]?[0;39m ?[36ms.w.s.m.m.a.RequestMappingHandlerMapping?[0;39m ?[2m:?[0;39m Mapped to account.controllers.AuthenticationController#signUser(Employee)
?[0m?[0;34m?[2m2023-06-21T15:47:33.879-04:00?[0;39m ?[32mDEBUG?[0;39m ?[35m31896?[0;39m ?[2m---?[0;39m ?[2m[o-28852-exec-10]?[0;39m ?[36mm.m.a.RequestResponseBodyMethodProcessor?[0;39m ?[2m:?[0;39m Read "application/json;charset=UTF-8" to [User{id=0, name='John', lastName='Doe', email='johndoe@google.com', password='oMoa3VvqnLxW'}]
?[0m?[0;34m?[2m2023-06-21T15:47:33.879-04:00?[0;39m ?[32mDEBUG?[0;39m ?[35m31896?[0;39m ?[2m---?[0;39m ?[2m[o-28852-exec-10]?[0;39m ?[36m.m.m.a.ExceptionHandlerExceptionResolver?[0;39m ?[2m:?[0;39m Using @ExceptionHandler account.exceptions.ControllerExceptionHandler#handleException(Exception, WebRequest)
?[0m?[0;34m?[2m2023-06-21T15:47:33.880-04:00?[0;39m ?[32mDEBUG?[0;39m ?[35m31896?[0;39m ?[2m---?[0;39m ?[2m[o-28852-exec-10]?[0;39m ?[36mo.s.w.s.m.m.a.HttpEntityMethodProcessor ?[0;39m ?[2m:?[0;39m Using 'application/json', given [*/*] and supported [application/json, application/*+json]
?[0m?[0;34m?[2m2023-06-21T15:47:33.880-04:00?[0;39m ?[32mDEBUG?[0;39m ?[35m31896?[0;39m ?[2m---?[0;39m ?[2m[o-28852-exec-10]?[0;39m ?[36mo.s.w.s.m.m.a.HttpEntityMethodProcessor ?[0;39m ?[2m:?[0;39m Writing [{timestamp=2023-06-21T15:47:33.879251100, status=400, error=Bad Request, message=Password length mus (truncated)...]
?[0m?[0;34m?[2m2023-06-21T15:47:33.880-04:00?[0;39m ?[32mDEBUG?[0;39m ?[35m31896?[0;39m ?[2m---?[0;39m ?[2m[o-28852-exec-10]?[0;39m ?[36m.m.m.a.ExceptionHandlerExceptionResolver?[0;39m ?[2m:?[0;39m Resolved [org.springframework.web.bind.MethodArgumentNotValidException: Validation failed for argument [0] in public org.springframework.http.ResponseEntity<?> account.controllers.AuthenticationController.signUser(account.entities.Employee): [Field error in object 'employee' on field 'email': rejected value [johndoe@google.com]; codes [Email.employee.email,Email.email,Email.java.lang.String,Email]; arguments [org.springframework.context.support.DefaultMessageSourceResolvable: codes [employee.email,email]; arguments []; default message [email],[Ljakarta.validation.constraints.Pattern$Flag;@33dbb9c3,\w+(@acme.com)$]; default message [must be a well-formed email address]] ]
?[0m?[0;34m?[2m2023-06-21T15:47:33.881-04:00?[0;39m ?[32mDEBUG?[0;39m ?[35m31896?[0;39m ?[2m---?[0;39m ?[2m[o-28852-exec-10]?[0;39m ?[36mo.s.web.servlet.DispatcherServlet       ?[0;39m ?[2m:?[0;39m Completed 400 BAD_REQUEST
?[1;31m
Start test 11?[0m
?[0m?[0;34m?[2m2023-06-21T15:47:33.894-04:00?[0;39m ?[32mDEBUG?[0;39m ?[35m31896?[0;39m ?[2m---?[0;39m ?[2m[io-28852-exec-1]?[0;39m ?[36ms.w.s.m.m.a.RequestMappingHandlerMapping?[0;39m ?[2m:?[0;39m Mapped to account.controllers.AuthenticationController#signUser(Employee)
?[0m?[0;34m?[2m2023-06-21T15:47:33.894-04:00?[0;39m ?[32mDEBUG?[0;39m ?[35m31896?[0;39m ?[2m---?[0;39m ?[2m[io-28852-exec-1]?[0;39m ?[36ms.w.s.m.m.a.RequestMappingHandlerMapping?[0;39m ?[2m:?[0;39m Mapped to account.controllers.AuthenticationController#signUser(Employee)
?[0m?[0;34m?[2m2023-06-21T15:47:33.894-04:00?[0;39m ?[32mDEBUG?[0;39m ?[35m31896?[0;39m ?[2m---?[0;39m ?[2m[io-28852-exec-1]?[0;39m ?[36mo.s.web.servlet.DispatcherServlet       ?[0;39m ?[2m:?[0;39m POST "/api/auth/signup", parameters={}
?[0m?[0;34m?[2m2023-06-21T15:47:33.895-04:00?[0;39m ?[32mDEBUG?[0;39m ?[35m31896?[0;39m ?[2m---?[0;39m ?[2m[io-28852-exec-1]?[0;39m ?[36ms.w.s.m.m.a.RequestMappingHandlerMapping?[0;39m ?[2m:?[0;39m Mapped to account.controllers.AuthenticationController#signUser(Employee)
?[0m?[0;34m?[2m2023-06-21T15:47:33.895-04:00?[0;39m ?[32mDEBUG?[0;39m ?[35m31896?[0;39m ?[2m---?[0;39m ?[2m[io-28852-exec-1]?[0;39m ?[36mm.m.a.RequestResponseBodyMethodProcessor?[0;39m ?[2m:?[0;39m Read "application/json;charset=UTF-8" to [User{id=0, name='John', lastName='Doe', email='JohnDoe@acme.com', password='PasswordForJanuary'}]
?[0m?[0;34mHibernate: select e1_0.id,e1_0.email,e1_0.last_name,e1_0.name,e1_0.password,e1_0.role from employees e1_0
?[0m?[0;34m?[2m2023-06-21T15:47:34.026-04:00?[0;39m ?[32mDEBUG?[0;39m ?[35m31896?[0;39m ?[2m---?[0;39m ?[2m[io-28852-exec-1]?[0;39m ?[36m.m.m.a.ExceptionHandlerExceptionResolver?[0;39m ?[2m:?[0;39m Using @ExceptionHandler account.exceptions.ControllerExceptionHandler#handlePasswordNotLongEnough(WebRequest)
?[0m?[0;34m?[2m2023-06-21T15:47:34.036-04:00?[0;39m ?[32mDEBUG?[0;39m ?[35m31896?[0;39m ?[2m---?[0;39m ?[2m[io-28852-exec-1]?[0;39m ?[36mo.s.w.s.m.m.a.HttpEntityMethodProcessor ?[0;39m ?[2m:?[0;39m Using 'application/json', given [*/*] and supported [application/json, application/*+json]
?[0m?[0;34m?[2m2023-06-21T15:47:34.036-04:00?[0;39m ?[32mDEBUG?[0;39m ?[35m31896?[0;39m ?[2m---?[0;39m ?[2m[io-28852-exec-1]?[0;39m ?[36mo.s.w.s.m.m.a.HttpEntityMethodProcessor ?[0;39m ?[2m:?[0;39m Writing [account.exceptions.CustomErrorMessage@4612f7ef]
?[0m?[0;34m?[2m2023-06-21T15:47:34.040-04:00?[0;39m ?[32mDEBUG?[0;39m ?[35m31896?[0;39m ?[2m---?[0;39m ?[2m[io-28852-exec-1]?[0;39m ?[36m.m.m.a.ExceptionHandlerExceptionResolver?[0;39m ?[2m:?[0;39m Resolved [account.exceptions.BreachedPassword]
?[0m?[0;34m?[2m2023-06-21T15:47:34.040-04:00?[0;39m ?[32mDEBUG?[0;39m ?[35m31896?[0;39m ?[2m---?[0;39m ?[2m[io-28852-exec-1]?[0;39m ?[36mo.s.web.servlet.DispatcherServlet       ?[0;39m ?[2m:?[0;39m Completed 400 BAD_REQUEST
?[0m?[0;34m?[2m2023-06-21T15:47:34.054-04:00?[0;39m ?[32mDEBUG?[0;39m ?[35m31896?[0;39m ?[2m---?[0;39m ?[2m[io-28852-exec-2]?[0;39m ?[36ms.w.s.m.m.a.RequestMappingHandlerMapping?[0;39m ?[2m:?[0;39m Mapped to account.controllers.AuthenticationController#signUser(Employee)
?[0m?[0;34m?[2m2023-06-21T15:47:34.054-04:00?[0;39m ?[32mDEBUG?[0;39m ?[35m31896?[0;39m ?[2m---?[0;39m ?[2m[io-28852-exec-2]?[0;39m ?[36ms.w.s.m.m.a.RequestMappingHandlerMapping?[0;39m ?[2m:?[0;39m Mapped to account.controllers.AuthenticationController#signUser(Employee)
?[0m?[0;34m?[2m2023-06-21T15:47:34.054-04:00?[0;39m ?[32mDEBUG?[0;39m ?[35m31896?[0;39m ?[2m---?[0;39m ?[2m[io-28852-exec-2]?[0;39m ?[36mo.s.web.servlet.DispatcherServlet       ?[0;39m ?[2m:?[0;39m POST "/api/auth/signup", parameters={}
?[0m?[0;34m?[2m2023-06-21T15:47:34.055-04:00?[0;39m ?[32mDEBUG?[0;39m ?[35m31896?[0;39m ?[2m---?[0;39m ?[2m[io-28852-exec-2]?[0;39m ?[36ms.w.s.m.m.a.RequestMappingHandlerMapping?[0;39m ?[2m:?[0;39m Mapped to account.controllers.AuthenticationController#signUser(Employee)
?[0m?[0;34m?[2m2023-06-21T15:47:34.055-04:00?[0;39m ?[32mDEBUG?[0;39m ?[35m31896?[0;39m ?[2m---?[0;39m ?[2m[io-28852-exec-2]?[0;39m ?[36mm.m.a.RequestResponseBodyMethodProcessor?[0;39m ?[2m:?[0;39m Read "application/json;charset=UTF-8" to [User{id=0, name='John', lastName='Doe', email='JohnDoe@acme.com', password='PasswordForFebruary'}]
?[0m?[0;34mHibernate: select e1_0.id,e1_0.email,e1_0.last_name,e1_0.name,e1_0.password,e1_0.role from employees e1_0
?[0m?[0;34m?[2m2023-06-21T15:47:34.059-04:00?[0;39m ?[32mDEBUG?[0;39m ?[35m31896?[0;39m ?[2m---?[0;39m ?[2m[io-28852-exec-2]?[0;39m ?[36m.m.m.a.ExceptionHandlerExceptionResolver?[0;39m ?[2m:?[0;39m Using @ExceptionHandler account.exceptions.ControllerExceptionHandler#handlePasswordNotLongEnough(WebRequest)
?[0m?[0;34m?[2m2023-06-21T15:47:34.059-04:00?[0;39m ?[32mDEBUG?[0;39m ?[35m31896?[0;39m ?[2m---?[0;39m ?[2m[io-28852-exec-2]?[0;39m ?[36mo.s.w.s.m.m.a.HttpEntityMethodProcessor ?[0;39m ?[2m:?[0;39m Using 'application/json', given [*/*] and supported [application/json, application/*+json]
?[0m?[0;34m?[2m2023-06-21T15:47:34.059-04:00?[0;39m ?[32mDEBUG?[0;39m ?[35m31896?[0;39m ?[2m---?[0;39m ?[2m[io-28852-exec-2]?[0;39m ?[36mo.s.w.s.m.m.a.HttpEntityMethodProcessor ?[0;39m ?[2m:?[0;39m Writing [account.exceptions.CustomErrorMessage@46e26751]
?[0m?[0;34m?[2m2023-06-21T15:47:34.059-04:00?[0;39m ?[32mDEBUG?[0;39m ?[35m31896?[0;39m ?[2m---?[0;39m ?[2m[io-28852-exec-2]?[0;39m ?[36m.m.m.a.ExceptionHandlerExceptionResolver?[0;39m ?[2m:?[0;39m Resolved [account.exceptions.BreachedPassword]
?[0m?[0;34m?[2m2023-06-21T15:47:34.060-04:00?[0;39m ?[32mDEBUG?[0;39m ?[35m31896?[0;39m ?[2m---?[0;39m ?[2m[io-28852-exec-2]?[0;39m ?[36mo.s.web.servlet.DispatcherServlet       ?[0;39m ?[2m:?[0;39m Completed 400 BAD_REQUEST
?[0m?[0;34m?[2m2023-06-21T15:47:34.067-04:00?[0;39m ?[32mDEBUG?[0;39m ?[35m31896?[0;39m ?[2m---?[0;39m ?[2m[io-28852-exec-3]?[0;39m ?[36ms.w.s.m.m.a.RequestMappingHandlerMapping?[0;39m ?[2m:?[0;39m Mapped to account.controllers.AuthenticationController#signUser(Employee)
?[0m?[0;34m?[2m2023-06-21T15:47:34.067-04:00?[0;39m ?[32mDEBUG?[0;39m ?[35m31896?[0;39m ?[2m---?[0;39m ?[2m[io-28852-exec-3]?[0;39m ?[36ms.w.s.m.m.a.RequestMappingHandlerMapping?[0;39m ?[2m:?[0;39m Mapped to account.controllers.AuthenticationController#signUser(Employee)
?[0m?[0;34m?[2m2023-06-21T15:47:34.067-04:00?[0;39m ?[32mDEBUG?[0;39m ?[35m31896?[0;39m ?[2m---?[0;39m ?[2m[io-28852-exec-3]?[0;39m ?[36mo.s.web.servlet.DispatcherServlet       ?[0;39m ?[2m:?[0;39m POST "/api/auth/signup", parameters={}
?[0m?[0;34m?[2m2023-06-21T15:47:34.067-04:00?[0;39m ?[32mDEBUG?[0;39m ?[35m31896?[0;39m ?[2m---?[0;39m ?[2m[io-28852-exec-3]?[0;39m ?[36ms.w.s.m.m.a.RequestMappingHandlerMapping?[0;39m ?[2m:?[0;39m Mapped to account.controllers.AuthenticationController#signUser(Employee)
?[0m?[0;34m?[2m2023-06-21T15:47:34.068-04:00?[0;39m ?[32mDEBUG?[0;39m ?[35m31896?[0;39m ?[2m---?[0;39m ?[2m[io-28852-exec-3]?[0;39m ?[36mm.m.a.RequestResponseBodyMethodProcessor?[0;39m ?[2m:?[0;39m Read "application/json;charset=UTF-8" to [User{id=0, name='John', lastName='Doe', email='JohnDoe@acme.com', password='PasswordForMarch'}]
?[0m?[0;34mHibernate: select e1_0.id,e1_0.email,e1_0.last_name,e1_0.name,e1_0.password,e1_0.role from employees e1_0
?[0m?[0;34m?[2m2023-06-21T15:47:34.071-04:00?[0;39m ?[32mDEBUG?[0;39m ?[35m31896?[0;39m ?[2m---?[0;39m ?[2m[io-28852-exec-3]?[0;39m ?[36m.m.m.a.ExceptionHandlerExceptionResolver?[0;39m ?[2m:?[0;39m Using @ExceptionHandler account.exceptions.ControllerExceptionHandler#handlePasswordNotLongEnough(WebRequest)
?[0m?[0;34m?[2m2023-06-21T15:47:34.072-04:00?[0;39m ?[32mDEBUG?[0;39m ?[35m31896?[0;39m ?[2m---?[0;39m ?[2m[io-28852-exec-3]?[0;39m ?[36mo.s.w.s.m.m.a.HttpEntityMethodProcessor ?[0;39m ?[2m:?[0;39m Using 'application/json', given [*/*] and supported [application/json, application/*+json]
?[0m?[0;34m?[2m2023-06-21T15:47:34.072-04:00?[0;39m ?[32mDEBUG?[0;39m ?[35m31896?[0;39m ?[2m---?[0;39m ?[2m[io-28852-exec-3]?[0;39m ?[36mo.s.w.s.m.m.a.HttpEntityMethodProcessor ?[0;39m ?[2m:?[0;39m Writing [account.exceptions.CustomErrorMessage@5f4a2e57]
?[0m?[0;34m?[2m2023-06-21T15:47:34.073-04:00?[0;39m ?[32mDEBUG?[0;39m ?[35m31896?[0;39m ?[2m---?[0;39m ?[2m[io-28852-exec-3]?[0;39m ?[36m.m.m.a.ExceptionHandlerExceptionResolver?[0;39m ?[2m:?[0;39m Resolved [account.exceptions.BreachedPassword]
?[0m?[0;34m?[2m2023-06-21T15:47:34.073-04:00?[0;39m ?[32mDEBUG?[0;39m ?[35m31896?[0;39m ?[2m---?[0;39m ?[2m[io-28852-exec-3]?[0;39m ?[36mo.s.web.servlet.DispatcherServlet       ?[0;39m ?[2m:?[0;39m Completed 400 BAD_REQUEST
?[0m?[0;34m?[2m2023-06-21T15:47:34.080-04:00?[0;39m ?[32mDEBUG?[0;39m ?[35m31896?[0;39m ?[2m---?[0;39m ?[2m[io-28852-exec-4]?[0;39m ?[36ms.w.s.m.m.a.RequestMappingHandlerMapping?[0;39m ?[2m:?[0;39m Mapped to account.controllers.AuthenticationController#signUser(Employee)
?[0m?[0;34m?[2m2023-06-21T15:47:34.080-04:00?[0;39m ?[32mDEBUG?[0;39m ?[35m31896?[0;39m ?[2m---?[0;39m ?[2m[io-28852-exec-4]?[0;39m ?[36ms.w.s.m.m.a.RequestMappingHandlerMapping?[0;39m ?[2m:?[0;39m Mapped to account.controllers.AuthenticationController#signUser(Employee)
?[0m?[0;34m?[2m2023-06-21T15:47:34.081-04:00?[0;39m ?[32mDEBUG?[0;39m ?[35m31896?[0;39m ?[2m---?[0;39m ?[2m[io-28852-exec-4]?[0;39m ?[36mo.s.web.servlet.DispatcherServlet       ?[0;39m ?[2m:?[0;39m POST "/api/auth/signup", parameters={}
?[0m?[0;34m?[2m2023-06-21T15:47:34.081-04:00?[0;39m ?[32mDEBUG?[0;39m ?[35m31896?[0;39m ?[2m---?[0;39m ?[2m[io-28852-exec-4]?[0;39m ?[36ms.w.s.m.m.a.RequestMappingHandlerMapping?[0;39m ?[2m:?[0;39m Mapped to account.controllers.AuthenticationController#signUser(Employee)
?[0m?[0;34m?[2m2023-06-21T15:47:34.082-04:00?[0;39m ?[32mDEBUG?[0;39m ?[35m31896?[0;39m ?[2m---?[0;39m ?[2m[io-28852-exec-4]?[0;39m ?[36mm.m.a.RequestResponseBodyMethodProcessor?[0;39m ?[2m:?[0;39m Read "application/json;charset=UTF-8" to [User{id=0, name='John', lastName='Doe', email='JohnDoe@acme.com', password='PasswordForApril'}]
?[0m?[0;34mHibernate: select e1_0.id,e1_0.email,e1_0.last_name,e1_0.name,e1_0.password,e1_0.role from employees e1_0
?[0m?[0;34m?[2m2023-06-21T15:47:34.084-04:00?[0;39m ?[32mDEBUG?[0;39m ?[35m31896?[0;39m ?[2m---?[0;39m ?[2m[io-28852-exec-4]?[0;39m ?[36m.m.m.a.ExceptionHandlerExceptionResolver?[0;39m ?[2m:?[0;39m Using @ExceptionHandler account.exceptions.ControllerExceptionHandler#handlePasswordNotLongEnough(WebRequest)
?[0m?[0;34m?[2m2023-06-21T15:47:34.085-04:00?[0;39m ?[32mDEBUG?[0;39m ?[35m31896?[0;39m ?[2m---?[0;39m ?[2m[io-28852-exec-4]?[0;39m ?[36mo.s.w.s.m.m.a.HttpEntityMethodProcessor ?[0;39m ?[2m:?[0;39m Using 'application/json', given [*/*] and supported [application/json, application/*+json]
?[0m?[0;34m?[2m2023-06-21T15:47:34.085-04:00?[0;39m ?[32mDEBUG?[0;39m ?[35m31896?[0;39m ?[2m---?[0;39m ?[2m[io-28852-exec-4]?[0;39m ?[36mo.s.w.s.m.m.a.HttpEntityMethodProcessor ?[0;39m ?[2m:?[0;39m Writing [account.exceptions.CustomErrorMessage@1dea6842]
?[0m?[0;34m?[2m2023-06-21T15:47:34.085-04:00?[0;39m ?[32mDEBUG?[0;39m ?[35m31896?[0;39m ?[2m---?[0;39m ?[2m[io-28852-exec-4]?[0;39m ?[36m.m.m.a.ExceptionHandlerExceptionResolver?[0;39m ?[2m:?[0;39m Resolved [account.exceptions.BreachedPassword]
?[0m?[0;34m?[2m2023-06-21T15:47:34.086-04:00?[0;39m ?[32mDEBUG?[0;39m ?[35m31896?[0;39m ?[2m---?[0;39m ?[2m[io-28852-exec-4]?[0;39m ?[36mo.s.web.servlet.DispatcherServlet       ?[0;39m ?[2m:?[0;39m Completed 400 BAD_REQUEST
?[0m?[0;34m?[2m2023-06-21T15:47:34.092-04:00?[0;39m ?[32mDEBUG?[0;39m ?[35m31896?[0;39m ?[2m---?[0;39m ?[2m[io-28852-exec-5]?[0;39m ?[36ms.w.s.m.m.a.RequestMappingHandlerMapping?[0;39m ?[2m:?[0;39m Mapped to account.controllers.AuthenticationController#signUser(Employee)
?[0m?[0;34m?[2m2023-06-21T15:47:34.093-04:00?[0;39m ?[32mDEBUG?[0;39m ?[35m31896?[0;39m ?[2m---?[0;39m ?[2m[io-28852-exec-5]?[0;39m ?[36ms.w.s.m.m.a.RequestMappingHandlerMapping?[0;39m ?[2m:?[0;39m Mapped to account.controllers.AuthenticationController#signUser(Employee)
?[0m?[0;34m?[2m2023-06-21T15:47:34.093-04:00?[0;39m ?[32mDEBUG?[0;39m ?[35m31896?[0;39m ?[2m---?[0;39m ?[2m[io-28852-exec-5]?[0;39m ?[36mo.s.web.servlet.DispatcherServlet       ?[0;39m ?[2m:?[0;39m POST "/api/auth/signup", parameters={}
?[0m?[0;34m?[2m2023-06-21T15:47:34.094-04:00?[0;39m ?[32mDEBUG?[0;39m ?[35m31896?[0;39m ?[2m---?[0;39m ?[2m[io-28852-exec-5]?[0;39m ?[36ms.w.s.m.m.a.RequestMappingHandlerMapping?[0;39m ?[2m:?[0;39m Mapped to account.controllers.AuthenticationController#signUser(Employee)
?[0m?[0;34m?[2m2023-06-21T15:47:34.094-04:00?[0;39m ?[32mDEBUG?[0;39m ?[35m31896?[0;39m ?[2m---?[0;39m ?[2m[io-28852-exec-5]?[0;39m ?[36mm.m.a.RequestResponseBodyMethodProcessor?[0;39m ?[2m:?[0;39m Read "application/json;charset=UTF-8" to [User{id=0, name='John', lastName='Doe', email='JohnDoe@acme.com', password='PasswordForMay'}]
?[0m?[0;34mHibernate: select e1_0.id,e1_0.email,e1_0.last_name,e1_0.name,e1_0.password,e1_0.role from employees e1_0
?[0m?[0;34m?[2m2023-06-21T15:47:34.097-04:00?[0;39m ?[32mDEBUG?[0;39m ?[35m31896?[0;39m ?[2m---?[0;39m ?[2m[io-28852-exec-5]?[0;39m ?[36m.m.m.a.ExceptionHandlerExceptionResolver?[0;39m ?[2m:?[0;39m Using @ExceptionHandler account.exceptions.ControllerExceptionHandler#handlePasswordNotLongEnough(WebRequest)
?[0m?[0;34m?[2m2023-06-21T15:47:34.097-04:00?[0;39m ?[32mDEBUG?[0;39m ?[35m31896?[0;39m ?[2m---?[0;39m ?[2m[io-28852-exec-5]?[0;39m ?[36mo.s.w.s.m.m.a.HttpEntityMethodProcessor ?[0;39m ?[2m:?[0;39m Using 'application/json', given [*/*] and supported [application/json, application/*+json]
?[0m?[0;34m?[2m2023-06-21T15:47:34.097-04:00?[0;39m ?[32mDEBUG?[0;39m ?[35m31896?[0;39m ?[2m---?[0;39m ?[2m[io-28852-exec-5]?[0;39m ?[36mo.s.w.s.m.m.a.HttpEntityMethodProcessor ?[0;39m ?[2m:?[0;39m Writing [account.exceptions.CustomErrorMessage@3340aaff]
?[0m?[0;34m?[2m2023-06-21T15:47:34.097-04:00?[0;39m ?[32mDEBUG?[0;39m ?[35m31896?[0;39m ?[2m---?[0;39m ?[2m[io-28852-exec-5]?[0;39m ?[36m.m.m.a.ExceptionHandlerExceptionResolver?[0;39m ?[2m:?[0;39m Resolved [account.exceptions.BreachedPassword]
?[0m?[0;34m?[2m2023-06-21T15:47:34.098-04:00?[0;39m ?[32mDEBUG?[0;39m ?[35m31896?[0;39m ?[2m---?[0;39m ?[2m[io-28852-exec-5]?[0;39m ?[36mo.s.web.servlet.DispatcherServlet       ?[0;39m ?[2m:?[0;39m Completed 400 BAD_REQUEST
?[0m?[0;34m?[2m2023-06-21T15:47:34.105-04:00?[0;39m ?[32mDEBUG?[0;39m ?[35m31896?[0;39m ?[2m---?[0;39m ?[2m[io-28852-exec-6]?[0;39m ?[36ms.w.s.m.m.a.RequestMappingHandlerMapping?[0;39m ?[2m:?[0;39m Mapped to account.controllers.AuthenticationController#signUser(Employee)
?[0m?[0;34m?[2m2023-06-21T15:47:34.106-04:00?[0;39m ?[32mDEBUG?[0;39m ?[35m31896?[0;39m ?[2m---?[0;39m ?[2m[io-28852-exec-6]?[0;39m ?[36ms.w.s.m.m.a.RequestMappingHandlerMapping?[0;39m ?[2m:?[0;39m Mapped to account.controllers.AuthenticationController#signUser(Employee)
?[0m?[0;34m?[2m2023-06-21T15:47:34.107-04:00?[0;39m ?[32mDEBUG?[0;39m ?[35m31896?[0;39m ?[2m---?[0;39m ?[2m[io-28852-exec-6]?[0;39m ?[36mo.s.web.servlet.DispatcherServlet       ?[0;39m ?[2m:?[0;39m POST "/api/auth/signup", parameters={}
?[0m?[0;34m?[2m2023-06-21T15:47:34.107-04:00?[0;39m ?[32mDEBUG?[0;39m ?[35m31896?[0;39m ?[2m---?[0;39m ?[2m[io-28852-exec-6]?[0;39m ?[36ms.w.s.m.m.a.RequestMappingHandlerMapping?[0;39m ?[2m:?[0;39m Mapped to account.controllers.AuthenticationController#signUser(Employee)
?[0m?[0;34m?[2m2023-06-21T15:47:34.108-04:00?[0;39m ?[32mDEBUG?[0;39m ?[35m31896?[0;39m ?[2m---?[0;39m ?[2m[io-28852-exec-6]?[0;39m ?[36mm.m.a.RequestResponseBodyMethodProcessor?[0;39m ?[2m:?[0;39m Read "application/json;charset=UTF-8" to [User{id=0, name='John', lastName='Doe', email='JohnDoe@acme.com', password='PasswordForJune'}]
?[0m?[0;34mHibernate: select e1_0.id,e1_0.email,e1_0.last_name,e1_0.name,e1_0.password,e1_0.role from employees e1_0
?[0m?[0;34m?[2m2023-06-21T15:47:34.111-04:00?[0;39m ?[32mDEBUG?[0;39m ?[35m31896?[0;39m ?[2m---?[0;39m ?[2m[io-28852-exec-6]?[0;39m ?[36m.m.m.a.ExceptionHandlerExceptionResolver?[0;39m ?[2m:?[0;39m Using @ExceptionHandler account.exceptions.ControllerExceptionHandler#handlePasswordNotLongEnough(WebRequest)
?[0m?[0;34m?[2m2023-06-21T15:47:34.111-04:00?[0;39m ?[32mDEBUG?[0;39m ?[35m31896?[0;39m ?[2m---?[0;39m ?[2m[io-28852-exec-6]?[0;39m ?[36mo.s.w.s.m.m.a.HttpEntityMethodProcessor ?[0;39m ?[2m:?[0;39m Using 'application/json', given [*/*] and supported [application/json, application/*+json]
?[0m?[0;34m?[2m2023-06-21T15:47:34.111-04:00?[0;39m ?[32mDEBUG?[0;39m ?[35m31896?[0;39m ?[2m---?[0;39m ?[2m[io-28852-exec-6]?[0;39m ?[36mo.s.w.s.m.m.a.HttpEntityMethodProcessor ?[0;39m ?[2m:?[0;39m Writing [account.exceptions.CustomErrorMessage@8745a47]
?[0m?[0;34m?[2m2023-06-21T15:47:34.112-04:00?[0;39m ?[32mDEBUG?[0;39m ?[35m31896?[0;39m ?[2m---?[0;39m ?[2m[io-28852-exec-6]?[0;39m ?[36m.m.m.a.ExceptionHandlerExceptionResolver?[0;39m ?[2m:?[0;39m Resolved [account.exceptions.BreachedPassword]
?[0m?[0;34m?[2m2023-06-21T15:47:34.112-04:00?[0;39m ?[32mDEBUG?[0;39m ?[35m31896?[0;39m ?[2m---?[0;39m ?[2m[io-28852-exec-6]?[0;39m ?[36mo.s.web.servlet.DispatcherServlet       ?[0;39m ?[2m:?[0;39m Completed 400 BAD_REQUEST
?[0m?[0;34m?[2m2023-06-21T15:47:34.117-04:00?[0;39m ?[32mDEBUG?[0;39m ?[35m31896?[0;39m ?[2m---?[0;39m ?[2m[io-28852-exec-7]?[0;39m ?[36ms.w.s.m.m.a.RequestMappingHandlerMapping?[0;39m ?[2m:?[0;39m Mapped to account.controllers.AuthenticationController#signUser(Employee)
?[0m?[0;34m?[2m2023-06-21T15:47:34.117-04:00?[0;39m ?[32mDEBUG?[0;39m ?[35m31896?[0;39m ?[2m---?[0;39m ?[2m[io-28852-exec-7]?[0;39m ?[36ms.w.s.m.m.a.RequestMappingHandlerMapping?[0;39m ?[2m:?[0;39m Mapped to account.controllers.AuthenticationController#signUser(Employee)
?[0m?[0;34m?[2m2023-06-21T15:47:34.118-04:00?[0;39m ?[32mDEBUG?[0;39m ?[35m31896?[0;39m ?[2m---?[0;39m ?[2m[io-28852-exec-7]?[0;39m ?[36mo.s.web.servlet.DispatcherServlet       ?[0;39m ?[2m:?[0;39m POST "/api/auth/signup", parameters={}
?[0m?[0;34m?[2m2023-06-21T15:47:34.118-04:00?[0;39m ?[32mDEBUG?[0;39m ?[35m31896?[0;39m ?[2m---?[0;39m ?[2m[io-28852-exec-7]?[0;39m ?[36ms.w.s.m.m.a.RequestMappingHandlerMapping?[0;39m ?[2m:?[0;39m Mapped to account.controllers.AuthenticationController#signUser(Employee)
?[0m?[0;34m?[2m2023-06-21T15:47:34.119-04:00?[0;39m ?[32mDEBUG?[0;39m ?[35m31896?[0;39m ?[2m---?[0;39m ?[2m[io-28852-exec-7]?[0;39m ?[36mm.m.a.RequestResponseBodyMethodProcessor?[0;39m ?[2m:?[0;39m Read "application/json;charset=UTF-8" to [User{id=0, name='John', lastName='Doe', email='JohnDoe@acme.com', password='PasswordForJuly'}]
?[0m?[0;34mHibernate: select e1_0.id,e1_0.email,e1_0.last_name,e1_0.name,e1_0.password,e1_0.role from employees e1_0
?[0m?[0;34m?[2m2023-06-21T15:47:34.121-04:00?[0;39m ?[32mDEBUG?[0;39m ?[35m31896?[0;39m ?[2m---?[0;39m ?[2m[io-28852-exec-7]?[0;39m ?[36m.m.m.a.ExceptionHandlerExceptionResolver?[0;39m ?[2m:?[0;39m Using @ExceptionHandler account.exceptions.ControllerExceptionHandler#handlePasswordNotLongEnough(WebRequest)
?[0m?[0;34m?[2m2023-06-21T15:47:34.121-04:00?[0;39m ?[32mDEBUG?[0;39m ?[35m31896?[0;39m ?[2m---?[0;39m ?[2m[io-28852-exec-7]?[0;39m ?[36mo.s.w.s.m.m.a.HttpEntityMethodProcessor ?[0;39m ?[2m:?[0;39m Using 'application/json', given [*/*] and supported [application/json, application/*+json]
?[0m?[0;34m?[2m2023-06-21T15:47:34.121-04:00?[0;39m ?[32mDEBUG?[0;39m ?[35m31896?[0;39m ?[2m---?[0;39m ?[2m[io-28852-exec-7]?[0;39m ?[36mo.s.w.s.m.m.a.HttpEntityMethodProcessor ?[0;39m ?[2m:?[0;39m Writing [account.exceptions.CustomErrorMessage@20a16e75]
?[0m?[0;34m?[2m2023-06-21T15:47:34.122-04:00?[0;39m ?[32mDEBUG?[0;39m ?[35m31896?[0;39m ?[2m---?[0;39m ?[2m[io-28852-exec-7]?[0;39m ?[36m.m.m.a.ExceptionHandlerExceptionResolver?[0;39m ?[2m:?[0;39m Resolved [account.exceptions.BreachedPassword]
?[0m?[0;34m?[2m2023-06-21T15:47:34.122-04:00?[0;39m ?[32mDEBUG?[0;39m ?[35m31896?[0;39m ?[2m---?[0;39m ?[2m[io-28852-exec-7]?[0;39m ?[36mo.s.web.servlet.DispatcherServlet       ?[0;39m ?[2m:?[0;39m Completed 400 BAD_REQUEST
?[0m?[0;34m?[2m2023-06-21T15:47:34.126-04:00?[0;39m ?[32mDEBUG?[0;39m ?[35m31896?[0;39m ?[2m---?[0;39m ?[2m[io-28852-exec-8]?[0;39m ?[36ms.w.s.m.m.a.RequestMappingHandlerMapping?[0;39m ?[2m:?[0;39m Mapped to account.controllers.AuthenticationController#signUser(Employee)
?[0m?[0;34m?[2m2023-06-21T15:47:34.127-04:00?[0;39m ?[32mDEBUG?[0;39m ?[35m31896?[0;39m ?[2m---?[0;39m ?[2m[io-28852-exec-8]?[0;39m ?[36ms.w.s.m.m.a.RequestMappingHandlerMapping?[0;39m ?[2m:?[0;39m Mapped to account.controllers.AuthenticationController#signUser(Employee)
?[0m?[0;34m?[2m2023-06-21T15:47:34.127-04:00?[0;39m ?[32mDEBUG?[0;39m ?[35m31896?[0;39m ?[2m---?[0;39m ?[2m[io-28852-exec-8]?[0;39m ?[36mo.s.web.servlet.DispatcherServlet       ?[0;39m ?[2m:?[0;39m POST "/api/auth/signup", parameters={}
?[0m?[0;34m?[2m2023-06-21T15:47:34.127-04:00?[0;39m ?[32mDEBUG?[0;39m ?[35m31896?[0;39m ?[2m---?[0;39m ?[2m[io-28852-exec-8]?[0;39m ?[36ms.w.s.m.m.a.RequestMappingHandlerMapping?[0;39m ?[2m:?[0;39m Mapped to account.controllers.AuthenticationController#signUser(Employee)
?[0m?[0;34m?[2m2023-06-21T15:47:34.127-04:00?[0;39m ?[32mDEBUG?[0;39m ?[35m31896?[0;39m ?[2m---?[0;39m ?[2m[io-28852-exec-8]?[0;39m ?[36mm.m.a.RequestResponseBodyMethodProcessor?[0;39m ?[2m:?[0;39m Read "application/json;charset=UTF-8" to [User{id=0, name='John', lastName='Doe', email='JohnDoe@acme.com', password='PasswordForAugust'}]
?[0m?[0;34mHibernate: select e1_0.id,e1_0.email,e1_0.last_name,e1_0.name,e1_0.password,e1_0.role from employees e1_0
?[0m?[0;34m?[2m2023-06-21T15:47:34.130-04:00?[0;39m ?[32mDEBUG?[0;39m ?[35m31896?[0;39m ?[2m---?[0;39m ?[2m[io-28852-exec-8]?[0;39m ?[36m.m.m.a.ExceptionHandlerExceptionResolver?[0;39m ?[2m:?[0;39m Using @ExceptionHandler account.exceptions.ControllerExceptionHandler#handlePasswordNotLongEnough(WebRequest)
?[0m?[0;34m?[2m2023-06-21T15:47:34.130-04:00?[0;39m ?[32mDEBUG?[0;39m ?[35m31896?[0;39m ?[2m---?[0;39m ?[2m[io-28852-exec-8]?[0;39m ?[36mo.s.w.s.m.m.a.HttpEntityMethodProcessor ?[0;39m ?[2m:?[0;39m Using 'application/json', given [*/*] and supported [application/json, application/*+json]
?[0m?[0;34m?[2m2023-06-21T15:47:34.130-04:00?[0;39m ?[32mDEBUG?[0;39m ?[35m31896?[0;39m ?[2m---?[0;39m ?[2m[io-28852-exec-8]?[0;39m ?[36mo.s.w.s.m.m.a.HttpEntityMethodProcessor ?[0;39m ?[2m:?[0;39m Writing [account.exceptions.CustomErrorMessage@4e12a45f]
?[0m?[0;34m?[2m2023-06-21T15:47:34.131-04:00?[0;39m ?[32mDEBUG?[0;39m ?[35m31896?[0;39m ?[2m---?[0;39m ?[2m[io-28852-exec-8]?[0;39m ?[36m.m.m.a.ExceptionHandlerExceptionResolver?[0;39m ?[2m:?[0;39m Resolved [account.exceptions.BreachedPassword]
?[0m?[0;34m?[2m2023-06-21T15:47:34.131-04:00?[0;39m ?[32mDEBUG?[0;39m ?[35m31896?[0;39m ?[2m---?[0;39m ?[2m[io-28852-exec-8]?[0;39m ?[36mo.s.web.servlet.DispatcherServlet       ?[0;39m ?[2m:?[0;39m Completed 400 BAD_REQUEST
?[0m?[0;34m?[2m2023-06-21T15:47:34.135-04:00?[0;39m ?[32mDEBUG?[0;39m ?[35m31896?[0;39m ?[2m---?[0;39m ?[2m[io-28852-exec-9]?[0;39m ?[36ms.w.s.m.m.a.RequestMappingHandlerMapping?[0;39m ?[2m:?[0;39m Mapped to account.controllers.AuthenticationController#signUser(Employee)
?[0m?[0;34m?[2m2023-06-21T15:47:34.135-04:00?[0;39m ?[32mDEBUG?[0;39m ?[35m31896?[0;39m ?[2m---?[0;39m ?[2m[io-28852-exec-9]?[0;39m ?[36ms.w.s.m.m.a.RequestMappingHandlerMapping?[0;39m ?[2m:?[0;39m Mapped to account.controllers.AuthenticationController#signUser(Employee)
?[0m?[0;34m?[2m2023-06-21T15:47:34.136-04:00?[0;39m ?[32mDEBUG?[0;39m ?[35m31896?[0;39m ?[2m---?[0;39m ?[2m[io-28852-exec-9]?[0;39m ?[36mo.s.web.servlet.DispatcherServlet       ?[0;39m ?[2m:?[0;39m POST "/api/auth/signup", parameters={}
?[0m?[0;34m?[2m2023-06-21T15:47:34.136-04:00?[0;39m ?[32mDEBUG?[0;39m ?[35m31896?[0;39m ?[2m---?[0;39m ?[2m[io-28852-exec-9]?[0;39m ?[36ms.w.s.m.m.a.RequestMappingHandlerMapping?[0;39m ?[2m:?[0;39m Mapped to account.controllers.AuthenticationController#signUser(Employee)
?[0m?[0;34m?[2m2023-06-21T15:47:34.136-04:00?[0;39m ?[32mDEBUG?[0;39m ?[35m31896?[0;39m ?[2m---?[0;39m ?[2m[io-28852-exec-9]?[0;39m ?[36mm.m.a.RequestResponseBodyMethodProcessor?[0;39m ?[2m:?[0;39m Read "application/json;charset=UTF-8" to [User{id=0, name='John', lastName='Doe', email='JohnDoe@acme.com', password='PasswordForSeptember'}]
?[0m?[0;34mHibernate: select e1_0.id,e1_0.email,e1_0.last_name,e1_0.name,e1_0.password,e1_0.role from employees e1_0
?[0m?[0;34m?[2m2023-06-21T15:47:34.139-04:00?[0;39m ?[32mDEBUG?[0;39m ?[35m31896?[0;39m ?[2m---?[0;39m ?[2m[io-28852-exec-9]?[0;39m ?[36m.m.m.a.ExceptionHandlerExceptionResolver?[0;39m ?[2m:?[0;39m Using @ExceptionHandler account.exceptions.ControllerExceptionHandler#handlePasswordNotLongEnough(WebRequest)
?[0m?[0;34m?[2m2023-06-21T15:47:34.139-04:00?[0;39m ?[32mDEBUG?[0;39m ?[35m31896?[0;39m ?[2m---?[0;39m ?[2m[io-28852-exec-9]?[0;39m ?[36mo.s.w.s.m.m.a.HttpEntityMethodProcessor ?[0;39m ?[2m:?[0;39m Using 'application/json', given [*/*] and supported [application/json, application/*+json]
?[0m?[0;34m?[2m2023-06-21T15:47:34.139-04:00?[0;39m ?[32mDEBUG?[0;39m ?[35m31896?[0;39m ?[2m---?[0;39m ?[2m[io-28852-exec-9]?[0;39m ?[36mo.s.w.s.m.m.a.HttpEntityMethodProcessor ?[0;39m ?[2m:?[0;39m Writing [account.exceptions.CustomErrorMessage@3f19940b]
?[0m?[0;34m?[2m2023-06-21T15:47:34.139-04:00?[0;39m ?[32mDEBUG?[0;39m ?[35m31896?[0;39m ?[2m---?[0;39m ?[2m[io-28852-exec-9]?[0;39m ?[36m.m.m.a.ExceptionHandlerExceptionResolver?[0;39m ?[2m:?[0;39m Resolved [account.exceptions.BreachedPassword]
?[0m?[0;34m?[2m2023-06-21T15:47:34.139-04:00?[0;39m ?[32mDEBUG?[0;39m ?[35m31896?[0;39m ?[2m---?[0;39m ?[2m[io-28852-exec-9]?[0;39m ?[36mo.s.web.servlet.DispatcherServlet       ?[0;39m ?[2m:?[0;39m Completed 400 BAD_REQUEST
?[0m?[0;34m?[2m2023-06-21T15:47:34.146-04:00?[0;39m ?[32mDEBUG?[0;39m ?[35m31896?[0;39m ?[2m---?[0;39m ?[2m[o-28852-exec-10]?[0;39m ?[36ms.w.s.m.m.a.RequestMappingHandlerMapping?[0;39m ?[2m:?[0;39m Mapped to account.controllers.AuthenticationController#signUser(Employee)
?[0m?[0;34m?[2m2023-06-21T15:47:34.146-04:00?[0;39m ?[32mDEBUG?[0;39m ?[35m31896?[0;39m ?[2m---?[0;39m ?[2m[o-28852-exec-10]?[0;39m ?[36ms.w.s.m.m.a.RequestMappingHandlerMapping?[0;39m ?[2m:?[0;39m Mapped to account.controllers.AuthenticationController#signUser(Employee)
?[0m?[0;34m?[2m2023-06-21T15:47:34.147-04:00?[0;39m ?[32mDEBUG?[0;39m ?[35m31896?[0;39m ?[2m---?[0;39m ?[2m[o-28852-exec-10]?[0;39m ?[36mo.s.web.servlet.DispatcherServlet       ?[0;39m ?[2m:?[0;39m POST "/api/auth/signup", parameters={}
?[0m?[0;34m?[2m2023-06-21T15:47:34.147-04:00?[0;39m ?[32mDEBUG?[0;39m ?[35m31896?[0;39m ?[2m---?[0;39m ?[2m[o-28852-exec-10]?[0;39m ?[36ms.w.s.m.m.a.RequestMappingHandlerMapping?[0;39m ?[2m:?[0;39m Mapped to account.controllers.AuthenticationController#signUser(Employee)
?[0m?[0;34m?[2m2023-06-21T15:47:34.147-04:00?[0;39m ?[32mDEBUG?[0;39m ?[35m31896?[0;39m ?[2m---?[0;39m ?[2m[o-28852-exec-10]?[0;39m ?[36mm.m.a.RequestResponseBodyMethodProcessor?[0;39m ?[2m:?[0;39m Read "application/json;charset=UTF-8" to [User{id=0, name='John', lastName='Doe', email='JohnDoe@acme.com', password='PasswordForOctober'}]
?[0m?[0;34mHibernate: select e1_0.id,e1_0.email,e1_0.last_name,e1_0.name,e1_0.password,e1_0.role from employees e1_0
?[0m?[0;34m?[2m2023-06-21T15:47:34.149-04:00?[0;39m ?[32mDEBUG?[0;39m ?[35m31896?[0;39m ?[2m---?[0;39m ?[2m[o-28852-exec-10]?[0;39m ?[36m.m.m.a.ExceptionHandlerExceptionResolver?[0;39m ?[2m:?[0;39m Using @ExceptionHandler account.exceptions.ControllerExceptionHandler#handlePasswordNotLongEnough(WebRequest)
?[0m?[0;34m?[2m2023-06-21T15:47:34.149-04:00?[0;39m ?[32mDEBUG?[0;39m ?[35m31896?[0;39m ?[2m---?[0;39m ?[2m[o-28852-exec-10]?[0;39m ?[36mo.s.w.s.m.m.a.HttpEntityMethodProcessor ?[0;39m ?[2m:?[0;39m Using 'application/json', given [*/*] and supported [application/json, application/*+json]
?[0m?[0;34m?[2m2023-06-21T15:47:34.149-04:00?[0;39m ?[32mDEBUG?[0;39m ?[35m31896?[0;39m ?[2m---?[0;39m ?[2m[o-28852-exec-10]?[0;39m ?[36mo.s.w.s.m.m.a.HttpEntityMethodProcessor ?[0;39m ?[2m:?[0;39m Writing [account.exceptions.CustomErrorMessage@578b92c9]
?[0m?[0;34m?[2m2023-06-21T15:47:34.149-04:00?[0;39m ?[32mDEBUG?[0;39m ?[35m31896?[0;39m ?[2m---?[0;39m ?[2m[o-28852-exec-10]?[0;39m ?[36m.m.m.a.ExceptionHandlerExceptionResolver?[0;39m ?[2m:?[0;39m Resolved [account.exceptions.BreachedPassword]
?[0m?[0;34m?[2m2023-06-21T15:47:34.150-04:00?[0;39m ?[32mDEBUG?[0;39m ?[35m31896?[0;39m ?[2m---?[0;39m ?[2m[o-28852-exec-10]?[0;39m ?[36mo.s.web.servlet.DispatcherServlet       ?[0;39m ?[2m:?[0;39m Completed 400 BAD_REQUEST
?[0m?[0;34m?[2m2023-06-21T15:47:34.155-04:00?[0;39m ?[32mDEBUG?[0;39m ?[35m31896?[0;39m ?[2m---?[0;39m ?[2m[io-28852-exec-1]?[0;39m ?[36ms.w.s.m.m.a.RequestMappingHandlerMapping?[0;39m ?[2m:?[0;39m Mapped to account.controllers.AuthenticationController#signUser(Employee)
?[0m?[0;34m?[2m2023-06-21T15:47:34.155-04:00?[0;39m ?[32mDEBUG?[0;39m ?[35m31896?[0;39m ?[2m---?[0;39m ?[2m[io-28852-exec-1]?[0;39m ?[36ms.w.s.m.m.a.RequestMappingHandlerMapping?[0;39m ?[2m:?[0;39m Mapped to account.controllers.AuthenticationController#signUser(Employee)
?[0m?[0;34m?[2m2023-06-21T15:47:34.155-04:00?[0;39m ?[32mDEBUG?[0;39m ?[35m31896?[0;39m ?[2m---?[0;39m ?[2m[io-28852-exec-1]?[0;39m ?[36mo.s.web.servlet.DispatcherServlet       ?[0;39m ?[2m:?[0;39m POST "/api/auth/signup", parameters={}
?[0m?[0;34m?[2m2023-06-21T15:47:34.155-04:00?[0;39m ?[32mDEBUG?[0;39m ?[35m31896?[0;39m ?[2m---?[0;39m ?[2m[io-28852-exec-1]?[0;39m ?[36ms.w.s.m.m.a.RequestMappingHandlerMapping?[0;39m ?[2m:?[0;39m Mapped to account.controllers.AuthenticationController#signUser(Employee)
?[0m?[0;34m?[2m2023-06-21T15:47:34.156-04:00?[0;39m ?[32mDEBUG?[0;39m ?[35m31896?[0;39m ?[2m---?[0;39m ?[2m[io-28852-exec-1]?[0;39m ?[36mm.m.a.RequestResponseBodyMethodProcessor?[0;39m ?[2m:?[0;39m Read "application/json;charset=UTF-8" to [User{id=0, name='John', lastName='Doe', email='JohnDoe@acme.com', password='PasswordForNovember'}]
?[0m?[0;34mHibernate: select e1_0.id,e1_0.email,e1_0.last_name,e1_0.name,e1_0.password,e1_0.role from employees e1_0
?[0m?[0;34m?[2m2023-06-21T15:47:34.158-04:00?[0;39m ?[32mDEBUG?[0;39m ?[35m31896?[0;39m ?[2m---?[0;39m ?[2m[io-28852-exec-1]?[0;39m ?[36m.m.m.a.ExceptionHandlerExceptionResolver?[0;39m ?[2m:?[0;39m Using @ExceptionHandler account.exceptions.ControllerExceptionHandler#handlePasswordNotLongEnough(WebRequest)
?[0m?[0;34m?[2m2023-06-21T15:47:34.158-04:00?[0;39m ?[32mDEBUG?[0;39m ?[35m31896?[0;39m ?[2m---?[0;39m ?[2m[io-28852-exec-1]?[0;39m ?[36mo.s.w.s.m.m.a.HttpEntityMethodProcessor ?[0;39m ?[2m:?[0;39m Using 'application/json', given [*/*] and supported [application/json, application/*+json]
?[0m?[0;34m?[2m2023-06-21T15:47:34.158-04:00?[0;39m ?[32mDEBUG?[0;39m ?[35m31896?[0;39m ?[2m---?[0;39m ?[2m[io-28852-exec-1]?[0;39m ?[36mo.s.w.s.m.m.a.HttpEntityMethodProcessor ?[0;39m ?[2m:?[0;39m Writing [account.exceptions.CustomErrorMessage@3c36a5f2]
?[0m?[0;34m?[2m2023-06-21T15:47:34.158-04:00?[0;39m ?[32mDEBUG?[0;39m ?[35m31896?[0;39m ?[2m---?[0;39m ?[2m[io-28852-exec-1]?[0;39m ?[36m.m.m.a.ExceptionHandlerExceptionResolver?[0;39m ?[2m:?[0;39m Resolved [account.exceptions.BreachedPassword]
?[0m?[0;34m?[2m2023-06-21T15:47:34.158-04:00?[0;39m ?[32mDEBUG?[0;39m ?[35m31896?[0;39m ?[2m---?[0;39m ?[2m[io-28852-exec-1]?[0;39m ?[36mo.s.web.servlet.DispatcherServlet       ?[0;39m ?[2m:?[0;39m Completed 400 BAD_REQUEST
?[0m?[0;34m?[2m2023-06-21T15:47:34.165-04:00?[0;39m ?[32mDEBUG?[0;39m ?[35m31896?[0;39m ?[2m---?[0;39m ?[2m[io-28852-exec-2]?[0;39m ?[36ms.w.s.m.m.a.RequestMappingHandlerMapping?[0;39m ?[2m:?[0;39m Mapped to account.controllers.AuthenticationController#signUser(Employee)
?[0m?[0;34m?[2m2023-06-21T15:47:34.165-04:00?[0;39m ?[32mDEBUG?[0;39m ?[35m31896?[0;39m ?[2m---?[0;39m ?[2m[io-28852-exec-2]?[0;39m ?[36ms.w.s.m.m.a.RequestMappingHandlerMapping?[0;39m ?[2m:?[0;39m Mapped to account.controllers.AuthenticationController#signUser(Employee)
?[0m?[0;34m?[2m2023-06-21T15:47:34.166-04:00?[0;39m ?[32mDEBUG?[0;39m ?[35m31896?[0;39m ?[2m---?[0;39m ?[2m[io-28852-exec-2]?[0;39m ?[36mo.s.web.servlet.DispatcherServlet       ?[0;39m ?[2m:?[0;39m POST "/api/auth/signup", parameters={}
?[0m?[0;34m?[2m2023-06-21T15:47:34.166-04:00?[0;39m ?[32mDEBUG?[0;39m ?[35m31896?[0;39m ?[2m---?[0;39m ?[2m[io-28852-exec-2]?[0;39m ?[36ms.w.s.m.m.a.RequestMappingHandlerMapping?[0;39m ?[2m:?[0;39m Mapped to account.controllers.AuthenticationController#signUser(Employee)
?[0m?[0;34m?[2m2023-06-21T15:47:34.167-04:00?[0;39m ?[32mDEBUG?[0;39m ?[35m31896?[0;39m ?[2m---?[0;39m ?[2m[io-28852-exec-2]?[0;39m ?[36mm.m.a.RequestResponseBodyMethodProcessor?[0;39m ?[2m:?[0;39m Read "application/json;charset=UTF-8" to [User{id=0, name='John', lastName='Doe', email='JohnDoe@acme.com', password='PasswordForDecember'}]
?[0m?[0;34mHibernate: select e1_0.id,e1_0.email,e1_0.last_name,e1_0.name,e1_0.password,e1_0.role from employees e1_0
?[0m?[0;34m?[2m2023-06-21T15:47:34.169-04:00?[0;39m ?[32mDEBUG?[0;39m ?[35m31896?[0;39m ?[2m---?[0;39m ?[2m[io-28852-exec-2]?[0;39m ?[36m.m.m.a.ExceptionHandlerExceptionResolver?[0;39m ?[2m:?[0;39m Using @ExceptionHandler account.exceptions.ControllerExceptionHandler#handlePasswordNotLongEnough(WebRequest)
?[0m?[0;34m?[2m2023-06-21T15:47:34.169-04:00?[0;39m ?[32mDEBUG?[0;39m ?[35m31896?[0;39m ?[2m---?[0;39m ?[2m[io-28852-exec-2]?[0;39m ?[36mo.s.w.s.m.m.a.HttpEntityMethodProcessor ?[0;39m ?[2m:?[0;39m Using 'application/json', given [*/*] and supported [application/json, application/*+json]
?[0m?[0;34m?[2m2023-06-21T15:47:34.169-04:00?[0;39m ?[32mDEBUG?[0;39m ?[35m31896?[0;39m ?[2m---?[0;39m ?[2m[io-28852-exec-2]?[0;39m ?[36mo.s.w.s.m.m.a.HttpEntityMethodProcessor ?[0;39m ?[2m:?[0;39m Writing [account.exceptions.CustomErrorMessage@7b41da99]
?[0m?[0;34m?[2m2023-06-21T15:47:34.169-04:00?[0;39m ?[32mDEBUG?[0;39m ?[35m31896?[0;39m ?[2m---?[0;39m ?[2m[io-28852-exec-2]?[0;39m ?[36m.m.m.a.ExceptionHandlerExceptionResolver?[0;39m ?[2m:?[0;39m Resolved [account.exceptions.BreachedPassword]
?[0m?[0;34m?[2m2023-06-21T15:47:34.169-04:00?[0;39m ?[32mDEBUG?[0;39m ?[35m31896?[0;39m ?[2m---?[0;39m ?[2m[io-28852-exec-2]?[0;39m ?[36mo.s.web.servlet.DispatcherServlet       ?[0;39m ?[2m:?[0;39m Completed 400 BAD_REQUEST
?[1;31m
Start test 12?[0m
?[0m?[0;34m?[2m2023-06-21T15:47:34.176-04:00?[0;39m ?[32mDEBUG?[0;39m ?[35m31896?[0;39m ?[2m---?[0;39m ?[2m[io-28852-exec-3]?[0;39m ?[36ms.w.s.m.m.a.RequestMappingHandlerMapping?[0;39m ?[2m:?[0;39m Mapped to account.controllers.AuthenticationController#signUser(Employee)
?[0m?[0;34m?[2m2023-06-21T15:47:34.176-04:00?[0;39m ?[32mDEBUG?[0;39m ?[35m31896?[0;39m ?[2m---?[0;39m ?[2m[io-28852-exec-3]?[0;39m ?[36ms.w.s.m.m.a.RequestMappingHandlerMapping?[0;39m ?[2m:?[0;39m Mapped to account.controllers.AuthenticationController#signUser(Employee)
?[0m?[0;34m?[2m2023-06-21T15:47:34.177-04:00?[0;39m ?[32mDEBUG?[0;39m ?[35m31896?[0;39m ?[2m---?[0;39m ?[2m[io-28852-exec-3]?[0;39m ?[36mo.s.web.servlet.DispatcherServlet       ?[0;39m ?[2m:?[0;39m POST "/api/auth/signup", parameters={}
?[0m?[0;34m?[2m2023-06-21T15:47:34.177-04:00?[0;39m ?[32mDEBUG?[0;39m ?[35m31896?[0;39m ?[2m---?[0;39m ?[2m[io-28852-exec-3]?[0;39m ?[36ms.w.s.m.m.a.RequestMappingHandlerMapping?[0;39m ?[2m:?[0;39m Mapped to account.controllers.AuthenticationController#signUser(Employee)
?[0m?[0;34m?[2m2023-06-21T15:47:34.177-04:00?[0;39m ?[32mDEBUG?[0;39m ?[35m31896?[0;39m ?[2m---?[0;39m ?[2m[io-28852-exec-3]?[0;39m ?[36mm.m.a.RequestResponseBodyMethodProcessor?[0;39m ?[2m:?[0;39m Read "application/json;charset=UTF-8" to [User{id=0, name='John', lastName='Doe', email='JohnDoe@acme.com', password='oMoa3VvqnLxW'}]
?[0m?[0;34mHibernate: select e1_0.id,e1_0.email,e1_0.last_name,e1_0.name,e1_0.password,e1_0.role from employees e1_0
?[0m?[0;34mHibernate: insert into employees (id, email, last_name, name, password, role) values (default, ?, ?, ?, ?, ?)
?[0m?[0;34mHibernate: select u1_0.username,u1_0.enabled,u1_0.password from users u1_0 where u1_0.username=?
?[0m?[0;34mHibernate: insert into users (enabled, password, username) values (?, ?, ?)
?[0m?[0;34mHibernate: select a1_0.username,a1_0.authority from authorities a1_0 where a1_0.username=?
?[0m?[0;34mHibernate: insert into authorities (authority, username) values (?, ?)
?[0m?[0;34m?[2m2023-06-21T15:47:34.810-04:00?[0;39m ?[32mDEBUG?[0;39m ?[35m31896?[0;39m ?[2m---?[0;39m ?[2m[io-28852-exec-3]?[0;39m ?[36mo.s.w.s.m.m.a.HttpEntityMethodProcessor ?[0;39m ?[2m:?[0;39m Using 'application/json', given [*/*] and supported [application/json, application/*+json]
?[0m?[0;34m?[2m2023-06-21T15:47:34.810-04:00?[0;39m ?[32mDEBUG?[0;39m ?[35m31896?[0;39m ?[2m---?[0;39m ?[2m[io-28852-exec-3]?[0;39m ?[36mo.s.w.s.m.m.a.HttpEntityMethodProcessor ?[0;39m ?[2m:?[0;39m Writing [User{id=1, name='John', lastName='Doe', email='johndoe@acme.com', password='$2a$13$P1.n9yOaXHL9PXokt (truncated)...]
?[0m?[0;34m?[2m2023-06-21T15:47:34.811-04:00?[0;39m ?[32mDEBUG?[0;39m ?[35m31896?[0;39m ?[2m---?[0;39m ?[2m[io-28852-exec-3]?[0;39m ?[36mo.s.web.servlet.DispatcherServlet       ?[0;39m ?[2m:?[0;39m Completed 200 OK
?[0m?[0;34m?[2m2023-06-21T15:47:34.817-04:00?[0;39m ?[32mDEBUG?[0;39m ?[35m31896?[0;39m ?[2m---?[0;39m ?[2m[io-28852-exec-4]?[0;39m ?[36ms.w.s.m.m.a.RequestMappingHandlerMapping?[0;39m ?[2m:?[0;39m Mapped to account.controllers.AuthenticationController#signUser(Employee)
?[0m?[0;34m?[2m2023-06-21T15:47:34.818-04:00?[0;39m ?[32mDEBUG?[0;39m ?[35m31896?[0;39m ?[2m---?[0;39m ?[2m[io-28852-exec-4]?[0;39m ?[36ms.w.s.m.m.a.RequestMappingHandlerMapping?[0;39m ?[2m:?[0;39m Mapped to account.controllers.AuthenticationController#signUser(Employee)
?[0m?[0;34m?[2m2023-06-21T15:47:34.818-04:00?[0;39m ?[32mDEBUG?[0;39m ?[35m31896?[0;39m ?[2m---?[0;39m ?[2m[io-28852-exec-4]?[0;39m ?[36mo.s.web.servlet.DispatcherServlet       ?[0;39m ?[2m:?[0;39m POST "/api/auth/signup", parameters={}
?[0m?[0;34m?[2m2023-06-21T15:47:34.818-04:00?[0;39m ?[32mDEBUG?[0;39m ?[35m31896?[0;39m ?[2m---?[0;39m ?[2m[io-28852-exec-4]?[0;39m ?[36ms.w.s.m.m.a.RequestMappingHandlerMapping?[0;39m ?[2m:?[0;39m Mapped to account.controllers.AuthenticationController#signUser(Employee)
?[0m?[0;34m?[2m2023-06-21T15:47:34.818-04:00?[0;39m ?[32mDEBUG?[0;39m ?[35m31896?[0;39m ?[2m---?[0;39m ?[2m[io-28852-exec-4]?[0;39m ?[36mm.m.a.RequestResponseBodyMethodProcessor?[0;39m ?[2m:?[0;39m Read "application/json;charset=UTF-8" to [User{id=0, name='John', lastName='Doe', email='JohnDoe@acme.com', password='oMoa3VvqnLxW'}]
?[0m?[0;34mHibernate: select e1_0.id,e1_0.email,e1_0.last_name,e1_0.name,e1_0.password,e1_0.role from employees e1_0
?[0m?[0;34m?[2m2023-06-21T15:47:34.825-04:00?[0;39m ?[32mDEBUG?[0;39m ?[35m31896?[0;39m ?[2m---?[0;39m ?[2m[io-28852-exec-4]?[0;39m ?[36m.m.m.a.ExceptionHandlerExceptionResolver?[0;39m ?[2m:?[0;39m Using @ExceptionHandler account.exceptions.ControllerExceptionHandler#handleUserExists(UserExistException, WebRequest)
?[0m?[0;34m?[2m2023-06-21T15:47:34.825-04:00?[0;39m ?[32mDEBUG?[0;39m ?[35m31896?[0;39m ?[2m---?[0;39m ?[2m[io-28852-exec-4]?[0;39m ?[36mo.s.w.s.m.m.a.HttpEntityMethodProcessor ?[0;39m ?[2m:?[0;39m Using 'application/json', given [*/*] and supported [application/json, application/*+json]
?[0m?[0;34m?[2m2023-06-21T15:47:34.825-04:00?[0;39m ?[32mDEBUG?[0;39m ?[35m31896?[0;39m ?[2m---?[0;39m ?[2m[io-28852-exec-4]?[0;39m ?[36mo.s.w.s.m.m.a.HttpEntityMethodProcessor ?[0;39m ?[2m:?[0;39m Writing [account.exceptions.CustomErrorMessage@1ad3482]
?[0m?[0;34m?[2m2023-06-21T15:47:34.826-04:00?[0;39m ?[32mDEBUG?[0;39m ?[35m31896?[0;39m ?[2m---?[0;39m ?[2m[io-28852-exec-4]?[0;39m ?[36m.m.m.a.ExceptionHandlerExceptionResolver?[0;39m ?[2m:?[0;39m Resolved [account.exceptions.UserExistException]
?[0m?[0;34m?[2m2023-06-21T15:47:34.826-04:00?[0;39m ?[32mDEBUG?[0;39m ?[35m31896?[0;39m ?[2m---?[0;39m ?[2m[io-28852-exec-4]?[0;39m ?[36mo.s.web.servlet.DispatcherServlet       ?[0;39m ?[2m:?[0;39m Completed 400 BAD_REQUEST
?[1;31m
Start test 13?[0m
?[0m?[0;34m?[2m2023-06-21T15:47:34.836-04:00?[0;39m ?[32mDEBUG?[0;39m ?[35m31896?[0;39m ?[2m---?[0;39m ?[2m[io-28852-exec-5]?[0;39m ?[36ms.w.s.m.m.a.RequestMappingHandlerMapping?[0;39m ?[2m:?[0;39m Mapped to account.controllers.AuthenticationController#signUser(Employee)
?[0m?[0;34m?[2m2023-06-21T15:47:34.836-04:00?[0;39m ?[32mDEBUG?[0;39m ?[35m31896?[0;39m ?[2m---?[0;39m ?[2m[io-28852-exec-5]?[0;39m ?[36ms.w.s.m.m.a.RequestMappingHandlerMapping?[0;39m ?[2m:?[0;39m Mapped to account.controllers.AuthenticationController#signUser(Employee)
?[0m?[0;34m?[2m2023-06-21T15:47:34.836-04:00?[0;39m ?[32mDEBUG?[0;39m ?[35m31896?[0;39m ?[2m---?[0;39m ?[2m[io-28852-exec-5]?[0;39m ?[36mo.s.web.servlet.DispatcherServlet       ?[0;39m ?[2m:?[0;39m POST "/api/auth/signup", parameters={}
?[0m?[0;34m?[2m2023-06-21T15:47:34.836-04:00?[0;39m ?[32mDEBUG?[0;39m ?[35m31896?[0;39m ?[2m---?[0;39m ?[2m[io-28852-exec-5]?[0;39m ?[36ms.w.s.m.m.a.RequestMappingHandlerMapping?[0;39m ?[2m:?[0;39m Mapped to account.controllers.AuthenticationController#signUser(Employee)
?[0m?[0;34m?[2m2023-06-21T15:47:34.837-04:00?[0;39m ?[32mDEBUG?[0;39m ?[35m31896?[0;39m ?[2m---?[0;39m ?[2m[io-28852-exec-5]?[0;39m ?[36mm.m.a.RequestResponseBodyMethodProcessor?[0;39m ?[2m:?[0;39m Read "application/json;charset=UTF-8" to [User{id=0, name='John', lastName='Doe', email='JohnDoe@acme.com', password='oMoa3VvqnLxW'}]
?[0m?[0;34mHibernate: select e1_0.id,e1_0.email,e1_0.last_name,e1_0.name,e1_0.password,e1_0.role from employees e1_0
?[0m?[0;34m?[2m2023-06-21T15:47:34.839-04:00?[0;39m ?[32mDEBUG?[0;39m ?[35m31896?[0;39m ?[2m---?[0;39m ?[2m[io-28852-exec-5]?[0;39m ?[36m.m.m.a.ExceptionHandlerExceptionResolver?[0;39m ?[2m:?[0;39m Using @ExceptionHandler account.exceptions.ControllerExceptionHandler#handleUserExists(UserExistException, WebRequest)
?[0m?[0;34m?[2m2023-06-21T15:47:34.840-04:00?[0;39m ?[32mDEBUG?[0;39m ?[35m31896?[0;39m ?[2m---?[0;39m ?[2m[io-28852-exec-5]?[0;39m ?[36mo.s.w.s.m.m.a.HttpEntityMethodProcessor ?[0;39m ?[2m:?[0;39m Using 'application/json', given [*/*] and supported [application/json, application/*+json]
?[0m?[0;34m?[2m2023-06-21T15:47:34.840-04:00?[0;39m ?[32mDEBUG?[0;39m ?[35m31896?[0;39m ?[2m---?[0;39m ?[2m[io-28852-exec-5]?[0;39m ?[36mo.s.w.s.m.m.a.HttpEntityMethodProcessor ?[0;39m ?[2m:?[0;39m Writing [account.exceptions.CustomErrorMessage@607f4bf3]
?[0m?[0;34m?[2m2023-06-21T15:47:34.840-04:00?[0;39m ?[32mDEBUG?[0;39m ?[35m31896?[0;39m ?[2m---?[0;39m ?[2m[io-28852-exec-5]?[0;39m ?[36m.m.m.a.ExceptionHandlerExceptionResolver?[0;39m ?[2m:?[0;39m Resolved [account.exceptions.UserExistException]
?[0m?[0;34m?[2m2023-06-21T15:47:34.841-04:00?[0;39m ?[32mDEBUG?[0;39m ?[35m31896?[0;39m ?[2m---?[0;39m ?[2m[io-28852-exec-5]?[0;39m ?[36mo.s.web.servlet.DispatcherServlet       ?[0;39m ?[2m:?[0;39m Completed 400 BAD_REQUEST
?[1;31m
Start test 14?[0m
?[0m?[0;34m?[2m2023-06-21T15:47:34.847-04:00?[0;39m ?[32mDEBUG?[0;39m ?[35m31896?[0;39m ?[2m---?[0;39m ?[2m[io-28852-exec-6]?[0;39m ?[36ms.w.s.m.m.a.RequestMappingHandlerMapping?[0;39m ?[2m:?[0;39m Mapped to account.controllers.AuthenticationController#signUser(Employee)
?[0m?[0;34m?[2m2023-06-21T15:47:34.847-04:00?[0;39m ?[32mDEBUG?[0;39m ?[35m31896?[0;39m ?[2m---?[0;39m ?[2m[io-28852-exec-6]?[0;39m ?[36ms.w.s.m.m.a.RequestMappingHandlerMapping?[0;39m ?[2m:?[0;39m Mapped to account.controllers.AuthenticationController#signUser(Employee)
?[0m?[0;34m?[2m2023-06-21T15:47:34.848-04:00?[0;39m ?[32mDEBUG?[0;39m ?[35m31896?[0;39m ?[2m---?[0;39m ?[2m[io-28852-exec-6]?[0;39m ?[36mo.s.web.servlet.DispatcherServlet       ?[0;39m ?[2m:?[0;39m POST "/api/auth/signup", parameters={}
?[0m?[0;34m?[2m2023-06-21T15:47:34.848-04:00?[0;39m ?[32mDEBUG?[0;39m ?[35m31896?[0;39m ?[2m---?[0;39m ?[2m[io-28852-exec-6]?[0;39m ?[36ms.w.s.m.m.a.RequestMappingHandlerMapping?[0;39m ?[2m:?[0;39m Mapped to account.controllers.AuthenticationController#signUser(Employee)
?[0m?[0;34m?[2m2023-06-21T15:47:34.848-04:00?[0;39m ?[32mDEBUG?[0;39m ?[35m31896?[0;39m ?[2m---?[0;39m ?[2m[io-28852-exec-6]?[0;39m ?[36mm.m.a.RequestResponseBodyMethodProcessor?[0;39m ?[2m:?[0;39m Read "application/json;charset=UTF-8" to [User{id=0, name='John', lastName='Doe', email='JohnDoe@acme.com', password='oMoa3VvqnLxW'}]
?[0m?[0;34mHibernate: select e1_0.id,e1_0.email,e1_0.last_name,e1_0.name,e1_0.password,e1_0.role from employees e1_0
?[0m?[0;34m?[2m2023-06-21T15:47:34.851-04:00?[0;39m ?[32mDEBUG?[0;39m ?[35m31896?[0;39m ?[2m---?[0;39m ?[2m[io-28852-exec-6]?[0;39m ?[36m.m.m.a.ExceptionHandlerExceptionResolver?[0;39m ?[2m:?[0;39m Using @ExceptionHandler account.exceptions.ControllerExceptionHandler#handleUserExists(UserExistException, WebRequest)
?[0m?[0;34m?[2m2023-06-21T15:47:34.852-04:00?[0;39m ?[32mDEBUG?[0;39m ?[35m31896?[0;39m ?[2m---?[0;39m ?[2m[io-28852-exec-6]?[0;39m ?[36mo.s.w.s.m.m.a.HttpEntityMethodProcessor ?[0;39m ?[2m:?[0;39m Using 'application/json', given [*/*] and supported [application/json, application/*+json]
?[0m?[0;34m?[2m2023-06-21T15:47:34.852-04:00?[0;39m ?[32mDEBUG?[0;39m ?[35m31896?[0;39m ?[2m---?[0;39m ?[2m[io-28852-exec-6]?[0;39m ?[36mo.s.w.s.m.m.a.HttpEntityMethodProcessor ?[0;39m ?[2m:?[0;39m Writing [account.exceptions.CustomErrorMessage@5866aa6b]
?[0m?[0;34m?[2m2023-06-21T15:47:34.852-04:00?[0;39m ?[32mDEBUG?[0;39m ?[35m31896?[0;39m ?[2m---?[0;39m ?[2m[io-28852-exec-6]?[0;39m ?[36m.m.m.a.ExceptionHandlerExceptionResolver?[0;39m ?[2m:?[0;39m Resolved [account.exceptions.UserExistException]
?[0m?[0;34m?[2m2023-06-21T15:47:34.852-04:00?[0;39m ?[32mDEBUG?[0;39m ?[35m31896?[0;39m ?[2m---?[0;39m ?[2m[io-28852-exec-6]?[0;39m ?[36mo.s.web.servlet.DispatcherServlet       ?[0;39m ?[2m:?[0;39m Completed 400 BAD_REQUEST
?[1;31m
Start test 15?[0m
?[0m?[0;34m?[2m2023-06-21T15:47:34.859-04:00?[0;39m ?[32mDEBUG?[0;39m ?[35m31896?[0;39m ?[2m---?[0;39m ?[2m[io-28852-exec-7]?[0;39m ?[36ms.w.s.m.m.a.RequestMappingHandlerMapping?[0;39m ?[2m:?[0;39m Mapped to account.controllers.AuthenticationController#signUser(Employee)
?[0m?[0;34m?[2m2023-06-21T15:47:34.859-04:00?[0;39m ?[32mDEBUG?[0;39m ?[35m31896?[0;39m ?[2m---?[0;39m ?[2m[io-28852-exec-7]?[0;39m ?[36ms.w.s.m.m.a.RequestMappingHandlerMapping?[0;39m ?[2m:?[0;39m Mapped to account.controllers.AuthenticationController#signUser(Employee)
?[0m?[0;34m?[2m2023-06-21T15:47:34.859-04:00?[0;39m ?[32mDEBUG?[0;39m ?[35m31896?[0;39m ?[2m---?[0;39m ?[2m[io-28852-exec-7]?[0;39m ?[36mo.s.web.servlet.DispatcherServlet       ?[0;39m ?[2m:?[0;39m POST "/api/auth/signup", parameters={}
?[0m?[0;34m?[2m2023-06-21T15:47:34.859-04:00?[0;39m ?[32mDEBUG?[0;39m ?[35m31896?[0;39m ?[2m---?[0;39m ?[2m[io-28852-exec-7]?[0;39m ?[36ms.w.s.m.m.a.RequestMappingHandlerMapping?[0;39m ?[2m:?[0;39m Mapped to account.controllers.AuthenticationController#signUser(Employee)
?[0m?[0;34m?[2m2023-06-21T15:47:34.860-04:00?[0;39m ?[32mDEBUG?[0;39m ?[35m31896?[0;39m ?[2m---?[0;39m ?[2m[io-28852-exec-7]?[0;39m ?[36mm.m.a.RequestResponseBodyMethodProcessor?[0;39m ?[2m:?[0;39m Read "application/json;charset=UTF-8" to [User{id=0, name='John', lastName='Doe', email='johndoe@acme.com', password='oMoa3VvqnLxW'}]
?[0m?[0;34mHibernate: select e1_0.id,e1_0.email,e1_0.last_name,e1_0.name,e1_0.password,e1_0.role from employees e1_0
?[0m?[0;34m?[2m2023-06-21T15:47:34.862-04:00?[0;39m ?[32mDEBUG?[0;39m ?[35m31896?[0;39m ?[2m---?[0;39m ?[2m[io-28852-exec-7]?[0;39m ?[36m.m.m.a.ExceptionHandlerExceptionResolver?[0;39m ?[2m:?[0;39m Using @ExceptionHandler account.exceptions.ControllerExceptionHandler#handleUserExists(UserExistException, WebRequest)
?[0m?[0;34m?[2m2023-06-21T15:47:34.862-04:00?[0;39m ?[32mDEBUG?[0;39m ?[35m31896?[0;39m ?[2m---?[0;39m ?[2m[io-28852-exec-7]?[0;39m ?[36mo.s.w.s.m.m.a.HttpEntityMethodProcessor ?[0;39m ?[2m:?[0;39m Using 'application/json', given [*/*] and supported [application/json, application/*+json]
?[0m?[0;34m?[2m2023-06-21T15:47:34.862-04:00?[0;39m ?[32mDEBUG?[0;39m ?[35m31896?[0;39m ?[2m---?[0;39m ?[2m[io-28852-exec-7]?[0;39m ?[36mo.s.w.s.m.m.a.HttpEntityMethodProcessor ?[0;39m ?[2m:?[0;39m Writing [account.exceptions.CustomErrorMessage@5f031687]
?[0m?[0;34m?[2m2023-06-21T15:47:34.864-04:00?[0;39m ?[32mDEBUG?[0;39m ?[35m31896?[0;39m ?[2m---?[0;39m ?[2m[io-28852-exec-7]?[0;39m ?[36m.m.m.a.ExceptionHandlerExceptionResolver?[0;39m ?[2m:?[0;39m Resolved [account.exceptions.UserExistException]
?[0m?[0;34m?[2m2023-06-21T15:47:34.864-04:00?[0;39m ?[32mDEBUG?[0;39m ?[35m31896?[0;39m ?[2m---?[0;39m ?[2m[io-28852-exec-7]?[0;39m ?[36mo.s.web.servlet.DispatcherServlet       ?[0;39m ?[2m:?[0;39m Completed 400 BAD_REQUEST
?[1;31m
Start test 16?[0m
?[0m?[0;34m?[2m2023-06-21T15:47:34.871-04:00?[0;39m ?[32mDEBUG?[0;39m ?[35m31896?[0;39m ?[2m---?[0;39m ?[2m[io-28852-exec-8]?[0;39m ?[36ms.w.s.m.m.a.RequestMappingHandlerMapping?[0;39m ?[2m:?[0;39m Mapped to account.controllers.AuthenticationController#signUser(Employee)
?[0m?[0;34m?[2m2023-06-21T15:47:34.871-04:00?[0;39m ?[32mDEBUG?[0;39m ?[35m31896?[0;39m ?[2m---?[0;39m ?[2m[io-28852-exec-8]?[0;39m ?[36ms.w.s.m.m.a.RequestMappingHandlerMapping?[0;39m ?[2m:?[0;39m Mapped to account.controllers.AuthenticationController#signUser(Employee)
?[0m?[0;34m?[2m2023-06-21T15:47:34.871-04:00?[0;39m ?[32mDEBUG?[0;39m ?[35m31896?[0;39m ?[2m---?[0;39m ?[2m[io-28852-exec-8]?[0;39m ?[36mo.s.web.servlet.DispatcherServlet       ?[0;39m ?[2m:?[0;39m POST "/api/auth/signup", parameters={}
?[0m?[0;34m?[2m2023-06-21T15:47:34.871-04:00?[0;39m ?[32mDEBUG?[0;39m ?[35m31896?[0;39m ?[2m---?[0;39m ?[2m[io-28852-exec-8]?[0;39m ?[36ms.w.s.m.m.a.RequestMappingHandlerMapping?[0;39m ?[2m:?[0;39m Mapped to account.controllers.AuthenticationController#signUser(Employee)
?[0m?[0;34m?[2m2023-06-21T15:47:34.872-04:00?[0;39m ?[32mDEBUG?[0;39m ?[35m31896?[0;39m ?[2m---?[0;39m ?[2m[io-28852-exec-8]?[0;39m ?[36mm.m.a.RequestResponseBodyMethodProcessor?[0;39m ?[2m:?[0;39m Read "application/json;charset=UTF-8" to [User{id=0, name='Max', lastName='Mustermann', email='maxmustermann@acme.com', password='ai0y9bMvyF6G (truncated)...]
?[0m?[0;34mHibernate: select e1_0.id,e1_0.email,e1_0.last_name,e1_0.name,e1_0.password,e1_0.role from employees e1_0
?[0m?[0;34mHibernate: insert into employees (id, email, last_name, name, password, role) values (default, ?, ?, ?, ?, ?)
?[0m?[0;34mHibernate: select u1_0.username,u1_0.enabled,u1_0.password from users u1_0 where u1_0.username=?
?[0m?[0;34mHibernate: insert into users (enabled, password, username) values (?, ?, ?)
?[0m?[0;34mHibernate: select a1_0.username,a1_0.authority from authorities a1_0 where a1_0.username=?
?[0m?[0;34mHibernate: insert into authorities (authority, username) values (?, ?)
?[0m?[0;34m?[2m2023-06-21T15:47:35.363-04:00?[0;39m ?[32mDEBUG?[0;39m ?[35m31896?[0;39m ?[2m---?[0;39m ?[2m[io-28852-exec-8]?[0;39m ?[36mo.s.w.s.m.m.a.HttpEntityMethodProcessor ?[0;39m ?[2m:?[0;39m Using 'application/json', given [*/*] and supported [application/json, application/*+json]
?[0m?[0;34m?[2m2023-06-21T15:47:35.364-04:00?[0;39m ?[32mDEBUG?[0;39m ?[35m31896?[0;39m ?[2m---?[0;39m ?[2m[io-28852-exec-8]?[0;39m ?[36mo.s.w.s.m.m.a.HttpEntityMethodProcessor ?[0;39m ?[2m:?[0;39m Writing [User{id=2, name='Max', lastName='Mustermann', email='maxmustermann@acme.com', password='$2a$13$tz.LZ (truncated)...]
?[0m?[0;34m?[2m2023-06-21T15:47:35.364-04:00?[0;39m ?[32mDEBUG?[0;39m ?[35m31896?[0;39m ?[2m---?[0;39m ?[2m[io-28852-exec-8]?[0;39m ?[36mo.s.web.servlet.DispatcherServlet       ?[0;39m ?[2m:?[0;39m Completed 200 OK
?[0m?[0;34m?[2m2023-06-21T15:47:35.370-04:00?[0;39m ?[32mDEBUG?[0;39m ?[35m31896?[0;39m ?[2m---?[0;39m ?[2m[io-28852-exec-9]?[0;39m ?[36ms.w.s.m.m.a.RequestMappingHandlerMapping?[0;39m ?[2m:?[0;39m Mapped to account.controllers.AuthenticationController#signUser(Employee)
?[0m?[0;34m?[2m2023-06-21T15:47:35.370-04:00?[0;39m ?[32mDEBUG?[0;39m ?[35m31896?[0;39m ?[2m---?[0;39m ?[2m[io-28852-exec-9]?[0;39m ?[36ms.w.s.m.m.a.RequestMappingHandlerMapping?[0;39m ?[2m:?[0;39m Mapped to account.controllers.AuthenticationController#signUser(Employee)
?[0m?[0;34m?[2m2023-06-21T15:47:35.370-04:00?[0;39m ?[32mDEBUG?[0;39m ?[35m31896?[0;39m ?[2m---?[0;39m ?[2m[io-28852-exec-9]?[0;39m ?[36mo.s.web.servlet.DispatcherServlet       ?[0;39m ?[2m:?[0;39m POST "/api/auth/signup", parameters={}
?[0m?[0;34m?[2m2023-06-21T15:47:35.371-04:00?[0;39m ?[32mDEBUG?[0;39m ?[35m31896?[0;39m ?[2m---?[0;39m ?[2m[io-28852-exec-9]?[0;39m ?[36ms.w.s.m.m.a.RequestMappingHandlerMapping?[0;39m ?[2m:?[0;39m Mapped to account.controllers.AuthenticationController#signUser(Employee)
?[0m?[0;34m?[2m2023-06-21T15:47:35.371-04:00?[0;39m ?[32mDEBUG?[0;39m ?[35m31896?[0;39m ?[2m---?[0;39m ?[2m[io-28852-exec-9]?[0;39m ?[36mm.m.a.RequestResponseBodyMethodProcessor?[0;39m ?[2m:?[0;39m Read "application/json;charset=UTF-8" to [User{id=0, name='Max', lastName='Mustermann', email='maxmustermann@acme.com', password='ai0y9bMvyF6G (truncated)...]
?[0m?[0;34mHibernate: select e1_0.id,e1_0.email,e1_0.last_name,e1_0.name,e1_0.password,e1_0.role from employees e1_0
?[0m?[0;34m?[2m2023-06-21T15:47:35.373-04:00?[0;39m ?[32mDEBUG?[0;39m ?[35m31896?[0;39m ?[2m---?[0;39m ?[2m[io-28852-exec-9]?[0;39m ?[36m.m.m.a.ExceptionHandlerExceptionResolver?[0;39m ?[2m:?[0;39m Using @ExceptionHandler account.exceptions.ControllerExceptionHandler#handleUserExists(UserExistException, WebRequest)
?[0m?[0;34m?[2m2023-06-21T15:47:35.373-04:00?[0;39m ?[32mDEBUG?[0;39m ?[35m31896?[0;39m ?[2m---?[0;39m ?[2m[io-28852-exec-9]?[0;39m ?[36mo.s.w.s.m.m.a.HttpEntityMethodProcessor ?[0;39m ?[2m:?[0;39m Using 'application/json', given [*/*] and supported [application/json, application/*+json]
?[0m?[0;34m?[2m2023-06-21T15:47:35.373-04:00?[0;39m ?[32mDEBUG?[0;39m ?[35m31896?[0;39m ?[2m---?[0;39m ?[2m[io-28852-exec-9]?[0;39m ?[36mo.s.w.s.m.m.a.HttpEntityMethodProcessor ?[0;39m ?[2m:?[0;39m Writing [account.exceptions.CustomErrorMessage@1f6b5deb]
?[0m?[0;34m?[2m2023-06-21T15:47:35.373-04:00?[0;39m ?[32mDEBUG?[0;39m ?[35m31896?[0;39m ?[2m---?[0;39m ?[2m[io-28852-exec-9]?[0;39m ?[36m.m.m.a.ExceptionHandlerExceptionResolver?[0;39m ?[2m:?[0;39m Resolved [account.exceptions.UserExistException]
?[0m?[0;34m?[2m2023-06-21T15:47:35.374-04:00?[0;39m ?[32mDEBUG?[0;39m ?[35m31896?[0;39m ?[2m---?[0;39m ?[2m[io-28852-exec-9]?[0;39m ?[36mo.s.web.servlet.DispatcherServlet       ?[0;39m ?[2m:?[0;39m Completed 400 BAD_REQUEST
?[1;31m
Start test 17?[0m
?[0m?[0;34m?[2m2023-06-21T15:47:35.381-04:00?[0;39m ?[32mDEBUG?[0;39m ?[35m31896?[0;39m ?[2m---?[0;39m ?[2m[o-28852-exec-10]?[0;39m ?[36ms.w.s.m.m.a.RequestMappingHandlerMapping?[0;39m ?[2m:?[0;39m Mapped to account.controllers.AuthenticationController#signUser(Employee)
?[0m?[0;34m?[2m2023-06-21T15:47:35.381-04:00?[0;39m ?[32mDEBUG?[0;39m ?[35m31896?[0;39m ?[2m---?[0;39m ?[2m[o-28852-exec-10]?[0;39m ?[36ms.w.s.m.m.a.RequestMappingHandlerMapping?[0;39m ?[2m:?[0;39m Mapped to account.controllers.AuthenticationController#signUser(Employee)
?[0m?[0;34m?[2m2023-06-21T15:47:35.381-04:00?[0;39m ?[32mDEBUG?[0;39m ?[35m31896?[0;39m ?[2m---?[0;39m ?[2m[o-28852-exec-10]?[0;39m ?[36mo.s.web.servlet.DispatcherServlet       ?[0;39m ?[2m:?[0;39m POST "/api/auth/signup", parameters={}
?[0m?[0;34m?[2m2023-06-21T15:47:35.382-04:00?[0;39m ?[32mDEBUG?[0;39m ?[35m31896?[0;39m ?[2m---?[0;39m ?[2m[o-28852-exec-10]?[0;39m ?[36ms.w.s.m.m.a.RequestMappingHandlerMapping?[0;39m ?[2m:?[0;39m Mapped to account.controllers.AuthenticationController#signUser(Employee)
?[0m?[0;34m?[2m2023-06-21T15:47:35.382-04:00?[0;39m ?[32mDEBUG?[0;39m ?[35m31896?[0;39m ?[2m---?[0;39m ?[2m[o-28852-exec-10]?[0;39m ?[36mm.m.a.RequestResponseBodyMethodProcessor?[0;39m ?[2m:?[0;39m Read "application/json;charset=UTF-8" to [User{id=0, name='Max', lastName='Mustermann', email='maxmustermann@acme.com', password='ai0y9bMvyF6G (truncated)...]
?[0m?[0;34mHibernate: select e1_0.id,e1_0.email,e1_0.last_name,e1_0.name,e1_0.password,e1_0.role from employees e1_0
?[0m?[0;34m?[2m2023-06-21T15:47:35.384-04:00?[0;39m ?[32mDEBUG?[0;39m ?[35m31896?[0;39m ?[2m---?[0;39m ?[2m[o-28852-exec-10]?[0;39m ?[36m.m.m.a.ExceptionHandlerExceptionResolver?[0;39m ?[2m:?[0;39m Using @ExceptionHandler account.exceptions.ControllerExceptionHandler#handleUserExists(UserExistException, WebRequest)
?[0m?[0;34m?[2m2023-06-21T15:47:35.384-04:00?[0;39m ?[32mDEBUG?[0;39m ?[35m31896?[0;39m ?[2m---?[0;39m ?[2m[o-28852-exec-10]?[0;39m ?[36mo.s.w.s.m.m.a.HttpEntityMethodProcessor ?[0;39m ?[2m:?[0;39m Using 'application/json', given [*/*] and supported [application/json, application/*+json]
?[0m?[0;34m?[2m2023-06-21T15:47:35.384-04:00?[0;39m ?[32mDEBUG?[0;39m ?[35m31896?[0;39m ?[2m---?[0;39m ?[2m[o-28852-exec-10]?[0;39m ?[36mo.s.w.s.m.m.a.HttpEntityMethodProcessor ?[0;39m ?[2m:?[0;39m Writing [account.exceptions.CustomErrorMessage@1453a330]
?[0m?[0;34m?[2m2023-06-21T15:47:35.385-04:00?[0;39m ?[32mDEBUG?[0;39m ?[35m31896?[0;39m ?[2m---?[0;39m ?[2m[o-28852-exec-10]?[0;39m ?[36m.m.m.a.ExceptionHandlerExceptionResolver?[0;39m ?[2m:?[0;39m Resolved [account.exceptions.UserExistException]
?[0m?[0;34m?[2m2023-06-21T15:47:35.385-04:00?[0;39m ?[32mDEBUG?[0;39m ?[35m31896?[0;39m ?[2m---?[0;39m ?[2m[o-28852-exec-10]?[0;39m ?[36mo.s.web.servlet.DispatcherServlet       ?[0;39m ?[2m:?[0;39m Completed 400 BAD_REQUEST
?[1;31m
Start test 18?[0m
?[0m?[0;34m?[2m2023-06-21T15:47:35.390-04:00?[0;39m ?[32mDEBUG?[0;39m ?[35m31896?[0;39m ?[2m---?[0;39m ?[2m[io-28852-exec-1]?[0;39m ?[36ms.w.s.m.m.a.RequestMappingHandlerMapping?[0;39m ?[2m:?[0;39m Mapped to account.controllers.AuthenticationController#signUser(Employee)
?[0m?[0;34m?[2m2023-06-21T15:47:35.390-04:00?[0;39m ?[32mDEBUG?[0;39m ?[35m31896?[0;39m ?[2m---?[0;39m ?[2m[io-28852-exec-1]?[0;39m ?[36ms.w.s.m.m.a.RequestMappingHandlerMapping?[0;39m ?[2m:?[0;39m Mapped to account.controllers.AuthenticationController#signUser(Employee)
?[0m?[0;34m?[2m2023-06-21T15:47:35.390-04:00?[0;39m ?[32mDEBUG?[0;39m ?[35m31896?[0;39m ?[2m---?[0;39m ?[2m[io-28852-exec-1]?[0;39m ?[36mo.s.web.servlet.DispatcherServlet       ?[0;39m ?[2m:?[0;39m POST "/api/auth/signup", parameters={}
?[0m?[0;34m?[2m2023-06-21T15:47:35.391-04:00?[0;39m ?[32mDEBUG?[0;39m ?[35m31896?[0;39m ?[2m---?[0;39m ?[2m[io-28852-exec-1]?[0;39m ?[36ms.w.s.m.m.a.RequestMappingHandlerMapping?[0;39m ?[2m:?[0;39m Mapped to account.controllers.AuthenticationController#signUser(Employee)
?[0m?[0;34m?[2m2023-06-21T15:47:35.391-04:00?[0;39m ?[32mDEBUG?[0;39m ?[35m31896?[0;39m ?[2m---?[0;39m ?[2m[io-28852-exec-1]?[0;39m ?[36mm.m.a.RequestResponseBodyMethodProcessor?[0;39m ?[2m:?[0;39m Read "application/json;charset=UTF-8" to [User{id=0, name='Max', lastName='Mustermann', email='MaxMustermann@acme.com', password='ai0y9bMvyF6G (truncated)...]
?[0m?[0;34mHibernate: select e1_0.id,e1_0.email,e1_0.last_name,e1_0.name,e1_0.password,e1_0.role from employees e1_0
?[0m?[0;34m?[2m2023-06-21T15:47:35.393-04:00?[0;39m ?[32mDEBUG?[0;39m ?[35m31896?[0;39m ?[2m---?[0;39m ?[2m[io-28852-exec-1]?[0;39m ?[36m.m.m.a.ExceptionHandlerExceptionResolver?[0;39m ?[2m:?[0;39m Using @ExceptionHandler account.exceptions.ControllerExceptionHandler#handleUserExists(UserExistException, WebRequest)
?[0m?[0;34m?[2m2023-06-21T15:47:35.393-04:00?[0;39m ?[32mDEBUG?[0;39m ?[35m31896?[0;39m ?[2m---?[0;39m ?[2m[io-28852-exec-1]?[0;39m ?[36mo.s.w.s.m.m.a.HttpEntityMethodProcessor ?[0;39m ?[2m:?[0;39m Using 'application/json', given [*/*] and supported [application/json, application/*+json]
?[0m?[0;34m?[2m2023-06-21T15:47:35.393-04:00?[0;39m ?[32mDEBUG?[0;39m ?[35m31896?[0;39m ?[2m---?[0;39m ?[2m[io-28852-exec-1]?[0;39m ?[36mo.s.w.s.m.m.a.HttpEntityMethodProcessor ?[0;39m ?[2m:?[0;39m Writing [account.exceptions.CustomErrorMessage@7af93475]
?[0m?[0;34m?[2m2023-06-21T15:47:35.393-04:00?[0;39m ?[32mDEBUG?[0;39m ?[35m31896?[0;39m ?[2m---?[0;39m ?[2m[io-28852-exec-1]?[0;39m ?[36m.m.m.a.ExceptionHandlerExceptionResolver?[0;39m ?[2m:?[0;39m Resolved [account.exceptions.UserExistException]
?[0m?[0;34m?[2m2023-06-21T15:47:35.393-04:00?[0;39m ?[32mDEBUG?[0;39m ?[35m31896?[0;39m ?[2m---?[0;39m ?[2m[io-28852-exec-1]?[0;39m ?[36mo.s.web.servlet.DispatcherServlet       ?[0;39m ?[2m:?[0;39m Completed 400 BAD_REQUEST
?[1;31m
Start test 19?[0m
?[0m?[0;34m?[2m2023-06-21T15:47:36.404-04:00?[0;39m ?[32mDEBUG?[0;39m ?[35m31896?[0;39m ?[2m---?[0;39m ?[2m[io-28852-exec-2]?[0;39m ?[36ms.w.s.m.m.a.RequestMappingHandlerMapping?[0;39m ?[2m:?[0;39m Mapped to account.controllers.BusinessLogicController#testAuth(Authentication)
?[0m?[0;34m?[2m2023-06-21T15:47:36.404-04:00?[0;39m ?[32mDEBUG?[0;39m ?[35m31896?[0;39m ?[2m---?[0;39m ?[2m[io-28852-exec-2]?[0;39m ?[36ms.w.s.m.m.a.RequestMappingHandlerMapping?[0;39m ?[2m:?[0;39m Mapped to account.controllers.BusinessLogicController#testAuth(Authentication)
?[0m?[0;34m?[2m2023-06-21T15:47:36.406-04:00?[0;39m ?[32mDEBUG?[0;39m ?[35m31896?[0;39m ?[2m---?[0;39m ?[2m[io-28852-exec-2]?[0;39m ?[36mo.s.web.servlet.DispatcherServlet       ?[0;39m ?[2m:?[0;39m GET "/api/empl/payment", parameters={}
?[0m?[0;34m?[2m2023-06-21T15:47:36.407-04:00?[0;39m ?[32mDEBUG?[0;39m ?[35m31896?[0;39m ?[2m---?[0;39m ?[2m[io-28852-exec-2]?[0;39m ?[36ms.w.s.m.m.a.RequestMappingHandlerMapping?[0;39m ?[2m:?[0;39m Mapped to account.controllers.BusinessLogicController#testAuth(Authentication)
?[0m?[0;34mHibernate: select e1_0.id,e1_0.email,e1_0.last_name,e1_0.name,e1_0.password,e1_0.role from employees e1_0
?[0m?[0;34m?[2m2023-06-21T15:47:36.410-04:00?[0;39m ?[32mDEBUG?[0;39m ?[35m31896?[0;39m ?[2m---?[0;39m ?[2m[io-28852-exec-2]?[0;39m ?[36mo.s.w.s.m.m.a.HttpEntityMethodProcessor ?[0;39m ?[2m:?[0;39m Using 'application/json', given [*/*] and supported [application/json, application/*+json]
?[0m?[0;34m?[2m2023-06-21T15:47:36.410-04:00?[0;39m ?[32mDEBUG?[0;39m ?[35m31896?[0;39m ?[2m---?[0;39m ?[2m[io-28852-exec-2]?[0;39m ?[36mo.s.w.s.m.m.a.HttpEntityMethodProcessor ?[0;39m ?[2m:?[0;39m Writing [User{id=1, name='John', lastName='Doe', email='johndoe@acme.com', password='$2a$13$P1.n9yOaXHL9PXokt (truncated)...]
?[0m?[0;34m?[2m2023-06-21T15:47:36.411-04:00?[0;39m ?[32mDEBUG?[0;39m ?[35m31896?[0;39m ?[2m---?[0;39m ?[2m[io-28852-exec-2]?[0;39m ?[36mo.s.web.servlet.DispatcherServlet       ?[0;39m ?[2m:?[0;39m Completed 200 OK
?[1;31m
Start test 20?[0m
?[0m?[0;34m?[2m2023-06-21T15:47:36.921-04:00?[0;39m ?[32mDEBUG?[0;39m ?[35m31896?[0;39m ?[2m---?[0;39m ?[2m[io-28852-exec-5]?[0;39m ?[36ms.w.s.m.m.a.RequestMappingHandlerMapping?[0;39m ?[2m:?[0;39m Mapped to account.controllers.BusinessLogicController#testAuth(Authentication)
?[0m?[0;34m?[2m2023-06-21T15:47:36.921-04:00?[0;39m ?[32mDEBUG?[0;39m ?[35m31896?[0;39m ?[2m---?[0;39m ?[2m[io-28852-exec-5]?[0;39m ?[36ms.w.s.m.m.a.RequestMappingHandlerMapping?[0;39m ?[2m:?[0;39m Mapped to account.controllers.BusinessLogicController#testAuth(Authentication)
?[0m?[0;34m?[2m2023-06-21T15:47:36.922-04:00?[0;39m ?[32mDEBUG?[0;39m ?[35m31896?[0;39m ?[2m---?[0;39m ?[2m[io-28852-exec-5]?[0;39m ?[36mo.s.web.servlet.DispatcherServlet       ?[0;39m ?[2m:?[0;39m GET "/api/empl/payment", parameters={}
?[0m?[0;34m?[2m2023-06-21T15:47:36.922-04:00?[0;39m ?[32mDEBUG?[0;39m ?[35m31896?[0;39m ?[2m---?[0;39m ?[2m[io-28852-exec-5]?[0;39m ?[36ms.w.s.m.m.a.RequestMappingHandlerMapping?[0;39m ?[2m:?[0;39m Mapped to account.controllers.BusinessLogicController#testAuth(Authentication)
?[0m?[0;34mHibernate: select e1_0.id,e1_0.email,e1_0.last_name,e1_0.name,e1_0.password,e1_0.role from employees e1_0
?[0m?[0;34m?[2m2023-06-21T15:47:36.924-04:00?[0;39m ?[32mDEBUG?[0;39m ?[35m31896?[0;39m ?[2m---?[0;39m ?[2m[io-28852-exec-5]?[0;39m ?[36mo.s.w.s.m.m.a.HttpEntityMethodProcessor ?[0;39m ?[2m:?[0;39m Using 'application/json', given [*/*] and supported [application/json, application/*+json]
?[0m?[0;34m?[2m2023-06-21T15:47:36.924-04:00?[0;39m ?[32mDEBUG?[0;39m ?[35m31896?[0;39m ?[2m---?[0;39m ?[2m[io-28852-exec-5]?[0;39m ?[36mo.s.w.s.m.m.a.HttpEntityMethodProcessor ?[0;39m ?[2m:?[0;39m Writing [User{id=1, name='John', lastName='Doe', email='johndoe@acme.com', password='$2a$13$P1.n9yOaXHL9PXokt (truncated)...]
?[0m?[0;34m?[2m2023-06-21T15:47:36.925-04:00?[0;39m ?[32mDEBUG?[0;39m ?[35m31896?[0;39m ?[2m---?[0;39m ?[2m[io-28852-exec-5]?[0;39m ?[36mo.s.web.servlet.DispatcherServlet       ?[0;39m ?[2m:?[0;39m Completed 200 OK
?[1;31m
Start test 21?[0m
?[0m?[0;34m?[2m2023-06-21T15:47:37.424-04:00?[0;39m ?[32mDEBUG?[0;39m ?[35m31896?[0;39m ?[2m---?[0;39m ?[2m[io-28852-exec-6]?[0;39m ?[36ms.w.s.m.m.a.RequestMappingHandlerMapping?[0;39m ?[2m:?[0;39m Mapped to account.controllers.BusinessLogicController#testAuth(Authentication)
?[0m?[0;34m?[2m2023-06-21T15:47:37.424-04:00?[0;39m ?[32mDEBUG?[0;39m ?[35m31896?[0;39m ?[2m---?[0;39m ?[2m[io-28852-exec-6]?[0;39m ?[36ms.w.s.m.m.a.RequestMappingHandlerMapping?[0;39m ?[2m:?[0;39m Mapped to account.controllers.BusinessLogicController#testAuth(Authentication)
?[0m?[0;34m?[2m2023-06-21T15:47:37.425-04:00?[0;39m ?[32mDEBUG?[0;39m ?[35m31896?[0;39m ?[2m---?[0;39m ?[2m[io-28852-exec-6]?[0;39m ?[36mo.s.web.servlet.DispatcherServlet       ?[0;39m ?[2m:?[0;39m GET "/api/empl/payment", parameters={}
?[0m?[0;34m?[2m2023-06-21T15:47:37.425-04:00?[0;39m ?[32mDEBUG?[0;39m ?[35m31896?[0;39m ?[2m---?[0;39m ?[2m[io-28852-exec-6]?[0;39m ?[36ms.w.s.m.m.a.RequestMappingHandlerMapping?[0;39m ?[2m:?[0;39m Mapped to account.controllers.BusinessLogicController#testAuth(Authentication)
?[0m?[0;34mHibernate: select e1_0.id,e1_0.email,e1_0.last_name,e1_0.name,e1_0.password,e1_0.role from employees e1_0
?[0m?[0;34m?[2m2023-06-21T15:47:37.427-04:00?[0;39m ?[32mDEBUG?[0;39m ?[35m31896?[0;39m ?[2m---?[0;39m ?[2m[io-28852-exec-6]?[0;39m ?[36mo.s.w.s.m.m.a.HttpEntityMethodProcessor ?[0;39m ?[2m:?[0;39m Using 'application/json', given [*/*] and supported [application/json, application/*+json]
?[0m?[0;34m?[2m2023-06-21T15:47:37.427-04:00?[0;39m ?[32mDEBUG?[0;39m ?[35m31896?[0;39m ?[2m---?[0;39m ?[2m[io-28852-exec-6]?[0;39m ?[36mo.s.w.s.m.m.a.HttpEntityMethodProcessor ?[0;39m ?[2m:?[0;39m Writing [User{id=2, name='Max', lastName='Mustermann', email='maxmustermann@acme.com', password='$2a$13$tz.LZ (truncated)...]
?[0m?[0;34m?[2m2023-06-21T15:47:37.427-04:00?[0;39m ?[32mDEBUG?[0;39m ?[35m31896?[0;39m ?[2m---?[0;39m ?[2m[io-28852-exec-6]?[0;39m ?[36mo.s.web.servlet.DispatcherServlet       ?[0;39m ?[2m:?[0;39m Completed 200 OK
?[1;31m
Start test 22?[0m
?[0m?[0;34m?[2m2023-06-21T15:47:37.921-04:00?[0;39m ?[32mDEBUG?[0;39m ?[35m31896?[0;39m ?[2m---?[0;39m ?[2m[io-28852-exec-7]?[0;39m ?[36ms.w.s.m.m.a.RequestMappingHandlerMapping?[0;39m ?[2m:?[0;39m Mapped to account.controllers.BusinessLogicController#testAuth(Authentication)
?[0m?[0;34m?[2m2023-06-21T15:47:37.921-04:00?[0;39m ?[32mDEBUG?[0;39m ?[35m31896?[0;39m ?[2m---?[0;39m ?[2m[io-28852-exec-7]?[0;39m ?[36ms.w.s.m.m.a.RequestMappingHandlerMapping?[0;39m ?[2m:?[0;39m Mapped to account.controllers.BusinessLogicController#testAuth(Authentication)
?[0m?[0;34m?[2m2023-06-21T15:47:37.921-04:00?[0;39m ?[32mDEBUG?[0;39m ?[35m31896?[0;39m ?[2m---?[0;39m ?[2m[io-28852-exec-7]?[0;39m ?[36mo.s.web.servlet.DispatcherServlet       ?[0;39m ?[2m:?[0;39m GET "/api/empl/payment", parameters={}
?[0m?[0;34m?[2m2023-06-21T15:47:37.922-04:00?[0;39m ?[32mDEBUG?[0;39m ?[35m31896?[0;39m ?[2m---?[0;39m ?[2m[io-28852-exec-7]?[0;39m ?[36ms.w.s.m.m.a.RequestMappingHandlerMapping?[0;39m ?[2m:?[0;39m Mapped to account.controllers.BusinessLogicController#testAuth(Authentication)
?[0m?[0;34mHibernate: select e1_0.id,e1_0.email,e1_0.last_name,e1_0.name,e1_0.password,e1_0.role from employees e1_0
?[0m?[0;34m?[2m2023-06-21T15:47:37.924-04:00?[0;39m ?[32mDEBUG?[0;39m ?[35m31896?[0;39m ?[2m---?[0;39m ?[2m[io-28852-exec-7]?[0;39m ?[36mo.s.w.s.m.m.a.HttpEntityMethodProcessor ?[0;39m ?[2m:?[0;39m Using 'application/json', given [*/*] and supported [application/json, application/*+json]
?[0m?[0;34m?[2m2023-06-21T15:47:37.924-04:00?[0;39m ?[32mDEBUG?[0;39m ?[35m31896?[0;39m ?[2m---?[0;39m ?[2m[io-28852-exec-7]?[0;39m ?[36mo.s.w.s.m.m.a.HttpEntityMethodProcessor ?[0;39m ?[2m:?[0;39m Writing [User{id=2, name='Max', lastName='Mustermann', email='maxmustermann@acme.com', password='$2a$13$tz.LZ (truncated)...]
?[0m?[0;34m?[2m2023-06-21T15:47:37.925-04:00?[0;39m ?[32mDEBUG?[0;39m ?[35m31896?[0;39m ?[2m---?[0;39m ?[2m[io-28852-exec-7]?[0;39m ?[36mo.s.web.servlet.DispatcherServlet       ?[0;39m ?[2m:?[0;39m Completed 200 OK
?[1;31m
Start test 23?[0m
?[0m?[0;34m?[2m2023-06-21T15:47:38.423-04:00?[0;39m ?[32mDEBUG?[0;39m ?[35m31896?[0;39m ?[2m---?[0;39m ?[2m[o-28852-exec-10]?[0;39m ?[36ms.w.s.m.m.a.RequestMappingHandlerMapping?[0;39m ?[2m:?[0;39m Mapped to org.springframework.boot.autoconfigure.web.servlet.error.BasicErrorController#error(HttpServletRequest)
?[0m?[0;34m?[2m2023-06-21T15:47:38.423-04:00?[0;39m ?[32mDEBUG?[0;39m ?[35m31896?[0;39m ?[2m---?[0;39m ?[2m[o-28852-exec-10]?[0;39m ?[36ms.w.s.m.m.a.RequestMappingHandlerMapping?[0;39m ?[2m:?[0;39m Mapped to org.springframework.boot.autoconfigure.web.servlet.error.BasicErrorController#error(HttpServletRequest)
?[1;31m
Start test 24?[0m
?[0m?[0;34m?[2m2023-06-21T15:47:38.913-04:00?[0;39m ?[32mDEBUG?[0;39m ?[35m31896?[0;39m ?[2m---?[0;39m ?[2m[io-28852-exec-1]?[0;39m ?[36ms.w.s.m.m.a.RequestMappingHandlerMapping?[0;39m ?[2m:?[0;39m Mapped to org.springframework.boot.autoconfigure.web.servlet.error.BasicErrorController#error(HttpServletRequest)
?[0m?[0;34m?[2m2023-06-21T15:47:38.913-04:00?[0;39m ?[32mDEBUG?[0;39m ?[35m31896?[0;39m ?[2m---?[0;39m ?[2m[io-28852-exec-1]?[0;39m ?[36ms.w.s.m.m.a.RequestMappingHandlerMapping?[0;39m ?[2m:?[0;39m Mapped to org.springframework.boot.autoconfigure.web.servlet.error.BasicErrorController#error(HttpServletRequest)
?[1;31m
Start test 25?[0m
?[0m?[0;34m?[2m2023-06-21T15:47:39.401-04:00?[0;39m ?[32mDEBUG?[0;39m ?[35m31896?[0;39m ?[2m---?[0;39m ?[2m[io-28852-exec-3]?[0;39m ?[36ms.w.s.m.m.a.RequestMappingHandlerMapping?[0;39m ?[2m:?[0;39m Mapped to org.springframework.boot.autoconfigure.web.servlet.error.BasicErrorController#error(HttpServletRequest)
?[0m?[0;34m?[2m2023-06-21T15:47:39.401-04:00?[0;39m ?[32mDEBUG?[0;39m ?[35m31896?[0;39m ?[2m---?[0;39m ?[2m[io-28852-exec-3]?[0;39m ?[36ms.w.s.m.m.a.RequestMappingHandlerMapping?[0;39m ?[2m:?[0;39m Mapped to org.springframework.boot.autoconfigure.web.servlet.error.BasicErrorController#error(HttpServletRequest)
?[1;31m
Start test 26?[0m
?[0m?[0;34m?[2m2023-06-21T15:47:39.889-04:00?[0;39m ?[32mDEBUG?[0;39m ?[35m31896?[0;39m ?[2m---?[0;39m ?[2m[io-28852-exec-4]?[0;39m ?[36ms.w.s.m.m.a.RequestMappingHandlerMapping?[0;39m ?[2m:?[0;39m Mapped to org.springframework.boot.autoconfigure.web.servlet.error.BasicErrorController#error(HttpServletRequest)
?[0m?[0;34m?[2m2023-06-21T15:47:39.889-04:00?[0;39m ?[32mDEBUG?[0;39m ?[35m31896?[0;39m ?[2m---?[0;39m ?[2m[io-28852-exec-4]?[0;39m ?[36ms.w.s.m.m.a.RequestMappingHandlerMapping?[0;39m ?[2m:?[0;39m Mapped to org.springframework.boot.autoconfigure.web.servlet.error.BasicErrorController#error(HttpServletRequest)
?[1;31m
Start test 27?[0m
?[0m?[0;34m?[2m2023-06-21T15:47:39.894-04:00?[0;39m ?[32mDEBUG?[0;39m ?[35m31896?[0;39m ?[2m---?[0;39m ?[2m[io-28852-exec-2]?[0;39m ?[36ms.w.s.m.m.a.RequestMappingHandlerMapping?[0;39m ?[2m:?[0;39m Mapped to account.controllers.BusinessLogicController#testAuth(Authentication)
?[0m?[0;34m?[2m2023-06-21T15:47:39.894-04:00?[0;39m ?[32mDEBUG?[0;39m ?[35m31896?[0;39m ?[2m---?[0;39m ?[2m[io-28852-exec-2]?[0;39m ?[36ms.w.s.m.m.a.RequestMappingHandlerMapping?[0;39m ?[2m:?[0;39m Mapped to account.controllers.BusinessLogicController#testAuth(Authentication)
?[0m?[0;34m?[2m2023-06-21T15:47:39.895-04:00?[0;39m ?[32mDEBUG?[0;39m ?[35m31896?[0;39m ?[2m---?[0;39m ?[2m[io-28852-exec-2]?[0;39m ?[36ms.w.s.m.m.a.RequestMappingHandlerMapping?[0;39m ?[2m:?[0;39m Mapped to org.springframework.boot.autoconfigure.web.servlet.error.BasicErrorController#error(HttpServletRequest)
?[0m?[0;34m?[2m2023-06-21T15:47:39.895-04:00?[0;39m ?[32mDEBUG?[0;39m ?[35m31896?[0;39m ?[2m---?[0;39m ?[2m[io-28852-exec-2]?[0;39m ?[36ms.w.s.m.m.a.RequestMappingHandlerMapping?[0;39m ?[2m:?[0;39m Mapped to org.springframework.boot.autoconfigure.web.servlet.error.BasicErrorController#error(HttpServletRequest)
?[1;31m
Start test 28?[0m
?[0m?[0;34m?[2m2023-06-21T15:47:39.900-04:00?[0;39m ?[32mDEBUG?[0;39m ?[35m31896?[0;39m ?[2m---?[0;39m ?[2m[io-28852-exec-5]?[0;39m ?[36ms.w.s.m.m.a.RequestMappingHandlerMapping?[0;39m ?[2m:?[0;39m Mapped to account.controllers.AuthenticationController#changePassword(Authentication, PasswordChange)
?[0m?[0;34m?[2m2023-06-21T15:47:39.901-04:00?[0;39m ?[32mDEBUG?[0;39m ?[35m31896?[0;39m ?[2m---?[0;39m ?[2m[io-28852-exec-5]?[0;39m ?[36ms.w.s.m.m.a.RequestMappingHandlerMapping?[0;39m ?[2m:?[0;39m Mapped to account.controllers.AuthenticationController#changePassword(Authentication, PasswordChange)
?[0m?[0;34m?[2m2023-06-21T15:47:39.901-04:00?[0;39m ?[32mDEBUG?[0;39m ?[35m31896?[0;39m ?[2m---?[0;39m ?[2m[io-28852-exec-5]?[0;39m ?[36ms.w.s.m.m.a.RequestMappingHandlerMapping?[0;39m ?[2m:?[0;39m Mapped to account.controllers.AuthenticationController#changePassword(Authentication, PasswordChange)
?[0m?[0;34m?[2m2023-06-21T15:47:39.901-04:00?[0;39m ?[32mDEBUG?[0;39m ?[35m31896?[0;39m ?[2m---?[0;39m ?[2m[io-28852-exec-5]?[0;39m ?[36ms.w.s.m.m.a.RequestMappingHandlerMapping?[0;39m ?[2m:?[0;39m Mapped to account.controllers.AuthenticationController#changePassword(Authentication, PasswordChange)
?[0m?[0;34m?[2m2023-06-21T15:47:39.902-04:00?[0;39m ?[32mDEBUG?[0;39m ?[35m31896?[0;39m ?[2m---?[0;39m ?[2m[io-28852-exec-5]?[0;39m ?[36ms.w.s.m.m.a.RequestMappingHandlerMapping?[0;39m ?[2m:?[0;39m Mapped to org.springframework.boot.autoconfigure.web.servlet.error.BasicErrorController#error(HttpServletRequest)
?[0m?[0;34m?[2m2023-06-21T15:47:39.902-04:00?[0;39m ?[32mDEBUG?[0;39m ?[35m31896?[0;39m ?[2m---?[0;39m ?[2m[io-28852-exec-5]?[0;39m ?[36ms.w.s.m.m.a.RequestMappingHandlerMapping?[0;39m ?[2m:?[0;39m Mapped to org.springframework.boot.autoconfigure.web.servlet.error.BasicErrorController#error(HttpServletRequest)
?[0m?[0;34m?[2m2023-06-21T15:47:39.902-04:00?[0;39m ?[32mDEBUG?[0;39m ?[35m31896?[0;39m ?[2m---?[0;39m ?[2m[io-28852-exec-5]?[0;39m ?[36ms.w.s.m.m.a.RequestMappingHandlerMapping?[0;39m ?[2m:?[0;39m Mapped to org.springframework.boot.autoconfigure.web.servlet.error.BasicErrorController#error(HttpServletRequest)
?[0m?[0;34m?[2m2023-06-21T15:47:39.902-04:00?[0;39m ?[32mDEBUG?[0;39m ?[35m31896?[0;39m ?[2m---?[0;39m ?[2m[io-28852-exec-5]?[0;39m ?[36ms.w.s.m.m.a.RequestMappingHandlerMapping?[0;39m ?[2m:?[0;39m Mapped to org.springframework.boot.autoconfigure.web.servlet.error.BasicErrorController#error(HttpServletRequest)
?[1;31m
Start test 29?[0m
?[0m?[0;34m?[2m2023-06-21T15:47:40.393-04:00?[0;39m ?[32mDEBUG?[0;39m ?[35m31896?[0;39m ?[2m---?[0;39m ?[2m[io-28852-exec-6]?[0;39m ?[36ms.w.s.m.m.a.RequestMappingHandlerMapping?[0;39m ?[2m:?[0;39m Mapped to account.controllers.AuthenticationController#changePassword(Authentication, PasswordChange)
?[0m?[0;34m?[2m2023-06-21T15:47:40.393-04:00?[0;39m ?[32mDEBUG?[0;39m ?[35m31896?[0;39m ?[2m---?[0;39m ?[2m[io-28852-exec-6]?[0;39m ?[36ms.w.s.m.m.a.RequestMappingHandlerMapping?[0;39m ?[2m:?[0;39m Mapped to account.controllers.AuthenticationController#changePassword(Authentication, PasswordChange)
?[0m?[0;34m?[2m2023-06-21T15:47:40.393-04:00?[0;39m ?[32mDEBUG?[0;39m ?[35m31896?[0;39m ?[2m---?[0;39m ?[2m[io-28852-exec-6]?[0;39m ?[36ms.w.s.m.m.a.RequestMappingHandlerMapping?[0;39m ?[2m:?[0;39m Mapped to account.controllers.AuthenticationController#changePassword(Authentication, PasswordChange)
?[0m?[0;34m?[2m2023-06-21T15:47:40.394-04:00?[0;39m ?[32mDEBUG?[0;39m ?[35m31896?[0;39m ?[2m---?[0;39m ?[2m[io-28852-exec-6]?[0;39m ?[36ms.w.s.m.m.a.RequestMappingHandlerMapping?[0;39m ?[2m:?[0;39m Mapped to account.controllers.AuthenticationController#changePassword(Authentication, PasswordChange)
?[0m?[0;34m?[2m2023-06-21T15:47:40.394-04:00?[0;39m ?[32mDEBUG?[0;39m ?[35m31896?[0;39m ?[2m---?[0;39m ?[2m[io-28852-exec-6]?[0;39m ?[36mo.s.web.servlet.DispatcherServlet       ?[0;39m ?[2m:?[0;39m POST "/api/auth/changepass", parameters={}
?[0m?[0;34m?[2m2023-06-21T15:47:40.394-04:00?[0;39m ?[32mDEBUG?[0;39m ?[35m31896?[0;39m ?[2m---?[0;39m ?[2m[io-28852-exec-6]?[0;39m ?[36ms.w.s.m.m.a.RequestMappingHandlerMapping?[0;39m ?[2m:?[0;39m Mapped to account.controllers.AuthenticationController#changePassword(Authentication, PasswordChange)
?[0m?[0;34m?[2m2023-06-21T15:47:40.396-04:00?[0;39m ?[32mDEBUG?[0;39m ?[35m31896?[0;39m ?[2m---?[0;39m ?[2m[io-28852-exec-6]?[0;39m ?[36mm.m.a.RequestResponseBodyMethodProcessor?[0;39m ?[2m:?[0;39m Read "application/json;charset=UTF-8" to [account.dto.PasswordChange@27401429]
?[0m?[0;34m?[2m2023-06-21T15:47:40.399-04:00?[0;39m ?[32mDEBUG?[0;39m ?[35m31896?[0;39m ?[2m---?[0;39m ?[2m[io-28852-exec-6]?[0;39m ?[36m.m.m.a.ExceptionHandlerExceptionResolver?[0;39m ?[2m:?[0;39m Using @ExceptionHandler account.exceptions.ControllerExceptionHandler#handleException(Exception, WebRequest)
?[0m?[0;34m?[2m2023-06-21T15:47:40.400-04:00?[0;39m ?[32mDEBUG?[0;39m ?[35m31896?[0;39m ?[2m---?[0;39m ?[2m[io-28852-exec-6]?[0;39m ?[36mo.s.w.s.m.m.a.HttpEntityMethodProcessor ?[0;39m ?[2m:?[0;39m Using 'application/json', given [*/*] and supported [application/json, application/*+json]
?[0m?[0;34m?[2m2023-06-21T15:47:40.400-04:00?[0;39m ?[32mDEBUG?[0;39m ?[35m31896?[0;39m ?[2m---?[0;39m ?[2m[io-28852-exec-6]?[0;39m ?[36mo.s.w.s.m.m.a.HttpEntityMethodProcessor ?[0;39m ?[2m:?[0;39m Writing [{timestamp=2023-06-21T15:47:40.400141100, status=400, error=Bad Request, message=Password length mus (truncated)...]
?[0m?[0;34m?[2m2023-06-21T15:47:40.400-04:00?[0;39m ?[32mDEBUG?[0;39m ?[35m31896?[0;39m ?[2m---?[0;39m ?[2m[io-28852-exec-6]?[0;39m ?[36m.m.m.a.ExceptionHandlerExceptionResolver?[0;39m ?[2m:?[0;39m Resolved [org.springframework.web.bind.MethodArgumentNotValidException: Validation failed for argument [1] in public org.springframework.http.ResponseEntity<?> account.controllers.AuthenticationController.changePassword(org.springframework.security.core.Authentication,account.dto.PasswordChange): [Field error in object 'passwordChange' on field 'newPassword': rejected value [o]; codes [Size.passwordChange.newPassword,Size.newPassword,Size.java.lang.String,Size]; arguments [org.springframework.context.support.DefaultMessageSourceResolvable: codes [passwordChange.newPassword,newPassword]; arguments []; default message [newPassword],2147483647,12]; default message [size must be between 12 and 2147483647]] ]
?[0m?[0;34m?[2m2023-06-21T15:47:40.401-04:00?[0;39m ?[32mDEBUG?[0;39m ?[35m31896?[0;39m ?[2m---?[0;39m ?[2m[io-28852-exec-6]?[0;39m ?[36mo.s.web.servlet.DispatcherServlet       ?[0;39m ?[2m:?[0;39m Completed 400 BAD_REQUEST
?[1;31m
Start test 30?[0m
?[0m?[0;34m?[2m2023-06-21T15:47:40.897-04:00?[0;39m ?[32mDEBUG?[0;39m ?[35m31896?[0;39m ?[2m---?[0;39m ?[2m[io-28852-exec-7]?[0;39m ?[36ms.w.s.m.m.a.RequestMappingHandlerMapping?[0;39m ?[2m:?[0;39m Mapped to account.controllers.AuthenticationController#changePassword(Authentication, PasswordChange)
?[0m?[0;34m?[2m2023-06-21T15:47:40.897-04:00?[0;39m ?[32mDEBUG?[0;39m ?[35m31896?[0;39m ?[2m---?[0;39m ?[2m[io-28852-exec-7]?[0;39m ?[36ms.w.s.m.m.a.RequestMappingHandlerMapping?[0;39m ?[2m:?[0;39m Mapped to account.controllers.AuthenticationController#changePassword(Authentication, PasswordChange)
?[0m?[0;34m?[2m2023-06-21T15:47:40.897-04:00?[0;39m ?[32mDEBUG?[0;39m ?[35m31896?[0;39m ?[2m---?[0;39m ?[2m[io-28852-exec-7]?[0;39m ?[36ms.w.s.m.m.a.RequestMappingHandlerMapping?[0;39m ?[2m:?[0;39m Mapped to account.controllers.AuthenticationController#changePassword(Authentication, PasswordChange)
?[0m?[0;34m?[2m2023-06-21T15:47:40.897-04:00?[0;39m ?[32mDEBUG?[0;39m ?[35m31896?[0;39m ?[2m---?[0;39m ?[2m[io-28852-exec-7]?[0;39m ?[36ms.w.s.m.m.a.RequestMappingHandlerMapping?[0;39m ?[2m:?[0;39m Mapped to account.controllers.AuthenticationController#changePassword(Authentication, PasswordChange)
?[0m?[0;34m?[2m2023-06-21T15:47:40.898-04:00?[0;39m ?[32mDEBUG?[0;39m ?[35m31896?[0;39m ?[2m---?[0;39m ?[2m[io-28852-exec-7]?[0;39m ?[36mo.s.web.servlet.DispatcherServlet       ?[0;39m ?[2m:?[0;39m POST "/api/auth/changepass", parameters={}
?[0m?[0;34m?[2m2023-06-21T15:47:40.898-04:00?[0;39m ?[32mDEBUG?[0;39m ?[35m31896?[0;39m ?[2m---?[0;39m ?[2m[io-28852-exec-7]?[0;39m ?[36ms.w.s.m.m.a.RequestMappingHandlerMapping?[0;39m ?[2m:?[0;39m Mapped to account.controllers.AuthenticationController#changePassword(Authentication, PasswordChange)
?[0m?[0;34m?[2m2023-06-21T15:47:40.898-04:00?[0;39m ?[32mDEBUG?[0;39m ?[35m31896?[0;39m ?[2m---?[0;39m ?[2m[io-28852-exec-7]?[0;39m ?[36mm.m.a.RequestResponseBodyMethodProcessor?[0;39m ?[2m:?[0;39m Read "application/json;charset=UTF-8" to [account.dto.PasswordChange@55061d3a]
?[0m?[0;34mAintnoway
?[0m?[0;34mHibernate: select e1_0.id,e1_0.email,e1_0.last_name,e1_0.name,e1_0.password,e1_0.role from employees e1_0
?[0m?[0;34m?[2m2023-06-21T15:47:41.382-04:00?[0;39m ?[32mDEBUG?[0;39m ?[35m31896?[0;39m ?[2m---?[0;39m ?[2m[io-28852-exec-7]?[0;39m ?[36m.m.m.a.ExceptionHandlerExceptionResolver?[0;39m ?[2m:?[0;39m Using @ExceptionHandler account.exceptions.ControllerExceptionHandler#handleSamePassword(WebRequest)
?[0m?[0;34m?[2m2023-06-21T15:47:41.382-04:00?[0;39m ?[32mDEBUG?[0;39m ?[35m31896?[0;39m ?[2m---?[0;39m ?[2m[io-28852-exec-7]?[0;39m ?[36mo.s.w.s.m.m.a.HttpEntityMethodProcessor ?[0;39m ?[2m:?[0;39m Using 'application/json', given [*/*] and supported [application/json, application/*+json]
?[0m?[0;34m?[2m2023-06-21T15:47:41.382-04:00?[0;39m ?[32mDEBUG?[0;39m ?[35m31896?[0;39m ?[2m---?[0;39m ?[2m[io-28852-exec-7]?[0;39m ?[36mo.s.w.s.m.m.a.HttpEntityMethodProcessor ?[0;39m ?[2m:?[0;39m Writing [account.exceptions.CustomErrorMessage@7d7c068b]
?[0m?[0;34m?[2m2023-06-21T15:47:41.383-04:00?[0;39m ?[32mDEBUG?[0;39m ?[35m31896?[0;39m ?[2m---?[0;39m ?[2m[io-28852-exec-7]?[0;39m ?[36m.m.m.a.ExceptionHandlerExceptionResolver?[0;39m ?[2m:?[0;39m Resolved [account.exceptions.SamePassword]
?[0m?[0;34m?[2m2023-06-21T15:47:41.383-04:00?[0;39m ?[32mDEBUG?[0;39m ?[35m31896?[0;39m ?[2m---?[0;39m ?[2m[io-28852-exec-7]?[0;39m ?[36mo.s.web.servlet.DispatcherServlet       ?[0;39m ?[2m:?[0;39m Completed 400 BAD_REQUEST
?[1;31m
Start test 31?[0m
?[0m?[0;34m?[2m2023-06-21T15:47:41.873-04:00?[0;39m ?[32mDEBUG?[0;39m ?[35m31896?[0;39m ?[2m---?[0;39m ?[2m[io-28852-exec-8]?[0;39m ?[36ms.w.s.m.m.a.RequestMappingHandlerMapping?[0;39m ?[2m:?[0;39m Mapped to account.controllers.AuthenticationController#changePassword(Authentication, PasswordChange)
?[0m?[0;34m?[2m2023-06-21T15:47:41.873-04:00?[0;39m ?[32mDEBUG?[0;39m ?[35m31896?[0;39m ?[2m---?[0;39m ?[2m[io-28852-exec-8]?[0;39m ?[36ms.w.s.m.m.a.RequestMappingHandlerMapping?[0;39m ?[2m:?[0;39m Mapped to account.controllers.AuthenticationController#changePassword(Authentication, PasswordChange)
?[0m?[0;34m?[2m2023-06-21T15:47:41.873-04:00?[0;39m ?[32mDEBUG?[0;39m ?[35m31896?[0;39m ?[2m---?[0;39m ?[2m[io-28852-exec-8]?[0;39m ?[36ms.w.s.m.m.a.RequestMappingHandlerMapping?[0;39m ?[2m:?[0;39m Mapped to account.controllers.AuthenticationController#changePassword(Authentication, PasswordChange)
?[0m?[0;34m?[2m2023-06-21T15:47:41.873-04:00?[0;39m ?[32mDEBUG?[0;39m ?[35m31896?[0;39m ?[2m---?[0;39m ?[2m[io-28852-exec-8]?[0;39m ?[36ms.w.s.m.m.a.RequestMappingHandlerMapping?[0;39m ?[2m:?[0;39m Mapped to account.controllers.AuthenticationController#changePassword(Authentication, PasswordChange)
?[0m?[0;34m?[2m2023-06-21T15:47:41.874-04:00?[0;39m ?[32mDEBUG?[0;39m ?[35m31896?[0;39m ?[2m---?[0;39m ?[2m[io-28852-exec-8]?[0;39m ?[36mo.s.web.servlet.DispatcherServlet       ?[0;39m ?[2m:?[0;39m POST "/api/auth/changepass", parameters={}
?[0m?[0;34m?[2m2023-06-21T15:47:41.874-04:00?[0;39m ?[32mDEBUG?[0;39m ?[35m31896?[0;39m ?[2m---?[0;39m ?[2m[io-28852-exec-8]?[0;39m ?[36ms.w.s.m.m.a.RequestMappingHandlerMapping?[0;39m ?[2m:?[0;39m Mapped to account.controllers.AuthenticationController#changePassword(Authentication, PasswordChange)
?[0m?[0;34m?[2m2023-06-21T15:47:41.874-04:00?[0;39m ?[32mDEBUG?[0;39m ?[35m31896?[0;39m ?[2m---?[0;39m ?[2m[io-28852-exec-8]?[0;39m ?[36mm.m.a.RequestResponseBodyMethodProcessor?[0;39m ?[2m:?[0;39m Read "application/json;charset=UTF-8" to [account.dto.PasswordChange@6c5911cb]
?[0m?[0;34m?[2m2023-06-21T15:47:41.875-04:00?[0;39m ?[32mDEBUG?[0;39m ?[35m31896?[0;39m ?[2m---?[0;39m ?[2m[io-28852-exec-8]?[0;39m ?[36m.m.m.a.ExceptionHandlerExceptionResolver?[0;39m ?[2m:?[0;39m Using @ExceptionHandler account.exceptions.ControllerExceptionHandler#handleException(Exception, WebRequest)
?[0m?[0;34m?[2m2023-06-21T15:47:41.875-04:00?[0;39m ?[32mDEBUG?[0;39m ?[35m31896?[0;39m ?[2m---?[0;39m ?[2m[io-28852-exec-8]?[0;39m ?[36mo.s.w.s.m.m.a.HttpEntityMethodProcessor ?[0;39m ?[2m:?[0;39m Using 'application/json', given [*/*] and supported [application/json, application/*+json]
?[0m?[0;34m?[2m2023-06-21T15:47:41.875-04:00?[0;39m ?[32mDEBUG?[0;39m ?[35m31896?[0;39m ?[2m---?[0;39m ?[2m[io-28852-exec-8]?[0;39m ?[36mo.s.w.s.m.m.a.HttpEntityMethodProcessor ?[0;39m ?[2m:?[0;39m Writing [{timestamp=2023-06-21T15:47:41.875987600, status=400, error=Bad Request, message=Password length mus (truncated)...]
?[0m?[0;34m?[2m2023-06-21T15:47:41.876-04:00?[0;39m ?[32mDEBUG?[0;39m ?[35m31896?[0;39m ?[2m---?[0;39m ?[2m[io-28852-exec-8]?[0;39m ?[36m.m.m.a.ExceptionHandlerExceptionResolver?[0;39m ?[2m:?[0;39m Resolved [org.springframework.web.bind.MethodArgumentNotValidException: Validation failed for argument [1] in public org.springframework.http.ResponseEntity<?> account.controllers.AuthenticationController.changePassword(org.springframework.security.core.Authentication,account.dto.PasswordChange): [Field error in object 'passwordChange' on field 'newPassword': rejected value [o]; codes [Size.passwordChange.newPassword,Size.newPassword,Size.java.lang.String,Size]; arguments [org.springframework.context.support.DefaultMessageSourceResolvable: codes [passwordChange.newPassword,newPassword]; arguments []; default message [newPassword],2147483647,12]; default message [size must be between 12 and 2147483647]] ]
?[0m?[0;34m?[2m2023-06-21T15:47:41.876-04:00?[0;39m ?[32mDEBUG?[0;39m ?[35m31896?[0;39m ?[2m---?[0;39m ?[2m[io-28852-exec-8]?[0;39m ?[36mo.s.web.servlet.DispatcherServlet       ?[0;39m ?[2m:?[0;39m Completed 400 BAD_REQUEST
?[1;31m
Start test 32?[0m
?[0m?[0;34m?[2m2023-06-21T15:47:42.369-04:00?[0;39m ?[32mDEBUG?[0;39m ?[35m31896?[0;39m ?[2m---?[0;39m ?[2m[io-28852-exec-9]?[0;39m ?[36ms.w.s.m.m.a.RequestMappingHandlerMapping?[0;39m ?[2m:?[0;39m Mapped to account.controllers.AuthenticationController#changePassword(Authentication, PasswordChange)
?[0m?[0;34m?[2m2023-06-21T15:47:42.369-04:00?[0;39m ?[32mDEBUG?[0;39m ?[35m31896?[0;39m ?[2m---?[0;39m ?[2m[io-28852-exec-9]?[0;39m ?[36ms.w.s.m.m.a.RequestMappingHandlerMapping?[0;39m ?[2m:?[0;39m Mapped to account.controllers.AuthenticationController#changePassword(Authentication, PasswordChange)
?[0m?[0;34m?[2m2023-06-21T15:47:42.369-04:00?[0;39m ?[32mDEBUG?[0;39m ?[35m31896?[0;39m ?[2m---?[0;39m ?[2m[io-28852-exec-9]?[0;39m ?[36ms.w.s.m.m.a.RequestMappingHandlerMapping?[0;39m ?[2m:?[0;39m Mapped to account.controllers.AuthenticationController#changePassword(Authentication, PasswordChange)
?[0m?[0;34m?[2m2023-06-21T15:47:42.369-04:00?[0;39m ?[32mDEBUG?[0;39m ?[35m31896?[0;39m ?[2m---?[0;39m ?[2m[io-28852-exec-9]?[0;39m ?[36ms.w.s.m.m.a.RequestMappingHandlerMapping?[0;39m ?[2m:?[0;39m Mapped to account.controllers.AuthenticationController#changePassword(Authentication, PasswordChange)
?[0m?[0;34m?[2m2023-06-21T15:47:42.369-04:00?[0;39m ?[32mDEBUG?[0;39m ?[35m31896?[0;39m ?[2m---?[0;39m ?[2m[io-28852-exec-9]?[0;39m ?[36mo.s.web.servlet.DispatcherServlet       ?[0;39m ?[2m:?[0;39m POST "/api/auth/changepass", parameters={}
?[0m?[0;34m?[2m2023-06-21T15:47:42.369-04:00?[0;39m ?[32mDEBUG?[0;39m ?[35m31896?[0;39m ?[2m---?[0;39m ?[2m[io-28852-exec-9]?[0;39m ?[36ms.w.s.m.m.a.RequestMappingHandlerMapping?[0;39m ?[2m:?[0;39m Mapped to account.controllers.AuthenticationController#changePassword(Authentication, PasswordChange)
?[0m?[0;34m?[2m2023-06-21T15:47:42.370-04:00?[0;39m ?[32mDEBUG?[0;39m ?[35m31896?[0;39m ?[2m---?[0;39m ?[2m[io-28852-exec-9]?[0;39m ?[36mm.m.a.RequestResponseBodyMethodProcessor?[0;39m ?[2m:?[0;39m Read "application/json;charset=UTF-8" to [account.dto.PasswordChange@7a1f57ae]
?[0m?[0;34m?[2m2023-06-21T15:47:42.370-04:00?[0;39m ?[32mDEBUG?[0;39m ?[35m31896?[0;39m ?[2m---?[0;39m ?[2m[io-28852-exec-9]?[0;39m ?[36m.m.m.a.ExceptionHandlerExceptionResolver?[0;39m ?[2m:?[0;39m Using @ExceptionHandler account.exceptions.ControllerExceptionHandler#handleException(Exception, WebRequest)
?[0m?[0;34m?[2m2023-06-21T15:47:42.370-04:00?[0;39m ?[32mDEBUG?[0;39m ?[35m31896?[0;39m ?[2m---?[0;39m ?[2m[io-28852-exec-9]?[0;39m ?[36mo.s.w.s.m.m.a.HttpEntityMethodProcessor ?[0;39m ?[2m:?[0;39m Using 'application/json', given [*/*] and supported [application/json, application/*+json]
?[0m?[0;34m?[2m2023-06-21T15:47:42.371-04:00?[0;39m ?[32mDEBUG?[0;39m ?[35m31896?[0;39m ?[2m---?[0;39m ?[2m[io-28852-exec-9]?[0;39m ?[36mo.s.w.s.m.m.a.HttpEntityMethodProcessor ?[0;39m ?[2m:?[0;39m Writing [{timestamp=2023-06-21T15:47:42.370441, status=400, error=Bad Request, message=Password length must b (truncated)...]
?[0m?[0;34m?[2m2023-06-21T15:47:42.371-04:00?[0;39m ?[32mDEBUG?[0;39m ?[35m31896?[0;39m ?[2m---?[0;39m ?[2m[io-28852-exec-9]?[0;39m ?[36m.m.m.a.ExceptionHandlerExceptionResolver?[0;39m ?[2m:?[0;39m Resolved [org.springframework.web.bind.MethodArgumentNotValidException: Validation failed for argument [1] in public org.springframework.http.ResponseEntity<?> account.controllers.AuthenticationController.changePassword(org.springframework.security.core.Authentication,account.dto.PasswordChange): [Field error in object 'passwordChange' on field 'newPassword': rejected value [oM]; codes [Size.passwordChange.newPassword,Size.newPassword,Size.java.lang.String,Size]; arguments [org.springframework.context.support.DefaultMessageSourceResolvable: codes [passwordChange.newPassword,newPassword]; arguments []; default message [newPassword],2147483647,12]; default message [size must be between 12 and 2147483647]] ]
?[0m?[0;34m?[2m2023-06-21T15:47:42.371-04:00?[0;39m ?[32mDEBUG?[0;39m ?[35m31896?[0;39m ?[2m---?[0;39m ?[2m[io-28852-exec-9]?[0;39m ?[36mo.s.web.servlet.DispatcherServlet       ?[0;39m ?[2m:?[0;39m Completed 400 BAD_REQUEST
?[1;31m
Start test 33?[0m
?[0m?[0;34m?[2m2023-06-21T15:47:42.860-04:00?[0;39m ?[32mDEBUG?[0;39m ?[35m31896?[0;39m ?[2m---?[0;39m ?[2m[o-28852-exec-10]?[0;39m ?[36ms.w.s.m.m.a.RequestMappingHandlerMapping?[0;39m ?[2m:?[0;39m Mapped to account.controllers.AuthenticationController#changePassword(Authentication, PasswordChange)
?[0m?[0;34m?[2m2023-06-21T15:47:42.860-04:00?[0;39m ?[32mDEBUG?[0;39m ?[35m31896?[0;39m ?[2m---?[0;39m ?[2m[o-28852-exec-10]?[0;39m ?[36ms.w.s.m.m.a.RequestMappingHandlerMapping?[0;39m ?[2m:?[0;39m Mapped to account.controllers.AuthenticationController#changePassword(Authentication, PasswordChange)
?[0m?[0;34m?[2m2023-06-21T15:47:42.860-04:00?[0;39m ?[32mDEBUG?[0;39m ?[35m31896?[0;39m ?[2m---?[0;39m ?[2m[o-28852-exec-10]?[0;39m ?[36ms.w.s.m.m.a.RequestMappingHandlerMapping?[0;39m ?[2m:?[0;39m Mapped to account.controllers.AuthenticationController#changePassword(Authentication, PasswordChange)
?[0m?[0;34m?[2m2023-06-21T15:47:42.860-04:00?[0;39m ?[32mDEBUG?[0;39m ?[35m31896?[0;39m ?[2m---?[0;39m ?[2m[o-28852-exec-10]?[0;39m ?[36ms.w.s.m.m.a.RequestMappingHandlerMapping?[0;39m ?[2m:?[0;39m Mapped to account.controllers.AuthenticationController#changePassword(Authentication, PasswordChange)
?[0m?[0;34m?[2m2023-06-21T15:47:42.860-04:00?[0;39m ?[32mDEBUG?[0;39m ?[35m31896?[0;39m ?[2m---?[0;39m ?[2m[o-28852-exec-10]?[0;39m ?[36mo.s.web.servlet.DispatcherServlet       ?[0;39m ?[2m:?[0;39m POST "/api/auth/changepass", parameters={}
?[0m?[0;34m?[2m2023-06-21T15:47:42.860-04:00?[0;39m ?[32mDEBUG?[0;39m ?[35m31896?[0;39m ?[2m---?[0;39m ?[2m[o-28852-exec-10]?[0;39m ?[36ms.w.s.m.m.a.RequestMappingHandlerMapping?[0;39m ?[2m:?[0;39m Mapped to account.controllers.AuthenticationController#changePassword(Authentication, PasswordChange)
?[0m?[0;34m?[2m2023-06-21T15:47:42.861-04:00?[0;39m ?[32mDEBUG?[0;39m ?[35m31896?[0;39m ?[2m---?[0;39m ?[2m[o-28852-exec-10]?[0;39m ?[36mm.m.a.RequestResponseBodyMethodProcessor?[0;39m ?[2m:?[0;39m Read "application/json;charset=UTF-8" to [account.dto.PasswordChange@17c6287f]
?[0m?[0;34m?[2m2023-06-21T15:47:42.861-04:00?[0;39m ?[32mDEBUG?[0;39m ?[35m31896?[0;39m ?[2m---?[0;39m ?[2m[o-28852-exec-10]?[0;39m ?[36m.m.m.a.ExceptionHandlerExceptionResolver?[0;39m ?[2m:?[0;39m Using @ExceptionHandler account.exceptions.ControllerExceptionHandler#handleException(Exception, WebRequest)
?[0m?[0;34m?[2m2023-06-21T15:47:42.861-04:00?[0;39m ?[32mDEBUG?[0;39m ?[35m31896?[0;39m ?[2m---?[0;39m ?[2m[o-28852-exec-10]?[0;39m ?[36mo.s.w.s.m.m.a.HttpEntityMethodProcessor ?[0;39m ?[2m:?[0;39m Using 'application/json', given [*/*] and supported [application/json, application/*+json]
?[0m?[0;34m?[2m2023-06-21T15:47:42.861-04:00?[0;39m ?[32mDEBUG?[0;39m ?[35m31896?[0;39m ?[2m---?[0;39m ?[2m[o-28852-exec-10]?[0;39m ?[36mo.s.w.s.m.m.a.HttpEntityMethodProcessor ?[0;39m ?[2m:?[0;39m Writing [{timestamp=2023-06-21T15:47:42.861032900, status=400, error=Bad Request, message=Password length mus (truncated)...]
?[0m?[0;34m?[2m2023-06-21T15:47:42.862-04:00?[0;39m ?[32mDEBUG?[0;39m ?[35m31896?[0;39m ?[2m---?[0;39m ?[2m[o-28852-exec-10]?[0;39m ?[36m.m.m.a.ExceptionHandlerExceptionResolver?[0;39m ?[2m:?[0;39m Resolved [org.springframework.web.bind.MethodArgumentNotValidException: Validation failed for argument [1] in public org.springframework.http.ResponseEntity<?> account.controllers.AuthenticationController.changePassword(org.springframework.security.core.Authentication,account.dto.PasswordChange): [Field error in object 'passwordChange' on field 'newPassword': rejected value [oMo]; codes [Size.passwordChange.newPassword,Size.newPassword,Size.java.lang.String,Size]; arguments [org.springframework.context.support.DefaultMessageSourceResolvable: codes [passwordChange.newPassword,newPassword]; arguments []; default message [newPassword],2147483647,12]; default message [size must be between 12 and 2147483647]] ]
?[0m?[0;34m?[2m2023-06-21T15:47:42.862-04:00?[0;39m ?[32mDEBUG?[0;39m ?[35m31896?[0;39m ?[2m---?[0;39m ?[2m[o-28852-exec-10]?[0;39m ?[36mo.s.web.servlet.DispatcherServlet       ?[0;39m ?[2m:?[0;39m Completed 400 BAD_REQUEST
?[1;31m
Start test 34?[0m
?[0m?[0;34m?[2m2023-06-21T15:47:43.352-04:00?[0;39m ?[32mDEBUG?[0;39m ?[35m31896?[0;39m ?[2m---?[0;39m ?[2m[io-28852-exec-1]?[0;39m ?[36ms.w.s.m.m.a.RequestMappingHandlerMapping?[0;39m ?[2m:?[0;39m Mapped to account.controllers.AuthenticationController#changePassword(Authentication, PasswordChange)
?[0m?[0;34m?[2m2023-06-21T15:47:43.352-04:00?[0;39m ?[32mDEBUG?[0;39m ?[35m31896?[0;39m ?[2m---?[0;39m ?[2m[io-28852-exec-1]?[0;39m ?[36ms.w.s.m.m.a.RequestMappingHandlerMapping?[0;39m ?[2m:?[0;39m Mapped to account.controllers.AuthenticationController#changePassword(Authentication, PasswordChange)
?[0m?[0;34m?[2m2023-06-21T15:47:43.352-04:00?[0;39m ?[32mDEBUG?[0;39m ?[35m31896?[0;39m ?[2m---?[0;39m ?[2m[io-28852-exec-1]?[0;39m ?[36ms.w.s.m.m.a.RequestMappingHandlerMapping?[0;39m ?[2m:?[0;39m Mapped to account.controllers.AuthenticationController#changePassword(Authentication, PasswordChange)
?[0m?[0;34m?[2m2023-06-21T15:47:43.352-04:00?[0;39m ?[32mDEBUG?[0;39m ?[35m31896?[0;39m ?[2m---?[0;39m ?[2m[io-28852-exec-1]?[0;39m ?[36ms.w.s.m.m.a.RequestMappingHandlerMapping?[0;39m ?[2m:?[0;39m Mapped to account.controllers.AuthenticationController#changePassword(Authentication, PasswordChange)
?[0m?[0;34m?[2m2023-06-21T15:47:43.353-04:00?[0;39m ?[32mDEBUG?[0;39m ?[35m31896?[0;39m ?[2m---?[0;39m ?[2m[io-28852-exec-1]?[0;39m ?[36mo.s.web.servlet.DispatcherServlet       ?[0;39m ?[2m:?[0;39m POST "/api/auth/changepass", parameters={}
?[0m?[0;34m?[2m2023-06-21T15:47:43.353-04:00?[0;39m ?[32mDEBUG?[0;39m ?[35m31896?[0;39m ?[2m---?[0;39m ?[2m[io-28852-exec-1]?[0;39m ?[36ms.w.s.m.m.a.RequestMappingHandlerMapping?[0;39m ?[2m:?[0;39m Mapped to account.controllers.AuthenticationController#changePassword(Authentication, PasswordChange)
?[0m?[0;34m?[2m2023-06-21T15:47:43.353-04:00?[0;39m ?[32mDEBUG?[0;39m ?[35m31896?[0;39m ?[2m---?[0;39m ?[2m[io-28852-exec-1]?[0;39m ?[36mm.m.a.RequestResponseBodyMethodProcessor?[0;39m ?[2m:?[0;39m Read "application/json;charset=UTF-8" to [account.dto.PasswordChange@62c2d55b]
?[0m?[0;34m?[2m2023-06-21T15:47:43.354-04:00?[0;39m ?[32mDEBUG?[0;39m ?[35m31896?[0;39m ?[2m---?[0;39m ?[2m[io-28852-exec-1]?[0;39m ?[36m.m.m.a.ExceptionHandlerExceptionResolver?[0;39m ?[2m:?[0;39m Using @ExceptionHandler account.exceptions.ControllerExceptionHandler#handleException(Exception, WebRequest)
?[0m?[0;34m?[2m2023-06-21T15:47:43.354-04:00?[0;39m ?[32mDEBUG?[0;39m ?[35m31896?[0;39m ?[2m---?[0;39m ?[2m[io-28852-exec-1]?[0;39m ?[36mo.s.w.s.m.m.a.HttpEntityMethodProcessor ?[0;39m ?[2m:?[0;39m Using 'application/json', given [*/*] and supported [application/json, application/*+json]
?[0m?[0;34m?[2m2023-06-21T15:47:43.354-04:00?[0;39m ?[32mDEBUG?[0;39m ?[35m31896?[0;39m ?[2m---?[0;39m ?[2m[io-28852-exec-1]?[0;39m ?[36mo.s.w.s.m.m.a.HttpEntityMethodProcessor ?[0;39m ?[2m:?[0;39m Writing [{timestamp=2023-06-21T15:47:43.354482100, status=400, error=Bad Request, message=Password length mus (truncated)...]
?[0m?[0;34m?[2m2023-06-21T15:47:43.354-04:00?[0;39m ?[32mDEBUG?[0;39m ?[35m31896?[0;39m ?[2m---?[0;39m ?[2m[io-28852-exec-1]?[0;39m ?[36m.m.m.a.ExceptionHandlerExceptionResolver?[0;39m ?[2m:?[0;39m Resolved [org.springframework.web.bind.MethodArgumentNotValidException: Validation failed for argument [1] in public org.springframework.http.ResponseEntity<?> account.controllers.AuthenticationController.changePassword(org.springframework.security.core.Authentication,account.dto.PasswordChange): [Field error in object 'passwordChange' on field 'newPassword': rejected value [oMoa]; codes [Size.passwordChange.newPassword,Size.newPassword,Size.java.lang.String,Size]; arguments [org.springframework.context.support.DefaultMessageSourceResolvable: codes [passwordChange.newPassword,newPassword]; arguments []; default message [newPassword],2147483647,12]; default message [size must be between 12 and 2147483647]] ]
?[0m?[0;34m?[2m2023-06-21T15:47:43.354-04:00?[0;39m ?[32mDEBUG?[0;39m ?[35m31896?[0;39m ?[2m---?[0;39m ?[2m[io-28852-exec-1]?[0;39m ?[36mo.s.web.servlet.DispatcherServlet       ?[0;39m ?[2m:?[0;39m Completed 400 BAD_REQUEST
?[1;31m
Start test 35?[0m
?[0m?[0;34m?[2m2023-06-21T15:47:43.844-04:00?[0;39m ?[32mDEBUG?[0;39m ?[35m31896?[0;39m ?[2m---?[0;39m ?[2m[io-28852-exec-3]?[0;39m ?[36ms.w.s.m.m.a.RequestMappingHandlerMapping?[0;39m ?[2m:?[0;39m Mapped to account.controllers.AuthenticationController#changePassword(Authentication, PasswordChange)
?[0m?[0;34m?[2m2023-06-21T15:47:43.844-04:00?[0;39m ?[32mDEBUG?[0;39m ?[35m31896?[0;39m ?[2m---?[0;39m ?[2m[io-28852-exec-3]?[0;39m ?[36ms.w.s.m.m.a.RequestMappingHandlerMapping?[0;39m ?[2m:?[0;39m Mapped to account.controllers.AuthenticationController#changePassword(Authentication, PasswordChange)
?[0m?[0;34m?[2m2023-06-21T15:47:43.844-04:00?[0;39m ?[32mDEBUG?[0;39m ?[35m31896?[0;39m ?[2m---?[0;39m ?[2m[io-28852-exec-3]?[0;39m ?[36ms.w.s.m.m.a.RequestMappingHandlerMapping?[0;39m ?[2m:?[0;39m Mapped to account.controllers.AuthenticationController#changePassword(Authentication, PasswordChange)
?[0m?[0;34m?[2m2023-06-21T15:47:43.845-04:00?[0;39m ?[32mDEBUG?[0;39m ?[35m31896?[0;39m ?[2m---?[0;39m ?[2m[io-28852-exec-3]?[0;39m ?[36ms.w.s.m.m.a.RequestMappingHandlerMapping?[0;39m ?[2m:?[0;39m Mapped to account.controllers.AuthenticationController#changePassword(Authentication, PasswordChange)
?[0m?[0;34m?[2m2023-06-21T15:47:43.845-04:00?[0;39m ?[32mDEBUG?[0;39m ?[35m31896?[0;39m ?[2m---?[0;39m ?[2m[io-28852-exec-3]?[0;39m ?[36mo.s.web.servlet.DispatcherServlet       ?[0;39m ?[2m:?[0;39m POST "/api/auth/changepass", parameters={}
?[0m?[0;34m?[2m2023-06-21T15:47:43.845-04:00?[0;39m ?[32mDEBUG?[0;39m ?[35m31896?[0;39m ?[2m---?[0;39m ?[2m[io-28852-exec-3]?[0;39m ?[36ms.w.s.m.m.a.RequestMappingHandlerMapping?[0;39m ?[2m:?[0;39m Mapped to account.controllers.AuthenticationController#changePassword(Authentication, PasswordChange)
?[0m?[0;34m?[2m2023-06-21T15:47:43.846-04:00?[0;39m ?[32mDEBUG?[0;39m ?[35m31896?[0;39m ?[2m---?[0;39m ?[2m[io-28852-exec-3]?[0;39m ?[36mm.m.a.RequestResponseBodyMethodProcessor?[0;39m ?[2m:?[0;39m Read "application/json;charset=UTF-8" to [account.dto.PasswordChange@7324610b]
?[0m?[0;34m?[2m2023-06-21T15:47:43.846-04:00?[0;39m ?[32mDEBUG?[0;39m ?[35m31896?[0;39m ?[2m---?[0;39m ?[2m[io-28852-exec-3]?[0;39m ?[36m.m.m.a.ExceptionHandlerExceptionResolver?[0;39m ?[2m:?[0;39m Using @ExceptionHandler account.exceptions.ControllerExceptionHandler#handleException(Exception, WebRequest)
?[0m?[0;34m?[2m2023-06-21T15:47:43.847-04:00?[0;39m ?[32mDEBUG?[0;39m ?[35m31896?[0;39m ?[2m---?[0;39m ?[2m[io-28852-exec-3]?[0;39m ?[36mo.s.w.s.m.m.a.HttpEntityMethodProcessor ?[0;39m ?[2m:?[0;39m Using 'application/json', given [*/*] and supported [application/json, application/*+json]
?[0m?[0;34m?[2m2023-06-21T15:47:43.847-04:00?[0;39m ?[32mDEBUG?[0;39m ?[35m31896?[0;39m ?[2m---?[0;39m ?[2m[io-28852-exec-3]?[0;39m ?[36mo.s.w.s.m.m.a.HttpEntityMethodProcessor ?[0;39m ?[2m:?[0;39m Writing [{timestamp=2023-06-21T15:47:43.847930200, status=400, error=Bad Request, message=Password length mus (truncated)...]
?[0m?[0;34m?[2m2023-06-21T15:47:43.847-04:00?[0;39m ?[32mDEBUG?[0;39m ?[35m31896?[0;39m ?[2m---?[0;39m ?[2m[io-28852-exec-3]?[0;39m ?[36m.m.m.a.ExceptionHandlerExceptionResolver?[0;39m ?[2m:?[0;39m Resolved [org.springframework.web.bind.MethodArgumentNotValidException: Validation failed for argument [1] in public org.springframework.http.ResponseEntity<?> account.controllers.AuthenticationController.changePassword(org.springframework.security.core.Authentication,account.dto.PasswordChange): [Field error in object 'passwordChange' on field 'newPassword': rejected value [oMoa3]; codes [Size.passwordChange.newPassword,Size.newPassword,Size.java.lang.String,Size]; arguments [org.springframework.context.support.DefaultMessageSourceResolvable: codes [passwordChange.newPassword,newPassword]; arguments []; default message [newPassword],2147483647,12]; default message [size must be between 12 and 2147483647]] ]
?[0m?[0;34m?[2m2023-06-21T15:47:43.847-04:00?[0;39m ?[32mDEBUG?[0;39m ?[35m31896?[0;39m ?[2m---?[0;39m ?[2m[io-28852-exec-3]?[0;39m ?[36mo.s.web.servlet.DispatcherServlet       ?[0;39m ?[2m:?[0;39m Completed 400 BAD_REQUEST
?[1;31m
Start test 36?[0m
?[0m?[0;34m?[2m2023-06-21T15:47:44.350-04:00?[0;39m ?[32mDEBUG?[0;39m ?[35m31896?[0;39m ?[2m---?[0;39m ?[2m[io-28852-exec-4]?[0;39m ?[36ms.w.s.m.m.a.RequestMappingHandlerMapping?[0;39m ?[2m:?[0;39m Mapped to account.controllers.AuthenticationController#changePassword(Authentication, PasswordChange)
?[0m?[0;34m?[2m2023-06-21T15:47:44.350-04:00?[0;39m ?[32mDEBUG?[0;39m ?[35m31896?[0;39m ?[2m---?[0;39m ?[2m[io-28852-exec-4]?[0;39m ?[36ms.w.s.m.m.a.RequestMappingHandlerMapping?[0;39m ?[2m:?[0;39m Mapped to account.controllers.AuthenticationController#changePassword(Authentication, PasswordChange)
?[0m?[0;34m?[2m2023-06-21T15:47:44.350-04:00?[0;39m ?[32mDEBUG?[0;39m ?[35m31896?[0;39m ?[2m---?[0;39m ?[2m[io-28852-exec-4]?[0;39m ?[36ms.w.s.m.m.a.RequestMappingHandlerMapping?[0;39m ?[2m:?[0;39m Mapped to account.controllers.AuthenticationController#changePassword(Authentication, PasswordChange)
?[0m?[0;34m?[2m2023-06-21T15:47:44.350-04:00?[0;39m ?[32mDEBUG?[0;39m ?[35m31896?[0;39m ?[2m---?[0;39m ?[2m[io-28852-exec-4]?[0;39m ?[36ms.w.s.m.m.a.RequestMappingHandlerMapping?[0;39m ?[2m:?[0;39m Mapped to account.controllers.AuthenticationController#changePassword(Authentication, PasswordChange)
?[0m?[0;34m?[2m2023-06-21T15:47:44.351-04:00?[0;39m ?[32mDEBUG?[0;39m ?[35m31896?[0;39m ?[2m---?[0;39m ?[2m[io-28852-exec-4]?[0;39m ?[36mo.s.web.servlet.DispatcherServlet       ?[0;39m ?[2m:?[0;39m POST "/api/auth/changepass", parameters={}
?[0m?[0;34m?[2m2023-06-21T15:47:44.351-04:00?[0;39m ?[32mDEBUG?[0;39m ?[35m31896?[0;39m ?[2m---?[0;39m ?[2m[io-28852-exec-4]?[0;39m ?[36ms.w.s.m.m.a.RequestMappingHandlerMapping?[0;39m ?[2m:?[0;39m Mapped to account.controllers.AuthenticationController#changePassword(Authentication, PasswordChange)
?[0m?[0;34m?[2m2023-06-21T15:47:44.352-04:00?[0;39m ?[32mDEBUG?[0;39m ?[35m31896?[0;39m ?[2m---?[0;39m ?[2m[io-28852-exec-4]?[0;39m ?[36mm.m.a.RequestResponseBodyMethodProcessor?[0;39m ?[2m:?[0;39m Read "application/json;charset=UTF-8" to [account.dto.PasswordChange@d4a2503]
?[0m?[0;34m?[2m2023-06-21T15:47:44.353-04:00?[0;39m ?[32mDEBUG?[0;39m ?[35m31896?[0;39m ?[2m---?[0;39m ?[2m[io-28852-exec-4]?[0;39m ?[36m.m.m.a.ExceptionHandlerExceptionResolver?[0;39m ?[2m:?[0;39m Using @ExceptionHandler account.exceptions.ControllerExceptionHandler#handleException(Exception, WebRequest)
?[0m?[0;34m?[2m2023-06-21T15:47:44.353-04:00?[0;39m ?[32mDEBUG?[0;39m ?[35m31896?[0;39m ?[2m---?[0;39m ?[2m[io-28852-exec-4]?[0;39m ?[36mo.s.w.s.m.m.a.HttpEntityMethodProcessor ?[0;39m ?[2m:?[0;39m Using 'application/json', given [*/*] and supported [application/json, application/*+json]
?[0m?[0;34m?[2m2023-06-21T15:47:44.353-04:00?[0;39m ?[32mDEBUG?[0;39m ?[35m31896?[0;39m ?[2m---?[0;39m ?[2m[io-28852-exec-4]?[0;39m ?[36mo.s.w.s.m.m.a.HttpEntityMethodProcessor ?[0;39m ?[2m:?[0;39m Writing [{timestamp=2023-06-21T15:47:44.353069500, status=400, error=Bad Request, message=Password length mus (truncated)...]
?[0m?[0;34m?[2m2023-06-21T15:47:44.354-04:00?[0;39m ?[32mDEBUG?[0;39m ?[35m31896?[0;39m ?[2m---?[0;39m ?[2m[io-28852-exec-4]?[0;39m ?[36m.m.m.a.ExceptionHandlerExceptionResolver?[0;39m ?[2m:?[0;39m Resolved [org.springframework.web.bind.MethodArgumentNotValidException: Validation failed for argument [1] in public org.springframework.http.ResponseEntity<?> account.controllers.AuthenticationController.changePassword(org.springframework.security.core.Authentication,account.dto.PasswordChange): [Field error in object 'passwordChange' on field 'newPassword': rejected value [oMoa3V]; codes [Size.passwordChange.newPassword,Size.newPassword,Size.java.lang.String,Size]; arguments [org.springframework.context.support.DefaultMessageSourceResolvable: codes [passwordChange.newPassword,newPassword]; arguments []; default message [newPassword],2147483647,12]; default message [size must be between 12 and 2147483647]] ]
?[0m?[0;34m?[2m2023-06-21T15:47:44.354-04:00?[0;39m ?[32mDEBUG?[0;39m ?[35m31896?[0;39m ?[2m---?[0;39m ?[2m[io-28852-exec-4]?[0;39m ?[36mo.s.web.servlet.DispatcherServlet       ?[0;39m ?[2m:?[0;39m Completed 400 BAD_REQUEST
?[1;31m
Start test 37?[0m
?[0m?[0;34m?[2m2023-06-21T15:47:44.857-04:00?[0;39m ?[32mDEBUG?[0;39m ?[35m31896?[0;39m ?[2m---?[0;39m ?[2m[io-28852-exec-2]?[0;39m ?[36ms.w.s.m.m.a.RequestMappingHandlerMapping?[0;39m ?[2m:?[0;39m Mapped to account.controllers.AuthenticationController#changePassword(Authentication, PasswordChange)
?[0m?[0;34m?[2m2023-06-21T15:47:44.857-04:00?[0;39m ?[32mDEBUG?[0;39m ?[35m31896?[0;39m ?[2m---?[0;39m ?[2m[io-28852-exec-2]?[0;39m ?[36ms.w.s.m.m.a.RequestMappingHandlerMapping?[0;39m ?[2m:?[0;39m Mapped to account.controllers.AuthenticationController#changePassword(Authentication, PasswordChange)
?[0m?[0;34m?[2m2023-06-21T15:47:44.857-04:00?[0;39m ?[32mDEBUG?[0;39m ?[35m31896?[0;39m ?[2m---?[0;39m ?[2m[io-28852-exec-2]?[0;39m ?[36ms.w.s.m.m.a.RequestMappingHandlerMapping?[0;39m ?[2m:?[0;39m Mapped to account.controllers.AuthenticationController#changePassword(Authentication, PasswordChange)
?[0m?[0;34m?[2m2023-06-21T15:47:44.857-04:00?[0;39m ?[32mDEBUG?[0;39m ?[35m31896?[0;39m ?[2m---?[0;39m ?[2m[io-28852-exec-2]?[0;39m ?[36ms.w.s.m.m.a.RequestMappingHandlerMapping?[0;39m ?[2m:?[0;39m Mapped to account.controllers.AuthenticationController#changePassword(Authentication, PasswordChange)
?[0m?[0;34m?[2m2023-06-21T15:47:44.857-04:00?[0;39m ?[32mDEBUG?[0;39m ?[35m31896?[0;39m ?[2m---?[0;39m ?[2m[io-28852-exec-2]?[0;39m ?[36mo.s.web.servlet.DispatcherServlet       ?[0;39m ?[2m:?[0;39m POST "/api/auth/changepass", parameters={}
?[0m?[0;34m?[2m2023-06-21T15:47:44.857-04:00?[0;39m ?[32mDEBUG?[0;39m ?[35m31896?[0;39m ?[2m---?[0;39m ?[2m[io-28852-exec-2]?[0;39m ?[36ms.w.s.m.m.a.RequestMappingHandlerMapping?[0;39m ?[2m:?[0;39m Mapped to account.controllers.AuthenticationController#changePassword(Authentication, PasswordChange)
?[0m?[0;34m?[2m2023-06-21T15:47:44.858-04:00?[0;39m ?[32mDEBUG?[0;39m ?[35m31896?[0;39m ?[2m---?[0;39m ?[2m[io-28852-exec-2]?[0;39m ?[36mm.m.a.RequestResponseBodyMethodProcessor?[0;39m ?[2m:?[0;39m Read "application/json;charset=UTF-8" to [account.dto.PasswordChange@5f27b65e]
?[0m?[0;34m?[2m2023-06-21T15:47:44.858-04:00?[0;39m ?[32mDEBUG?[0;39m ?[35m31896?[0;39m ?[2m---?[0;39m ?[2m[io-28852-exec-2]?[0;39m ?[36m.m.m.a.ExceptionHandlerExceptionResolver?[0;39m ?[2m:?[0;39m Using @ExceptionHandler account.exceptions.ControllerExceptionHandler#handleException(Exception, WebRequest)
?[0m?[0;34m?[2m2023-06-21T15:47:44.859-04:00?[0;39m ?[32mDEBUG?[0;39m ?[35m31896?[0;39m ?[2m---?[0;39m ?[2m[io-28852-exec-2]?[0;39m ?[36mo.s.w.s.m.m.a.HttpEntityMethodProcessor ?[0;39m ?[2m:?[0;39m Using 'application/json', given [*/*] and supported [application/json, application/*+json]
?[0m?[0;34m?[2m2023-06-21T15:47:44.859-04:00?[0;39m ?[32mDEBUG?[0;39m ?[35m31896?[0;39m ?[2m---?[0;39m ?[2m[io-28852-exec-2]?[0;39m ?[36mo.s.w.s.m.m.a.HttpEntityMethodProcessor ?[0;39m ?[2m:?[0;39m Writing [{timestamp=2023-06-21T15:47:44.859996100, status=400, error=Bad Request, message=Password length mus (truncated)...]
?[0m?[0;34m?[2m2023-06-21T15:47:44.859-04:00?[0;39m ?[32mDEBUG?[0;39m ?[35m31896?[0;39m ?[2m---?[0;39m ?[2m[io-28852-exec-2]?[0;39m ?[36m.m.m.a.ExceptionHandlerExceptionResolver?[0;39m ?[2m:?[0;39m Resolved [org.springframework.web.bind.MethodArgumentNotValidException: Validation failed for argument [1] in public org.springframework.http.ResponseEntity<?> account.controllers.AuthenticationController.changePassword(org.springframework.security.core.Authentication,account.dto.PasswordChange): [Field error in object 'passwordChange' on field 'newPassword': rejected value [oMoa3Vv]; codes [Size.passwordChange.newPassword,Size.newPassword,Size.java.lang.String,Size]; arguments [org.springframework.context.support.DefaultMessageSourceResolvable: codes [passwordChange.newPassword,newPassword]; arguments []; default message [newPassword],2147483647,12]; default message [size must be between 12 and 2147483647]] ]
?[0m?[0;34m?[2m2023-06-21T15:47:44.859-04:00?[0;39m ?[32mDEBUG?[0;39m ?[35m31896?[0;39m ?[2m---?[0;39m ?[2m[io-28852-exec-2]?[0;39m ?[36mo.s.web.servlet.DispatcherServlet       ?[0;39m ?[2m:?[0;39m Completed 400 BAD_REQUEST
?[1;31m
Start test 38?[0m
?[0m?[0;34m?[2m2023-06-21T15:47:45.348-04:00?[0;39m ?[32mDEBUG?[0;39m ?[35m31896?[0;39m ?[2m---?[0;39m ?[2m[io-28852-exec-5]?[0;39m ?[36ms.w.s.m.m.a.RequestMappingHandlerMapping?[0;39m ?[2m:?[0;39m Mapped to account.controllers.AuthenticationController#changePassword(Authentication, PasswordChange)
?[0m?[0;34m?[2m2023-06-21T15:47:45.348-04:00?[0;39m ?[32mDEBUG?[0;39m ?[35m31896?[0;39m ?[2m---?[0;39m ?[2m[io-28852-exec-5]?[0;39m ?[36ms.w.s.m.m.a.RequestMappingHandlerMapping?[0;39m ?[2m:?[0;39m Mapped to account.controllers.AuthenticationController#changePassword(Authentication, PasswordChange)
?[0m?[0;34m?[2m2023-06-21T15:47:45.349-04:00?[0;39m ?[32mDEBUG?[0;39m ?[35m31896?[0;39m ?[2m---?[0;39m ?[2m[io-28852-exec-5]?[0;39m ?[36ms.w.s.m.m.a.RequestMappingHandlerMapping?[0;39m ?[2m:?[0;39m Mapped to account.controllers.AuthenticationController#changePassword(Authentication, PasswordChange)
?[0m?[0;34m?[2m2023-06-21T15:47:45.349-04:00?[0;39m ?[32mDEBUG?[0;39m ?[35m31896?[0;39m ?[2m---?[0;39m ?[2m[io-28852-exec-5]?[0;39m ?[36ms.w.s.m.m.a.RequestMappingHandlerMapping?[0;39m ?[2m:?[0;39m Mapped to account.controllers.AuthenticationController#changePassword(Authentication, PasswordChange)
?[0m?[0;34m?[2m2023-06-21T15:47:45.349-04:00?[0;39m ?[32mDEBUG?[0;39m ?[35m31896?[0;39m ?[2m---?[0;39m ?[2m[io-28852-exec-5]?[0;39m ?[36mo.s.web.servlet.DispatcherServlet       ?[0;39m ?[2m:?[0;39m POST "/api/auth/changepass", parameters={}
?[0m?[0;34m?[2m2023-06-21T15:47:45.349-04:00?[0;39m ?[32mDEBUG?[0;39m ?[35m31896?[0;39m ?[2m---?[0;39m ?[2m[io-28852-exec-5]?[0;39m ?[36ms.w.s.m.m.a.RequestMappingHandlerMapping?[0;39m ?[2m:?[0;39m Mapped to account.controllers.AuthenticationController#changePassword(Authentication, PasswordChange)
?[0m?[0;34m?[2m2023-06-21T15:47:45.350-04:00?[0;39m ?[32mDEBUG?[0;39m ?[35m31896?[0;39m ?[2m---?[0;39m ?[2m[io-28852-exec-5]?[0;39m ?[36mm.m.a.RequestResponseBodyMethodProcessor?[0;39m ?[2m:?[0;39m Read "application/json;charset=UTF-8" to [account.dto.PasswordChange@2fa735fe]
?[0m?[0;34m?[2m2023-06-21T15:47:45.350-04:00?[0;39m ?[32mDEBUG?[0;39m ?[35m31896?[0;39m ?[2m---?[0;39m ?[2m[io-28852-exec-5]?[0;39m ?[36m.m.m.a.ExceptionHandlerExceptionResolver?[0;39m ?[2m:?[0;39m Using @ExceptionHandler account.exceptions.ControllerExceptionHandler#handleException(Exception, WebRequest)
?[0m?[0;34m?[2m2023-06-21T15:47:45.350-04:00?[0;39m ?[32mDEBUG?[0;39m ?[35m31896?[0;39m ?[2m---?[0;39m ?[2m[io-28852-exec-5]?[0;39m ?[36mo.s.w.s.m.m.a.HttpEntityMethodProcessor ?[0;39m ?[2m:?[0;39m Using 'application/json', given [*/*] and supported [application/json, application/*+json]
?[0m?[0;34m?[2m2023-06-21T15:47:45.350-04:00?[0;39m ?[32mDEBUG?[0;39m ?[35m31896?[0;39m ?[2m---?[0;39m ?[2m[io-28852-exec-5]?[0;39m ?[36mo.s.w.s.m.m.a.HttpEntityMethodProcessor ?[0;39m ?[2m:?[0;39m Writing [{timestamp=2023-06-21T15:47:45.350443300, status=400, error=Bad Request, message=Password length mus (truncated)...]
?[0m?[0;34m?[2m2023-06-21T15:47:45.351-04:00?[0;39m ?[32mDEBUG?[0;39m ?[35m31896?[0;39m ?[2m---?[0;39m ?[2m[io-28852-exec-5]?[0;39m ?[36m.m.m.a.ExceptionHandlerExceptionResolver?[0;39m ?[2m:?[0;39m Resolved [org.springframework.web.bind.MethodArgumentNotValidException: Validation failed for argument [1] in public org.springframework.http.ResponseEntity<?> account.controllers.AuthenticationController.changePassword(org.springframework.security.core.Authentication,account.dto.PasswordChange): [Field error in object 'passwordChange' on field 'newPassword': rejected value [oMoa3Vvq]; codes [Size.passwordChange.newPassword,Size.newPassword,Size.java.lang.String,Size]; arguments [org.springframework.context.support.DefaultMessageSourceResolvable: codes [passwordChange.newPassword,newPassword]; arguments []; default message [newPassword],2147483647,12]; default message [size must be between 12 and 2147483647]] ]
?[0m?[0;34m?[2m2023-06-21T15:47:45.351-04:00?[0;39m ?[32mDEBUG?[0;39m ?[35m31896?[0;39m ?[2m---?[0;39m ?[2m[io-28852-exec-5]?[0;39m ?[36mo.s.web.servlet.DispatcherServlet       ?[0;39m ?[2m:?[0;39m Completed 400 BAD_REQUEST
?[1;31m
Start test 39?[0m
?[0m?[0;34m?[2m2023-06-21T15:47:45.841-04:00?[0;39m ?[32mDEBUG?[0;39m ?[35m31896?[0;39m ?[2m---?[0;39m ?[2m[io-28852-exec-6]?[0;39m ?[36ms.w.s.m.m.a.RequestMappingHandlerMapping?[0;39m ?[2m:?[0;39m Mapped to account.controllers.AuthenticationController#changePassword(Authentication, PasswordChange)
?[0m?[0;34m?[2m2023-06-21T15:47:45.841-04:00?[0;39m ?[32mDEBUG?[0;39m ?[35m31896?[0;39m ?[2m---?[0;39m ?[2m[io-28852-exec-6]?[0;39m ?[36ms.w.s.m.m.a.RequestMappingHandlerMapping?[0;39m ?[2m:?[0;39m Mapped to account.controllers.AuthenticationController#changePassword(Authentication, PasswordChange)
?[0m?[0;34m?[2m2023-06-21T15:47:45.841-04:00?[0;39m ?[32mDEBUG?[0;39m ?[35m31896?[0;39m ?[2m---?[0;39m ?[2m[io-28852-exec-6]?[0;39m ?[36ms.w.s.m.m.a.RequestMappingHandlerMapping?[0;39m ?[2m:?[0;39m Mapped to account.controllers.AuthenticationController#changePassword(Authentication, PasswordChange)
?[0m?[0;34m?[2m2023-06-21T15:47:45.841-04:00?[0;39m ?[32mDEBUG?[0;39m ?[35m31896?[0;39m ?[2m---?[0;39m ?[2m[io-28852-exec-6]?[0;39m ?[36ms.w.s.m.m.a.RequestMappingHandlerMapping?[0;39m ?[2m:?[0;39m Mapped to account.controllers.AuthenticationController#changePassword(Authentication, PasswordChange)
?[0m?[0;34m?[2m2023-06-21T15:47:45.841-04:00?[0;39m ?[32mDEBUG?[0;39m ?[35m31896?[0;39m ?[2m---?[0;39m ?[2m[io-28852-exec-6]?[0;39m ?[36mo.s.web.servlet.DispatcherServlet       ?[0;39m ?[2m:?[0;39m POST "/api/auth/changepass", parameters={}
?[0m?[0;34m?[2m2023-06-21T15:47:45.842-04:00?[0;39m ?[32mDEBUG?[0;39m ?[35m31896?[0;39m ?[2m---?[0;39m ?[2m[io-28852-exec-6]?[0;39m ?[36ms.w.s.m.m.a.RequestMappingHandlerMapping?[0;39m ?[2m:?[0;39m Mapped to account.controllers.AuthenticationController#changePassword(Authentication, PasswordChange)
?[0m?[0;34m?[2m2023-06-21T15:47:45.842-04:00?[0;39m ?[32mDEBUG?[0;39m ?[35m31896?[0;39m ?[2m---?[0;39m ?[2m[io-28852-exec-6]?[0;39m ?[36mm.m.a.RequestResponseBodyMethodProcessor?[0;39m ?[2m:?[0;39m Read "application/json;charset=UTF-8" to [account.dto.PasswordChange@675ebdb7]
?[0m?[0;34m?[2m2023-06-21T15:47:45.842-04:00?[0;39m ?[32mDEBUG?[0;39m ?[35m31896?[0;39m ?[2m---?[0;39m ?[2m[io-28852-exec-6]?[0;39m ?[36m.m.m.a.ExceptionHandlerExceptionResolver?[0;39m ?[2m:?[0;39m Using @ExceptionHandler account.exceptions.ControllerExceptionHandler#handleException(Exception, WebRequest)
?[0m?[0;34m?[2m2023-06-21T15:47:45.843-04:00?[0;39m ?[32mDEBUG?[0;39m ?[35m31896?[0;39m ?[2m---?[0;39m ?[2m[io-28852-exec-6]?[0;39m ?[36mo.s.w.s.m.m.a.HttpEntityMethodProcessor ?[0;39m ?[2m:?[0;39m Using 'application/json', given [*/*] and supported [application/json, application/*+json]
?[0m?[0;34m?[2m2023-06-21T15:47:45.843-04:00?[0;39m ?[32mDEBUG?[0;39m ?[35m31896?[0;39m ?[2m---?[0;39m ?[2m[io-28852-exec-6]?[0;39m ?[36mo.s.w.s.m.m.a.HttpEntityMethodProcessor ?[0;39m ?[2m:?[0;39m Writing [{timestamp=2023-06-21T15:47:45.842891100, status=400, error=Bad Request, message=Password length mus (truncated)...]
?[0m?[0;34m?[2m2023-06-21T15:47:45.843-04:00?[0;39m ?[32mDEBUG?[0;39m ?[35m31896?[0;39m ?[2m---?[0;39m ?[2m[io-28852-exec-6]?[0;39m ?[36m.m.m.a.ExceptionHandlerExceptionResolver?[0;39m ?[2m:?[0;39m Resolved [org.springframework.web.bind.MethodArgumentNotValidException: Validation failed for argument [1] in public org.springframework.http.ResponseEntity<?> account.controllers.AuthenticationController.changePassword(org.springframework.security.core.Authentication,account.dto.PasswordChange): [Field error in object 'passwordChange' on field 'newPassword': rejected value [oMoa3Vvqn]; codes [Size.passwordChange.newPassword,Size.newPassword,Size.java.lang.String,Size]; arguments [org.springframework.context.support.DefaultMessageSourceResolvable: codes [passwordChange.newPassword,newPassword]; arguments []; default message [newPassword],2147483647,12]; default message [size must be between 12 and 2147483647]] ]
?[0m?[0;34m?[2m2023-06-21T15:47:45.843-04:00?[0;39m ?[32mDEBUG?[0;39m ?[35m31896?[0;39m ?[2m---?[0;39m ?[2m[io-28852-exec-6]?[0;39m ?[36mo.s.web.servlet.DispatcherServlet       ?[0;39m ?[2m:?[0;39m Completed 400 BAD_REQUEST
?[1;31m
Start test 40?[0m
?[0m?[0;34m?[2m2023-06-21T15:47:46.327-04:00?[0;39m ?[32mDEBUG?[0;39m ?[35m31896?[0;39m ?[2m---?[0;39m ?[2m[io-28852-exec-7]?[0;39m ?[36ms.w.s.m.m.a.RequestMappingHandlerMapping?[0;39m ?[2m:?[0;39m Mapped to account.controllers.AuthenticationController#changePassword(Authentication, PasswordChange)
?[0m?[0;34m?[2m2023-06-21T15:47:46.327-04:00?[0;39m ?[32mDEBUG?[0;39m ?[35m31896?[0;39m ?[2m---?[0;39m ?[2m[io-28852-exec-7]?[0;39m ?[36ms.w.s.m.m.a.RequestMappingHandlerMapping?[0;39m ?[2m:?[0;39m Mapped to account.controllers.AuthenticationController#changePassword(Authentication, PasswordChange)
?[0m?[0;34m?[2m2023-06-21T15:47:46.327-04:00?[0;39m ?[32mDEBUG?[0;39m ?[35m31896?[0;39m ?[2m---?[0;39m ?[2m[io-28852-exec-7]?[0;39m ?[36ms.w.s.m.m.a.RequestMappingHandlerMapping?[0;39m ?[2m:?[0;39m Mapped to account.controllers.AuthenticationController#changePassword(Authentication, PasswordChange)
?[0m?[0;34m?[2m2023-06-21T15:47:46.327-04:00?[0;39m ?[32mDEBUG?[0;39m ?[35m31896?[0;39m ?[2m---?[0;39m ?[2m[io-28852-exec-7]?[0;39m ?[36ms.w.s.m.m.a.RequestMappingHandlerMapping?[0;39m ?[2m:?[0;39m Mapped to account.controllers.AuthenticationController#changePassword(Authentication, PasswordChange)
?[0m?[0;34m?[2m2023-06-21T15:47:46.328-04:00?[0;39m ?[32mDEBUG?[0;39m ?[35m31896?[0;39m ?[2m---?[0;39m ?[2m[io-28852-exec-7]?[0;39m ?[36mo.s.web.servlet.DispatcherServlet       ?[0;39m ?[2m:?[0;39m POST "/api/auth/changepass", parameters={}
?[0m?[0;34m?[2m2023-06-21T15:47:46.328-04:00?[0;39m ?[32mDEBUG?[0;39m ?[35m31896?[0;39m ?[2m---?[0;39m ?[2m[io-28852-exec-7]?[0;39m ?[36ms.w.s.m.m.a.RequestMappingHandlerMapping?[0;39m ?[2m:?[0;39m Mapped to account.controllers.AuthenticationController#changePassword(Authentication, PasswordChange)
?[0m?[0;34m?[2m2023-06-21T15:47:46.328-04:00?[0;39m ?[32mDEBUG?[0;39m ?[35m31896?[0;39m ?[2m---?[0;39m ?[2m[io-28852-exec-7]?[0;39m ?[36mm.m.a.RequestResponseBodyMethodProcessor?[0;39m ?[2m:?[0;39m Read "application/json;charset=UTF-8" to [account.dto.PasswordChange@292759b5]
?[0m?[0;34m?[2m2023-06-21T15:47:46.329-04:00?[0;39m ?[32mDEBUG?[0;39m ?[35m31896?[0;39m ?[2m---?[0;39m ?[2m[io-28852-exec-7]?[0;39m ?[36m.m.m.a.ExceptionHandlerExceptionResolver?[0;39m ?[2m:?[0;39m Using @ExceptionHandler account.exceptions.ControllerExceptionHandler#handleException(Exception, WebRequest)
?[0m?[0;34m?[2m2023-06-21T15:47:46.329-04:00?[0;39m ?[32mDEBUG?[0;39m ?[35m31896?[0;39m ?[2m---?[0;39m ?[2m[io-28852-exec-7]?[0;39m ?[36mo.s.w.s.m.m.a.HttpEntityMethodProcessor ?[0;39m ?[2m:?[0;39m Using 'application/json', given [*/*] and supported [application/json, application/*+json]
?[0m?[0;34m?[2m2023-06-21T15:47:46.329-04:00?[0;39m ?[32mDEBUG?[0;39m ?[35m31896?[0;39m ?[2m---?[0;39m ?[2m[io-28852-exec-7]?[0;39m ?[36mo.s.w.s.m.m.a.HttpEntityMethodProcessor ?[0;39m ?[2m:?[0;39m Writing [{timestamp=2023-06-21T15:47:46.329332300, status=400, error=Bad Request, message=Password length mus (truncated)...]
?[0m?[0;34m?[2m2023-06-21T15:47:46.329-04:00?[0;39m ?[32mDEBUG?[0;39m ?[35m31896?[0;39m ?[2m---?[0;39m ?[2m[io-28852-exec-7]?[0;39m ?[36m.m.m.a.ExceptionHandlerExceptionResolver?[0;39m ?[2m:?[0;39m Resolved [org.springframework.web.bind.MethodArgumentNotValidException: Validation failed for argument [1] in public org.springframework.http.ResponseEntity<?> account.controllers.AuthenticationController.changePassword(org.springframework.security.core.Authentication,account.dto.PasswordChange): [Field error in object 'passwordChange' on field 'newPassword': rejected value [oMoa3Vvqno]; codes [Size.passwordChange.newPassword,Size.newPassword,Size.java.lang.String,Size]; arguments [org.springframework.context.support.DefaultMessageSourceResolvable: codes [passwordChange.newPassword,newPassword]; arguments []; default message [newPassword],2147483647,12]; default message [size must be between 12 and 2147483647]] ]
?[0m?[0;34m?[2m2023-06-21T15:47:46.330-04:00?[0;39m ?[32mDEBUG?[0;39m ?[35m31896?[0;39m ?[2m---?[0;39m ?[2m[io-28852-exec-7]?[0;39m ?[36mo.s.web.servlet.DispatcherServlet       ?[0;39m ?[2m:?[0;39m Completed 400 BAD_REQUEST
?[1;31m
Start test 41?[0m
?[0m?[0;34m?[2m2023-06-21T15:47:46.812-04:00?[0;39m ?[32mDEBUG?[0;39m ?[35m31896?[0;39m ?[2m---?[0;39m ?[2m[io-28852-exec-8]?[0;39m ?[36ms.w.s.m.m.a.RequestMappingHandlerMapping?[0;39m ?[2m:?[0;39m Mapped to account.controllers.AuthenticationController#changePassword(Authentication, PasswordChange)
?[0m?[0;34m?[2m2023-06-21T15:47:46.813-04:00?[0;39m ?[32mDEBUG?[0;39m ?[35m31896?[0;39m ?[2m---?[0;39m ?[2m[io-28852-exec-8]?[0;39m ?[36ms.w.s.m.m.a.RequestMappingHandlerMapping?[0;39m ?[2m:?[0;39m Mapped to account.controllers.AuthenticationController#changePassword(Authentication, PasswordChange)
?[0m?[0;34m?[2m2023-06-21T15:47:46.813-04:00?[0;39m ?[32mDEBUG?[0;39m ?[35m31896?[0;39m ?[2m---?[0;39m ?[2m[io-28852-exec-8]?[0;39m ?[36ms.w.s.m.m.a.RequestMappingHandlerMapping?[0;39m ?[2m:?[0;39m Mapped to account.controllers.AuthenticationController#changePassword(Authentication, PasswordChange)
?[0m?[0;34m?[2m2023-06-21T15:47:46.813-04:00?[0;39m ?[32mDEBUG?[0;39m ?[35m31896?[0;39m ?[2m---?[0;39m ?[2m[io-28852-exec-8]?[0;39m ?[36ms.w.s.m.m.a.RequestMappingHandlerMapping?[0;39m ?[2m:?[0;39m Mapped to account.controllers.AuthenticationController#changePassword(Authentication, PasswordChange)
?[0m?[0;34m?[2m2023-06-21T15:47:46.813-04:00?[0;39m ?[32mDEBUG?[0;39m ?[35m31896?[0;39m ?[2m---?[0;39m ?[2m[io-28852-exec-8]?[0;39m ?[36mo.s.web.servlet.DispatcherServlet       ?[0;39m ?[2m:?[0;39m POST "/api/auth/changepass", parameters={}
?[0m?[0;34m?[2m2023-06-21T15:47:46.813-04:00?[0;39m ?[32mDEBUG?[0;39m ?[35m31896?[0;39m ?[2m---?[0;39m ?[2m[io-28852-exec-8]?[0;39m ?[36ms.w.s.m.m.a.RequestMappingHandlerMapping?[0;39m ?[2m:?[0;39m Mapped to account.controllers.AuthenticationController#changePassword(Authentication, PasswordChange)
?[0m?[0;34m?[2m2023-06-21T15:47:46.814-04:00?[0;39m ?[32mDEBUG?[0;39m ?[35m31896?[0;39m ?[2m---?[0;39m ?[2m[io-28852-exec-8]?[0;39m ?[36mm.m.a.RequestResponseBodyMethodProcessor?[0;39m ?[2m:?[0;39m Read "application/json;charset=UTF-8" to [account.dto.PasswordChange@461e2418]
?[0m?[0;34m?[2m2023-06-21T15:47:46.814-04:00?[0;39m ?[32mDEBUG?[0;39m ?[35m31896?[0;39m ?[2m---?[0;39m ?[2m[io-28852-exec-8]?[0;39m ?[36m.m.m.a.ExceptionHandlerExceptionResolver?[0;39m ?[2m:?[0;39m Using @ExceptionHandler account.exceptions.ControllerExceptionHandler#handleException(Exception, WebRequest)
?[0m?[0;34m?[2m2023-06-21T15:47:46.814-04:00?[0;39m ?[32mDEBUG?[0;39m ?[35m31896?[0;39m ?[2m---?[0;39m ?[2m[io-28852-exec-8]?[0;39m ?[36mo.s.w.s.m.m.a.HttpEntityMethodProcessor ?[0;39m ?[2m:?[0;39m Using 'application/json', given [*/*] and supported [application/json, application/*+json]
?[0m?[0;34m?[2m2023-06-21T15:47:46.814-04:00?[0;39m ?[32mDEBUG?[0;39m ?[35m31896?[0;39m ?[2m---?[0;39m ?[2m[io-28852-exec-8]?[0;39m ?[36mo.s.w.s.m.m.a.HttpEntityMethodProcessor ?[0;39m ?[2m:?[0;39m Writing [{timestamp=2023-06-21T15:47:46.814774500, status=400, error=Bad Request, message=Password length mus (truncated)...]
?[0m?[0;34m?[2m2023-06-21T15:47:46.815-04:00?[0;39m ?[32mDEBUG?[0;39m ?[35m31896?[0;39m ?[2m---?[0;39m ?[2m[io-28852-exec-8]?[0;39m ?[36m.m.m.a.ExceptionHandlerExceptionResolver?[0;39m ?[2m:?[0;39m Resolved [org.springframework.web.bind.MethodArgumentNotValidException: Validation failed for argument [1] in public org.springframework.http.ResponseEntity<?> account.controllers.AuthenticationController.changePassword(org.springframework.security.core.Authentication,account.dto.PasswordChange): [Field error in object 'passwordChange' on field 'newPassword': rejected value [oMoa3VvqnoM]; codes [Size.passwordChange.newPassword,Size.newPassword,Size.java.lang.String,Size]; arguments [org.springframework.context.support.DefaultMessageSourceResolvable: codes [passwordChange.newPassword,newPassword]; arguments []; default message [newPassword],2147483647,12]; default message [size must be between 12 and 2147483647]] ]
?[0m?[0;34m?[2m2023-06-21T15:47:46.815-04:00?[0;39m ?[32mDEBUG?[0;39m ?[35m31896?[0;39m ?[2m---?[0;39m ?[2m[io-28852-exec-8]?[0;39m ?[36mo.s.web.servlet.DispatcherServlet       ?[0;39m ?[2m:?[0;39m Completed 400 BAD_REQUEST
?[1;31m
Start test 42?[0m
?[0m?[0;34m?[2m2023-06-21T15:47:47.298-04:00?[0;39m ?[32mDEBUG?[0;39m ?[35m31896?[0;39m ?[2m---?[0;39m ?[2m[io-28852-exec-9]?[0;39m ?[36ms.w.s.m.m.a.RequestMappingHandlerMapping?[0;39m ?[2m:?[0;39m Mapped to account.controllers.AuthenticationController#changePassword(Authentication, PasswordChange)
?[0m?[0;34m?[2m2023-06-21T15:47:47.298-04:00?[0;39m ?[32mDEBUG?[0;39m ?[35m31896?[0;39m ?[2m---?[0;39m ?[2m[io-28852-exec-9]?[0;39m ?[36ms.w.s.m.m.a.RequestMappingHandlerMapping?[0;39m ?[2m:?[0;39m Mapped to account.controllers.AuthenticationController#changePassword(Authentication, PasswordChange)
?[0m?[0;34m?[2m2023-06-21T15:47:47.298-04:00?[0;39m ?[32mDEBUG?[0;39m ?[35m31896?[0;39m ?[2m---?[0;39m ?[2m[io-28852-exec-9]?[0;39m ?[36ms.w.s.m.m.a.RequestMappingHandlerMapping?[0;39m ?[2m:?[0;39m Mapped to account.controllers.AuthenticationController#changePassword(Authentication, PasswordChange)
?[0m?[0;34m?[2m2023-06-21T15:47:47.298-04:00?[0;39m ?[32mDEBUG?[0;39m ?[35m31896?[0;39m ?[2m---?[0;39m ?[2m[io-28852-exec-9]?[0;39m ?[36ms.w.s.m.m.a.RequestMappingHandlerMapping?[0;39m ?[2m:?[0;39m Mapped to account.controllers.AuthenticationController#changePassword(Authentication, PasswordChange)
?[0m?[0;34m?[2m2023-06-21T15:47:47.299-04:00?[0;39m ?[32mDEBUG?[0;39m ?[35m31896?[0;39m ?[2m---?[0;39m ?[2m[io-28852-exec-9]?[0;39m ?[36mo.s.web.servlet.DispatcherServlet       ?[0;39m ?[2m:?[0;39m POST "/api/auth/changepass", parameters={}
?[0m?[0;34m?[2m2023-06-21T15:47:47.299-04:00?[0;39m ?[32mDEBUG?[0;39m ?[35m31896?[0;39m ?[2m---?[0;39m ?[2m[io-28852-exec-9]?[0;39m ?[36ms.w.s.m.m.a.RequestMappingHandlerMapping?[0;39m ?[2m:?[0;39m Mapped to account.controllers.AuthenticationController#changePassword(Authentication, PasswordChange)
?[0m?[0;34m?[2m2023-06-21T15:47:47.299-04:00?[0;39m ?[32mDEBUG?[0;39m ?[35m31896?[0;39m ?[2m---?[0;39m ?[2m[io-28852-exec-9]?[0;39m ?[36mm.m.a.RequestResponseBodyMethodProcessor?[0;39m ?[2m:?[0;39m Read "application/json;charset=UTF-8" to [account.dto.PasswordChange@476df8fa]
?[0m?[0;34mAintnoway
?[0m?[0;34mHibernate: select e1_0.id,e1_0.email,e1_0.last_name,e1_0.name,e1_0.password,e1_0.role from employees e1_0
?[0m?[0;34m?[2m2023-06-21T15:47:47.783-04:00?[0;39m ?[32mDEBUG?[0;39m ?[35m31896?[0;39m ?[2m---?[0;39m ?[2m[io-28852-exec-9]?[0;39m ?[36m.m.m.a.ExceptionHandlerExceptionResolver?[0;39m ?[2m:?[0;39m Using @ExceptionHandler account.exceptions.ControllerExceptionHandler#handleSamePassword(WebRequest)
?[0m?[0;34m?[2m2023-06-21T15:47:47.783-04:00?[0;39m ?[32mDEBUG?[0;39m ?[35m31896?[0;39m ?[2m---?[0;39m ?[2m[io-28852-exec-9]?[0;39m ?[36mo.s.w.s.m.m.a.HttpEntityMethodProcessor ?[0;39m ?[2m:?[0;39m Using 'application/json', given [*/*] and supported [application/json, application/*+json]
?[0m?[0;34m?[2m2023-06-21T15:47:47.783-04:00?[0;39m ?[32mDEBUG?[0;39m ?[35m31896?[0;39m ?[2m---?[0;39m ?[2m[io-28852-exec-9]?[0;39m ?[36mo.s.w.s.m.m.a.HttpEntityMethodProcessor ?[0;39m ?[2m:?[0;39m Writing [account.exceptions.CustomErrorMessage@23132654]
?[0m?[0;34m?[2m2023-06-21T15:47:47.784-04:00?[0;39m ?[32mDEBUG?[0;39m ?[35m31896?[0;39m ?[2m---?[0;39m ?[2m[io-28852-exec-9]?[0;39m ?[36m.m.m.a.ExceptionHandlerExceptionResolver?[0;39m ?[2m:?[0;39m Resolved [account.exceptions.SamePassword]
?[0m?[0;34m?[2m2023-06-21T15:47:47.784-04:00?[0;39m ?[32mDEBUG?[0;39m ?[35m31896?[0;39m ?[2m---?[0;39m ?[2m[io-28852-exec-9]?[0;39m ?[36mo.s.web.servlet.DispatcherServlet       ?[0;39m ?[2m:?[0;39m Completed 400 BAD_REQUEST
?[1;31m
Start test 43?[0m
?[0m?[0;34m?[2m2023-06-21T15:47:48.266-04:00?[0;39m ?[32mDEBUG?[0;39m ?[35m31896?[0;39m ?[2m---?[0;39m ?[2m[o-28852-exec-10]?[0;39m ?[36ms.w.s.m.m.a.RequestMappingHandlerMapping?[0;39m ?[2m:?[0;39m Mapped to account.controllers.AuthenticationController#changePassword(Authentication, PasswordChange)
?[0m?[0;34m?[2m2023-06-21T15:47:48.266-04:00?[0;39m ?[32mDEBUG?[0;39m ?[35m31896?[0;39m ?[2m---?[0;39m ?[2m[o-28852-exec-10]?[0;39m ?[36ms.w.s.m.m.a.RequestMappingHandlerMapping?[0;39m ?[2m:?[0;39m Mapped to account.controllers.AuthenticationController#changePassword(Authentication, PasswordChange)
?[0m?[0;34m?[2m2023-06-21T15:47:48.266-04:00?[0;39m ?[32mDEBUG?[0;39m ?[35m31896?[0;39m ?[2m---?[0;39m ?[2m[o-28852-exec-10]?[0;39m ?[36ms.w.s.m.m.a.RequestMappingHandlerMapping?[0;39m ?[2m:?[0;39m Mapped to account.controllers.AuthenticationController#changePassword(Authentication, PasswordChange)
?[0m?[0;34m?[2m2023-06-21T15:47:48.266-04:00?[0;39m ?[32mDEBUG?[0;39m ?[35m31896?[0;39m ?[2m---?[0;39m ?[2m[o-28852-exec-10]?[0;39m ?[36ms.w.s.m.m.a.RequestMappingHandlerMapping?[0;39m ?[2m:?[0;39m Mapped to account.controllers.AuthenticationController#changePassword(Authentication, PasswordChange)
?[0m?[0;34m?[2m2023-06-21T15:47:48.267-04:00?[0;39m ?[32mDEBUG?[0;39m ?[35m31896?[0;39m ?[2m---?[0;39m ?[2m[o-28852-exec-10]?[0;39m ?[36mo.s.web.servlet.DispatcherServlet       ?[0;39m ?[2m:?[0;39m POST "/api/auth/changepass", parameters={}
?[0m?[0;34m?[2m2023-06-21T15:47:48.267-04:00?[0;39m ?[32mDEBUG?[0;39m ?[35m31896?[0;39m ?[2m---?[0;39m ?[2m[o-28852-exec-10]?[0;39m ?[36ms.w.s.m.m.a.RequestMappingHandlerMapping?[0;39m ?[2m:?[0;39m Mapped to account.controllers.AuthenticationController#changePassword(Authentication, PasswordChange)
?[0m?[0;34m?[2m2023-06-21T15:47:48.267-04:00?[0;39m ?[32mDEBUG?[0;39m ?[35m31896?[0;39m ?[2m---?[0;39m ?[2m[o-28852-exec-10]?[0;39m ?[36mm.m.a.RequestResponseBodyMethodProcessor?[0;39m ?[2m:?[0;39m Read "application/json;charset=UTF-8" to [account.dto.PasswordChange@1895151a]
?[0m?[0;34mAintnoway
?[0m?[0;34m?[2m2023-06-21T15:47:48.268-04:00?[0;39m ?[32mDEBUG?[0;39m ?[35m31896?[0;39m ?[2m---?[0;39m ?[2m[o-28852-exec-10]?[0;39m ?[36m.m.m.a.ExceptionHandlerExceptionResolver?[0;39m ?[2m:?[0;39m Using @ExceptionHandler account.exceptions.ControllerExceptionHandler#handlePasswordNotLongEnough(WebRequest)
?[0m?[0;34m?[2m2023-06-21T15:47:48.268-04:00?[0;39m ?[32mDEBUG?[0;39m ?[35m31896?[0;39m ?[2m---?[0;39m ?[2m[o-28852-exec-10]?[0;39m ?[36mo.s.w.s.m.m.a.HttpEntityMethodProcessor ?[0;39m ?[2m:?[0;39m Using 'application/json', given [*/*] and supported [application/json, application/*+json]
?[0m?[0;34m?[2m2023-06-21T15:47:48.268-04:00?[0;39m ?[32mDEBUG?[0;39m ?[35m31896?[0;39m ?[2m---?[0;39m ?[2m[o-28852-exec-10]?[0;39m ?[36mo.s.w.s.m.m.a.HttpEntityMethodProcessor ?[0;39m ?[2m:?[0;39m Writing [account.exceptions.CustomErrorMessage@7e6e7dd]
?[0m?[0;34m?[2m2023-06-21T15:47:48.268-04:00?[0;39m ?[32mDEBUG?[0;39m ?[35m31896?[0;39m ?[2m---?[0;39m ?[2m[o-28852-exec-10]?[0;39m ?[36m.m.m.a.ExceptionHandlerExceptionResolver?[0;39m ?[2m:?[0;39m Resolved [account.exceptions.BreachedPassword]
?[0m?[0;34m?[2m2023-06-21T15:47:48.268-04:00?[0;39m ?[32mDEBUG?[0;39m ?[35m31896?[0;39m ?[2m---?[0;39m ?[2m[o-28852-exec-10]?[0;39m ?[36mo.s.web.servlet.DispatcherServlet       ?[0;39m ?[2m:?[0;39m Completed 400 BAD_REQUEST
?[0m?[0;34m?[2m2023-06-21T15:47:48.750-04:00?[0;39m ?[32mDEBUG?[0;39m ?[35m31896?[0;39m ?[2m---?[0;39m ?[2m[io-28852-exec-1]?[0;39m ?[36ms.w.s.m.m.a.RequestMappingHandlerMapping?[0;39m ?[2m:?[0;39m Mapped to account.controllers.AuthenticationController#changePassword(Authentication, PasswordChange)
?[0m?[0;34m?[2m2023-06-21T15:47:48.750-04:00?[0;39m ?[32mDEBUG?[0;39m ?[35m31896?[0;39m ?[2m---?[0;39m ?[2m[io-28852-exec-1]?[0;39m ?[36ms.w.s.m.m.a.RequestMappingHandlerMapping?[0;39m ?[2m:?[0;39m Mapped to account.controllers.AuthenticationController#changePassword(Authentication, PasswordChange)
?[0m?[0;34m?[2m2023-06-21T15:47:48.750-04:00?[0;39m ?[32mDEBUG?[0;39m ?[35m31896?[0;39m ?[2m---?[0;39m ?[2m[io-28852-exec-1]?[0;39m ?[36ms.w.s.m.m.a.RequestMappingHandlerMapping?[0;39m ?[2m:?[0;39m Mapped to account.controllers.AuthenticationController#changePassword(Authentication, PasswordChange)
?[0m?[0;34m?[2m2023-06-21T15:47:48.750-04:00?[0;39m ?[32mDEBUG?[0;39m ?[35m31896?[0;39m ?[2m---?[0;39m ?[2m[io-28852-exec-1]?[0;39m ?[36ms.w.s.m.m.a.RequestMappingHandlerMapping?[0;39m ?[2m:?[0;39m Mapped to account.controllers.AuthenticationController#changePassword(Authentication, PasswordChange)
?[0m?[0;34m?[2m2023-06-21T15:47:48.750-04:00?[0;39m ?[32mDEBUG?[0;39m ?[35m31896?[0;39m ?[2m---?[0;39m ?[2m[io-28852-exec-1]?[0;39m ?[36mo.s.web.servlet.DispatcherServlet       ?[0;39m ?[2m:?[0;39m POST "/api/auth/changepass", parameters={}
?[0m?[0;34m?[2m2023-06-21T15:47:48.750-04:00?[0;39m ?[32mDEBUG?[0;39m ?[35m31896?[0;39m ?[2m---?[0;39m ?[2m[io-28852-exec-1]?[0;39m ?[36ms.w.s.m.m.a.RequestMappingHandlerMapping?[0;39m ?[2m:?[0;39m Mapped to account.controllers.AuthenticationController#changePassword(Authentication, PasswordChange)
?[0m?[0;34m?[2m2023-06-21T15:47:48.751-04:00?[0;39m ?[32mDEBUG?[0;39m ?[35m31896?[0;39m ?[2m---?[0;39m ?[2m[io-28852-exec-1]?[0;39m ?[36mm.m.a.RequestResponseBodyMethodProcessor?[0;39m ?[2m:?[0;39m Read "application/json;charset=UTF-8" to [account.dto.PasswordChange@779dd6ed]
?[0m?[0;34mAintnoway
?[0m?[0;34m?[2m2023-06-21T15:47:48.752-04:00?[0;39m ?[32mDEBUG?[0;39m ?[35m31896?[0;39m ?[2m---?[0;39m ?[2m[io-28852-exec-1]?[0;39m ?[36m.m.m.a.ExceptionHandlerExceptionResolver?[0;39m ?[2m:?[0;39m Using @ExceptionHandler account.exceptions.ControllerExceptionHandler#handlePasswordNotLongEnough(WebRequest)
?[0m?[0;34m?[2m2023-06-21T15:47:48.752-04:00?[0;39m ?[32mDEBUG?[0;39m ?[35m31896?[0;39m ?[2m---?[0;39m ?[2m[io-28852-exec-1]?[0;39m ?[36mo.s.w.s.m.m.a.HttpEntityMethodProcessor ?[0;39m ?[2m:?[0;39m Using 'application/json', given [*/*] and supported [application/json, application/*+json]
?[0m?[0;34m?[2m2023-06-21T15:47:48.752-04:00?[0;39m ?[32mDEBUG?[0;39m ?[35m31896?[0;39m ?[2m---?[0;39m ?[2m[io-28852-exec-1]?[0;39m ?[36mo.s.w.s.m.m.a.HttpEntityMethodProcessor ?[0;39m ?[2m:?[0;39m Writing [account.exceptions.CustomErrorMessage@600b434b]
?[0m?[0;34m?[2m2023-06-21T15:47:48.752-04:00?[0;39m ?[32mDEBUG?[0;39m ?[35m31896?[0;39m ?[2m---?[0;39m ?[2m[io-28852-exec-1]?[0;39m ?[36m.m.m.a.ExceptionHandlerExceptionResolver?[0;39m ?[2m:?[0;39m Resolved [account.exceptions.BreachedPassword]
?[0m?[0;34m?[2m2023-06-21T15:47:48.752-04:00?[0;39m ?[32mDEBUG?[0;39m ?[35m31896?[0;39m ?[2m---?[0;39m ?[2m[io-28852-exec-1]?[0;39m ?[36mo.s.web.servlet.DispatcherServlet       ?[0;39m ?[2m:?[0;39m Completed 400 BAD_REQUEST
?[0m?[0;34m?[2m2023-06-21T15:47:49.237-04:00?[0;39m ?[32mDEBUG?[0;39m ?[35m31896?[0;39m ?[2m---?[0;39m ?[2m[io-28852-exec-3]?[0;39m ?[36ms.w.s.m.m.a.RequestMappingHandlerMapping?[0;39m ?[2m:?[0;39m Mapped to account.controllers.AuthenticationController#changePassword(Authentication, PasswordChange)
?[0m?[0;34m?[2m2023-06-21T15:47:49.237-04:00?[0;39m ?[32mDEBUG?[0;39m ?[35m31896?[0;39m ?[2m---?[0;39m ?[2m[io-28852-exec-3]?[0;39m ?[36ms.w.s.m.m.a.RequestMappingHandlerMapping?[0;39m ?[2m:?[0;39m Mapped to account.controllers.AuthenticationController#changePassword(Authentication, PasswordChange)
?[0m?[0;34m?[2m2023-06-21T15:47:49.237-04:00?[0;39m ?[32mDEBUG?[0;39m ?[35m31896?[0;39m ?[2m---?[0;39m ?[2m[io-28852-exec-3]?[0;39m ?[36ms.w.s.m.m.a.RequestMappingHandlerMapping?[0;39m ?[2m:?[0;39m Mapped to account.controllers.AuthenticationController#changePassword(Authentication, PasswordChange)
?[0m?[0;34m?[2m2023-06-21T15:47:49.237-04:00?[0;39m ?[32mDEBUG?[0;39m ?[35m31896?[0;39m ?[2m---?[0;39m ?[2m[io-28852-exec-3]?[0;39m ?[36ms.w.s.m.m.a.RequestMappingHandlerMapping?[0;39m ?[2m:?[0;39m Mapped to account.controllers.AuthenticationController#changePassword(Authentication, PasswordChange)
?[0m?[0;34m?[2m2023-06-21T15:47:49.238-04:00?[0;39m ?[32mDEBUG?[0;39m ?[35m31896?[0;39m ?[2m---?[0;39m ?[2m[io-28852-exec-3]?[0;39m ?[36mo.s.web.servlet.DispatcherServlet       ?[0;39m ?[2m:?[0;39m POST "/api/auth/changepass", parameters={}
?[0m?[0;34m?[2m2023-06-21T15:47:49.238-04:00?[0;39m ?[32mDEBUG?[0;39m ?[35m31896?[0;39m ?[2m---?[0;39m ?[2m[io-28852-exec-3]?[0;39m ?[36ms.w.s.m.m.a.RequestMappingHandlerMapping?[0;39m ?[2m:?[0;39m Mapped to account.controllers.AuthenticationController#changePassword(Authentication, PasswordChange)
?[0m?[0;34m?[2m2023-06-21T15:47:49.238-04:00?[0;39m ?[32mDEBUG?[0;39m ?[35m31896?[0;39m ?[2m---?[0;39m ?[2m[io-28852-exec-3]?[0;39m ?[36mm.m.a.RequestResponseBodyMethodProcessor?[0;39m ?[2m:?[0;39m Read "application/json;charset=UTF-8" to [account.dto.PasswordChange@482623a]
?[0m?[0;34mAintnoway
?[0m?[0;34m?[2m2023-06-21T15:47:49.239-04:00?[0;39m ?[32mDEBUG?[0;39m ?[35m31896?[0;39m ?[2m---?[0;39m ?[2m[io-28852-exec-3]?[0;39m ?[36m.m.m.a.ExceptionHandlerExceptionResolver?[0;39m ?[2m:?[0;39m Using @ExceptionHandler account.exceptions.ControllerExceptionHandler#handlePasswordNotLongEnough(WebRequest)
?[0m?[0;34m?[2m2023-06-21T15:47:49.239-04:00?[0;39m ?[32mDEBUG?[0;39m ?[35m31896?[0;39m ?[2m---?[0;39m ?[2m[io-28852-exec-3]?[0;39m ?[36mo.s.w.s.m.m.a.HttpEntityMethodProcessor ?[0;39m ?[2m:?[0;39m Using 'application/json', given [*/*] and supported [application/json, application/*+json]
?[0m?[0;34m?[2m2023-06-21T15:47:49.239-04:00?[0;39m ?[32mDEBUG?[0;39m ?[35m31896?[0;39m ?[2m---?[0;39m ?[2m[io-28852-exec-3]?[0;39m ?[36mo.s.w.s.m.m.a.HttpEntityMethodProcessor ?[0;39m ?[2m:?[0;39m Writing [account.exceptions.CustomErrorMessage@6686abfe]
?[0m?[0;34m?[2m2023-06-21T15:47:49.239-04:00?[0;39m ?[32mDEBUG?[0;39m ?[35m31896?[0;39m ?[2m---?[0;39m ?[2m[io-28852-exec-3]?[0;39m ?[36m.m.m.a.ExceptionHandlerExceptionResolver?[0;39m ?[2m:?[0;39m Resolved [account.exceptions.BreachedPassword]
?[0m?[0;34m?[2m2023-06-21T15:47:49.239-04:00?[0;39m ?[32mDEBUG?[0;39m ?[35m31896?[0;39m ?[2m---?[0;39m ?[2m[io-28852-exec-3]?[0;39m ?[36mo.s.web.servlet.DispatcherServlet       ?[0;39m ?[2m:?[0;39m Completed 400 BAD_REQUEST
?[0m?[0;34m?[2m2023-06-21T15:47:49.731-04:00?[0;39m ?[32mDEBUG?[0;39m ?[35m31896?[0;39m ?[2m---?[0;39m ?[2m[io-28852-exec-4]?[0;39m ?[36ms.w.s.m.m.a.RequestMappingHandlerMapping?[0;39m ?[2m:?[0;39m Mapped to account.controllers.AuthenticationController#changePassword(Authentication, PasswordChange)
?[0m?[0;34m?[2m2023-06-21T15:47:49.731-04:00?[0;39m ?[32mDEBUG?[0;39m ?[35m31896?[0;39m ?[2m---?[0;39m ?[2m[io-28852-exec-4]?[0;39m ?[36ms.w.s.m.m.a.RequestMappingHandlerMapping?[0;39m ?[2m:?[0;39m Mapped to account.controllers.AuthenticationController#changePassword(Authentication, PasswordChange)
?[0m?[0;34m?[2m2023-06-21T15:47:49.731-04:00?[0;39m ?[32mDEBUG?[0;39m ?[35m31896?[0;39m ?[2m---?[0;39m ?[2m[io-28852-exec-4]?[0;39m ?[36ms.w.s.m.m.a.RequestMappingHandlerMapping?[0;39m ?[2m:?[0;39m Mapped to account.controllers.AuthenticationController#changePassword(Authentication, PasswordChange)
?[0m?[0;34m?[2m2023-06-21T15:47:49.731-04:00?[0;39m ?[32mDEBUG?[0;39m ?[35m31896?[0;39m ?[2m---?[0;39m ?[2m[io-28852-exec-4]?[0;39m ?[36ms.w.s.m.m.a.RequestMappingHandlerMapping?[0;39m ?[2m:?[0;39m Mapped to account.controllers.AuthenticationController#changePassword(Authentication, PasswordChange)
?[0m?[0;34m?[2m2023-06-21T15:47:49.731-04:00?[0;39m ?[32mDEBUG?[0;39m ?[35m31896?[0;39m ?[2m---?[0;39m ?[2m[io-28852-exec-4]?[0;39m ?[36mo.s.web.servlet.DispatcherServlet       ?[0;39m ?[2m:?[0;39m POST "/api/auth/changepass", parameters={}
?[0m?[0;34m?[2m2023-06-21T15:47:49.731-04:00?[0;39m ?[32mDEBUG?[0;39m ?[35m31896?[0;39m ?[2m---?[0;39m ?[2m[io-28852-exec-4]?[0;39m ?[36ms.w.s.m.m.a.RequestMappingHandlerMapping?[0;39m ?[2m:?[0;39m Mapped to account.controllers.AuthenticationController#changePassword(Authentication, PasswordChange)
?[0m?[0;34m?[2m2023-06-21T15:47:49.732-04:00?[0;39m ?[32mDEBUG?[0;39m ?[35m31896?[0;39m ?[2m---?[0;39m ?[2m[io-28852-exec-4]?[0;39m ?[36mm.m.a.RequestResponseBodyMethodProcessor?[0;39m ?[2m:?[0;39m Read "application/json;charset=UTF-8" to [account.dto.PasswordChange@2bfe8857]
?[0m?[0;34mAintnoway
?[0m?[0;34m?[2m2023-06-21T15:47:49.732-04:00?[0;39m ?[32mDEBUG?[0;39m ?[35m31896?[0;39m ?[2m---?[0;39m ?[2m[io-28852-exec-4]?[0;39m ?[36m.m.m.a.ExceptionHandlerExceptionResolver?[0;39m ?[2m:?[0;39m Using @ExceptionHandler account.exceptions.ControllerExceptionHandler#handlePasswordNotLongEnough(WebRequest)
?[0m?[0;34m?[2m2023-06-21T15:47:49.733-04:00?[0;39m ?[32mDEBUG?[0;39m ?[35m31896?[0;39m ?[2m---?[0;39m ?[2m[io-28852-exec-4]?[0;39m ?[36mo.s.w.s.m.m.a.HttpEntityMethodProcessor ?[0;39m ?[2m:?[0;39m Using 'application/json', given [*/*] and supported [application/json, application/*+json]
?[0m?[0;34m?[2m2023-06-21T15:47:49.733-04:00?[0;39m ?[32mDEBUG?[0;39m ?[35m31896?[0;39m ?[2m---?[0;39m ?[2m[io-28852-exec-4]?[0;39m ?[36mo.s.w.s.m.m.a.HttpEntityMethodProcessor ?[0;39m ?[2m:?[0;39m Writing [account.exceptions.CustomErrorMessage@58a105e3]
?[0m?[0;34m?[2m2023-06-21T15:47:49.733-04:00?[0;39m ?[32mDEBUG?[0;39m ?[35m31896?[0;39m ?[2m---?[0;39m ?[2m[io-28852-exec-4]?[0;39m ?[36m.m.m.a.ExceptionHandlerExceptionResolver?[0;39m ?[2m:?[0;39m Resolved [account.exceptions.BreachedPassword]
?[0m?[0;34m?[2m2023-06-21T15:47:49.733-04:00?[0;39m ?[32mDEBUG?[0;39m ?[35m31896?[0;39m ?[2m---?[0;39m ?[2m[io-28852-exec-4]?[0;39m ?[36mo.s.web.servlet.DispatcherServlet       ?[0;39m ?[2m:?[0;39m Completed 400 BAD_REQUEST
?[0m?[0;34m?[2m2023-06-21T15:47:50.225-04:00?[0;39m ?[32mDEBUG?[0;39m ?[35m31896?[0;39m ?[2m---?[0;39m ?[2m[io-28852-exec-2]?[0;39m ?[36ms.w.s.m.m.a.RequestMappingHandlerMapping?[0;39m ?[2m:?[0;39m Mapped to account.controllers.AuthenticationController#changePassword(Authentication, PasswordChange)
?[0m?[0;34m?[2m2023-06-21T15:47:50.225-04:00?[0;39m ?[32mDEBUG?[0;39m ?[35m31896?[0;39m ?[2m---?[0;39m ?[2m[io-28852-exec-2]?[0;39m ?[36ms.w.s.m.m.a.RequestMappingHandlerMapping?[0;39m ?[2m:?[0;39m Mapped to account.controllers.AuthenticationController#changePassword(Authentication, PasswordChange)
?[0m?[0;34m?[2m2023-06-21T15:47:50.225-04:00?[0;39m ?[32mDEBUG?[0;39m ?[35m31896?[0;39m ?[2m---?[0;39m ?[2m[io-28852-exec-2]?[0;39m ?[36ms.w.s.m.m.a.RequestMappingHandlerMapping?[0;39m ?[2m:?[0;39m Mapped to account.controllers.AuthenticationController#changePassword(Authentication, PasswordChange)
?[0m?[0;34m?[2m2023-06-21T15:47:50.225-04:00?[0;39m ?[32mDEBUG?[0;39m ?[35m31896?[0;39m ?[2m---?[0;39m ?[2m[io-28852-exec-2]?[0;39m ?[36ms.w.s.m.m.a.RequestMappingHandlerMapping?[0;39m ?[2m:?[0;39m Mapped to account.controllers.AuthenticationController#changePassword(Authentication, PasswordChange)
?[0m?[0;34m?[2m2023-06-21T15:47:50.225-04:00?[0;39m ?[32mDEBUG?[0;39m ?[35m31896?[0;39m ?[2m---?[0;39m ?[2m[io-28852-exec-2]?[0;39m ?[36mo.s.web.servlet.DispatcherServlet       ?[0;39m ?[2m:?[0;39m POST "/api/auth/changepass", parameters={}
?[0m?[0;34m?[2m2023-06-21T15:47:50.225-04:00?[0;39m ?[32mDEBUG?[0;39m ?[35m31896?[0;39m ?[2m---?[0;39m ?[2m[io-28852-exec-2]?[0;39m ?[36ms.w.s.m.m.a.RequestMappingHandlerMapping?[0;39m ?[2m:?[0;39m Mapped to account.controllers.AuthenticationController#changePassword(Authentication, PasswordChange)
?[0m?[0;34m?[2m2023-06-21T15:47:50.226-04:00?[0;39m ?[32mDEBUG?[0;39m ?[35m31896?[0;39m ?[2m---?[0;39m ?[2m[io-28852-exec-2]?[0;39m ?[36mm.m.a.RequestResponseBodyMethodProcessor?[0;39m ?[2m:?[0;39m Read "application/json;charset=UTF-8" to [account.dto.PasswordChange@25aaab4b]
?[0m?[0;34mAintnoway
?[0m?[0;34m?[2m2023-06-21T15:47:50.226-04:00?[0;39m ?[32mDEBUG?[0;39m ?[35m31896?[0;39m ?[2m---?[0;39m ?[2m[io-28852-exec-2]?[0;39m ?[36m.m.m.a.ExceptionHandlerExceptionResolver?[0;39m ?[2m:?[0;39m Using @ExceptionHandler account.exceptions.ControllerExceptionHandler#handlePasswordNotLongEnough(WebRequest)
?[0m?[0;34m?[2m2023-06-21T15:47:50.226-04:00?[0;39m ?[32mDEBUG?[0;39m ?[35m31896?[0;39m ?[2m---?[0;39m ?[2m[io-28852-exec-2]?[0;39m ?[36mo.s.w.s.m.m.a.HttpEntityMethodProcessor ?[0;39m ?[2m:?[0;39m Using 'application/json', given [*/*] and supported [application/json, application/*+json]
?[0m?[0;34m?[2m2023-06-21T15:47:50.226-04:00?[0;39m ?[32mDEBUG?[0;39m ?[35m31896?[0;39m ?[2m---?[0;39m ?[2m[io-28852-exec-2]?[0;39m ?[36mo.s.w.s.m.m.a.HttpEntityMethodProcessor ?[0;39m ?[2m:?[0;39m Writing [account.exceptions.CustomErrorMessage@6588d5ea]
?[0m?[0;34m?[2m2023-06-21T15:47:50.227-04:00?[0;39m ?[32mDEBUG?[0;39m ?[35m31896?[0;39m ?[2m---?[0;39m ?[2m[io-28852-exec-2]?[0;39m ?[36m.m.m.a.ExceptionHandlerExceptionResolver?[0;39m ?[2m:?[0;39m Resolved [account.exceptions.BreachedPassword]
?[0m?[0;34m?[2m2023-06-21T15:47:50.227-04:00?[0;39m ?[32mDEBUG?[0;39m ?[35m31896?[0;39m ?[2m---?[0;39m ?[2m[io-28852-exec-2]?[0;39m ?[36mo.s.web.servlet.DispatcherServlet       ?[0;39m ?[2m:?[0;39m Completed 400 BAD_REQUEST
?[0m?[0;34m?[2m2023-06-21T15:47:50.720-04:00?[0;39m ?[32mDEBUG?[0;39m ?[35m31896?[0;39m ?[2m---?[0;39m ?[2m[io-28852-exec-5]?[0;39m ?[36ms.w.s.m.m.a.RequestMappingHandlerMapping?[0;39m ?[2m:?[0;39m Mapped to account.controllers.AuthenticationController#changePassword(Authentication, PasswordChange)
?[0m?[0;34m?[2m2023-06-21T15:47:50.720-04:00?[0;39m ?[32mDEBUG?[0;39m ?[35m31896?[0;39m ?[2m---?[0;39m ?[2m[io-28852-exec-5]?[0;39m ?[36ms.w.s.m.m.a.RequestMappingHandlerMapping?[0;39m ?[2m:?[0;39m Mapped to account.controllers.AuthenticationController#changePassword(Authentication, PasswordChange)
?[0m?[0;34m?[2m2023-06-21T15:47:50.720-04:00?[0;39m ?[32mDEBUG?[0;39m ?[35m31896?[0;39m ?[2m---?[0;39m ?[2m[io-28852-exec-5]?[0;39m ?[36ms.w.s.m.m.a.RequestMappingHandlerMapping?[0;39m ?[2m:?[0;39m Mapped to account.controllers.AuthenticationController#changePassword(Authentication, PasswordChange)
?[0m?[0;34m?[2m2023-06-21T15:47:50.720-04:00?[0;39m ?[32mDEBUG?[0;39m ?[35m31896?[0;39m ?[2m---?[0;39m ?[2m[io-28852-exec-5]?[0;39m ?[36ms.w.s.m.m.a.RequestMappingHandlerMapping?[0;39m ?[2m:?[0;39m Mapped to account.controllers.AuthenticationController#changePassword(Authentication, PasswordChange)
?[0m?[0;34m?[2m2023-06-21T15:47:50.720-04:00?[0;39m ?[32mDEBUG?[0;39m ?[35m31896?[0;39m ?[2m---?[0;39m ?[2m[io-28852-exec-5]?[0;39m ?[36mo.s.web.servlet.DispatcherServlet       ?[0;39m ?[2m:?[0;39m POST "/api/auth/changepass", parameters={}
?[0m?[0;34m?[2m2023-06-21T15:47:50.721-04:00?[0;39m ?[32mDEBUG?[0;39m ?[35m31896?[0;39m ?[2m---?[0;39m ?[2m[io-28852-exec-5]?[0;39m ?[36ms.w.s.m.m.a.RequestMappingHandlerMapping?[0;39m ?[2m:?[0;39m Mapped to account.controllers.AuthenticationController#changePassword(Authentication, PasswordChange)
?[0m?[0;34m?[2m2023-06-21T15:47:50.721-04:00?[0;39m ?[32mDEBUG?[0;39m ?[35m31896?[0;39m ?[2m---?[0;39m ?[2m[io-28852-exec-5]?[0;39m ?[36mm.m.a.RequestResponseBodyMethodProcessor?[0;39m ?[2m:?[0;39m Read "application/json;charset=UTF-8" to [account.dto.PasswordChange@62437c06]
?[0m?[0;34mAintnoway
?[0m?[0;34m?[2m2023-06-21T15:47:50.722-04:00?[0;39m ?[32mDEBUG?[0;39m ?[35m31896?[0;39m ?[2m---?[0;39m ?[2m[io-28852-exec-5]?[0;39m ?[36m.m.m.a.ExceptionHandlerExceptionResolver?[0;39m ?[2m:?[0;39m Using @ExceptionHandler account.exceptions.ControllerExceptionHandler#handlePasswordNotLongEnough(WebRequest)
?[0m?[0;34m?[2m2023-06-21T15:47:50.722-04:00?[0;39m ?[32mDEBUG?[0;39m ?[35m31896?[0;39m ?[2m---?[0;39m ?[2m[io-28852-exec-5]?[0;39m ?[36mo.s.w.s.m.m.a.HttpEntityMethodProcessor ?[0;39m ?[2m:?[0;39m Using 'application/json', given [*/*] and supported [application/json, application/*+json]
?[0m?[0;34m?[2m2023-06-21T15:47:50.722-04:00?[0;39m ?[32mDEBUG?[0;39m ?[35m31896?[0;39m ?[2m---?[0;39m ?[2m[io-28852-exec-5]?[0;39m ?[36mo.s.w.s.m.m.a.HttpEntityMethodProcessor ?[0;39m ?[2m:?[0;39m Writing [account.exceptions.CustomErrorMessage@294c1408]
?[0m?[0;34m?[2m2023-06-21T15:47:50.723-04:00?[0;39m ?[32mDEBUG?[0;39m ?[35m31896?[0;39m ?[2m---?[0;39m ?[2m[io-28852-exec-5]?[0;39m ?[36m.m.m.a.ExceptionHandlerExceptionResolver?[0;39m ?[2m:?[0;39m Resolved [account.exceptions.BreachedPassword]
?[0m?[0;34m?[2m2023-06-21T15:47:50.723-04:00?[0;39m ?[32mDEBUG?[0;39m ?[35m31896?[0;39m ?[2m---?[0;39m ?[2m[io-28852-exec-5]?[0;39m ?[36mo.s.web.servlet.DispatcherServlet       ?[0;39m ?[2m:?[0;39m Completed 400 BAD_REQUEST
?[0m?[0;34m?[2m2023-06-21T15:47:51.217-04:00?[0;39m ?[32mDEBUG?[0;39m ?[35m31896?[0;39m ?[2m---?[0;39m ?[2m[io-28852-exec-6]?[0;39m ?[36ms.w.s.m.m.a.RequestMappingHandlerMapping?[0;39m ?[2m:?[0;39m Mapped to account.controllers.AuthenticationController#changePassword(Authentication, PasswordChange)
?[0m?[0;34m?[2m2023-06-21T15:47:51.217-04:00?[0;39m ?[32mDEBUG?[0;39m ?[35m31896?[0;39m ?[2m---?[0;39m ?[2m[io-28852-exec-6]?[0;39m ?[36ms.w.s.m.m.a.RequestMappingHandlerMapping?[0;39m ?[2m:?[0;39m Mapped to account.controllers.AuthenticationController#changePassword(Authentication, PasswordChange)
?[0m?[0;34m?[2m2023-06-21T15:47:51.217-04:00?[0;39m ?[32mDEBUG?[0;39m ?[35m31896?[0;39m ?[2m---?[0;39m ?[2m[io-28852-exec-6]?[0;39m ?[36ms.w.s.m.m.a.RequestMappingHandlerMapping?[0;39m ?[2m:?[0;39m Mapped to account.controllers.AuthenticationController#changePassword(Authentication, PasswordChange)
?[0m?[0;34m?[2m2023-06-21T15:47:51.217-04:00?[0;39m ?[32mDEBUG?[0;39m ?[35m31896?[0;39m ?[2m---?[0;39m ?[2m[io-28852-exec-6]?[0;39m ?[36ms.w.s.m.m.a.RequestMappingHandlerMapping?[0;39m ?[2m:?[0;39m Mapped to account.controllers.AuthenticationController#changePassword(Authentication, PasswordChange)
?[0m?[0;34m?[2m2023-06-21T15:47:51.218-04:00?[0;39m ?[32mDEBUG?[0;39m ?[35m31896?[0;39m ?[2m---?[0;39m ?[2m[io-28852-exec-6]?[0;39m ?[36mo.s.web.servlet.DispatcherServlet       ?[0;39m ?[2m:?[0;39m POST "/api/auth/changepass", parameters={}
?[0m?[0;34m?[2m2023-06-21T15:47:51.218-04:00?[0;39m ?[32mDEBUG?[0;39m ?[35m31896?[0;39m ?[2m---?[0;39m ?[2m[io-28852-exec-6]?[0;39m ?[36ms.w.s.m.m.a.RequestMappingHandlerMapping?[0;39m ?[2m:?[0;39m Mapped to account.controllers.AuthenticationController#changePassword(Authentication, PasswordChange)
?[0m?[0;34m?[2m2023-06-21T15:47:51.218-04:00?[0;39m ?[32mDEBUG?[0;39m ?[35m31896?[0;39m ?[2m---?[0;39m ?[2m[io-28852-exec-6]?[0;39m ?[36mm.m.a.RequestResponseBodyMethodProcessor?[0;39m ?[2m:?[0;39m Read "application/json;charset=UTF-8" to [account.dto.PasswordChange@30f6df8b]
?[0m?[0;34mAintnoway
?[0m?[0;34m?[2m2023-06-21T15:47:51.219-04:00?[0;39m ?[32mDEBUG?[0;39m ?[35m31896?[0;39m ?[2m---?[0;39m ?[2m[io-28852-exec-6]?[0;39m ?[36m.m.m.a.ExceptionHandlerExceptionResolver?[0;39m ?[2m:?[0;39m Using @ExceptionHandler account.exceptions.ControllerExceptionHandler#handlePasswordNotLongEnough(WebRequest)
?[0m?[0;34m?[2m2023-06-21T15:47:51.219-04:00?[0;39m ?[32mDEBUG?[0;39m ?[35m31896?[0;39m ?[2m---?[0;39m ?[2m[io-28852-exec-6]?[0;39m ?[36mo.s.w.s.m.m.a.HttpEntityMethodProcessor ?[0;39m ?[2m:?[0;39m Using 'application/json', given [*/*] and supported [application/json, application/*+json]
?[0m?[0;34m?[2m2023-06-21T15:47:51.219-04:00?[0;39m ?[32mDEBUG?[0;39m ?[35m31896?[0;39m ?[2m---?[0;39m ?[2m[io-28852-exec-6]?[0;39m ?[36mo.s.w.s.m.m.a.HttpEntityMethodProcessor ?[0;39m ?[2m:?[0;39m Writing [account.exceptions.CustomErrorMessage@14c9528f]
?[0m?[0;34m?[2m2023-06-21T15:47:51.219-04:00?[0;39m ?[32mDEBUG?[0;39m ?[35m31896?[0;39m ?[2m---?[0;39m ?[2m[io-28852-exec-6]?[0;39m ?[36m.m.m.a.ExceptionHandlerExceptionResolver?[0;39m ?[2m:?[0;39m Resolved [account.exceptions.BreachedPassword]
?[0m?[0;34m?[2m2023-06-21T15:47:51.220-04:00?[0;39m ?[32mDEBUG?[0;39m ?[35m31896?[0;39m ?[2m---?[0;39m ?[2m[io-28852-exec-6]?[0;39m ?[36mo.s.web.servlet.DispatcherServlet       ?[0;39m ?[2m:?[0;39m Completed 400 BAD_REQUEST
?[0m?[0;34m?[2m2023-06-21T15:47:51.713-04:00?[0;39m ?[32mDEBUG?[0;39m ?[35m31896?[0;39m ?[2m---?[0;39m ?[2m[io-28852-exec-7]?[0;39m ?[36ms.w.s.m.m.a.RequestMappingHandlerMapping?[0;39m ?[2m:?[0;39m Mapped to account.controllers.AuthenticationController#changePassword(Authentication, PasswordChange)
?[0m?[0;34m?[2m2023-06-21T15:47:51.714-04:00?[0;39m ?[32mDEBUG?[0;39m ?[35m31896?[0;39m ?[2m---?[0;39m ?[2m[io-28852-exec-7]?[0;39m ?[36ms.w.s.m.m.a.RequestMappingHandlerMapping?[0;39m ?[2m:?[0;39m Mapped to account.controllers.AuthenticationController#changePassword(Authentication, PasswordChange)
?[0m?[0;34m?[2m2023-06-21T15:47:51.714-04:00?[0;39m ?[32mDEBUG?[0;39m ?[35m31896?[0;39m ?[2m---?[0;39m ?[2m[io-28852-exec-7]?[0;39m ?[36ms.w.s.m.m.a.RequestMappingHandlerMapping?[0;39m ?[2m:?[0;39m Mapped to account.controllers.AuthenticationController#changePassword(Authentication, PasswordChange)
?[0m?[0;34m?[2m2023-06-21T15:47:51.714-04:00?[0;39m ?[32mDEBUG?[0;39m ?[35m31896?[0;39m ?[2m---?[0;39m ?[2m[io-28852-exec-7]?[0;39m ?[36ms.w.s.m.m.a.RequestMappingHandlerMapping?[0;39m ?[2m:?[0;39m Mapped to account.controllers.AuthenticationController#changePassword(Authentication, PasswordChange)
?[0m?[0;34m?[2m2023-06-21T15:47:51.714-04:00?[0;39m ?[32mDEBUG?[0;39m ?[35m31896?[0;39m ?[2m---?[0;39m ?[2m[io-28852-exec-7]?[0;39m ?[36mo.s.web.servlet.DispatcherServlet       ?[0;39m ?[2m:?[0;39m POST "/api/auth/changepass", parameters={}
?[0m?[0;34m?[2m2023-06-21T15:47:51.714-04:00?[0;39m ?[32mDEBUG?[0;39m ?[35m31896?[0;39m ?[2m---?[0;39m ?[2m[io-28852-exec-7]?[0;39m ?[36ms.w.s.m.m.a.RequestMappingHandlerMapping?[0;39m ?[2m:?[0;39m Mapped to account.controllers.AuthenticationController#changePassword(Authentication, PasswordChange)
?[0m?[0;34m?[2m2023-06-21T15:47:51.715-04:00?[0;39m ?[32mDEBUG?[0;39m ?[35m31896?[0;39m ?[2m---?[0;39m ?[2m[io-28852-exec-7]?[0;39m ?[36mm.m.a.RequestResponseBodyMethodProcessor?[0;39m ?[2m:?[0;39m Read "application/json;charset=UTF-8" to [account.dto.PasswordChange@7bdee724]
?[0m?[0;34mAintnoway
?[0m?[0;34m?[2m2023-06-21T15:47:51.715-04:00?[0;39m ?[32mDEBUG?[0;39m ?[35m31896?[0;39m ?[2m---?[0;39m ?[2m[io-28852-exec-7]?[0;39m ?[36m.m.m.a.ExceptionHandlerExceptionResolver?[0;39m ?[2m:?[0;39m Using @ExceptionHandler account.exceptions.ControllerExceptionHandler#handlePasswordNotLongEnough(WebRequest)
?[0m?[0;34m?[2m2023-06-21T15:47:51.715-04:00?[0;39m ?[32mDEBUG?[0;39m ?[35m31896?[0;39m ?[2m---?[0;39m ?[2m[io-28852-exec-7]?[0;39m ?[36mo.s.w.s.m.m.a.HttpEntityMethodProcessor ?[0;39m ?[2m:?[0;39m Using 'application/json', given [*/*] and supported [application/json, application/*+json]
?[0m?[0;34m?[2m2023-06-21T15:47:51.715-04:00?[0;39m ?[32mDEBUG?[0;39m ?[35m31896?[0;39m ?[2m---?[0;39m ?[2m[io-28852-exec-7]?[0;39m ?[36mo.s.w.s.m.m.a.HttpEntityMethodProcessor ?[0;39m ?[2m:?[0;39m Writing [account.exceptions.CustomErrorMessage@75f2e91f]
?[0m?[0;34m?[2m2023-06-21T15:47:51.716-04:00?[0;39m ?[32mDEBUG?[0;39m ?[35m31896?[0;39m ?[2m---?[0;39m ?[2m[io-28852-exec-7]?[0;39m ?[36m.m.m.a.ExceptionHandlerExceptionResolver?[0;39m ?[2m:?[0;39m Resolved [account.exceptions.BreachedPassword]
?[0m?[0;34m?[2m2023-06-21T15:47:51.716-04:00?[0;39m ?[32mDEBUG?[0;39m ?[35m31896?[0;39m ?[2m---?[0;39m ?[2m[io-28852-exec-7]?[0;39m ?[36mo.s.web.servlet.DispatcherServlet       ?[0;39m ?[2m:?[0;39m Completed 400 BAD_REQUEST
?[0m?[0;34m?[2m2023-06-21T15:47:52.206-04:00?[0;39m ?[32mDEBUG?[0;39m ?[35m31896?[0;39m ?[2m---?[0;39m ?[2m[io-28852-exec-8]?[0;39m ?[36ms.w.s.m.m.a.RequestMappingHandlerMapping?[0;39m ?[2m:?[0;39m Mapped to account.controllers.AuthenticationController#changePassword(Authentication, PasswordChange)
?[0m?[0;34m?[2m2023-06-21T15:47:52.206-04:00?[0;39m ?[32mDEBUG?[0;39m ?[35m31896?[0;39m ?[2m---?[0;39m ?[2m[io-28852-exec-8]?[0;39m ?[36ms.w.s.m.m.a.RequestMappingHandlerMapping?[0;39m ?[2m:?[0;39m Mapped to account.controllers.AuthenticationController#changePassword(Authentication, PasswordChange)
?[0m?[0;34m?[2m2023-06-21T15:47:52.206-04:00?[0;39m ?[32mDEBUG?[0;39m ?[35m31896?[0;39m ?[2m---?[0;39m ?[2m[io-28852-exec-8]?[0;39m ?[36ms.w.s.m.m.a.RequestMappingHandlerMapping?[0;39m ?[2m:?[0;39m Mapped to account.controllers.AuthenticationController#changePassword(Authentication, PasswordChange)
?[0m?[0;34m?[2m2023-06-21T15:47:52.206-04:00?[0;39m ?[32mDEBUG?[0;39m ?[35m31896?[0;39m ?[2m---?[0;39m ?[2m[io-28852-exec-8]?[0;39m ?[36ms.w.s.m.m.a.RequestMappingHandlerMapping?[0;39m ?[2m:?[0;39m Mapped to account.controllers.AuthenticationController#changePassword(Authentication, PasswordChange)
?[0m?[0;34m?[2m2023-06-21T15:47:52.206-04:00?[0;39m ?[32mDEBUG?[0;39m ?[35m31896?[0;39m ?[2m---?[0;39m ?[2m[io-28852-exec-8]?[0;39m ?[36mo.s.web.servlet.DispatcherServlet       ?[0;39m ?[2m:?[0;39m POST "/api/auth/changepass", parameters={}
?[0m?[0;34m?[2m2023-06-21T15:47:52.206-04:00?[0;39m ?[32mDEBUG?[0;39m ?[35m31896?[0;39m ?[2m---?[0;39m ?[2m[io-28852-exec-8]?[0;39m ?[36ms.w.s.m.m.a.RequestMappingHandlerMapping?[0;39m ?[2m:?[0;39m Mapped to account.controllers.AuthenticationController#changePassword(Authentication, PasswordChange)
?[0m?[0;34m?[2m2023-06-21T15:47:52.207-04:00?[0;39m ?[32mDEBUG?[0;39m ?[35m31896?[0;39m ?[2m---?[0;39m ?[2m[io-28852-exec-8]?[0;39m ?[36mm.m.a.RequestResponseBodyMethodProcessor?[0;39m ?[2m:?[0;39m Read "application/json;charset=UTF-8" to [account.dto.PasswordChange@11d40c22]
?[0m?[0;34mAintnoway
?[0m?[0;34m?[2m2023-06-21T15:47:52.207-04:00?[0;39m ?[32mDEBUG?[0;39m ?[35m31896?[0;39m ?[2m---?[0;39m ?[2m[io-28852-exec-8]?[0;39m ?[36m.m.m.a.ExceptionHandlerExceptionResolver?[0;39m ?[2m:?[0;39m Using @ExceptionHandler account.exceptions.ControllerExceptionHandler#handlePasswordNotLongEnough(WebRequest)
?[0m?[0;34m?[2m2023-06-21T15:47:52.208-04:00?[0;39m ?[32mDEBUG?[0;39m ?[35m31896?[0;39m ?[2m---?[0;39m ?[2m[io-28852-exec-8]?[0;39m ?[36mo.s.w.s.m.m.a.HttpEntityMethodProcessor ?[0;39m ?[2m:?[0;39m Using 'application/json', given [*/*] and supported [application/json, application/*+json]
?[0m?[0;34m?[2m2023-06-21T15:47:52.208-04:00?[0;39m ?[32mDEBUG?[0;39m ?[35m31896?[0;39m ?[2m---?[0;39m ?[2m[io-28852-exec-8]?[0;39m ?[36mo.s.w.s.m.m.a.HttpEntityMethodProcessor ?[0;39m ?[2m:?[0;39m Writing [account.exceptions.CustomErrorMessage@5098dfdf]
?[0m?[0;34m?[2m2023-06-21T15:47:52.208-04:00?[0;39m ?[32mDEBUG?[0;39m ?[35m31896?[0;39m ?[2m---?[0;39m ?[2m[io-28852-exec-8]?[0;39m ?[36m.m.m.a.ExceptionHandlerExceptionResolver?[0;39m ?[2m:?[0;39m Resolved [account.exceptions.BreachedPassword]
?[0m?[0;34m?[2m2023-06-21T15:47:52.208-04:00?[0;39m ?[32mDEBUG?[0;39m ?[35m31896?[0;39m ?[2m---?[0;39m ?[2m[io-28852-exec-8]?[0;39m ?[36mo.s.web.servlet.DispatcherServlet       ?[0;39m ?[2m:?[0;39m Completed 400 BAD_REQUEST
?[0m?[0;34m?[2m2023-06-21T15:47:52.713-04:00?[0;39m ?[32mDEBUG?[0;39m ?[35m31896?[0;39m ?[2m---?[0;39m ?[2m[io-28852-exec-9]?[0;39m ?[36ms.w.s.m.m.a.RequestMappingHandlerMapping?[0;39m ?[2m:?[0;39m Mapped to account.controllers.AuthenticationController#changePassword(Authentication, PasswordChange)
?[0m?[0;34m?[2m2023-06-21T15:47:52.714-04:00?[0;39m ?[32mDEBUG?[0;39m ?[35m31896?[0;39m ?[2m---?[0;39m ?[2m[io-28852-exec-9]?[0;39m ?[36ms.w.s.m.m.a.RequestMappingHandlerMapping?[0;39m ?[2m:?[0;39m Mapped to account.controllers.AuthenticationController#changePassword(Authentication, PasswordChange)
?[0m?[0;34m?[2m2023-06-21T15:47:52.714-04:00?[0;39m ?[32mDEBUG?[0;39m ?[35m31896?[0;39m ?[2m---?[0;39m ?[2m[io-28852-exec-9]?[0;39m ?[36ms.w.s.m.m.a.RequestMappingHandlerMapping?[0;39m ?[2m:?[0;39m Mapped to account.controllers.AuthenticationController#changePassword(Authentication, PasswordChange)
?[0m?[0;34m?[2m2023-06-21T15:47:52.714-04:00?[0;39m ?[32mDEBUG?[0;39m ?[35m31896?[0;39m ?[2m---?[0;39m ?[2m[io-28852-exec-9]?[0;39m ?[36ms.w.s.m.m.a.RequestMappingHandlerMapping?[0;39m ?[2m:?[0;39m Mapped to account.controllers.AuthenticationController#changePassword(Authentication, PasswordChange)
?[0m?[0;34m?[2m2023-06-21T15:47:52.714-04:00?[0;39m ?[32mDEBUG?[0;39m ?[35m31896?[0;39m ?[2m---?[0;39m ?[2m[io-28852-exec-9]?[0;39m ?[36mo.s.web.servlet.DispatcherServlet       ?[0;39m ?[2m:?[0;39m POST "/api/auth/changepass", parameters={}
?[0m?[0;34m?[2m2023-06-21T15:47:52.714-04:00?[0;39m ?[32mDEBUG?[0;39m ?[35m31896?[0;39m ?[2m---?[0;39m ?[2m[io-28852-exec-9]?[0;39m ?[36ms.w.s.m.m.a.RequestMappingHandlerMapping?[0;39m ?[2m:?[0;39m Mapped to account.controllers.AuthenticationController#changePassword(Authentication, PasswordChange)
?[0m?[0;34m?[2m2023-06-21T15:47:52.715-04:00?[0;39m ?[32mDEBUG?[0;39m ?[35m31896?[0;39m ?[2m---?[0;39m ?[2m[io-28852-exec-9]?[0;39m ?[36mm.m.a.RequestResponseBodyMethodProcessor?[0;39m ?[2m:?[0;39m Read "application/json;charset=UTF-8" to [account.dto.PasswordChange@6bbfa67e]
?[0m?[0;34mAintnoway
?[0m?[0;34m?[2m2023-06-21T15:47:52.716-04:00?[0;39m ?[32mDEBUG?[0;39m ?[35m31896?[0;39m ?[2m---?[0;39m ?[2m[io-28852-exec-9]?[0;39m ?[36m.m.m.a.ExceptionHandlerExceptionResolver?[0;39m ?[2m:?[0;39m Using @ExceptionHandler account.exceptions.ControllerExceptionHandler#handlePasswordNotLongEnough(WebRequest)
?[0m?[0;34m?[2m2023-06-21T15:47:52.716-04:00?[0;39m ?[32mDEBUG?[0;39m ?[35m31896?[0;39m ?[2m---?[0;39m ?[2m[io-28852-exec-9]?[0;39m ?[36mo.s.w.s.m.m.a.HttpEntityMethodProcessor ?[0;39m ?[2m:?[0;39m Using 'application/json', given [*/*] and supported [application/json, application/*+json]
?[0m?[0;34m?[2m2023-06-21T15:47:52.716-04:00?[0;39m ?[32mDEBUG?[0;39m ?[35m31896?[0;39m ?[2m---?[0;39m ?[2m[io-28852-exec-9]?[0;39m ?[36mo.s.w.s.m.m.a.HttpEntityMethodProcessor ?[0;39m ?[2m:?[0;39m Writing [account.exceptions.CustomErrorMessage@5418bb22]
?[0m?[0;34m?[2m2023-06-21T15:47:52.717-04:00?[0;39m ?[32mDEBUG?[0;39m ?[35m31896?[0;39m ?[2m---?[0;39m ?[2m[io-28852-exec-9]?[0;39m ?[36m.m.m.a.ExceptionHandlerExceptionResolver?[0;39m ?[2m:?[0;39m Resolved [account.exceptions.BreachedPassword]
?[0m?[0;34m?[2m2023-06-21T15:47:52.717-04:00?[0;39m ?[32mDEBUG?[0;39m ?[35m31896?[0;39m ?[2m---?[0;39m ?[2m[io-28852-exec-9]?[0;39m ?[36mo.s.web.servlet.DispatcherServlet       ?[0;39m ?[2m:?[0;39m Completed 400 BAD_REQUEST
?[0m?[0;34m?[2m2023-06-21T15:47:53.216-04:00?[0;39m ?[32mDEBUG?[0;39m ?[35m31896?[0;39m ?[2m---?[0;39m ?[2m[o-28852-exec-10]?[0;39m ?[36ms.w.s.m.m.a.RequestMappingHandlerMapping?[0;39m ?[2m:?[0;39m Mapped to account.controllers.AuthenticationController#changePassword(Authentication, PasswordChange)
?[0m?[0;34m?[2m2023-06-21T15:47:53.216-04:00?[0;39m ?[32mDEBUG?[0;39m ?[35m31896?[0;39m ?[2m---?[0;39m ?[2m[o-28852-exec-10]?[0;39m ?[36ms.w.s.m.m.a.RequestMappingHandlerMapping?[0;39m ?[2m:?[0;39m Mapped to account.controllers.AuthenticationController#changePassword(Authentication, PasswordChange)
?[0m?[0;34m?[2m2023-06-21T15:47:53.216-04:00?[0;39m ?[32mDEBUG?[0;39m ?[35m31896?[0;39m ?[2m---?[0;39m ?[2m[o-28852-exec-10]?[0;39m ?[36ms.w.s.m.m.a.RequestMappingHandlerMapping?[0;39m ?[2m:?[0;39m Mapped to account.controllers.AuthenticationController#changePassword(Authentication, PasswordChange)
?[0m?[0;34m?[2m2023-06-21T15:47:53.216-04:00?[0;39m ?[32mDEBUG?[0;39m ?[35m31896?[0;39m ?[2m---?[0;39m ?[2m[o-28852-exec-10]?[0;39m ?[36ms.w.s.m.m.a.RequestMappingHandlerMapping?[0;39m ?[2m:?[0;39m Mapped to account.controllers.AuthenticationController#changePassword(Authentication, PasswordChange)
?[0m?[0;34m?[2m2023-06-21T15:47:53.217-04:00?[0;39m ?[32mDEBUG?[0;39m ?[35m31896?[0;39m ?[2m---?[0;39m ?[2m[o-28852-exec-10]?[0;39m ?[36mo.s.web.servlet.DispatcherServlet       ?[0;39m ?[2m:?[0;39m POST "/api/auth/changepass", parameters={}
?[0m?[0;34m?[2m2023-06-21T15:47:53.217-04:00?[0;39m ?[32mDEBUG?[0;39m ?[35m31896?[0;39m ?[2m---?[0;39m ?[2m[o-28852-exec-10]?[0;39m ?[36ms.w.s.m.m.a.RequestMappingHandlerMapping?[0;39m ?[2m:?[0;39m Mapped to account.controllers.AuthenticationController#changePassword(Authentication, PasswordChange)
?[0m?[0;34m?[2m2023-06-21T15:47:53.217-04:00?[0;39m ?[32mDEBUG?[0;39m ?[35m31896?[0;39m ?[2m---?[0;39m ?[2m[o-28852-exec-10]?[0;39m ?[36mm.m.a.RequestResponseBodyMethodProcessor?[0;39m ?[2m:?[0;39m Read "application/json;charset=UTF-8" to [account.dto.PasswordChange@52f81870]
?[0m?[0;34mAintnoway
?[0m?[0;34m?[2m2023-06-21T15:47:53.218-04:00?[0;39m ?[32mDEBUG?[0;39m ?[35m31896?[0;39m ?[2m---?[0;39m ?[2m[o-28852-exec-10]?[0;39m ?[36m.m.m.a.ExceptionHandlerExceptionResolver?[0;39m ?[2m:?[0;39m Using @ExceptionHandler account.exceptions.ControllerExceptionHandler#handlePasswordNotLongEnough(WebRequest)
?[0m?[0;34m?[2m2023-06-21T15:47:53.218-04:00?[0;39m ?[32mDEBUG?[0;39m ?[35m31896?[0;39m ?[2m---?[0;39m ?[2m[o-28852-exec-10]?[0;39m ?[36mo.s.w.s.m.m.a.HttpEntityMethodProcessor ?[0;39m ?[2m:?[0;39m Using 'application/json', given [*/*] and supported [application/json, application/*+json]
?[0m?[0;34m?[2m2023-06-21T15:47:53.218-04:00?[0;39m ?[32mDEBUG?[0;39m ?[35m31896?[0;39m ?[2m---?[0;39m ?[2m[o-28852-exec-10]?[0;39m ?[36mo.s.w.s.m.m.a.HttpEntityMethodProcessor ?[0;39m ?[2m:?[0;39m Writing [account.exceptions.CustomErrorMessage@6e0e7792]
?[0m?[0;34m?[2m2023-06-21T15:47:53.218-04:00?[0;39m ?[32mDEBUG?[0;39m ?[35m31896?[0;39m ?[2m---?[0;39m ?[2m[o-28852-exec-10]?[0;39m ?[36m.m.m.a.ExceptionHandlerExceptionResolver?[0;39m ?[2m:?[0;39m Resolved [account.exceptions.BreachedPassword]
?[0m?[0;34m?[2m2023-06-21T15:47:53.219-04:00?[0;39m ?[32mDEBUG?[0;39m ?[35m31896?[0;39m ?[2m---?[0;39m ?[2m[o-28852-exec-10]?[0;39m ?[36mo.s.web.servlet.DispatcherServlet       ?[0;39m ?[2m:?[0;39m Completed 400 BAD_REQUEST
?[0m?[0;34m?[2m2023-06-21T15:47:53.716-04:00?[0;39m ?[32mDEBUG?[0;39m ?[35m31896?[0;39m ?[2m---?[0;39m ?[2m[io-28852-exec-1]?[0;39m ?[36ms.w.s.m.m.a.RequestMappingHandlerMapping?[0;39m ?[2m:?[0;39m Mapped to account.controllers.AuthenticationController#changePassword(Authentication, PasswordChange)
?[0m?[0;34m?[2m2023-06-21T15:47:53.716-04:00?[0;39m ?[32mDEBUG?[0;39m ?[35m31896?[0;39m ?[2m---?[0;39m ?[2m[io-28852-exec-1]?[0;39m ?[36ms.w.s.m.m.a.RequestMappingHandlerMapping?[0;39m ?[2m:?[0;39m Mapped to account.controllers.AuthenticationController#changePassword(Authentication, PasswordChange)
?[0m?[0;34m?[2m2023-06-21T15:47:53.716-04:00?[0;39m ?[32mDEBUG?[0;39m ?[35m31896?[0;39m ?[2m---?[0;39m ?[2m[io-28852-exec-1]?[0;39m ?[36ms.w.s.m.m.a.RequestMappingHandlerMapping?[0;39m ?[2m:?[0;39m Mapped to account.controllers.AuthenticationController#changePassword(Authentication, PasswordChange)
?[0m?[0;34m?[2m2023-06-21T15:47:53.716-04:00?[0;39m ?[32mDEBUG?[0;39m ?[35m31896?[0;39m ?[2m---?[0;39m ?[2m[io-28852-exec-1]?[0;39m ?[36ms.w.s.m.m.a.RequestMappingHandlerMapping?[0;39m ?[2m:?[0;39m Mapped to account.controllers.AuthenticationController#changePassword(Authentication, PasswordChange)
?[0m?[0;34m?[2m2023-06-21T15:47:53.716-04:00?[0;39m ?[32mDEBUG?[0;39m ?[35m31896?[0;39m ?[2m---?[0;39m ?[2m[io-28852-exec-1]?[0;39m ?[36mo.s.web.servlet.DispatcherServlet       ?[0;39m ?[2m:?[0;39m POST "/api/auth/changepass", parameters={}
?[0m?[0;34m?[2m2023-06-21T15:47:53.716-04:00?[0;39m ?[32mDEBUG?[0;39m ?[35m31896?[0;39m ?[2m---?[0;39m ?[2m[io-28852-exec-1]?[0;39m ?[36ms.w.s.m.m.a.RequestMappingHandlerMapping?[0;39m ?[2m:?[0;39m Mapped to account.controllers.AuthenticationController#changePassword(Authentication, PasswordChange)
?[0m?[0;34m?[2m2023-06-21T15:47:53.717-04:00?[0;39m ?[32mDEBUG?[0;39m ?[35m31896?[0;39m ?[2m---?[0;39m ?[2m[io-28852-exec-1]?[0;39m ?[36mm.m.a.RequestResponseBodyMethodProcessor?[0;39m ?[2m:?[0;39m Read "application/json;charset=UTF-8" to [account.dto.PasswordChange@2a74e6f7]
?[0m?[0;34mAintnoway
?[0m?[0;34m?[2m2023-06-21T15:47:53.718-04:00?[0;39m ?[32mDEBUG?[0;39m ?[35m31896?[0;39m ?[2m---?[0;39m ?[2m[io-28852-exec-1]?[0;39m ?[36m.m.m.a.ExceptionHandlerExceptionResolver?[0;39m ?[2m:?[0;39m Using @ExceptionHandler account.exceptions.ControllerExceptionHandler#handlePasswordNotLongEnough(WebRequest)
?[0m?[0;34m?[2m2023-06-21T15:47:53.718-04:00?[0;39m ?[32mDEBUG?[0;39m ?[35m31896?[0;39m ?[2m---?[0;39m ?[2m[io-28852-exec-1]?[0;39m ?[36mo.s.w.s.m.m.a.HttpEntityMethodProcessor ?[0;39m ?[2m:?[0;39m Using 'application/json', given [*/*] and supported [application/json, application/*+json]
?[0m?[0;34m?[2m2023-06-21T15:47:53.718-04:00?[0;39m ?[32mDEBUG?[0;39m ?[35m31896?[0;39m ?[2m---?[0;39m ?[2m[io-28852-exec-1]?[0;39m ?[36mo.s.w.s.m.m.a.HttpEntityMethodProcessor ?[0;39m ?[2m:?[0;39m Writing [account.exceptions.CustomErrorMessage@6e55f56a]
?[0m?[0;34m?[2m2023-06-21T15:47:53.718-04:00?[0;39m ?[32mDEBUG?[0;39m ?[35m31896?[0;39m ?[2m---?[0;39m ?[2m[io-28852-exec-1]?[0;39m ?[36m.m.m.a.ExceptionHandlerExceptionResolver?[0;39m ?[2m:?[0;39m Resolved [account.exceptions.BreachedPassword]
?[0m?[0;34m?[2m2023-06-21T15:47:53.719-04:00?[0;39m ?[32mDEBUG?[0;39m ?[35m31896?[0;39m ?[2m---?[0;39m ?[2m[io-28852-exec-1]?[0;39m ?[36mo.s.web.servlet.DispatcherServlet       ?[0;39m ?[2m:?[0;39m Completed 400 BAD_REQUEST
?[1;31m
Start test 44?[0m
?[0m?[0;34m?[2m2023-06-21T15:47:53.724-04:00?[0;39m ?[32mDEBUG?[0;39m ?[35m31896?[0;39m ?[2m---?[0;39m ?[2m[io-28852-exec-3]?[0;39m ?[36mo.s.web.servlet.DispatcherServlet       ?[0;39m ?[2m:?[0;39m POST "/actuator/shutdown", parameters={}
?[0m?[0;34m?[2m2023-06-21T15:47:53.726-04:00?[0;39m ?[32mDEBUG?[0;39m ?[35m31896?[0;39m ?[2m---?[0;39m ?[2m[io-28852-exec-3]?[0;39m ?[36mm.m.a.RequestResponseBodyMethodProcessor?[0;39m ?[2m:?[0;39m Read "application/json;charset=UTF-8" to []
?[0m?[0;34m?[2m2023-06-21T15:47:53.730-04:00?[0;39m ?[32mDEBUG?[0;39m ?[35m31896?[0;39m ?[2m---?[0;39m ?[2m[io-28852-exec-3]?[0;39m ?[36mm.m.a.RequestResponseBodyMethodProcessor?[0;39m ?[2m:?[0;39m Using 'application/vnd.spring-boot.actuator.v3+json', given [*/*] and supported [application/vnd.spring-boot.actuator.v3+json, application/vnd.spring-boot.actuator.v2+json, application/json]
?[0m?[0;34m?[2m2023-06-21T15:47:53.731-04:00?[0;39m ?[32mDEBUG?[0;39m ?[35m31896?[0;39m ?[2m---?[0;39m ?[2m[io-28852-exec-3]?[0;39m ?[36mm.m.a.RequestResponseBodyMethodProcessor?[0;39m ?[2m:?[0;39m Writing [org.springframework.boot.actuate.context.ShutdownEndpoint$ShutdownDescriptor@3fc76a99]
?[0m?[0;34m?[2m2023-06-21T15:47:53.731-04:00?[0;39m ?[32mDEBUG?[0;39m ?[35m31896?[0;39m ?[2m---?[0;39m ?[2m[io-28852-exec-3]?[0;39m ?[36mo.s.web.servlet.DispatcherServlet       ?[0;39m ?[2m:?[0;39m Completed 200 OK
?[0;34m?[2m2023-06-21T15:47:54.237-04:00?[0;39m ?[32m INFO?[0;39m ?[35m31896?[0;39m ?[2m---?[0;39m ?[2m[       Thread-5]?[0;39m ?[36mo.apache.catalina.core.StandardService  ?[0;39m ?[2m:?[0;39m Stopping service [Tomcat]
?[0m?[0;34m?[2m2023-06-21T15:47:54.238-04:00?[0;39m ?[32m INFO?[0;39m ?[35m31896?[0;39m ?[2m---?[0;39m ?[2m[       Thread-5]?[0;39m ?[36mo.a.c.c.C.[Tomcat].[localhost].[/]      ?[0;39m ?[2m:?[0;39m Destroying Spring FrameworkServlet 'dispatcherServlet'
?[0m?[0;34m?[2m2023-06-21T15:47:54.245-04:00?[0;39m ?[32m INFO?[0;39m ?[35m31896?[0;39m ?[2m---?[0;39m ?[2m[       Thread-5]?[0;39m ?[36mj.LocalContainerEntityManagerFactoryBean?[0;39m ?[2m:?[0;39m Closing JPA EntityManagerFactory for persistence unit 'default'
?[0m?[0;34m?[2m2023-06-21T15:47:54.247-04:00?[0;39m ?[32m INFO?[0;39m ?[35m31896?[0;39m ?[2m---?[0;39m ?[2m[       Thread-5]?[0;39m ?[36mcom.zaxxer.hikari.HikariDataSource      ?[0;39m ?[2m:?[0;39m HikariPool-1 - Shutdown initiated...
?[0m?[0;34m?[2m2023-06-21T15:47:54.256-04:00?[0;39m ?[32m INFO?[0;39m ?[35m31896?[0;39m ?[2m---?[0;39m ?[2m[       Thread-5]?[0;39m ?[36mcom.zaxxer.hikari.HikariDataSource      ?[0;39m ?[2m:?[0;39m HikariPool-1 - Shutdown completed.
?[0;34m
?[0m?[0;34m  .   ____          _            __ _ _
?[0m?[0;34m /\\ / ___'_ __ _ _(_)_ __  __ _ \ \ \ \
?[0m?[0;34m( ( )\___ | '_ | '_| | '_ \/ _` | \ \ \ \
?[0m?[0;34m \\/  ___)| |_)| | | | | || (_| |  ) ) ) )
?[0m?[0;34m  '  |____| .__|_| |_|_| |_\__, | / / / /
?[0m?[0;34m =========|_|==============|___/=/_/_/_/
?[0m?[0;34m?[32m :: Spring Boot :: ?[39m              ?[2m (v3.0.2)?[0;39m
?[0m?[0;34m
?[0m?[0;34m?[2m2023-06-21T15:48:04.727-04:00?[0;39m ?[32m INFO?[0;39m ?[35m31896?[0;39m ?[2m---?[0;39m ?[2m[    Test worker]?[0;39m ?[36maccount.AccountServiceApplication       ?[0;39m ?[2m:?[0;39m Starting AccountServiceApplication using Java 17.0.6 with PID 31896 (started by mikec in E:\New folder\Account Service\Account Service\task)
?[0m?[0;34m?[2m2023-06-21T15:48:04.727-04:00?[0;39m ?[32m INFO?[0;39m ?[35m31896?[0;39m ?[2m---?[0;39m ?[2m[    Test worker]?[0;39m ?[36maccount.AccountServiceApplication       ?[0;39m ?[2m:?[0;39m No active profile set, falling back to 1 default profile: "default"
?[0m?[0;34m?[2m2023-06-21T15:48:04.916-04:00?[0;39m ?[32m INFO?[0;39m ?[35m31896?[0;39m ?[2m---?[0;39m ?[2m[    Test worker]?[0;39m ?[36m.s.d.r.c.RepositoryConfigurationDelegate?[0;39m ?[2m:?[0;39m Bootstrapping Spring Data JPA repositories in DEFAULT mode.
?[0m?[0;34m?[2m2023-06-21T15:48:04.931-04:00?[0;39m ?[32m INFO?[0;39m ?[35m31896?[0;39m ?[2m---?[0;39m ?[2m[    Test worker]?[0;39m ?[36m.s.d.r.c.RepositoryConfigurationDelegate?[0;39m ?[2m:?[0;39m Finished Spring Data repository scanning in 14 ms. Found 3 JPA repository interfaces.
?[0m?[0;34m?[2m2023-06-21T15:48:05.002-04:00?[0;39m ?[32m INFO?[0;39m ?[35m31896?[0;39m ?[2m---?[0;39m ?[2m[    Test worker]?[0;39m ?[36mo.s.b.w.embedded.tomcat.TomcatWebServer ?[0;39m ?[2m:?[0;39m Tomcat initialized with port(s): 28852 (http)
?[0m?[0;34m?[2m2023-06-21T15:48:05.002-04:00?[0;39m ?[32m INFO?[0;39m ?[35m31896?[0;39m ?[2m---?[0;39m ?[2m[    Test worker]?[0;39m ?[36mo.apache.catalina.core.StandardService  ?[0;39m ?[2m:?[0;39m Starting service [Tomcat]
?[0m?[0;34m?[2m2023-06-21T15:48:05.002-04:00?[0;39m ?[32m INFO?[0;39m ?[35m31896?[0;39m ?[2m---?[0;39m ?[2m[    Test worker]?[0;39m ?[36mo.apache.catalina.core.StandardEngine   ?[0;39m ?[2m:?[0;39m Starting Servlet engine: [Apache Tomcat/10.1.5]
?[0m?[0;34m?[2m2023-06-21T15:48:05.024-04:00?[0;39m ?[32m INFO?[0;39m ?[35m31896?[0;39m ?[2m---?[0;39m ?[2m[    Test worker]?[0;39m ?[36mo.a.c.c.C.[Tomcat].[localhost].[/]      ?[0;39m ?[2m:?[0;39m Initializing Spring embedded WebApplicationContext
?[0m?[0;34m?[2m2023-06-21T15:48:05.024-04:00?[0;39m ?[32m INFO?[0;39m ?[35m31896?[0;39m ?[2m---?[0;39m ?[2m[    Test worker]?[0;39m ?[36mw.s.c.ServletWebServerApplicationContext?[0;39m ?[2m:?[0;39m Root WebApplicationContext: initialization completed in 295 ms
?[0m?[0;34m?[2m2023-06-21T15:48:05.046-04:00?[0;39m ?[32m INFO?[0;39m ?[35m31896?[0;39m ?[2m---?[0;39m ?[2m[    Test worker]?[0;39m ?[36mcom.zaxxer.hikari.HikariDataSource      ?[0;39m ?[2m:?[0;39m HikariPool-2 - Starting...
?[0m?[0;34m?[2m2023-06-21T15:48:05.061-04:00?[0;39m ?[32m INFO?[0;39m ?[35m31896?[0;39m ?[2m---?[0;39m ?[2m[    Test worker]?[0;39m ?[36mcom.zaxxer.hikari.pool.HikariPool       ?[0;39m ?[2m:?[0;39m HikariPool-2 - Added connection conn10: url=jdbc:h2:file:~/service_db user=SA
?[0m?[0;34m?[2m2023-06-21T15:48:05.061-04:00?[0;39m ?[32m INFO?[0;39m ?[35m31896?[0;39m ?[2m---?[0;39m ?[2m[    Test worker]?[0;39m ?[36mcom.zaxxer.hikari.HikariDataSource      ?[0;39m ?[2m:?[0;39m HikariPool-2 - Start completed.
?[0m?[0;34m?[2m2023-06-21T15:48:05.061-04:00?[0;39m ?[32m INFO?[0;39m ?[35m31896?[0;39m ?[2m---?[0;39m ?[2m[    Test worker]?[0;39m ?[36mo.s.b.a.h2.H2ConsoleAutoConfiguration   ?[0;39m ?[2m:?[0;39m H2 console available at '/h2-console'. Database available at 'jdbc:h2:file:~/service_db'
?[0m?[0;34m?[2m2023-06-21T15:48:05.088-04:00?[0;39m ?[32mDEBUG?[0;39m ?[35m31896?[0;39m ?[2m---?[0;39m ?[2m[    Test worker]?[0;39m ?[36mo.s.w.f.ServerHttpObservationFilter     ?[0;39m ?[2m:?[0;39m Filter 'serverHttpObservationFilter' configured for use
?[0m?[0;34m?[2m2023-06-21T15:48:05.090-04:00?[0;39m ?[33m WARN?[0;39m ?[35m31896?[0;39m ?[2m---?[0;39m ?[2m[    Test worker]?[0;39m ?[36m.t.u.s.PrivilegedSetAccessControlContext?[0;39m ?[2m:?[0;39m Unable to set field Thread.inheritedAccessControlContext
?[0m?[0;34m
?[0m?[0;34mjava.lang.IllegalAccessException: class org.apache.tomcat.util.security.PrivilegedSetAccessControlContext cannot access a member of class java.lang.Thread (in module java.base) with modifiers "private"
?[0m?[0;34m	at java.base/jdk.internal.reflect.Reflection.newIllegalAccessException(Reflection.java:392) ~[na:na]
?[0m?[0;34m	at java.base/java.lang.reflect.AccessibleObject.checkAccess(AccessibleObject.java:674) ~[na:na]
?[0m?[0;34m	at java.base/java.lang.reflect.Field.checkAccess(Field.java:1102) ~[na:na]
?[0m?[0;34m	at java.base/java.lang.reflect.Field.set(Field.java:797) ~[na:na]
?[0m?[0;34m	at org.apache.tomcat.util.security.PrivilegedSetAccessControlContext.run(PrivilegedSetAccessControlContext.java:60) ~[tomcat-embed-core-10.1.5.jar:10.1.5]
?[0m?[0;34m	at org.apache.tomcat.util.security.PrivilegedSetAccessControlContext.run(PrivilegedSetAccessControlContext.java:28) ~[tomcat-embed-core-10.1.5.jar:10.1.5]
?[0m?[0;34m	at java.base/java.security.AccessController.doPrivileged(AccessController.java:318) ~[na:na]
?[0m?[0;34m	at org.apache.tomcat.util.threads.TaskThreadFactory.newThread(TaskThreadFactory.java:64) ~[tomcat-embed-core-10.1.5.jar:10.1.5]
?[0m?[0;34m	at java.base/java.util.concurrent.ThreadPoolExecutor$Worker.<init>(ThreadPoolExecutor.java:630) ~[na:na]
?[0m?[0;34m	at java.base/java.util.concurrent.ThreadPoolExecutor.addWorker(ThreadPoolExecutor.java:920) ~[na:na]
?[0m?[0;34m	at java.base/java.util.concurrent.ThreadPoolExecutor.ensurePrestart(ThreadPoolExecutor.java:1593) ~[na:na]
?[0m?[0;34m	at java.base/java.util.concurrent.ScheduledThreadPoolExecutor.delayedExecute(ScheduledThreadPoolExecutor.java:346) ~[na:na]
?[0m?[0;34m	at java.base/java.util.concurrent.ScheduledThreadPoolExecutor.scheduleWithFixedDelay(ScheduledThreadPoolExecutor.java:680) ~[na:na]
?[0m?[0;34m	at org.apache.tomcat.util.threads.ScheduledThreadPoolExecutor.scheduleWithFixedDelay(ScheduledThreadPoolExecutor.java:138) ~[tomcat-embed-core-10.1.5.jar:10.1.5]
?[0m?[0;34m	at org.apache.catalina.core.ContainerBase.startInternal(ContainerBase.java:948) ~[tomcat-embed-core-10.1.5.jar:10.1.5]
?[0m?[0;34m	at org.apache.catalina.core.StandardEngine.startInternal(StandardEngine.java:252) ~[tomcat-embed-core-10.1.5.jar:10.1.5]
?[0m?[0;34m	at org.apache.catalina.util.LifecycleBase.start(LifecycleBase.java:183) ~[tomcat-embed-core-10.1.5.jar:10.1.5]
?[0m?[0;34m	at org.apache.catalina.core.StandardService.startInternal(StandardService.java:430) ~[tomcat-embed-core-10.1.5.jar:10.1.5]
?[0m?[0;34m	at org.apache.catalina.util.LifecycleBase.start(LifecycleBase.java:183) ~[tomcat-embed-core-10.1.5.jar:10.1.5]
?[0m?[0;34m	at org.apache.catalina.core.StandardServer.startInternal(StandardServer.java:926) ~[tomcat-embed-core-10.1.5.jar:10.1.5]
?[0m?[0;34m	at org.apache.catalina.util.LifecycleBase.start(LifecycleBase.java:183) ~[tomcat-embed-core-10.1.5.jar:10.1.5]
?[0m?[0;34m	at org.apache.catalina.startup.Tomcat.start(Tomcat.java:485) ~[tomcat-embed-core-10.1.5.jar:10.1.5]
?[0m?[0;34m	at org.springframework.boot.web.embedded.tomcat.TomcatWebServer.initialize(TomcatWebServer.java:123) ~[spring-boot-3.0.2.jar:3.0.2]
?[0m?[0;34m	at org.springframework.boot.web.embedded.tomcat.TomcatWebServer.<init>(TomcatWebServer.java:104) ~[spring-boot-3.0.2.jar:3.0.2]
?[0m?[0;34m	at org.springframework.boot.web.embedded.tomcat.TomcatServletWebServerFactory.getTomcatWebServer(TomcatServletWebServerFactory.java:486) ~[spring-boot-3.0.2.jar:3.0.2]
?[0m?[0;34m	at org.springframework.boot.web.embedded.tomcat.TomcatServletWebServerFactory.getWebServer(TomcatServletWebServerFactory.java:210) ~[spring-boot-3.0.2.jar:3.0.2]
?[0m?[0;34m	at org.springframework.boot.web.servlet.context.ServletWebServerApplicationContext.createWebServer(ServletWebServerApplicationContext.java:183) ~[spring-boot-3.0.2.jar:3.0.2]
?[0m?[0;34m	at org.springframework.boot.web.servlet.context.ServletWebServerApplicationContext.onRefresh(ServletWebServerApplicationContext.java:161) ~[spring-boot-3.0.2.jar:3.0.2]
?[0m?[0;34m	at org.springframework.context.support.AbstractApplicationContext.refresh(AbstractApplicationContext.java:578) ~[spring-context-6.0.4.jar:6.0.4]
?[0m?[0;34m	at org.springframework.boot.web.servlet.context.ServletWebServerApplicationContext.refresh(ServletWebServerApplicationContext.java:146) ~[spring-boot-3.0.2.jar:3.0.2]
?[0m?[0;34m	at org.springframework.boot.SpringApplication.refresh(SpringApplication.java:730) ~[spring-boot-3.0.2.jar:3.0.2]
?[0m?[0;34m	at org.springframework.boot.SpringApplication.refreshContext(SpringApplication.java:432) ~[spring-boot-3.0.2.jar:3.0.2]
?[0m?[0;34m	at org.springframework.boot.SpringApplication.run(SpringApplication.java:308) ~[spring-boot-3.0.2.jar:3.0.2]
?[0m?[0;34m	at org.springframework.boot.SpringApplication.run(SpringApplication.java:1302) ~[spring-boot-3.0.2.jar:3.0.2]
?[0m?[0;34m	at org.springframework.boot.SpringApplication.run(SpringApplication.java:1291) ~[spring-boot-3.0.2.jar:3.0.2]
?[0m?[0;34m	at account.AccountServiceApplication.main(AccountServiceApplication.java:14) ~[main/:na]
?[0m?[0;34m	at java.base/jdk.internal.reflect.NativeMethodAccessorImpl.invoke0(Native Method) ~[na:na]
?[0m?[0;34m	at java.base/jdk.internal.reflect.NativeMethodAccessorImpl.invoke(NativeMethodAccessorImpl.java:77) ~[na:na]
?[0m?[0;34m	at java.base/jdk.internal.reflect.DelegatingMethodAccessorImpl.invoke(DelegatingMethodAccessorImpl.java:43) ~[na:na]
?[0m?[0;34m	at java.base/java.lang.reflect.Method.invoke(Method.java:568) ~[na:na]
?[0m?[0;34m	at org.hyperskill.hstest.stage.SpringTest.startSpring(SpringTest.java:187) ~[hs-test-release-SNAPSHOT.jar:na]
?[0m?[0;34m	at org.hyperskill.hstest.stage.SpringTest.reloadSpring(SpringTest.java:239) ~[hs-test-release-SNAPSHOT.jar:na]
?[0m?[0;34m	at AccountServiceTest.restartApplication(AccountServiceTest.java:262) ~[test/:na]
?[0m?[0;34m	at AccountServiceTest.lambda$new$45(AccountServiceTest.java:452) ~[test/:na]
?[0m?[0;34m	at org.hyperskill.hstest.dynamic.input.DynamicTesting.lambda$searchDynamicTests$3(DynamicTesting.java:289) ~[hs-test-release-SNAPSHOT.jar:na]
?[0m?[0;34m	at org.hyperskill.hstest.dynamic.input.DynamicTesting$1DynamicTestElement.lambda$getTests$0(DynamicTesting.java:252) ~[hs-test-release-SNAPSHOT.jar:na]
?[0m?[0;34m	at org.hyperskill.hstest.testing.runner.SpringApplicationRunner.test(SpringApplicationRunner.java:43) ~[hs-test-release-SNAPSHOT.jar:na]
?[0m?[0;34m	at org.hyperskill.hstest.testing.TestRun.test(TestRun.java:94) ~[hs-test-release-SNAPSHOT.jar:na]
?[0m?[0;34m	at org.hyperskill.hstest.stage.StageTest.start(StageTest.java:164) ~[hs-test-release-SNAPSHOT.jar:na]
?[0m?[0;34m	at java.base/jdk.internal.reflect.NativeMethodAccessorImpl.invoke0(Native Method) ~[na:na]
?[0m?[0;34m	at java.base/jdk.internal.reflect.NativeMethodAccessorImpl.invoke(NativeMethodAccessorImpl.java:77) ~[na:na]
?[0m?[0;34m	at java.base/jdk.internal.reflect.DelegatingMethodAccessorImpl.invoke(DelegatingMethodAccessorImpl.java:43) ~[na:na]
?[0m?[0;34m	at java.base/java.lang.reflect.Method.invoke(Method.java:568) ~[na:na]
?[0m?[0;34m	at org.junit.runners.model.FrameworkMethod$1.runReflectiveCall(FrameworkMethod.java:59) ~[junit-4.13.2.jar:4.13.2]
?[0m?[0;34m	at org.junit.internal.runners.model.ReflectiveCallable.run(ReflectiveCallable.java:12) ~[junit-4.13.2.jar:4.13.2]
?[0m?[0;34m	at org.junit.runners.model.FrameworkMethod.invokeExplosively(FrameworkMethod.java:56) ~[junit-4.13.2.jar:4.13.2]
?[0m?[0;34m	at org.junit.internal.runners.statements.InvokeMethod.evaluate(InvokeMethod.java:17) ~[junit-4.13.2.jar:4.13.2]
?[0m?[0;34m	at org.junit.internal.runners.statements.RunAfters.evaluate(RunAfters.java:27) ~[junit-4.13.2.jar:4.13.2]
?[0m?[0;34m	at org.junit.runners.ParentRunner$3.evaluate(ParentRunner.java:306) ~[junit-4.13.2.jar:4.13.2]
?[0m?[0;34m	at org.junit.runners.BlockJUnit4ClassRunner$1.evaluate(BlockJUnit4ClassRunner.java:100) ~[junit-4.13.2.jar:4.13.2]
?[0m?[0;34m	at org.junit.runners.ParentRunner.runLeaf(ParentRunner.java:366) ~[junit-4.13.2.jar:4.13.2]
?[0m?[0;34m	at org.junit.runners.BlockJUnit4ClassRunner.runChild(BlockJUnit4ClassRunner.java:103) ~[junit-4.13.2.jar:4.13.2]
?[0m?[0;34m	at org.junit.runners.BlockJUnit4ClassRunner.runChild(BlockJUnit4ClassRunner.java:63) ~[junit-4.13.2.jar:4.13.2]
?[0m?[0;34m	at org.junit.runners.ParentRunner$4.run(ParentRunner.java:331) ~[junit-4.13.2.jar:4.13.2]
?[0m?[0;34m	at org.junit.runners.ParentRunner$1.schedule(ParentRunner.java:79) ~[junit-4.13.2.jar:4.13.2]
?[0m?[0;34m	at org.junit.runners.ParentRunner.runChildren(ParentRunner.java:329) ~[junit-4.13.2.jar:4.13.2]
?[0m?[0;34m	at org.junit.runners.ParentRunner.access$100(ParentRunner.java:66) ~[junit-4.13.2.jar:4.13.2]
?[0m?[0;34m	at org.junit.runners.ParentRunner$2.evaluate(ParentRunner.java:293) ~[junit-4.13.2.jar:4.13.2]
?[0m?[0;34m	at org.junit.runners.ParentRunner$3.evaluate(ParentRunner.java:306) ~[junit-4.13.2.jar:4.13.2]
?[0m?[0;34m	at org.junit.runners.ParentRunner.run(ParentRunner.java:413) ~[junit-4.13.2.jar:4.13.2]
?[0m?[0;34m	at org.gradle.api.internal.tasks.testing.junit.JUnitTestClassExecutor.runTestClass(JUnitTestClassExecutor.java:108) ~[na:na]
?[0m?[0;34m	at org.gradle.api.internal.tasks.testing.junit.JUnitTestClassExecutor.execute(JUnitTestClassExecutor.java:57) ~[na:na]
?[0m?[0;34m	at org.gradle.api.internal.tasks.testing.junit.JUnitTestClassExecutor.execute(JUnitTestClassExecutor.java:39) ~[na:na]
?[0m?[0;34m	at org.gradle.api.internal.tasks.testing.junit.AbstractJUnitTestClassProcessor.processTestClass(AbstractJUnitTestClassProcessor.java:62) ~[na:na]
?[0m?[0;34m	at org.gradle.api.internal.tasks.testing.SuiteTestClassProcessor.processTestClass(SuiteTestClassProcessor.java:52) ~[na:na]
?[0m?[0;34m	at java.base/jdk.internal.reflect.NativeMethodAccessorImpl.invoke0(Native Method) ~[na:na]
?[0m?[0;34m	at java.base/jdk.internal.reflect.NativeMethodAccessorImpl.invoke(NativeMethodAccessorImpl.java:77) ~[na:na]
?[0m?[0;34m	at java.base/jdk.internal.reflect.DelegatingMethodAccessorImpl.invoke(DelegatingMethodAccessorImpl.java:43) ~[na:na]
?[0m?[0;34m	at java.base/java.lang.reflect.Method.invoke(Method.java:568) ~[na:na]
?[0m?[0;34m	at org.gradle.internal.dispatch.ReflectionDispatch.dispatch(ReflectionDispatch.java:36) ~[na:na]
?[0m?[0;34m	at org.gradle.internal.dispatch.ReflectionDispatch.dispatch(ReflectionDispatch.java:24) ~[na:na]
?[0m?[0;34m	at org.gradle.internal.dispatch.ContextClassLoaderDispatch.dispatch(ContextClassLoaderDispatch.java:33) ~[na:na]
?[0m?[0;34m	at org.gradle.internal.dispatch.ProxyDispatchAdapter$DispatchingInvocationHandler.invoke(ProxyDispatchAdapter.java:94) ~[na:na]
?[0m?[0;34m	at jdk.proxy1/jdk.proxy1.$Proxy2.processTestClass(Unknown Source) ~[na:na]
?[0m?[0;34m	at org.gradle.api.internal.tasks.testing.worker.TestWorker$2.run(TestWorker.java:176) ~[na:na]
?[0m?[0;34m	at org.gradle.api.internal.tasks.testing.worker.TestWorker.executeAndMaintainThreadName(TestWorker.java:129) ~[na:na]
?[0m?[0;34m	at org.gradle.api.internal.tasks.testing.worker.TestWorker.execute(TestWorker.java:100) ~[na:na]
?[0m?[0;34m	at org.gradle.api.internal.tasks.testing.worker.TestWorker.execute(TestWorker.java:60) ~[na:na]
?[0m?[0;34m	at org.gradle.process.internal.worker.child.ActionExecutionWorker.execute(ActionExecutionWorker.java:56) ~[na:na]
?[0m?[0;34m	at org.gradle.process.internal.worker.child.SystemApplicationClassLoaderWorker.call(SystemApplicationClassLoaderWorker.java:113) ~[na:na]
?[0m?[0;34m	at org.gradle.process.internal.worker.child.SystemApplicationClassLoaderWorker.call(SystemApplicationClassLoaderWorker.java:65) ~[na:na]
?[0m?[0;34m	at worker.org.gradle.process.internal.worker.GradleWorkerMain.run(GradleWorkerMain.java:69) ~[gradle-worker.jar:na]
?[0m?[0;34m	at worker.org.gradle.process.internal.worker.GradleWorkerMain.main(GradleWorkerMain.java:74) ~[gradle-worker.jar:na]
?[0m?[0;34m
?[0m?[0;34m?[2m2023-06-21T15:48:05.105-04:00?[0;39m ?[33m WARN?[0;39m ?[35m31896?[0;39m ?[2m---?[0;39m ?[2m[    Test worker]?[0;39m ?[36m.t.u.s.PrivilegedSetAccessControlContext?[0;39m ?[2m:?[0;39m Unable to set field Thread.inheritedAccessControlContext
?[0m?[0;34m
?[0m?[0;34mjava.lang.IllegalAccessException: class org.apache.tomcat.util.security.PrivilegedSetAccessControlContext cannot access a member of class java.lang.Thread (in module java.base) with modifiers "private"
?[0m?[0;34m	at java.base/jdk.internal.reflect.Reflection.newIllegalAccessException(Reflection.java:392) ~[na:na]
?[0m?[0;34m	at java.base/java.lang.reflect.AccessibleObject.checkAccess(AccessibleObject.java:674) ~[na:na]
?[0m?[0;34m	at java.base/java.lang.reflect.Field.checkAccess(Field.java:1102) ~[na:na]
?[0m?[0;34m	at java.base/java.lang.reflect.Field.set(Field.java:797) ~[na:na]
?[0m?[0;34m	at org.apache.tomcat.util.security.PrivilegedSetAccessControlContext.run(PrivilegedSetAccessControlContext.java:60) ~[tomcat-embed-core-10.1.5.jar:10.1.5]
?[0m?[0;34m	at org.apache.tomcat.util.security.PrivilegedSetAccessControlContext.run(PrivilegedSetAccessControlContext.java:28) ~[tomcat-embed-core-10.1.5.jar:10.1.5]
?[0m?[0;34m	at java.base/java.security.AccessController.doPrivileged(AccessController.java:318) ~[na:na]
?[0m?[0;34m	at org.apache.tomcat.util.threads.TaskThreadFactory.newThread(TaskThreadFactory.java:64) ~[tomcat-embed-core-10.1.5.jar:10.1.5]
?[0m?[0;34m	at java.base/java.util.concurrent.ThreadPoolExecutor$Worker.<init>(ThreadPoolExecutor.java:630) ~[na:na]
?[0m?[0;34m	at java.base/java.util.concurrent.ThreadPoolExecutor.addWorker(ThreadPoolExecutor.java:920) ~[na:na]
?[0m?[0;34m	at java.base/java.util.concurrent.ThreadPoolExecutor.ensurePrestart(ThreadPoolExecutor.java:1593) ~[na:na]
?[0m?[0;34m	at java.base/java.util.concurrent.ScheduledThreadPoolExecutor.delayedExecute(ScheduledThreadPoolExecutor.java:346) ~[na:na]
?[0m?[0;34m	at java.base/java.util.concurrent.ScheduledThreadPoolExecutor.scheduleWithFixedDelay(ScheduledThreadPoolExecutor.java:680) ~[na:na]
?[0m?[0;34m	at org.apache.tomcat.util.threads.ScheduledThreadPoolExecutor.scheduleWithFixedDelay(ScheduledThreadPoolExecutor.java:138) ~[tomcat-embed-core-10.1.5.jar:10.1.5]
?[0m?[0;34m	at org.apache.catalina.core.StandardServer.startInternal(StandardServer.java:931) ~[tomcat-embed-core-10.1.5.jar:10.1.5]
?[0m?[0;34m	at org.apache.catalina.util.LifecycleBase.start(LifecycleBase.java:183) ~[tomcat-embed-core-10.1.5.jar:10.1.5]
?[0m?[0;34m	at org.apache.catalina.startup.Tomcat.start(Tomcat.java:485) ~[tomcat-embed-core-10.1.5.jar:10.1.5]
?[0m?[0;34m	at org.springframework.boot.web.embedded.tomcat.TomcatWebServer.initialize(TomcatWebServer.java:123) ~[spring-boot-3.0.2.jar:3.0.2]
?[0m?[0;34m	at org.springframework.boot.web.embedded.tomcat.TomcatWebServer.<init>(TomcatWebServer.java:104) ~[spring-boot-3.0.2.jar:3.0.2]
?[0m?[0;34m	at org.springframework.boot.web.embedded.tomcat.TomcatServletWebServerFactory.getTomcatWebServer(TomcatServletWebServerFactory.java:486) ~[spring-boot-3.0.2.jar:3.0.2]
?[0m?[0;34m	at org.springframework.boot.web.embedded.tomcat.TomcatServletWebServerFactory.getWebServer(TomcatServletWebServerFactory.java:210) ~[spring-boot-3.0.2.jar:3.0.2]
?[0m?[0;34m	at org.springframework.boot.web.servlet.context.ServletWebServerApplicationContext.createWebServer(ServletWebServerApplicationContext.java:183) ~[spring-boot-3.0.2.jar:3.0.2]
?[0m?[0;34m	at org.springframework.boot.web.servlet.context.ServletWebServerApplicationContext.onRefresh(ServletWebServerApplicationContext.java:161) ~[spring-boot-3.0.2.jar:3.0.2]
?[0m?[0;34m	at org.springframework.context.support.AbstractApplicationContext.refresh(AbstractApplicationContext.java:578) ~[spring-context-6.0.4.jar:6.0.4]
?[0m?[0;34m	at org.springframework.boot.web.servlet.context.ServletWebServerApplicationContext.refresh(ServletWebServerApplicationContext.java:146) ~[spring-boot-3.0.2.jar:3.0.2]
?[0m?[0;34m	at org.springframework.boot.SpringApplication.refresh(SpringApplication.java:730) ~[spring-boot-3.0.2.jar:3.0.2]
?[0m?[0;34m	at org.springframework.boot.SpringApplication.refreshContext(SpringApplication.java:432) ~[spring-boot-3.0.2.jar:3.0.2]
?[0m?[0;34m	at org.springframework.boot.SpringApplication.run(SpringApplication.java:308) ~[spring-boot-3.0.2.jar:3.0.2]
?[0m?[0;34m	at org.springframework.boot.SpringApplication.run(SpringApplication.java:1302) ~[spring-boot-3.0.2.jar:3.0.2]
?[0m?[0;34m	at org.springframework.boot.SpringApplication.run(SpringApplication.java:1291) ~[spring-boot-3.0.2.jar:3.0.2]
?[0m?[0;34m	at account.AccountServiceApplication.main(AccountServiceApplication.java:14) ~[main/:na]
?[0m?[0;34m	at java.base/jdk.internal.reflect.NativeMethodAccessorImpl.invoke0(Native Method) ~[na:na]
?[0m?[0;34m	at java.base/jdk.internal.reflect.NativeMethodAccessorImpl.invoke(NativeMethodAccessorImpl.java:77) ~[na:na]
?[0m?[0;34m	at java.base/jdk.internal.reflect.DelegatingMethodAccessorImpl.invoke(DelegatingMethodAccessorImpl.java:43) ~[na:na]
?[0m?[0;34m	at java.base/java.lang.reflect.Method.invoke(Method.java:568) ~[na:na]
?[0m?[0;34m	at org.hyperskill.hstest.stage.SpringTest.startSpring(SpringTest.java:187) ~[hs-test-release-SNAPSHOT.jar:na]
?[0m?[0;34m	at org.hyperskill.hstest.stage.SpringTest.reloadSpring(SpringTest.java:239) ~[hs-test-release-SNAPSHOT.jar:na]
?[0m?[0;34m	at AccountServiceTest.restartApplication(AccountServiceTest.java:262) ~[test/:na]
?[0m?[0;34m	at AccountServiceTest.lambda$new$45(AccountServiceTest.java:452) ~[test/:na]
?[0m?[0;34m	at org.hyperskill.hstest.dynamic.input.DynamicTesting.lambda$searchDynamicTests$3(DynamicTesting.java:289) ~[hs-test-release-SNAPSHOT.jar:na]
?[0m?[0;34m	at org.hyperskill.hstest.dynamic.input.DynamicTesting$1DynamicTestElement.lambda$getTests$0(DynamicTesting.java:252) ~[hs-test-release-SNAPSHOT.jar:na]
?[0m?[0;34m	at org.hyperskill.hstest.testing.runner.SpringApplicationRunner.test(SpringApplicationRunner.java:43) ~[hs-test-release-SNAPSHOT.jar:na]
?[0m?[0;34m	at org.hyperskill.hstest.testing.TestRun.test(TestRun.java:94) ~[hs-test-release-SNAPSHOT.jar:na]
?[0m?[0;34m	at org.hyperskill.hstest.stage.StageTest.start(StageTest.java:164) ~[hs-test-release-SNAPSHOT.jar:na]
?[0m?[0;34m	at java.base/jdk.internal.reflect.NativeMethodAccessorImpl.invoke0(Native Method) ~[na:na]
?[0m?[0;34m	at java.base/jdk.internal.reflect.NativeMethodAccessorImpl.invoke(NativeMethodAccessorImpl.java:77) ~[na:na]
?[0m?[0;34m	at java.base/jdk.internal.reflect.DelegatingMethodAccessorImpl.invoke(DelegatingMethodAccessorImpl.java:43) ~[na:na]
?[0m?[0;34m	at java.base/java.lang.reflect.Method.invoke(Method.java:568) ~[na:na]
?[0m?[0;34m	at org.junit.runners.model.FrameworkMethod$1.runReflectiveCall(FrameworkMethod.java:59) ~[junit-4.13.2.jar:4.13.2]
?[0m?[0;34m	at org.junit.internal.runners.model.ReflectiveCallable.run(ReflectiveCallable.java:12) ~[junit-4.13.2.jar:4.13.2]
?[0m?[0;34m	at org.junit.runners.model.FrameworkMethod.invokeExplosively(FrameworkMethod.java:56) ~[junit-4.13.2.jar:4.13.2]
?[0m?[0;34m	at org.junit.internal.runners.statements.InvokeMethod.evaluate(InvokeMethod.java:17) ~[junit-4.13.2.jar:4.13.2]
?[0m?[0;34m	at org.junit.internal.runners.statements.RunAfters.evaluate(RunAfters.java:27) ~[junit-4.13.2.jar:4.13.2]
?[0m?[0;34m	at org.junit.runners.ParentRunner$3.evaluate(ParentRunner.java:306) ~[junit-4.13.2.jar:4.13.2]
?[0m?[0;34m	at org.junit.runners.BlockJUnit4ClassRunner$1.evaluate(BlockJUnit4ClassRunner.java:100) ~[junit-4.13.2.jar:4.13.2]
?[0m?[0;34m	at org.junit.runners.ParentRunner.runLeaf(ParentRunner.java:366) ~[junit-4.13.2.jar:4.13.2]
?[0m?[0;34m	at org.junit.runners.BlockJUnit4ClassRunner.runChild(BlockJUnit4ClassRunner.java:103) ~[junit-4.13.2.jar:4.13.2]
?[0m?[0;34m	at org.junit.runners.BlockJUnit4ClassRunner.runChild(BlockJUnit4ClassRunner.java:63) ~[junit-4.13.2.jar:4.13.2]
?[0m?[0;34m	at org.junit.runners.ParentRunner$4.run(ParentRunner.java:331) ~[junit-4.13.2.jar:4.13.2]
?[0m?[0;34m	at org.junit.runners.ParentRunner$1.schedule(ParentRunner.java:79) ~[junit-4.13.2.jar:4.13.2]
?[0m?[0;34m	at org.junit.runners.ParentRunner.runChildren(ParentRunner.java:329) ~[junit-4.13.2.jar:4.13.2]
?[0m?[0;34m	at org.junit.runners.ParentRunner.access$100(ParentRunner.java:66) ~[junit-4.13.2.jar:4.13.2]
?[0m?[0;34m	at org.junit.runners.ParentRunner$2.evaluate(ParentRunner.java:293) ~[junit-4.13.2.jar:4.13.2]
?[0m?[0;34m	at org.junit.runners.ParentRunner$3.evaluate(ParentRunner.java:306) ~[junit-4.13.2.jar:4.13.2]
?[0m?[0;34m	at org.junit.runners.ParentRunner.run(ParentRunner.java:413) ~[junit-4.13.2.jar:4.13.2]
?[0m?[0;34m	at org.gradle.api.internal.tasks.testing.junit.JUnitTestClassExecutor.runTestClass(JUnitTestClassExecutor.java:108) ~[na:na]
?[0m?[0;34m	at org.gradle.api.internal.tasks.testing.junit.JUnitTestClassExecutor.execute(JUnitTestClassExecutor.java:57) ~[na:na]
?[0m?[0;34m	at org.gradle.api.internal.tasks.testing.junit.JUnitTestClassExecutor.execute(JUnitTestClassExecutor.java:39) ~[na:na]
?[0m?[0;34m	at org.gradle.api.internal.tasks.testing.junit.AbstractJUnitTestClassProcessor.processTestClass(AbstractJUnitTestClassProcessor.java:62) ~[na:na]
?[0m?[0;34m	at org.gradle.api.internal.tasks.testing.SuiteTestClassProcessor.processTestClass(SuiteTestClassProcessor.java:52) ~[na:na]
?[0m?[0;34m	at java.base/jdk.internal.reflect.NativeMethodAccessorImpl.invoke0(Native Method) ~[na:na]
?[0m?[0;34m	at java.base/jdk.internal.reflect.NativeMethodAccessorImpl.invoke(NativeMethodAccessorImpl.java:77) ~[na:na]
?[0m?[0;34m	at java.base/jdk.internal.reflect.DelegatingMethodAccessorImpl.invoke(DelegatingMethodAccessorImpl.java:43) ~[na:na]
?[0m?[0;34m	at java.base/java.lang.reflect.Method.invoke(Method.java:568) ~[na:na]
?[0m?[0;34m	at org.gradle.internal.dispatch.ReflectionDispatch.dispatch(ReflectionDispatch.java:36) ~[na:na]
?[0m?[0;34m	at org.gradle.internal.dispatch.ReflectionDispatch.dispatch(ReflectionDispatch.java:24) ~[na:na]
?[0m?[0;34m	at org.gradle.internal.dispatch.ContextClassLoaderDispatch.dispatch(ContextClassLoaderDispatch.java:33) ~[na:na]
?[0m?[0;34m	at org.gradle.internal.dispatch.ProxyDispatchAdapter$DispatchingInvocationHandler.invoke(ProxyDispatchAdapter.java:94) ~[na:na]
?[0m?[0;34m	at jdk.proxy1/jdk.proxy1.$Proxy2.processTestClass(Unknown Source) ~[na:na]
?[0m?[0;34m	at org.gradle.api.internal.tasks.testing.worker.TestWorker$2.run(TestWorker.java:176) ~[na:na]
?[0m?[0;34m	at org.gradle.api.internal.tasks.testing.worker.TestWorker.executeAndMaintainThreadName(TestWorker.java:129) ~[na:na]
?[0m?[0;34m	at org.gradle.api.internal.tasks.testing.worker.TestWorker.execute(TestWorker.java:100) ~[na:na]
?[0m?[0;34m	at org.gradle.api.internal.tasks.testing.worker.TestWorker.execute(TestWorker.java:60) ~[na:na]
?[0m?[0;34m	at org.gradle.process.internal.worker.child.ActionExecutionWorker.execute(ActionExecutionWorker.java:56) ~[na:na]
?[0m?[0;34m	at org.gradle.process.internal.worker.child.SystemApplicationClassLoaderWorker.call(SystemApplicationClassLoaderWorker.java:113) ~[na:na]
?[0m?[0;34m	at org.gradle.process.internal.worker.child.SystemApplicationClassLoaderWorker.call(SystemApplicationClassLoaderWorker.java:65) ~[na:na]
?[0m?[0;34m	at worker.org.gradle.process.internal.worker.GradleWorkerMain.run(GradleWorkerMain.java:69) ~[gradle-worker.jar:na]
?[0m?[0;34m	at worker.org.gradle.process.internal.worker.GradleWorkerMain.main(GradleWorkerMain.java:74) ~[gradle-worker.jar:na]
?[0m?[0;34m
?[0m?[0;34m?[2m2023-06-21T15:48:05.123-04:00?[0;39m ?[32m INFO?[0;39m ?[35m31896?[0;39m ?[2m---?[0;39m ?[2m[    Test worker]?[0;39m ?[36mo.hibernate.jpa.internal.util.LogHelper ?[0;39m ?[2m:?[0;39m HHH000204: Processing PersistenceUnitInfo [name: default]
?[0m?[0;34m?[2m2023-06-21T15:48:05.126-04:00?[0;39m ?[33m WARN?[0;39m ?[35m31896?[0;39m ?[2m---?[0;39m ?[2m[    Test worker]?[0;39m ?[36morg.hibernate.orm.deprecation           ?[0;39m ?[2m:?[0;39m HHH90000021: Encountered deprecated setting [javax.persistence.sharedCache.mode], use [jakarta.persistence.sharedCache.mode] instead
?[0m?[0;34m?[2m2023-06-21T15:48:05.130-04:00?[0;39m ?[32m INFO?[0;39m ?[35m31896?[0;39m ?[2m---?[0;39m ?[2m[    Test worker]?[0;39m ?[36mSQL dialect                             ?[0;39m ?[2m:?[0;39m HHH000400: Using dialect: org.hibernate.dialect.H2Dialect
?[0m?[0;34m?[2m2023-06-21T15:48:05.231-04:00?[0;39m ?[32m INFO?[0;39m ?[35m31896?[0;39m ?[2m---?[0;39m ?[2m[    Test worker]?[0;39m ?[36mo.h.e.t.j.p.i.JtaPlatformInitiator      ?[0;39m ?[2m:?[0;39m HHH000490: Using JtaPlatform implementation: [org.hibernate.engine.transaction.jta.platform.internal.NoJtaPlatform]
?[0m?[0;34m?[2m2023-06-21T15:48:05.231-04:00?[0;39m ?[32m INFO?[0;39m ?[35m31896?[0;39m ?[2m---?[0;39m ?[2m[    Test worker]?[0;39m ?[36mj.LocalContainerEntityManagerFactoryBean?[0;39m ?[2m:?[0;39m Initialized JPA EntityManagerFactory for persistence unit 'default'
?[0m?[0;34m?[2m2023-06-21T15:48:05.282-04:00?[0;39m ?[32m INFO?[0;39m ?[35m31896?[0;39m ?[2m---?[0;39m ?[2m[    Test worker]?[0;39m ?[36mo.s.s.p.JdbcUserDetailsManager          ?[0;39m ?[2m:?[0;39m No authentication manager set. Reauthentication of users when changing passwords will not be performed.
?[0m?[0;34m?[2m2023-06-21T15:48:05.289-04:00?[0;39m ?[33m WARN?[0;39m ?[35m31896?[0;39m ?[2m---?[0;39m ?[2m[    Test worker]?[0;39m ?[36mJpaBaseConfiguration$JpaWebConfiguration?[0;39m ?[2m:?[0;39m spring.jpa.open-in-view is enabled by default. Therefore, database queries may be performed during view rendering. Explicitly configure spring.jpa.open-in-view to disable this warning
?[0m?[0;34m?[2m2023-06-21T15:48:05.305-04:00?[0;39m ?[32mDEBUG?[0;39m ?[35m31896?[0;39m ?[2m---?[0;39m ?[2m[    Test worker]?[0;39m ?[36ms.w.s.m.m.a.RequestMappingHandlerMapping?[0;39m ?[2m:?[0;39m 5 mappings in 'requestMappingHandlerMapping'
?[0m?[0;34m?[2m2023-06-21T15:48:05.323-04:00?[0;39m ?[32mDEBUG?[0;39m ?[35m31896?[0;39m ?[2m---?[0;39m ?[2m[    Test worker]?[0;39m ?[36mo.s.w.s.handler.SimpleUrlHandlerMapping ?[0;39m ?[2m:?[0;39m Patterns [/webjars/**, /**] in 'resourceHandlerMapping'
?[0m?[0;34m?[2m2023-06-21T15:48:05.354-04:00?[0;39m ?[32m INFO?[0;39m ?[35m31896?[0;39m ?[2m---?[0;39m ?[2m[    Test worker]?[0;39m ?[36mo.s.b.a.e.web.EndpointLinksResolver     ?[0;39m ?[2m:?[0;39m Exposing 14 endpoint(s) beneath base path '/actuator'
?[0m?[0;34m?[2m2023-06-21T15:48:05.360-04:00?[0;39m ?[32m INFO?[0;39m ?[35m31896?[0;39m ?[2m---?[0;39m ?[2m[    Test worker]?[0;39m ?[36mo.s.s.web.DefaultSecurityFilterChain    ?[0;39m ?[2m:?[0;39m Will secure any request with [org.springframework.security.web.session.DisableEncodeUrlFilter@4be8c1bb, org.springframework.security.web.context.request.async.WebAsyncManagerIntegrationFilter@162ccd19, org.springframework.security.web.context.SecurityContextHolderFilter@3adbfd16, org.springframework.security.web.header.HeaderWriterFilter@541c32de, org.springframework.security.web.authentication.logout.LogoutFilter@522db06e, org.springframework.security.web.authentication.www.BasicAuthenticationFilter@21bf94d3, org.springframework.security.web.savedrequest.RequestCacheAwareFilter@30587737, org.springframework.security.web.servletapi.SecurityContextHolderAwareRequestFilter@5672920, org.springframework.security.web.authentication.AnonymousAuthenticationFilter@674f22ce, org.springframework.security.web.session.SessionManagementFilter@22120799, org.springframework.security.web.access.ExceptionTranslationFilter@59aa646e, org.springframework.security.web.access.intercept.AuthorizationFilter@7479b19a]
?[0m?[0;34m?[2m2023-06-21T15:48:05.369-04:00?[0;39m ?[32mDEBUG?[0;39m ?[35m31896?[0;39m ?[2m---?[0;39m ?[2m[    Test worker]?[0;39m ?[36ms.w.s.m.m.a.RequestMappingHandlerAdapter?[0;39m ?[2m:?[0;39m ControllerAdvice beans: 0 @ModelAttribute, 0 @InitBinder, 1 RequestBodyAdvice, 1 ResponseBodyAdvice
?[0m?[0;34m?[2m2023-06-21T15:48:05.373-04:00?[0;39m ?[32mDEBUG?[0;39m ?[35m31896?[0;39m ?[2m---?[0;39m ?[2m[    Test worker]?[0;39m ?[36m.m.m.a.ExceptionHandlerExceptionResolver?[0;39m ?[2m:?[0;39m ControllerAdvice beans: 1 @ExceptionHandler, 1 ResponseBodyAdvice
?[0m?[0;34m?[2m2023-06-21T15:48:05.405-04:00?[0;39m ?[33m WARN?[0;39m ?[35m31896?[0;39m ?[2m---?[0;39m ?[2m[    Test worker]?[0;39m ?[36m.t.u.s.PrivilegedSetAccessControlContext?[0;39m ?[2m:?[0;39m Unable to set field Thread.inheritedAccessControlContext
?[0m?[0;34m
?[0m?[0;34mjava.lang.IllegalAccessException: class org.apache.tomcat.util.security.PrivilegedSetAccessControlContext cannot access a member of class java.lang.Thread (in module java.base) with modifiers "private"
?[0m?[0;34m	at java.base/jdk.internal.reflect.Reflection.newIllegalAccessException(Reflection.java:392) ~[na:na]
?[0m?[0;34m	at java.base/java.lang.reflect.AccessibleObject.checkAccess(AccessibleObject.java:674) ~[na:na]
?[0m?[0;34m	at java.base/java.lang.reflect.Field.checkAccess(Field.java:1102) ~[na:na]
?[0m?[0;34m	at java.base/java.lang.reflect.Field.set(Field.java:797) ~[na:na]
?[0m?[0;34m	at org.apache.tomcat.util.security.PrivilegedSetAccessControlContext.run(PrivilegedSetAccessControlContext.java:60) ~[tomcat-embed-core-10.1.5.jar:10.1.5]
?[0m?[0;34m	at org.apache.tomcat.util.security.PrivilegedSetAccessControlContext.run(PrivilegedSetAccessControlContext.java:28) ~[tomcat-embed-core-10.1.5.jar:10.1.5]
?[0m?[0;34m	at java.base/java.security.AccessController.doPrivileged(AccessController.java:318) ~[na:na]
?[0m?[0;34m	at org.apache.tomcat.util.threads.TaskThreadFactory.newThread(TaskThreadFactory.java:64) ~[tomcat-embed-core-10.1.5.jar:10.1.5]
?[0m?[0;34m	at org.apache.tomcat.util.threads.ThreadPoolExecutor$Worker.<init>(ThreadPoolExecutor.java:653) ~[tomcat-embed-core-10.1.5.jar:10.1.5]
?[0m?[0;34m	at org.apache.tomcat.util.threads.ThreadPoolExecutor.addWorker(ThreadPoolExecutor.java:957) ~[tomcat-embed-core-10.1.5.jar:10.1.5]
?[0m?[0;34m	at org.apache.tomcat.util.threads.ThreadPoolExecutor.prestartAllCoreThreads(ThreadPoolExecutor.java:1694) ~[tomcat-embed-core-10.1.5.jar:10.1.5]
?[0m?[0;34m	at org.apache.tomcat.util.threads.ThreadPoolExecutor.<init>(ThreadPoolExecutor.java:1370) ~[tomcat-embed-core-10.1.5.jar:10.1.5]
?[0m?[0;34m	at org.apache.tomcat.util.threads.ThreadPoolExecutor.<init>(ThreadPoolExecutor.java:1280) ~[tomcat-embed-core-10.1.5.jar:10.1.5]
?[0m?[0;34m	at org.apache.tomcat.util.net.AbstractEndpoint.createExecutor(AbstractEndpoint.java:948) ~[tomcat-embed-core-10.1.5.jar:10.1.5]
?[0m?[0;34m	at org.apache.tomcat.util.net.NioEndpoint.startInternal(NioEndpoint.java:279) ~[tomcat-embed-core-10.1.5.jar:10.1.5]
?[0m?[0;34m	at org.apache.tomcat.util.net.AbstractEndpoint.start(AbstractEndpoint.java:1261) ~[tomcat-embed-core-10.1.5.jar:10.1.5]
?[0m?[0;34m	at org.apache.coyote.AbstractProtocol.start(AbstractProtocol.java:586) ~[tomcat-embed-core-10.1.5.jar:10.1.5]
?[0m?[0;34m	at org.apache.catalina.connector.Connector.startInternal(Connector.java:1081) ~[tomcat-embed-core-10.1.5.jar:10.1.5]
?[0m?[0;34m	at org.apache.catalina.util.LifecycleBase.start(LifecycleBase.java:183) ~[tomcat-embed-core-10.1.5.jar:10.1.5]
?[0m?[0;34m	at org.apache.catalina.core.StandardService.addConnector(StandardService.java:234) ~[tomcat-embed-core-10.1.5.jar:10.1.5]
?[0m?[0;34m	at org.springframework.boot.web.embedded.tomcat.TomcatWebServer.addPreviouslyRemovedConnectors(TomcatWebServer.java:282) ~[spring-boot-3.0.2.jar:3.0.2]
?[0m?[0;34m	at org.springframework.boot.web.embedded.tomcat.TomcatWebServer.start(TomcatWebServer.java:213) ~[spring-boot-3.0.2.jar:3.0.2]
?[0m?[0;34m	at org.springframework.boot.web.servlet.context.WebServerStartStopLifecycle.start(WebServerStartStopLifecycle.java:44) ~[spring-boot-3.0.2.jar:3.0.2]
?[0m?[0;34m	at org.springframework.context.support.DefaultLifecycleProcessor.doStart(DefaultLifecycleProcessor.java:178) ~[spring-context-6.0.4.jar:6.0.4]
?[0m?[0;34m	at org.springframework.context.support.DefaultLifecycleProcessor$LifecycleGroup.start(DefaultLifecycleProcessor.java:356) ~[spring-context-6.0.4.jar:6.0.4]
?[0m?[0;34m	at java.base/java.lang.Iterable.forEach(Iterable.java:75) ~[na:na]
?[0m?[0;34m	at org.springframework.context.support.DefaultLifecycleProcessor.startBeans(DefaultLifecycleProcessor.java:155) ~[spring-context-6.0.4.jar:6.0.4]
?[0m?[0;34m	at org.springframework.context.support.DefaultLifecycleProcessor.onRefresh(DefaultLifecycleProcessor.java:123) ~[spring-context-6.0.4.jar:6.0.4]
?[0m?[0;34m	at org.springframework.context.support.AbstractApplicationContext.finishRefresh(AbstractApplicationContext.java:932) ~[spring-context-6.0.4.jar:6.0.4]
?[0m?[0;34m	at org.springframework.context.support.AbstractApplicationContext.refresh(AbstractApplicationContext.java:587) ~[spring-context-6.0.4.jar:6.0.4]
?[0m?[0;34m	at org.springframework.boot.web.servlet.context.ServletWebServerApplicationContext.refresh(ServletWebServerApplicationContext.java:146) ~[spring-boot-3.0.2.jar:3.0.2]
?[0m?[0;34m	at org.springframework.boot.SpringApplication.refresh(SpringApplication.java:730) ~[spring-boot-3.0.2.jar:3.0.2]
?[0m?[0;34m	at org.springframework.boot.SpringApplication.refreshContext(SpringApplication.java:432) ~[spring-boot-3.0.2.jar:3.0.2]
?[0m?[0;34m	at org.springframework.boot.SpringApplication.run(SpringApplication.java:308) ~[spring-boot-3.0.2.jar:3.0.2]
?[0m?[0;34m	at org.springframework.boot.SpringApplication.run(SpringApplication.java:1302) ~[spring-boot-3.0.2.jar:3.0.2]
?[0m?[0;34m	at org.springframework.boot.SpringApplication.run(SpringApplication.java:1291) ~[spring-boot-3.0.2.jar:3.0.2]
?[0m?[0;34m	at account.AccountServiceApplication.main(AccountServiceApplication.java:14) ~[main/:na]
?[0m?[0;34m	at java.base/jdk.internal.reflect.NativeMethodAccessorImpl.invoke0(Native Method) ~[na:na]
?[0m?[0;34m	at java.base/jdk.internal.reflect.NativeMethodAccessorImpl.invoke(NativeMethodAccessorImpl.java:77) ~[na:na]
?[0m?[0;34m	at java.base/jdk.internal.reflect.DelegatingMethodAccessorImpl.invoke(DelegatingMethodAccessorImpl.java:43) ~[na:na]
?[0m?[0;34m	at java.base/java.lang.reflect.Method.invoke(Method.java:568) ~[na:na]
?[0m?[0;34m	at org.hyperskill.hstest.stage.SpringTest.startSpring(SpringTest.java:187) ~[hs-test-release-SNAPSHOT.jar:na]
?[0m?[0;34m	at org.hyperskill.hstest.stage.SpringTest.reloadSpring(SpringTest.java:239) ~[hs-test-release-SNAPSHOT.jar:na]
?[0m?[0;34m	at AccountServiceTest.restartApplication(AccountServiceTest.java:262) ~[test/:na]
?[0m?[0;34m	at AccountServiceTest.lambda$new$45(AccountServiceTest.java:452) ~[test/:na]
?[0m?[0;34m	at org.hyperskill.hstest.dynamic.input.DynamicTesting.lambda$searchDynamicTests$3(DynamicTesting.java:289) ~[hs-test-release-SNAPSHOT.jar:na]
?[0m?[0;34m	at org.hyperskill.hstest.dynamic.input.DynamicTesting$1DynamicTestElement.lambda$getTests$0(DynamicTesting.java:252) ~[hs-test-release-SNAPSHOT.jar:na]
?[0m?[0;34m	at org.hyperskill.hstest.testing.runner.SpringApplicationRunner.test(SpringApplicationRunner.java:43) ~[hs-test-release-SNAPSHOT.jar:na]
?[0m?[0;34m	at org.hyperskill.hstest.testing.TestRun.test(TestRun.java:94) ~[hs-test-release-SNAPSHOT.jar:na]
?[0m?[0;34m	at org.hyperskill.hstest.stage.StageTest.start(StageTest.java:164) ~[hs-test-release-SNAPSHOT.jar:na]
?[0m?[0;34m	at java.base/jdk.internal.reflect.NativeMethodAccessorImpl.invoke0(Native Method) ~[na:na]
?[0m?[0;34m	at java.base/jdk.internal.reflect.NativeMethodAccessorImpl.invoke(NativeMethodAccessorImpl.java:77) ~[na:na]
?[0m?[0;34m	at java.base/jdk.internal.reflect.DelegatingMethodAccessorImpl.invoke(DelegatingMethodAccessorImpl.java:43) ~[na:na]
?[0m?[0;34m	at java.base/java.lang.reflect.Method.invoke(Method.java:568) ~[na:na]
?[0m?[0;34m	at org.junit.runners.model.FrameworkMethod$1.runReflectiveCall(FrameworkMethod.java:59) ~[junit-4.13.2.jar:4.13.2]
?[0m?[0;34m	at org.junit.internal.runners.model.ReflectiveCallable.run(ReflectiveCallable.java:12) ~[junit-4.13.2.jar:4.13.2]
?[0m?[0;34m	at org.junit.runners.model.FrameworkMethod.invokeExplosively(FrameworkMethod.java:56) ~[junit-4.13.2.jar:4.13.2]
?[0m?[0;34m	at org.junit.internal.runners.statements.InvokeMethod.evaluate(InvokeMethod.java:17) ~[junit-4.13.2.jar:4.13.2]
?[0m?[0;34m	at org.junit.internal.runners.statements.RunAfters.evaluate(RunAfters.java:27) ~[junit-4.13.2.jar:4.13.2]
?[0m?[0;34m	at org.junit.runners.ParentRunner$3.evaluate(ParentRunner.java:306) ~[junit-4.13.2.jar:4.13.2]
?[0m?[0;34m	at org.junit.runners.BlockJUnit4ClassRunner$1.evaluate(BlockJUnit4ClassRunner.java:100) ~[junit-4.13.2.jar:4.13.2]
?[0m?[0;34m	at org.junit.runners.ParentRunner.runLeaf(ParentRunner.java:366) ~[junit-4.13.2.jar:4.13.2]
?[0m?[0;34m	at org.junit.runners.BlockJUnit4ClassRunner.runChild(BlockJUnit4ClassRunner.java:103) ~[junit-4.13.2.jar:4.13.2]
?[0m?[0;34m	at org.junit.runners.BlockJUnit4ClassRunner.runChild(BlockJUnit4ClassRunner.java:63) ~[junit-4.13.2.jar:4.13.2]
?[0m?[0;34m	at org.junit.runners.ParentRunner$4.run(ParentRunner.java:331) ~[junit-4.13.2.jar:4.13.2]
?[0m?[0;34m	at org.junit.runners.ParentRunner$1.schedule(ParentRunner.java:79) ~[junit-4.13.2.jar:4.13.2]
?[0m?[0;34m	at org.junit.runners.ParentRunner.runChildren(ParentRunner.java:329) ~[junit-4.13.2.jar:4.13.2]
?[0m?[0;34m	at org.junit.runners.ParentRunner.access$100(ParentRunner.java:66) ~[junit-4.13.2.jar:4.13.2]
?[0m?[0;34m	at org.junit.runners.ParentRunner$2.evaluate(ParentRunner.java:293) ~[junit-4.13.2.jar:4.13.2]
?[0m?[0;34m	at org.junit.runners.ParentRunner$3.evaluate(ParentRunner.java:306) ~[junit-4.13.2.jar:4.13.2]
?[0m?[0;34m	at org.junit.runners.ParentRunner.run(ParentRunner.java:413) ~[junit-4.13.2.jar:4.13.2]
?[0m?[0;34m	at org.gradle.api.internal.tasks.testing.junit.JUnitTestClassExecutor.runTestClass(JUnitTestClassExecutor.java:108) ~[na:na]
?[0m?[0;34m	at org.gradle.api.internal.tasks.testing.junit.JUnitTestClassExecutor.execute(JUnitTestClassExecutor.java:57) ~[na:na]
?[0m?[0;34m	at org.gradle.api.internal.tasks.testing.junit.JUnitTestClassExecutor.execute(JUnitTestClassExecutor.java:39) ~[na:na]
?[0m?[0;34m	at org.gradle.api.internal.tasks.testing.junit.AbstractJUnitTestClassProcessor.processTestClass(AbstractJUnitTestClassProcessor.java:62) ~[na:na]
?[0m?[0;34m	at org.gradle.api.internal.tasks.testing.SuiteTestClassProcessor.processTestClass(SuiteTestClassProcessor.java:52) ~[na:na]
?[0m?[0;34m	at java.base/jdk.internal.reflect.NativeMethodAccessorImpl.invoke0(Native Method) ~[na:na]
?[0m?[0;34m	at java.base/jdk.internal.reflect.NativeMethodAccessorImpl.invoke(NativeMethodAccessorImpl.java:77) ~[na:na]
?[0m?[0;34m	at java.base/jdk.internal.reflect.DelegatingMethodAccessorImpl.invoke(DelegatingMethodAccessorImpl.java:43) ~[na:na]
?[0m?[0;34m	at java.base/java.lang.reflect.Method.invoke(Method.java:568) ~[na:na]
?[0m?[0;34m	at org.gradle.internal.dispatch.ReflectionDispatch.dispatch(ReflectionDispatch.java:36) ~[na:na]
?[0m?[0;34m	at org.gradle.internal.dispatch.ReflectionDispatch.dispatch(ReflectionDispatch.java:24) ~[na:na]
?[0m?[0;34m	at org.gradle.internal.dispatch.ContextClassLoaderDispatch.dispatch(ContextClassLoaderDispatch.java:33) ~[na:na]
?[0m?[0;34m	at org.gradle.internal.dispatch.ProxyDispatchAdapter$DispatchingInvocationHandler.invoke(ProxyDispatchAdapter.java:94) ~[na:na]
?[0m?[0;34m	at jdk.proxy1/jdk.proxy1.$Proxy2.processTestClass(Unknown Source) ~[na:na]
?[0m?[0;34m	at org.gradle.api.internal.tasks.testing.worker.TestWorker$2.run(TestWorker.java:176) ~[na:na]
?[0m?[0;34m	at org.gradle.api.internal.tasks.testing.worker.TestWorker.executeAndMaintainThreadName(TestWorker.java:129) ~[na:na]
?[0m?[0;34m	at org.gradle.api.internal.tasks.testing.worker.TestWorker.execute(TestWorker.java:100) ~[na:na]
?[0m?[0;34m	at org.gradle.api.internal.tasks.testing.worker.TestWorker.execute(TestWorker.java:60) ~[na:na]
?[0m?[0;34m	at org.gradle.process.internal.worker.child.ActionExecutionWorker.execute(ActionExecutionWorker.java:56) ~[na:na]
?[0m?[0;34m	at org.gradle.process.internal.worker.child.SystemApplicationClassLoaderWorker.call(SystemApplicationClassLoaderWorker.java:113) ~[na:na]
?[0m?[0;34m	at org.gradle.process.internal.worker.child.SystemApplicationClassLoaderWorker.call(SystemApplicationClassLoaderWorker.java:65) ~[na:na]
?[0m?[0;34m	at worker.org.gradle.process.internal.worker.GradleWorkerMain.run(GradleWorkerMain.java:69) ~[gradle-worker.jar:na]
?[0m?[0;34m	at worker.org.gradle.process.internal.worker.GradleWorkerMain.main(GradleWorkerMain.java:74) ~[gradle-worker.jar:na]
?[0m?[0;34m
?[0m?[0;34m?[2m2023-06-21T15:48:05.409-04:00?[0;39m ?[33m WARN?[0;39m ?[35m31896?[0;39m ?[2m---?[0;39m ?[2m[    Test worker]?[0;39m ?[36m.t.u.s.PrivilegedSetAccessControlContext?[0;39m ?[2m:?[0;39m Unable to set field Thread.inheritedAccessControlContext
?[0m?[0;34m
?[0m?[0;34mjava.lang.IllegalAccessException: class org.apache.tomcat.util.security.PrivilegedSetAccessControlContext cannot access a member of class java.lang.Thread (in module java.base) with modifiers "private"
?[0m?[0;34m	at java.base/jdk.internal.reflect.Reflection.newIllegalAccessException(Reflection.java:392) ~[na:na]
?[0m?[0;34m	at java.base/java.lang.reflect.AccessibleObject.checkAccess(AccessibleObject.java:674) ~[na:na]
?[0m?[0;34m	at java.base/java.lang.reflect.Field.checkAccess(Field.java:1102) ~[na:na]
?[0m?[0;34m	at java.base/java.lang.reflect.Field.set(Field.java:797) ~[na:na]
?[0m?[0;34m	at org.apache.tomcat.util.security.PrivilegedSetAccessControlContext.run(PrivilegedSetAccessControlContext.java:60) ~[tomcat-embed-core-10.1.5.jar:10.1.5]
?[0m?[0;34m	at org.apache.tomcat.util.security.PrivilegedSetAccessControlContext.run(PrivilegedSetAccessControlContext.java:28) ~[tomcat-embed-core-10.1.5.jar:10.1.5]
?[0m?[0;34m	at java.base/java.security.AccessController.doPrivileged(AccessController.java:318) ~[na:na]
?[0m?[0;34m	at org.apache.tomcat.util.threads.TaskThreadFactory.newThread(TaskThreadFactory.java:64) ~[tomcat-embed-core-10.1.5.jar:10.1.5]
?[0m?[0;34m	at org.apache.tomcat.util.threads.ThreadPoolExecutor$Worker.<init>(ThreadPoolExecutor.java:653) ~[tomcat-embed-core-10.1.5.jar:10.1.5]
?[0m?[0;34m	at org.apache.tomcat.util.threads.ThreadPoolExecutor.addWorker(ThreadPoolExecutor.java:957) ~[tomcat-embed-core-10.1.5.jar:10.1.5]
?[0m?[0;34m	at org.apache.tomcat.util.threads.ThreadPoolExecutor.prestartAllCoreThreads(ThreadPoolExecutor.java:1694) ~[tomcat-embed-core-10.1.5.jar:10.1.5]
?[0m?[0;34m	at org.apache.tomcat.util.threads.ThreadPoolExecutor.<init>(ThreadPoolExecutor.java:1370) ~[tomcat-embed-core-10.1.5.jar:10.1.5]
?[0m?[0;34m	at org.apache.tomcat.util.threads.ThreadPoolExecutor.<init>(ThreadPoolExecutor.java:1280) ~[tomcat-embed-core-10.1.5.jar:10.1.5]
?[0m?[0;34m	at org.apache.tomcat.util.net.AbstractEndpoint.createExecutor(AbstractEndpoint.java:948) ~[tomcat-embed-core-10.1.5.jar:10.1.5]
?[0m?[0;34m	at org.apache.tomcat.util.net.NioEndpoint.startInternal(NioEndpoint.java:279) ~[tomcat-embed-core-10.1.5.jar:10.1.5]
?[0m?[0;34m	at org.apache.tomcat.util.net.AbstractEndpoint.start(AbstractEndpoint.java:1261) ~[tomcat-embed-core-10.1.5.jar:10.1.5]
?[0m?[0;34m	at org.apache.coyote.AbstractProtocol.start(AbstractProtocol.java:586) ~[tomcat-embed-core-10.1.5.jar:10.1.5]
?[0m?[0;34m	at org.apache.catalina.connector.Connector.startInternal(Connector.java:1081) ~[tomcat-embed-core-10.1.5.jar:10.1.5]
?[0m?[0;34m	at org.apache.catalina.util.LifecycleBase.start(LifecycleBase.java:183) ~[tomcat-embed-core-10.1.5.jar:10.1.5]
?[0m?[0;34m	at org.apache.catalina.core.StandardService.addConnector(StandardService.java:234) ~[tomcat-embed-core-10.1.5.jar:10.1.5]
?[0m?[0;34m	at org.springframework.boot.web.embedded.tomcat.TomcatWebServer.addPreviouslyRemovedConnectors(TomcatWebServer.java:282) ~[spring-boot-3.0.2.jar:3.0.2]
?[0m?[0;34m	at org.springframework.boot.web.embedded.tomcat.TomcatWebServer.start(TomcatWebServer.java:213) ~[spring-boot-3.0.2.jar:3.0.2]
?[0m?[0;34m	at org.springframework.boot.web.servlet.context.WebServerStartStopLifecycle.start(WebServerStartStopLifecycle.java:44) ~[spring-boot-3.0.2.jar:3.0.2]
?[0m?[0;34m	at org.springframework.context.support.DefaultLifecycleProcessor.doStart(DefaultLifecycleProcessor.java:178) ~[spring-context-6.0.4.jar:6.0.4]
?[0m?[0;34m	at org.springframework.context.support.DefaultLifecycleProcessor$LifecycleGroup.start(DefaultLifecycleProcessor.java:356) ~[spring-context-6.0.4.jar:6.0.4]
?[0m?[0;34m	at java.base/java.lang.Iterable.forEach(Iterable.java:75) ~[na:na]
?[0m?[0;34m	at org.springframework.context.support.DefaultLifecycleProcessor.startBeans(DefaultLifecycleProcessor.java:155) ~[spring-context-6.0.4.jar:6.0.4]
?[0m?[0;34m	at org.springframework.context.support.DefaultLifecycleProcessor.onRefresh(DefaultLifecycleProcessor.java:123) ~[spring-context-6.0.4.jar:6.0.4]
?[0m?[0;34m	at org.springframework.context.support.AbstractApplicationContext.finishRefresh(AbstractApplicationContext.java:932) ~[spring-context-6.0.4.jar:6.0.4]
?[0m?[0;34m	at org.springframework.context.support.AbstractApplicationContext.refresh(AbstractApplicationContext.java:587) ~[spring-context-6.0.4.jar:6.0.4]
?[0m?[0;34m	at org.springframework.boot.web.servlet.context.ServletWebServerApplicationContext.refresh(ServletWebServerApplicationContext.java:146) ~[spring-boot-3.0.2.jar:3.0.2]
?[0m?[0;34m	at org.springframework.boot.SpringApplication.refresh(SpringApplication.java:730) ~[spring-boot-3.0.2.jar:3.0.2]
?[0m?[0;34m	at org.springframework.boot.SpringApplication.refreshContext(SpringApplication.java:432) ~[spring-boot-3.0.2.jar:3.0.2]
?[0m?[0;34m	at org.springframework.boot.SpringApplication.run(SpringApplication.java:308) ~[spring-boot-3.0.2.jar:3.0.2]
?[0m?[0;34m	at org.springframework.boot.SpringApplication.run(SpringApplication.java:1302) ~[spring-boot-3.0.2.jar:3.0.2]
?[0m?[0;34m	at org.springframework.boot.SpringApplication.run(SpringApplication.java:1291) ~[spring-boot-3.0.2.jar:3.0.2]
?[0m?[0;34m	at account.AccountServiceApplication.main(AccountServiceApplication.java:14) ~[main/:na]
?[0m?[0;34m	at java.base/jdk.internal.reflect.NativeMethodAccessorImpl.invoke0(Native Method) ~[na:na]
?[0m?[0;34m	at java.base/jdk.internal.reflect.NativeMethodAccessorImpl.invoke(NativeMethodAccessorImpl.java:77) ~[na:na]
?[0m?[0;34m	at java.base/jdk.internal.reflect.DelegatingMethodAccessorImpl.invoke(DelegatingMethodAccessorImpl.java:43) ~[na:na]
?[0m?[0;34m	at java.base/java.lang.reflect.Method.invoke(Method.java:568) ~[na:na]
?[0m?[0;34m	at org.hyperskill.hstest.stage.SpringTest.startSpring(SpringTest.java:187) ~[hs-test-release-SNAPSHOT.jar:na]
?[0m?[0;34m	at org.hyperskill.hstest.stage.SpringTest.reloadSpring(SpringTest.java:239) ~[hs-test-release-SNAPSHOT.jar:na]
?[0m?[0;34m	at AccountServiceTest.restartApplication(AccountServiceTest.java:262) ~[test/:na]
?[0m?[0;34m	at AccountServiceTest.lambda$new$45(AccountServiceTest.java:452) ~[test/:na]
?[0m?[0;34m	at org.hyperskill.hstest.dynamic.input.DynamicTesting.lambda$searchDynamicTests$3(DynamicTesting.java:289) ~[hs-test-release-SNAPSHOT.jar:na]
?[0m?[0;34m	at org.hyperskill.hstest.dynamic.input.DynamicTesting$1DynamicTestElement.lambda$getTests$0(DynamicTesting.java:252) ~[hs-test-release-SNAPSHOT.jar:na]
?[0m?[0;34m	at org.hyperskill.hstest.testing.runner.SpringApplicationRunner.test(SpringApplicationRunner.java:43) ~[hs-test-release-SNAPSHOT.jar:na]
?[0m?[0;34m	at org.hyperskill.hstest.testing.TestRun.test(TestRun.java:94) ~[hs-test-release-SNAPSHOT.jar:na]
?[0m?[0;34m	at org.hyperskill.hstest.stage.StageTest.start(StageTest.java:164) ~[hs-test-release-SNAPSHOT.jar:na]
?[0m?[0;34m	at java.base/jdk.internal.reflect.NativeMethodAccessorImpl.invoke0(Native Method) ~[na:na]
?[0m?[0;34m	at java.base/jdk.internal.reflect.NativeMethodAccessorImpl.invoke(NativeMethodAccessorImpl.java:77) ~[na:na]
?[0m?[0;34m	at java.base/jdk.internal.reflect.DelegatingMethodAccessorImpl.invoke(DelegatingMethodAccessorImpl.java:43) ~[na:na]
?[0m?[0;34m	at java.base/java.lang.reflect.Method.invoke(Method.java:568) ~[na:na]
?[0m?[0;34m	at org.junit.runners.model.FrameworkMethod$1.runReflectiveCall(FrameworkMethod.java:59) ~[junit-4.13.2.jar:4.13.2]
?[0m?[0;34m	at org.junit.internal.runners.model.ReflectiveCallable.run(ReflectiveCallable.java:12) ~[junit-4.13.2.jar:4.13.2]
?[0m?[0;34m	at org.junit.runners.model.FrameworkMethod.invokeExplosively(FrameworkMethod.java:56) ~[junit-4.13.2.jar:4.13.2]
?[0m?[0;34m	at org.junit.internal.runners.statements.InvokeMethod.evaluate(InvokeMethod.java:17) ~[junit-4.13.2.jar:4.13.2]
?[0m?[0;34m	at org.junit.internal.runners.statements.RunAfters.evaluate(RunAfters.java:27) ~[junit-4.13.2.jar:4.13.2]
?[0m?[0;34m	at org.junit.runners.ParentRunner$3.evaluate(ParentRunner.java:306) ~[junit-4.13.2.jar:4.13.2]
?[0m?[0;34m	at org.junit.runners.BlockJUnit4ClassRunner$1.evaluate(BlockJUnit4ClassRunner.java:100) ~[junit-4.13.2.jar:4.13.2]
?[0m?[0;34m	at org.junit.runners.ParentRunner.runLeaf(ParentRunner.java:366) ~[junit-4.13.2.jar:4.13.2]
?[0m?[0;34m	at org.junit.runners.BlockJUnit4ClassRunner.runChild(BlockJUnit4ClassRunner.java:103) ~[junit-4.13.2.jar:4.13.2]
?[0m?[0;34m	at org.junit.runners.BlockJUnit4ClassRunner.runChild(BlockJUnit4ClassRunner.java:63) ~[junit-4.13.2.jar:4.13.2]
?[0m?[0;34m	at org.junit.runners.ParentRunner$4.run(ParentRunner.java:331) ~[junit-4.13.2.jar:4.13.2]
?[0m?[0;34m	at org.junit.runners.ParentRunner$1.schedule(ParentRunner.java:79) ~[junit-4.13.2.jar:4.13.2]
?[0m?[0;34m	at org.junit.runners.ParentRunner.runChildren(ParentRunner.java:329) ~[junit-4.13.2.jar:4.13.2]
?[0m?[0;34m	at org.junit.runners.ParentRunner.access$100(ParentRunner.java:66) ~[junit-4.13.2.jar:4.13.2]
?[0m?[0;34m	at org.junit.runners.ParentRunner$2.evaluate(ParentRunner.java:293) ~[junit-4.13.2.jar:4.13.2]
?[0m?[0;34m	at org.junit.runners.ParentRunner$3.evaluate(ParentRunner.java:306) ~[junit-4.13.2.jar:4.13.2]
?[0m?[0;34m	at org.junit.runners.ParentRunner.run(ParentRunner.java:413) ~[junit-4.13.2.jar:4.13.2]
?[0m?[0;34m	at org.gradle.api.internal.tasks.testing.junit.JUnitTestClassExecutor.runTestClass(JUnitTestClassExecutor.java:108) ~[na:na]
?[0m?[0;34m	at org.gradle.api.internal.tasks.testing.junit.JUnitTestClassExecutor.execute(JUnitTestClassExecutor.java:57) ~[na:na]
?[0m?[0;34m	at org.gradle.api.internal.tasks.testing.junit.JUnitTestClassExecutor.execute(JUnitTestClassExecutor.java:39) ~[na:na]
?[0m?[0;34m	at org.gradle.api.internal.tasks.testing.junit.AbstractJUnitTestClassProcessor.processTestClass(AbstractJUnitTestClassProcessor.java:62) ~[na:na]
?[0m?[0;34m	at org.gradle.api.internal.tasks.testing.SuiteTestClassProcessor.processTestClass(SuiteTestClassProcessor.java:52) ~[na:na]
?[0m?[0;34m	at java.base/jdk.internal.reflect.NativeMethodAccessorImpl.invoke0(Native Method) ~[na:na]
?[0m?[0;34m	at java.base/jdk.internal.reflect.NativeMethodAccessorImpl.invoke(NativeMethodAccessorImpl.java:77) ~[na:na]
?[0m?[0;34m	at java.base/jdk.internal.reflect.DelegatingMethodAccessorImpl.invoke(DelegatingMethodAccessorImpl.java:43) ~[na:na]
?[0m?[0;34m	at java.base/java.lang.reflect.Method.invoke(Method.java:568) ~[na:na]
?[0m?[0;34m	at org.gradle.internal.dispatch.ReflectionDispatch.dispatch(ReflectionDispatch.java:36) ~[na:na]
?[0m?[0;34m	at org.gradle.internal.dispatch.ReflectionDispatch.dispatch(ReflectionDispatch.java:24) ~[na:na]
?[0m?[0;34m	at org.gradle.internal.dispatch.ContextClassLoaderDispatch.dispatch(ContextClassLoaderDispatch.java:33) ~[na:na]
?[0m?[0;34m	at org.gradle.internal.dispatch.ProxyDispatchAdapter$DispatchingInvocationHandler.invoke(ProxyDispatchAdapter.java:94) ~[na:na]
?[0m?[0;34m	at jdk.proxy1/jdk.proxy1.$Proxy2.processTestClass(Unknown Source) ~[na:na]
?[0m?[0;34m	at org.gradle.api.internal.tasks.testing.worker.TestWorker$2.run(TestWorker.java:176) ~[na:na]
?[0m?[0;34m	at org.gradle.api.internal.tasks.testing.worker.TestWorker.executeAndMaintainThreadName(TestWorker.java:129) ~[na:na]
?[0m?[0;34m	at org.gradle.api.internal.tasks.testing.worker.TestWorker.execute(TestWorker.java:100) ~[na:na]
?[0m?[0;34m	at org.gradle.api.internal.tasks.testing.worker.TestWorker.execute(TestWorker.java:60) ~[na:na]
?[0m?[0;34m	at org.gradle.process.internal.worker.child.ActionExecutionWorker.execute(ActionExecutionWorker.java:56) ~[na:na]
?[0m?[0;34m	at org.gradle.process.internal.worker.child.SystemApplicationClassLoaderWorker.call(SystemApplicationClassLoaderWorker.java:113) ~[na:na]
?[0m?[0;34m	at org.gradle.process.internal.worker.child.SystemApplicationClassLoaderWorker.call(SystemApplicationClassLoaderWorker.java:65) ~[na:na]
?[0m?[0;34m	at worker.org.gradle.process.internal.worker.GradleWorkerMain.run(GradleWorkerMain.java:69) ~[gradle-worker.jar:na]
?[0m?[0;34m	at worker.org.gradle.process.internal.worker.GradleWorkerMain.main(GradleWorkerMain.java:74) ~[gradle-worker.jar:na]
?[0m?[0;34m
?[0m?[0;34m?[2m2023-06-21T15:48:05.412-04:00?[0;39m ?[33m WARN?[0;39m ?[35m31896?[0;39m ?[2m---?[0;39m ?[2m[    Test worker]?[0;39m ?[36m.t.u.s.PrivilegedSetAccessControlContext?[0;39m ?[2m:?[0;39m Unable to set field Thread.inheritedAccessControlContext
?[0m?[0;34m
?[0m?[0;34mjava.lang.IllegalAccessException: class org.apache.tomcat.util.security.PrivilegedSetAccessControlContext cannot access a member of class java.lang.Thread (in module java.base) with modifiers "private"
?[0m?[0;34m	at java.base/jdk.internal.reflect.Reflection.newIllegalAccessException(Reflection.java:392) ~[na:na]
?[0m?[0;34m	at java.base/java.lang.reflect.AccessibleObject.checkAccess(AccessibleObject.java:674) ~[na:na]
?[0m?[0;34m	at java.base/java.lang.reflect.Field.checkAccess(Field.java:1102) ~[na:na]
?[0m?[0;34m	at java.base/java.lang.reflect.Field.set(Field.java:797) ~[na:na]
?[0m?[0;34m	at org.apache.tomcat.util.security.PrivilegedSetAccessControlContext.run(PrivilegedSetAccessControlContext.java:60) ~[tomcat-embed-core-10.1.5.jar:10.1.5]
?[0m?[0;34m	at org.apache.tomcat.util.security.PrivilegedSetAccessControlContext.run(PrivilegedSetAccessControlContext.java:28) ~[tomcat-embed-core-10.1.5.jar:10.1.5]
?[0m?[0;34m	at java.base/java.security.AccessController.doPrivileged(AccessController.java:318) ~[na:na]
?[0m?[0;34m	at org.apache.tomcat.util.threads.TaskThreadFactory.newThread(TaskThreadFactory.java:64) ~[tomcat-embed-core-10.1.5.jar:10.1.5]
?[0m?[0;34m	at org.apache.tomcat.util.threads.ThreadPoolExecutor$Worker.<init>(ThreadPoolExecutor.java:653) ~[tomcat-embed-core-10.1.5.jar:10.1.5]
?[0m?[0;34m	at org.apache.tomcat.util.threads.ThreadPoolExecutor.addWorker(ThreadPoolExecutor.java:957) ~[tomcat-embed-core-10.1.5.jar:10.1.5]
?[0m?[0;34m	at org.apache.tomcat.util.threads.ThreadPoolExecutor.prestartAllCoreThreads(ThreadPoolExecutor.java:1694) ~[tomcat-embed-core-10.1.5.jar:10.1.5]
?[0m?[0;34m	at org.apache.tomcat.util.threads.ThreadPoolExecutor.<init>(ThreadPoolExecutor.java:1370) ~[tomcat-embed-core-10.1.5.jar:10.1.5]
?[0m?[0;34m	at org.apache.tomcat.util.threads.ThreadPoolExecutor.<init>(ThreadPoolExecutor.java:1280) ~[tomcat-embed-core-10.1.5.jar:10.1.5]
?[0m?[0;34m	at org.apache.tomcat.util.net.AbstractEndpoint.createExecutor(AbstractEndpoint.java:948) ~[tomcat-embed-core-10.1.5.jar:10.1.5]
?[0m?[0;34m	at org.apache.tomcat.util.net.NioEndpoint.startInternal(NioEndpoint.java:279) ~[tomcat-embed-core-10.1.5.jar:10.1.5]
?[0m?[0;34m	at org.apache.tomcat.util.net.AbstractEndpoint.start(AbstractEndpoint.java:1261) ~[tomcat-embed-core-10.1.5.jar:10.1.5]
?[0m?[0;34m	at org.apache.coyote.AbstractProtocol.start(AbstractProtocol.java:586) ~[tomcat-embed-core-10.1.5.jar:10.1.5]
?[0m?[0;34m	at org.apache.catalina.connector.Connector.startInternal(Connector.java:1081) ~[tomcat-embed-core-10.1.5.jar:10.1.5]
?[0m?[0;34m	at org.apache.catalina.util.LifecycleBase.start(LifecycleBase.java:183) ~[tomcat-embed-core-10.1.5.jar:10.1.5]
?[0m?[0;34m	at org.apache.catalina.core.StandardService.addConnector(StandardService.java:234) ~[tomcat-embed-core-10.1.5.jar:10.1.5]
?[0m?[0;34m	at org.springframework.boot.web.embedded.tomcat.TomcatWebServer.addPreviouslyRemovedConnectors(TomcatWebServer.java:282) ~[spring-boot-3.0.2.jar:3.0.2]
?[0m?[0;34m	at org.springframework.boot.web.embedded.tomcat.TomcatWebServer.start(TomcatWebServer.java:213) ~[spring-boot-3.0.2.jar:3.0.2]
?[0m?[0;34m	at org.springframework.boot.web.servlet.context.WebServerStartStopLifecycle.start(WebServerStartStopLifecycle.java:44) ~[spring-boot-3.0.2.jar:3.0.2]
?[0m?[0;34m	at org.springframework.context.support.DefaultLifecycleProcessor.doStart(DefaultLifecycleProcessor.java:178) ~[spring-context-6.0.4.jar:6.0.4]
?[0m?[0;34m	at org.springframework.context.support.DefaultLifecycleProcessor$LifecycleGroup.start(DefaultLifecycleProcessor.java:356) ~[spring-context-6.0.4.jar:6.0.4]
?[0m?[0;34m	at java.base/java.lang.Iterable.forEach(Iterable.java:75) ~[na:na]
?[0m?[0;34m	at org.springframework.context.support.DefaultLifecycleProcessor.startBeans(DefaultLifecycleProcessor.java:155) ~[spring-context-6.0.4.jar:6.0.4]
?[0m?[0;34m	at org.springframework.context.support.DefaultLifecycleProcessor.onRefresh(DefaultLifecycleProcessor.java:123) ~[spring-context-6.0.4.jar:6.0.4]
?[0m?[0;34m	at org.springframework.context.support.AbstractApplicationContext.finishRefresh(AbstractApplicationContext.java:932) ~[spring-context-6.0.4.jar:6.0.4]
?[0m?[0;34m	at org.springframework.context.support.AbstractApplicationContext.refresh(AbstractApplicationContext.java:587) ~[spring-context-6.0.4.jar:6.0.4]
?[0m?[0;34m	at org.springframework.boot.web.servlet.context.ServletWebServerApplicationContext.refresh(ServletWebServerApplicationContext.java:146) ~[spring-boot-3.0.2.jar:3.0.2]
?[0m?[0;34m	at org.springframework.boot.SpringApplication.refresh(SpringApplication.java:730) ~[spring-boot-3.0.2.jar:3.0.2]
?[0m?[0;34m	at org.springframework.boot.SpringApplication.refreshContext(SpringApplication.java:432) ~[spring-boot-3.0.2.jar:3.0.2]
?[0m?[0;34m	at org.springframework.boot.SpringApplication.run(SpringApplication.java:308) ~[spring-boot-3.0.2.jar:3.0.2]
?[0m?[0;34m	at org.springframework.boot.SpringApplication.run(SpringApplication.java:1302) ~[spring-boot-3.0.2.jar:3.0.2]
?[0m?[0;34m	at org.springframework.boot.SpringApplication.run(SpringApplication.java:1291) ~[spring-boot-3.0.2.jar:3.0.2]
?[0m?[0;34m	at account.AccountServiceApplication.main(AccountServiceApplication.java:14) ~[main/:na]
?[0m?[0;34m	at java.base/jdk.internal.reflect.NativeMethodAccessorImpl.invoke0(Native Method) ~[na:na]
?[0m?[0;34m	at java.base/jdk.internal.reflect.NativeMethodAccessorImpl.invoke(NativeMethodAccessorImpl.java:77) ~[na:na]
?[0m?[0;34m	at java.base/jdk.internal.reflect.DelegatingMethodAccessorImpl.invoke(DelegatingMethodAccessorImpl.java:43) ~[na:na]
?[0m?[0;34m	at java.base/java.lang.reflect.Method.invoke(Method.java:568) ~[na:na]
?[0m?[0;34m	at org.hyperskill.hstest.stage.SpringTest.startSpring(SpringTest.java:187) ~[hs-test-release-SNAPSHOT.jar:na]
?[0m?[0;34m	at org.hyperskill.hstest.stage.SpringTest.reloadSpring(SpringTest.java:239) ~[hs-test-release-SNAPSHOT.jar:na]
?[0m?[0;34m	at AccountServiceTest.restartApplication(AccountServiceTest.java:262) ~[test/:na]
?[0m?[0;34m	at AccountServiceTest.lambda$new$45(AccountServiceTest.java:452) ~[test/:na]
?[0m?[0;34m	at org.hyperskill.hstest.dynamic.input.DynamicTesting.lambda$searchDynamicTests$3(DynamicTesting.java:289) ~[hs-test-release-SNAPSHOT.jar:na]
?[0m?[0;34m	at org.hyperskill.hstest.dynamic.input.DynamicTesting$1DynamicTestElement.lambda$getTests$0(DynamicTesting.java:252) ~[hs-test-release-SNAPSHOT.jar:na]
?[0m?[0;34m	at org.hyperskill.hstest.testing.runner.SpringApplicationRunner.test(SpringApplicationRunner.java:43) ~[hs-test-release-SNAPSHOT.jar:na]
?[0m?[0;34m	at org.hyperskill.hstest.testing.TestRun.test(TestRun.java:94) ~[hs-test-release-SNAPSHOT.jar:na]
?[0m?[0;34m	at org.hyperskill.hstest.stage.StageTest.start(StageTest.java:164) ~[hs-test-release-SNAPSHOT.jar:na]
?[0m?[0;34m	at java.base/jdk.internal.reflect.NativeMethodAccessorImpl.invoke0(Native Method) ~[na:na]
?[0m?[0;34m	at java.base/jdk.internal.reflect.NativeMethodAccessorImpl.invoke(NativeMethodAccessorImpl.java:77) ~[na:na]
?[0m?[0;34m	at java.base/jdk.internal.reflect.DelegatingMethodAccessorImpl.invoke(DelegatingMethodAccessorImpl.java:43) ~[na:na]
?[0m?[0;34m	at java.base/java.lang.reflect.Method.invoke(Method.java:568) ~[na:na]
?[0m?[0;34m	at org.junit.runners.model.FrameworkMethod$1.runReflectiveCall(FrameworkMethod.java:59) ~[junit-4.13.2.jar:4.13.2]
?[0m?[0;34m	at org.junit.internal.runners.model.ReflectiveCallable.run(ReflectiveCallable.java:12) ~[junit-4.13.2.jar:4.13.2]
?[0m?[0;34m	at org.junit.runners.model.FrameworkMethod.invokeExplosively(FrameworkMethod.java:56) ~[junit-4.13.2.jar:4.13.2]
?[0m?[0;34m	at org.junit.internal.runners.statements.InvokeMethod.evaluate(InvokeMethod.java:17) ~[junit-4.13.2.jar:4.13.2]
?[0m?[0;34m	at org.junit.internal.runners.statements.RunAfters.evaluate(RunAfters.java:27) ~[junit-4.13.2.jar:4.13.2]
?[0m?[0;34m	at org.junit.runners.ParentRunner$3.evaluate(ParentRunner.java:306) ~[junit-4.13.2.jar:4.13.2]
?[0m?[0;34m	at org.junit.runners.BlockJUnit4ClassRunner$1.evaluate(BlockJUnit4ClassRunner.java:100) ~[junit-4.13.2.jar:4.13.2]
?[0m?[0;34m	at org.junit.runners.ParentRunner.runLeaf(ParentRunner.java:366) ~[junit-4.13.2.jar:4.13.2]
?[0m?[0;34m	at org.junit.runners.BlockJUnit4ClassRunner.runChild(BlockJUnit4ClassRunner.java:103) ~[junit-4.13.2.jar:4.13.2]
?[0m?[0;34m	at org.junit.runners.BlockJUnit4ClassRunner.runChild(BlockJUnit4ClassRunner.java:63) ~[junit-4.13.2.jar:4.13.2]
?[0m?[0;34m	at org.junit.runners.ParentRunner$4.run(ParentRunner.java:331) ~[junit-4.13.2.jar:4.13.2]
?[0m?[0;34m	at org.junit.runners.ParentRunner$1.schedule(ParentRunner.java:79) ~[junit-4.13.2.jar:4.13.2]
?[0m?[0;34m	at org.junit.runners.ParentRunner.runChildren(ParentRunner.java:329) ~[junit-4.13.2.jar:4.13.2]
?[0m?[0;34m	at org.junit.runners.ParentRunner.access$100(ParentRunner.java:66) ~[junit-4.13.2.jar:4.13.2]
?[0m?[0;34m	at org.junit.runners.ParentRunner$2.evaluate(ParentRunner.java:293) ~[junit-4.13.2.jar:4.13.2]
?[0m?[0;34m	at org.junit.runners.ParentRunner$3.evaluate(ParentRunner.java:306) ~[junit-4.13.2.jar:4.13.2]
?[0m?[0;34m	at org.junit.runners.ParentRunner.run(ParentRunner.java:413) ~[junit-4.13.2.jar:4.13.2]
?[0m?[0;34m	at org.gradle.api.internal.tasks.testing.junit.JUnitTestClassExecutor.runTestClass(JUnitTestClassExecutor.java:108) ~[na:na]
?[0m?[0;34m	at org.gradle.api.internal.tasks.testing.junit.JUnitTestClassExecutor.execute(JUnitTestClassExecutor.java:57) ~[na:na]
?[0m?[0;34m	at org.gradle.api.internal.tasks.testing.junit.JUnitTestClassExecutor.execute(JUnitTestClassExecutor.java:39) ~[na:na]
?[0m?[0;34m	at org.gradle.api.internal.tasks.testing.junit.AbstractJUnitTestClassProcessor.processTestClass(AbstractJUnitTestClassProcessor.java:62) ~[na:na]
?[0m?[0;34m	at org.gradle.api.internal.tasks.testing.SuiteTestClassProcessor.processTestClass(SuiteTestClassProcessor.java:52) ~[na:na]
?[0m?[0;34m	at java.base/jdk.internal.reflect.NativeMethodAccessorImpl.invoke0(Native Method) ~[na:na]
?[0m?[0;34m	at java.base/jdk.internal.reflect.NativeMethodAccessorImpl.invoke(NativeMethodAccessorImpl.java:77) ~[na:na]
?[0m?[0;34m	at java.base/jdk.internal.reflect.DelegatingMethodAccessorImpl.invoke(DelegatingMethodAccessorImpl.java:43) ~[na:na]
?[0m?[0;34m	at java.base/java.lang.reflect.Method.invoke(Method.java:568) ~[na:na]
?[0m?[0;34m	at org.gradle.internal.dispatch.ReflectionDispatch.dispatch(ReflectionDispatch.java:36) ~[na:na]
?[0m?[0;34m	at org.gradle.internal.dispatch.ReflectionDispatch.dispatch(ReflectionDispatch.java:24) ~[na:na]
?[0m?[0;34m	at org.gradle.internal.dispatch.ContextClassLoaderDispatch.dispatch(ContextClassLoaderDispatch.java:33) ~[na:na]
?[0m?[0;34m	at org.gradle.internal.dispatch.ProxyDispatchAdapter$DispatchingInvocationHandler.invoke(ProxyDispatchAdapter.java:94) ~[na:na]
?[0m?[0;34m	at jdk.proxy1/jdk.proxy1.$Proxy2.processTestClass(Unknown Source) ~[na:na]
?[0m?[0;34m	at org.gradle.api.internal.tasks.testing.worker.TestWorker$2.run(TestWorker.java:176) ~[na:na]
?[0m?[0;34m	at org.gradle.api.internal.tasks.testing.worker.TestWorker.executeAndMaintainThreadName(TestWorker.java:129) ~[na:na]
?[0m?[0;34m	at org.gradle.api.internal.tasks.testing.worker.TestWorker.execute(TestWorker.java:100) ~[na:na]
?[0m?[0;34m	at org.gradle.api.internal.tasks.testing.worker.TestWorker.execute(TestWorker.java:60) ~[na:na]
?[0m?[0;34m	at org.gradle.process.internal.worker.child.ActionExecutionWorker.execute(ActionExecutionWorker.java:56) ~[na:na]
?[0m?[0;34m	at org.gradle.process.internal.worker.child.SystemApplicationClassLoaderWorker.call(SystemApplicationClassLoaderWorker.java:113) ~[na:na]
?[0m?[0;34m	at org.gradle.process.internal.worker.child.SystemApplicationClassLoaderWorker.call(SystemApplicationClassLoaderWorker.java:65) ~[na:na]
?[0m?[0;34m	at worker.org.gradle.process.internal.worker.GradleWorkerMain.run(GradleWorkerMain.java:69) ~[gradle-worker.jar:na]
?[0m?[0;34m	at worker.org.gradle.process.internal.worker.GradleWorkerMain.main(GradleWorkerMain.java:74) ~[gradle-worker.jar:na]
?[0m?[0;34m
?[0m?[0;34m?[2m2023-06-21T15:48:05.415-04:00?[0;39m ?[33m WARN?[0;39m ?[35m31896?[0;39m ?[2m---?[0;39m ?[2m[    Test worker]?[0;39m ?[36m.t.u.s.PrivilegedSetAccessControlContext?[0;39m ?[2m:?[0;39m Unable to set field Thread.inheritedAccessControlContext
?[0m?[0;34m
?[0m?[0;34mjava.lang.IllegalAccessException: class org.apache.tomcat.util.security.PrivilegedSetAccessControlContext cannot access a member of class java.lang.Thread (in module java.base) with modifiers "private"
?[0m?[0;34m	at java.base/jdk.internal.reflect.Reflection.newIllegalAccessException(Reflection.java:392) ~[na:na]
?[0m?[0;34m	at java.base/java.lang.reflect.AccessibleObject.checkAccess(AccessibleObject.java:674) ~[na:na]
?[0m?[0;34m	at java.base/java.lang.reflect.Field.checkAccess(Field.java:1102) ~[na:na]
?[0m?[0;34m	at java.base/java.lang.reflect.Field.set(Field.java:797) ~[na:na]
?[0m?[0;34m	at org.apache.tomcat.util.security.PrivilegedSetAccessControlContext.run(PrivilegedSetAccessControlContext.java:60) ~[tomcat-embed-core-10.1.5.jar:10.1.5]
?[0m?[0;34m	at org.apache.tomcat.util.security.PrivilegedSetAccessControlContext.run(PrivilegedSetAccessControlContext.java:28) ~[tomcat-embed-core-10.1.5.jar:10.1.5]
?[0m?[0;34m	at java.base/java.security.AccessController.doPrivileged(AccessController.java:318) ~[na:na]
?[0m?[0;34m	at org.apache.tomcat.util.threads.TaskThreadFactory.newThread(TaskThreadFactory.java:64) ~[tomcat-embed-core-10.1.5.jar:10.1.5]
?[0m?[0;34m	at org.apache.tomcat.util.threads.ThreadPoolExecutor$Worker.<init>(ThreadPoolExecutor.java:653) ~[tomcat-embed-core-10.1.5.jar:10.1.5]
?[0m?[0;34m	at org.apache.tomcat.util.threads.ThreadPoolExecutor.addWorker(ThreadPoolExecutor.java:957) ~[tomcat-embed-core-10.1.5.jar:10.1.5]
?[0m?[0;34m	at org.apache.tomcat.util.threads.ThreadPoolExecutor.prestartAllCoreThreads(ThreadPoolExecutor.java:1694) ~[tomcat-embed-core-10.1.5.jar:10.1.5]
?[0m?[0;34m	at org.apache.tomcat.util.threads.ThreadPoolExecutor.<init>(ThreadPoolExecutor.java:1370) ~[tomcat-embed-core-10.1.5.jar:10.1.5]
?[0m?[0;34m	at org.apache.tomcat.util.threads.ThreadPoolExecutor.<init>(ThreadPoolExecutor.java:1280) ~[tomcat-embed-core-10.1.5.jar:10.1.5]
?[0m?[0;34m	at org.apache.tomcat.util.net.AbstractEndpoint.createExecutor(AbstractEndpoint.java:948) ~[tomcat-embed-core-10.1.5.jar:10.1.5]
?[0m?[0;34m	at org.apache.tomcat.util.net.NioEndpoint.startInternal(NioEndpoint.java:279) ~[tomcat-embed-core-10.1.5.jar:10.1.5]
?[0m?[0;34m	at org.apache.tomcat.util.net.AbstractEndpoint.start(AbstractEndpoint.java:1261) ~[tomcat-embed-core-10.1.5.jar:10.1.5]
?[0m?[0;34m	at org.apache.coyote.AbstractProtocol.start(AbstractProtocol.java:586) ~[tomcat-embed-core-10.1.5.jar:10.1.5]
?[0m?[0;34m	at org.apache.catalina.connector.Connector.startInternal(Connector.java:1081) ~[tomcat-embed-core-10.1.5.jar:10.1.5]
?[0m?[0;34m	at org.apache.catalina.util.LifecycleBase.start(LifecycleBase.java:183) ~[tomcat-embed-core-10.1.5.jar:10.1.5]
?[0m?[0;34m	at org.apache.catalina.core.StandardService.addConnector(StandardService.java:234) ~[tomcat-embed-core-10.1.5.jar:10.1.5]
?[0m?[0;34m	at org.springframework.boot.web.embedded.tomcat.TomcatWebServer.addPreviouslyRemovedConnectors(TomcatWebServer.java:282) ~[spring-boot-3.0.2.jar:3.0.2]
?[0m?[0;34m	at org.springframework.boot.web.embedded.tomcat.TomcatWebServer.start(TomcatWebServer.java:213) ~[spring-boot-3.0.2.jar:3.0.2]
?[0m?[0;34m	at org.springframework.boot.web.servlet.context.WebServerStartStopLifecycle.start(WebServerStartStopLifecycle.java:44) ~[spring-boot-3.0.2.jar:3.0.2]
?[0m?[0;34m	at org.springframework.context.support.DefaultLifecycleProcessor.doStart(DefaultLifecycleProcessor.java:178) ~[spring-context-6.0.4.jar:6.0.4]
?[0m?[0;34m	at org.springframework.context.support.DefaultLifecycleProcessor$LifecycleGroup.start(DefaultLifecycleProcessor.java:356) ~[spring-context-6.0.4.jar:6.0.4]
?[0m?[0;34m	at java.base/java.lang.Iterable.forEach(Iterable.java:75) ~[na:na]
?[0m?[0;34m	at org.springframework.context.support.DefaultLifecycleProcessor.startBeans(DefaultLifecycleProcessor.java:155) ~[spring-context-6.0.4.jar:6.0.4]
?[0m?[0;34m	at org.springframework.context.support.DefaultLifecycleProcessor.onRefresh(DefaultLifecycleProcessor.java:123) ~[spring-context-6.0.4.jar:6.0.4]
?[0m?[0;34m	at org.springframework.context.support.AbstractApplicationContext.finishRefresh(AbstractApplicationContext.java:932) ~[spring-context-6.0.4.jar:6.0.4]
?[0m?[0;34m	at org.springframework.context.support.AbstractApplicationContext.refresh(AbstractApplicationContext.java:587) ~[spring-context-6.0.4.jar:6.0.4]
?[0m?[0;34m	at org.springframework.boot.web.servlet.context.ServletWebServerApplicationContext.refresh(ServletWebServerApplicationContext.java:146) ~[spring-boot-3.0.2.jar:3.0.2]
?[0m?[0;34m	at org.springframework.boot.SpringApplication.refresh(SpringApplication.java:730) ~[spring-boot-3.0.2.jar:3.0.2]
?[0m?[0;34m	at org.springframework.boot.SpringApplication.refreshContext(SpringApplication.java:432) ~[spring-boot-3.0.2.jar:3.0.2]
?[0m?[0;34m	at org.springframework.boot.SpringApplication.run(SpringApplication.java:308) ~[spring-boot-3.0.2.jar:3.0.2]
?[0m?[0;34m	at org.springframework.boot.SpringApplication.run(SpringApplication.java:1302) ~[spring-boot-3.0.2.jar:3.0.2]
?[0m?[0;34m	at org.springframework.boot.SpringApplication.run(SpringApplication.java:1291) ~[spring-boot-3.0.2.jar:3.0.2]
?[0m?[0;34m	at account.AccountServiceApplication.main(AccountServiceApplication.java:14) ~[main/:na]
?[0m?[0;34m	at java.base/jdk.internal.reflect.NativeMethodAccessorImpl.invoke0(Native Method) ~[na:na]
?[0m?[0;34m	at java.base/jdk.internal.reflect.NativeMethodAccessorImpl.invoke(NativeMethodAccessorImpl.java:77) ~[na:na]
?[0m?[0;34m	at java.base/jdk.internal.reflect.DelegatingMethodAccessorImpl.invoke(DelegatingMethodAccessorImpl.java:43) ~[na:na]
?[0m?[0;34m	at java.base/java.lang.reflect.Method.invoke(Method.java:568) ~[na:na]
?[0m?[0;34m	at org.hyperskill.hstest.stage.SpringTest.startSpring(SpringTest.java:187) ~[hs-test-release-SNAPSHOT.jar:na]
?[0m?[0;34m	at org.hyperskill.hstest.stage.SpringTest.reloadSpring(SpringTest.java:239) ~[hs-test-release-SNAPSHOT.jar:na]
?[0m?[0;34m	at AccountServiceTest.restartApplication(AccountServiceTest.java:262) ~[test/:na]
?[0m?[0;34m	at AccountServiceTest.lambda$new$45(AccountServiceTest.java:452) ~[test/:na]
?[0m?[0;34m	at org.hyperskill.hstest.dynamic.input.DynamicTesting.lambda$searchDynamicTests$3(DynamicTesting.java:289) ~[hs-test-release-SNAPSHOT.jar:na]
?[0m?[0;34m	at org.hyperskill.hstest.dynamic.input.DynamicTesting$1DynamicTestElement.lambda$getTests$0(DynamicTesting.java:252) ~[hs-test-release-SNAPSHOT.jar:na]
?[0m?[0;34m	at org.hyperskill.hstest.testing.runner.SpringApplicationRunner.test(SpringApplicationRunner.java:43) ~[hs-test-release-SNAPSHOT.jar:na]
?[0m?[0;34m	at org.hyperskill.hstest.testing.TestRun.test(TestRun.java:94) ~[hs-test-release-SNAPSHOT.jar:na]
?[0m?[0;34m	at org.hyperskill.hstest.stage.StageTest.start(StageTest.java:164) ~[hs-test-release-SNAPSHOT.jar:na]
?[0m?[0;34m	at java.base/jdk.internal.reflect.NativeMethodAccessorImpl.invoke0(Native Method) ~[na:na]
?[0m?[0;34m	at java.base/jdk.internal.reflect.NativeMethodAccessorImpl.invoke(NativeMethodAccessorImpl.java:77) ~[na:na]
?[0m?[0;34m	at java.base/jdk.internal.reflect.DelegatingMethodAccessorImpl.invoke(DelegatingMethodAccessorImpl.java:43) ~[na:na]
?[0m?[0;34m	at java.base/java.lang.reflect.Method.invoke(Method.java:568) ~[na:na]
?[0m?[0;34m	at org.junit.runners.model.FrameworkMethod$1.runReflectiveCall(FrameworkMethod.java:59) ~[junit-4.13.2.jar:4.13.2]
?[0m?[0;34m	at org.junit.internal.runners.model.ReflectiveCallable.run(ReflectiveCallable.java:12) ~[junit-4.13.2.jar:4.13.2]
?[0m?[0;34m	at org.junit.runners.model.FrameworkMethod.invokeExplosively(FrameworkMethod.java:56) ~[junit-4.13.2.jar:4.13.2]
?[0m?[0;34m	at org.junit.internal.runners.statements.InvokeMethod.evaluate(InvokeMethod.java:17) ~[junit-4.13.2.jar:4.13.2]
?[0m?[0;34m	at org.junit.internal.runners.statements.RunAfters.evaluate(RunAfters.java:27) ~[junit-4.13.2.jar:4.13.2]
?[0m?[0;34m	at org.junit.runners.ParentRunner$3.evaluate(ParentRunner.java:306) ~[junit-4.13.2.jar:4.13.2]
?[0m?[0;34m	at org.junit.runners.BlockJUnit4ClassRunner$1.evaluate(BlockJUnit4ClassRunner.java:100) ~[junit-4.13.2.jar:4.13.2]
?[0m?[0;34m	at org.junit.runners.ParentRunner.runLeaf(ParentRunner.java:366) ~[junit-4.13.2.jar:4.13.2]
?[0m?[0;34m	at org.junit.runners.BlockJUnit4ClassRunner.runChild(BlockJUnit4ClassRunner.java:103) ~[junit-4.13.2.jar:4.13.2]
?[0m?[0;34m	at org.junit.runners.BlockJUnit4ClassRunner.runChild(BlockJUnit4ClassRunner.java:63) ~[junit-4.13.2.jar:4.13.2]
?[0m?[0;34m	at org.junit.runners.ParentRunner$4.run(ParentRunner.java:331) ~[junit-4.13.2.jar:4.13.2]
?[0m?[0;34m	at org.junit.runners.ParentRunner$1.schedule(ParentRunner.java:79) ~[junit-4.13.2.jar:4.13.2]
?[0m?[0;34m	at org.junit.runners.ParentRunner.runChildren(ParentRunner.java:329) ~[junit-4.13.2.jar:4.13.2]
?[0m?[0;34m	at org.junit.runners.ParentRunner.access$100(ParentRunner.java:66) ~[junit-4.13.2.jar:4.13.2]
?[0m?[0;34m	at org.junit.runners.ParentRunner$2.evaluate(ParentRunner.java:293) ~[junit-4.13.2.jar:4.13.2]
?[0m?[0;34m	at org.junit.runners.ParentRunner$3.evaluate(ParentRunner.java:306) ~[junit-4.13.2.jar:4.13.2]
?[0m?[0;34m	at org.junit.runners.ParentRunner.run(ParentRunner.java:413) ~[junit-4.13.2.jar:4.13.2]
?[0m?[0;34m	at org.gradle.api.internal.tasks.testing.junit.JUnitTestClassExecutor.runTestClass(JUnitTestClassExecutor.java:108) ~[na:na]
?[0m?[0;34m	at org.gradle.api.internal.tasks.testing.junit.JUnitTestClassExecutor.execute(JUnitTestClassExecutor.java:57) ~[na:na]
?[0m?[0;34m	at org.gradle.api.internal.tasks.testing.junit.JUnitTestClassExecutor.execute(JUnitTestClassExecutor.java:39) ~[na:na]
?[0m?[0;34m	at org.gradle.api.internal.tasks.testing.junit.AbstractJUnitTestClassProcessor.processTestClass(AbstractJUnitTestClassProcessor.java:62) ~[na:na]
?[0m?[0;34m	at org.gradle.api.internal.tasks.testing.SuiteTestClassProcessor.processTestClass(SuiteTestClassProcessor.java:52) ~[na:na]
?[0m?[0;34m	at java.base/jdk.internal.reflect.NativeMethodAccessorImpl.invoke0(Native Method) ~[na:na]
?[0m?[0;34m	at java.base/jdk.internal.reflect.NativeMethodAccessorImpl.invoke(NativeMethodAccessorImpl.java:77) ~[na:na]
?[0m?[0;34m	at java.base/jdk.internal.reflect.DelegatingMethodAccessorImpl.invoke(DelegatingMethodAccessorImpl.java:43) ~[na:na]
?[0m?[0;34m	at java.base/java.lang.reflect.Method.invoke(Method.java:568) ~[na:na]
?[0m?[0;34m	at org.gradle.internal.dispatch.ReflectionDispatch.dispatch(ReflectionDispatch.java:36) ~[na:na]
?[0m?[0;34m	at org.gradle.internal.dispatch.ReflectionDispatch.dispatch(ReflectionDispatch.java:24) ~[na:na]
?[0m?[0;34m	at org.gradle.internal.dispatch.ContextClassLoaderDispatch.dispatch(ContextClassLoaderDispatch.java:33) ~[na:na]
?[0m?[0;34m	at org.gradle.internal.dispatch.ProxyDispatchAdapter$DispatchingInvocationHandler.invoke(ProxyDispatchAdapter.java:94) ~[na:na]
?[0m?[0;34m	at jdk.proxy1/jdk.proxy1.$Proxy2.processTestClass(Unknown Source) ~[na:na]
?[0m?[0;34m	at org.gradle.api.internal.tasks.testing.worker.TestWorker$2.run(TestWorker.java:176) ~[na:na]
?[0m?[0;34m	at org.gradle.api.internal.tasks.testing.worker.TestWorker.executeAndMaintainThreadName(TestWorker.java:129) ~[na:na]
?[0m?[0;34m	at org.gradle.api.internal.tasks.testing.worker.TestWorker.execute(TestWorker.java:100) ~[na:na]
?[0m?[0;34m	at org.gradle.api.internal.tasks.testing.worker.TestWorker.execute(TestWorker.java:60) ~[na:na]
?[0m?[0;34m	at org.gradle.process.internal.worker.child.ActionExecutionWorker.execute(ActionExecutionWorker.java:56) ~[na:na]
?[0m?[0;34m	at org.gradle.process.internal.worker.child.SystemApplicationClassLoaderWorker.call(SystemApplicationClassLoaderWorker.java:113) ~[na:na]
?[0m?[0;34m	at org.gradle.process.internal.worker.child.SystemApplicationClassLoaderWorker.call(SystemApplicationClassLoaderWorker.java:65) ~[na:na]
?[0m?[0;34m	at worker.org.gradle.process.internal.worker.GradleWorkerMain.run(GradleWorkerMain.java:69) ~[gradle-worker.jar:na]
?[0m?[0;34m	at worker.org.gradle.process.internal.worker.GradleWorkerMain.main(GradleWorkerMain.java:74) ~[gradle-worker.jar:na]
?[0m?[0;34m
?[0m?[0;34m?[2m2023-06-21T15:48:05.419-04:00?[0;39m ?[33m WARN?[0;39m ?[35m31896?[0;39m ?[2m---?[0;39m ?[2m[    Test worker]?[0;39m ?[36m.t.u.s.PrivilegedSetAccessControlContext?[0;39m ?[2m:?[0;39m Unable to set field Thread.inheritedAccessControlContext
?[0m?[0;34m
?[0m?[0;34mjava.lang.IllegalAccessException: class org.apache.tomcat.util.security.PrivilegedSetAccessControlContext cannot access a member of class java.lang.Thread (in module java.base) with modifiers "private"
?[0m?[0;34m	at java.base/jdk.internal.reflect.Reflection.newIllegalAccessException(Reflection.java:392) ~[na:na]
?[0m?[0;34m	at java.base/java.lang.reflect.AccessibleObject.checkAccess(AccessibleObject.java:674) ~[na:na]
?[0m?[0;34m	at java.base/java.lang.reflect.Field.checkAccess(Field.java:1102) ~[na:na]
?[0m?[0;34m	at java.base/java.lang.reflect.Field.set(Field.java:797) ~[na:na]
?[0m?[0;34m	at org.apache.tomcat.util.security.PrivilegedSetAccessControlContext.run(PrivilegedSetAccessControlContext.java:60) ~[tomcat-embed-core-10.1.5.jar:10.1.5]
?[0m?[0;34m	at org.apache.tomcat.util.security.PrivilegedSetAccessControlContext.run(PrivilegedSetAccessControlContext.java:28) ~[tomcat-embed-core-10.1.5.jar:10.1.5]
?[0m?[0;34m	at java.base/java.security.AccessController.doPrivileged(AccessController.java:318) ~[na:na]
?[0m?[0;34m	at org.apache.tomcat.util.threads.TaskThreadFactory.newThread(TaskThreadFactory.java:64) ~[tomcat-embed-core-10.1.5.jar:10.1.5]
?[0m?[0;34m	at org.apache.tomcat.util.threads.ThreadPoolExecutor$Worker.<init>(ThreadPoolExecutor.java:653) ~[tomcat-embed-core-10.1.5.jar:10.1.5]
?[0m?[0;34m	at org.apache.tomcat.util.threads.ThreadPoolExecutor.addWorker(ThreadPoolExecutor.java:957) ~[tomcat-embed-core-10.1.5.jar:10.1.5]
?[0m?[0;34m	at org.apache.tomcat.util.threads.ThreadPoolExecutor.prestartAllCoreThreads(ThreadPoolExecutor.java:1694) ~[tomcat-embed-core-10.1.5.jar:10.1.5]
?[0m?[0;34m	at org.apache.tomcat.util.threads.ThreadPoolExecutor.<init>(ThreadPoolExecutor.java:1370) ~[tomcat-embed-core-10.1.5.jar:10.1.5]
?[0m?[0;34m	at org.apache.tomcat.util.threads.ThreadPoolExecutor.<init>(ThreadPoolExecutor.java:1280) ~[tomcat-embed-core-10.1.5.jar:10.1.5]
?[0m?[0;34m	at org.apache.tomcat.util.net.AbstractEndpoint.createExecutor(AbstractEndpoint.java:948) ~[tomcat-embed-core-10.1.5.jar:10.1.5]
?[0m?[0;34m	at org.apache.tomcat.util.net.NioEndpoint.startInternal(NioEndpoint.java:279) ~[tomcat-embed-core-10.1.5.jar:10.1.5]
?[0m?[0;34m	at org.apache.tomcat.util.net.AbstractEndpoint.start(AbstractEndpoint.java:1261) ~[tomcat-embed-core-10.1.5.jar:10.1.5]
?[0m?[0;34m	at org.apache.coyote.AbstractProtocol.start(AbstractProtocol.java:586) ~[tomcat-embed-core-10.1.5.jar:10.1.5]
?[0m?[0;34m	at org.apache.catalina.connector.Connector.startInternal(Connector.java:1081) ~[tomcat-embed-core-10.1.5.jar:10.1.5]
?[0m?[0;34m	at org.apache.catalina.util.LifecycleBase.start(LifecycleBase.java:183) ~[tomcat-embed-core-10.1.5.jar:10.1.5]
?[0m?[0;34m	at org.apache.catalina.core.StandardService.addConnector(StandardService.java:234) ~[tomcat-embed-core-10.1.5.jar:10.1.5]
?[0m?[0;34m	at org.springframework.boot.web.embedded.tomcat.TomcatWebServer.addPreviouslyRemovedConnectors(TomcatWebServer.java:282) ~[spring-boot-3.0.2.jar:3.0.2]
?[0m?[0;34m	at org.springframework.boot.web.embedded.tomcat.TomcatWebServer.start(TomcatWebServer.java:213) ~[spring-boot-3.0.2.jar:3.0.2]
?[0m?[0;34m	at org.springframework.boot.web.servlet.context.WebServerStartStopLifecycle.start(WebServerStartStopLifecycle.java:44) ~[spring-boot-3.0.2.jar:3.0.2]
?[0m?[0;34m	at org.springframework.context.support.DefaultLifecycleProcessor.doStart(DefaultLifecycleProcessor.java:178) ~[spring-context-6.0.4.jar:6.0.4]
?[0m?[0;34m	at org.springframework.context.support.DefaultLifecycleProcessor$LifecycleGroup.start(DefaultLifecycleProcessor.java:356) ~[spring-context-6.0.4.jar:6.0.4]
?[0m?[0;34m	at java.base/java.lang.Iterable.forEach(Iterable.java:75) ~[na:na]
?[0m?[0;34m	at org.springframework.context.support.DefaultLifecycleProcessor.startBeans(DefaultLifecycleProcessor.java:155) ~[spring-context-6.0.4.jar:6.0.4]
?[0m?[0;34m	at org.springframework.context.support.DefaultLifecycleProcessor.onRefresh(DefaultLifecycleProcessor.java:123) ~[spring-context-6.0.4.jar:6.0.4]
?[0m?[0;34m	at org.springframework.context.support.AbstractApplicationContext.finishRefresh(AbstractApplicationContext.java:932) ~[spring-context-6.0.4.jar:6.0.4]
?[0m?[0;34m	at org.springframework.context.support.AbstractApplicationContext.refresh(AbstractApplicationContext.java:587) ~[spring-context-6.0.4.jar:6.0.4]
?[0m?[0;34m	at org.springframework.boot.web.servlet.context.ServletWebServerApplicationContext.refresh(ServletWebServerApplicationContext.java:146) ~[spring-boot-3.0.2.jar:3.0.2]
?[0m?[0;34m	at org.springframework.boot.SpringApplication.refresh(SpringApplication.java:730) ~[spring-boot-3.0.2.jar:3.0.2]
?[0m?[0;34m	at org.springframework.boot.SpringApplication.refreshContext(SpringApplication.java:432) ~[spring-boot-3.0.2.jar:3.0.2]
?[0m?[0;34m	at org.springframework.boot.SpringApplication.run(SpringApplication.java:308) ~[spring-boot-3.0.2.jar:3.0.2]
?[0m?[0;34m	at org.springframework.boot.SpringApplication.run(SpringApplication.java:1302) ~[spring-boot-3.0.2.jar:3.0.2]
?[0m?[0;34m	at org.springframework.boot.SpringApplication.run(SpringApplication.java:1291) ~[spring-boot-3.0.2.jar:3.0.2]
?[0m?[0;34m	at account.AccountServiceApplication.main(AccountServiceApplication.java:14) ~[main/:na]
?[0m?[0;34m	at java.base/jdk.internal.reflect.NativeMethodAccessorImpl.invoke0(Native Method) ~[na:na]
?[0m?[0;34m	at java.base/jdk.internal.reflect.NativeMethodAccessorImpl.invoke(NativeMethodAccessorImpl.java:77) ~[na:na]
?[0m?[0;34m	at java.base/jdk.internal.reflect.DelegatingMethodAccessorImpl.invoke(DelegatingMethodAccessorImpl.java:43) ~[na:na]
?[0m?[0;34m	at java.base/java.lang.reflect.Method.invoke(Method.java:568) ~[na:na]
?[0m?[0;34m	at org.hyperskill.hstest.stage.SpringTest.startSpring(SpringTest.java:187) ~[hs-test-release-SNAPSHOT.jar:na]
?[0m?[0;34m	at org.hyperskill.hstest.stage.SpringTest.reloadSpring(SpringTest.java:239) ~[hs-test-release-SNAPSHOT.jar:na]
?[0m?[0;34m	at AccountServiceTest.restartApplication(AccountServiceTest.java:262) ~[test/:na]
?[0m?[0;34m	at AccountServiceTest.lambda$new$45(AccountServiceTest.java:452) ~[test/:na]
?[0m?[0;34m	at org.hyperskill.hstest.dynamic.input.DynamicTesting.lambda$searchDynamicTests$3(DynamicTesting.java:289) ~[hs-test-release-SNAPSHOT.jar:na]
?[0m?[0;34m	at org.hyperskill.hstest.dynamic.input.DynamicTesting$1DynamicTestElement.lambda$getTests$0(DynamicTesting.java:252) ~[hs-test-release-SNAPSHOT.jar:na]
?[0m?[0;34m	at org.hyperskill.hstest.testing.runner.SpringApplicationRunner.test(SpringApplicationRunner.java:43) ~[hs-test-release-SNAPSHOT.jar:na]
?[0m?[0;34m	at org.hyperskill.hstest.testing.TestRun.test(TestRun.java:94) ~[hs-test-release-SNAPSHOT.jar:na]
?[0m?[0;34m	at org.hyperskill.hstest.stage.StageTest.start(StageTest.java:164) ~[hs-test-release-SNAPSHOT.jar:na]
?[0m?[0;34m	at java.base/jdk.internal.reflect.NativeMethodAccessorImpl.invoke0(Native Method) ~[na:na]
?[0m?[0;34m	at java.base/jdk.internal.reflect.NativeMethodAccessorImpl.invoke(NativeMethodAccessorImpl.java:77) ~[na:na]
?[0m?[0;34m	at java.base/jdk.internal.reflect.DelegatingMethodAccessorImpl.invoke(DelegatingMethodAccessorImpl.java:43) ~[na:na]
?[0m?[0;34m	at java.base/java.lang.reflect.Method.invoke(Method.java:568) ~[na:na]
?[0m?[0;34m	at org.junit.runners.model.FrameworkMethod$1.runReflectiveCall(FrameworkMethod.java:59) ~[junit-4.13.2.jar:4.13.2]
?[0m?[0;34m	at org.junit.internal.runners.model.ReflectiveCallable.run(ReflectiveCallable.java:12) ~[junit-4.13.2.jar:4.13.2]
?[0m?[0;34m	at org.junit.runners.model.FrameworkMethod.invokeExplosively(FrameworkMethod.java:56) ~[junit-4.13.2.jar:4.13.2]
?[0m?[0;34m	at org.junit.internal.runners.statements.InvokeMethod.evaluate(InvokeMethod.java:17) ~[junit-4.13.2.jar:4.13.2]
?[0m?[0;34m	at org.junit.internal.runners.statements.RunAfters.evaluate(RunAfters.java:27) ~[junit-4.13.2.jar:4.13.2]
?[0m?[0;34m	at org.junit.runners.ParentRunner$3.evaluate(ParentRunner.java:306) ~[junit-4.13.2.jar:4.13.2]
?[0m?[0;34m	at org.junit.runners.BlockJUnit4ClassRunner$1.evaluate(BlockJUnit4ClassRunner.java:100) ~[junit-4.13.2.jar:4.13.2]
?[0m?[0;34m	at org.junit.runners.ParentRunner.runLeaf(ParentRunner.java:366) ~[junit-4.13.2.jar:4.13.2]
?[0m?[0;34m	at org.junit.runners.BlockJUnit4ClassRunner.runChild(BlockJUnit4ClassRunner.java:103) ~[junit-4.13.2.jar:4.13.2]
?[0m?[0;34m	at org.junit.runners.BlockJUnit4ClassRunner.runChild(BlockJUnit4ClassRunner.java:63) ~[junit-4.13.2.jar:4.13.2]
?[0m?[0;34m	at org.junit.runners.ParentRunner$4.run(ParentRunner.java:331) ~[junit-4.13.2.jar:4.13.2]
?[0m?[0;34m	at org.junit.runners.ParentRunner$1.schedule(ParentRunner.java:79) ~[junit-4.13.2.jar:4.13.2]
?[0m?[0;34m	at org.junit.runners.ParentRunner.runChildren(ParentRunner.java:329) ~[junit-4.13.2.jar:4.13.2]
?[0m?[0;34m	at org.junit.runners.ParentRunner.access$100(ParentRunner.java:66) ~[junit-4.13.2.jar:4.13.2]
?[0m?[0;34m	at org.junit.runners.ParentRunner$2.evaluate(ParentRunner.java:293) ~[junit-4.13.2.jar:4.13.2]
?[0m?[0;34m	at org.junit.runners.ParentRunner$3.evaluate(ParentRunner.java:306) ~[junit-4.13.2.jar:4.13.2]
?[0m?[0;34m	at org.junit.runners.ParentRunner.run(ParentRunner.java:413) ~[junit-4.13.2.jar:4.13.2]
?[0m?[0;34m	at org.gradle.api.internal.tasks.testing.junit.JUnitTestClassExecutor.runTestClass(JUnitTestClassExecutor.java:108) ~[na:na]
?[0m?[0;34m	at org.gradle.api.internal.tasks.testing.junit.JUnitTestClassExecutor.execute(JUnitTestClassExecutor.java:57) ~[na:na]
?[0m?[0;34m	at org.gradle.api.internal.tasks.testing.junit.JUnitTestClassExecutor.execute(JUnitTestClassExecutor.java:39) ~[na:na]
?[0m?[0;34m	at org.gradle.api.internal.tasks.testing.junit.AbstractJUnitTestClassProcessor.processTestClass(AbstractJUnitTestClassProcessor.java:62) ~[na:na]
?[0m?[0;34m	at org.gradle.api.internal.tasks.testing.SuiteTestClassProcessor.processTestClass(SuiteTestClassProcessor.java:52) ~[na:na]
?[0m?[0;34m	at java.base/jdk.internal.reflect.NativeMethodAccessorImpl.invoke0(Native Method) ~[na:na]
?[0m?[0;34m	at java.base/jdk.internal.reflect.NativeMethodAccessorImpl.invoke(NativeMethodAccessorImpl.java:77) ~[na:na]
?[0m?[0;34m	at java.base/jdk.internal.reflect.DelegatingMethodAccessorImpl.invoke(DelegatingMethodAccessorImpl.java:43) ~[na:na]
?[0m?[0;34m	at java.base/java.lang.reflect.Method.invoke(Method.java:568) ~[na:na]
?[0m?[0;34m	at org.gradle.internal.dispatch.ReflectionDispatch.dispatch(ReflectionDispatch.java:36) ~[na:na]
?[0m?[0;34m	at org.gradle.internal.dispatch.ReflectionDispatch.dispatch(ReflectionDispatch.java:24) ~[na:na]
?[0m?[0;34m	at org.gradle.internal.dispatch.ContextClassLoaderDispatch.dispatch(ContextClassLoaderDispatch.java:33) ~[na:na]
?[0m?[0;34m	at org.gradle.internal.dispatch.ProxyDispatchAdapter$DispatchingInvocationHandler.invoke(ProxyDispatchAdapter.java:94) ~[na:na]
?[0m?[0;34m	at jdk.proxy1/jdk.proxy1.$Proxy2.processTestClass(Unknown Source) ~[na:na]
?[0m?[0;34m	at org.gradle.api.internal.tasks.testing.worker.TestWorker$2.run(TestWorker.java:176) ~[na:na]
?[0m?[0;34m	at org.gradle.api.internal.tasks.testing.worker.TestWorker.executeAndMaintainThreadName(TestWorker.java:129) ~[na:na]
?[0m?[0;34m	at org.gradle.api.internal.tasks.testing.worker.TestWorker.execute(TestWorker.java:100) ~[na:na]
?[0m?[0;34m	at org.gradle.api.internal.tasks.testing.worker.TestWorker.execute(TestWorker.java:60) ~[na:na]
?[0m?[0;34m	at org.gradle.process.internal.worker.child.ActionExecutionWorker.execute(ActionExecutionWorker.java:56) ~[na:na]
?[0m?[0;34m	at org.gradle.process.internal.worker.child.SystemApplicationClassLoaderWorker.call(SystemApplicationClassLoaderWorker.java:113) ~[na:na]
?[0m?[0;34m	at org.gradle.process.internal.worker.child.SystemApplicationClassLoaderWorker.call(SystemApplicationClassLoaderWorker.java:65) ~[na:na]
?[0m?[0;34m	at worker.org.gradle.process.internal.worker.GradleWorkerMain.run(GradleWorkerMain.java:69) ~[gradle-worker.jar:na]
?[0m?[0;34m	at worker.org.gradle.process.internal.worker.GradleWorkerMain.main(GradleWorkerMain.java:74) ~[gradle-worker.jar:na]
?[0m?[0;34m
?[0m?[0;34m?[2m2023-06-21T15:48:05.423-04:00?[0;39m ?[33m WARN?[0;39m ?[35m31896?[0;39m ?[2m---?[0;39m ?[2m[    Test worker]?[0;39m ?[36m.t.u.s.PrivilegedSetAccessControlContext?[0;39m ?[2m:?[0;39m Unable to set field Thread.inheritedAccessControlContext
?[0m?[0;34m
?[0m?[0;34mjava.lang.IllegalAccessException: class org.apache.tomcat.util.security.PrivilegedSetAccessControlContext cannot access a member of class java.lang.Thread (in module java.base) with modifiers "private"
?[0m?[0;34m	at java.base/jdk.internal.reflect.Reflection.newIllegalAccessException(Reflection.java:392) ~[na:na]
?[0m?[0;34m	at java.base/java.lang.reflect.AccessibleObject.checkAccess(AccessibleObject.java:674) ~[na:na]
?[0m?[0;34m	at java.base/java.lang.reflect.Field.checkAccess(Field.java:1102) ~[na:na]
?[0m?[0;34m	at java.base/java.lang.reflect.Field.set(Field.java:797) ~[na:na]
?[0m?[0;34m	at org.apache.tomcat.util.security.PrivilegedSetAccessControlContext.run(PrivilegedSetAccessControlContext.java:60) ~[tomcat-embed-core-10.1.5.jar:10.1.5]
?[0m?[0;34m	at org.apache.tomcat.util.security.PrivilegedSetAccessControlContext.run(PrivilegedSetAccessControlContext.java:28) ~[tomcat-embed-core-10.1.5.jar:10.1.5]
?[0m?[0;34m	at java.base/java.security.AccessController.doPrivileged(AccessController.java:318) ~[na:na]
?[0m?[0;34m	at org.apache.tomcat.util.threads.TaskThreadFactory.newThread(TaskThreadFactory.java:64) ~[tomcat-embed-core-10.1.5.jar:10.1.5]
?[0m?[0;34m	at org.apache.tomcat.util.threads.ThreadPoolExecutor$Worker.<init>(ThreadPoolExecutor.java:653) ~[tomcat-embed-core-10.1.5.jar:10.1.5]
?[0m?[0;34m	at org.apache.tomcat.util.threads.ThreadPoolExecutor.addWorker(ThreadPoolExecutor.java:957) ~[tomcat-embed-core-10.1.5.jar:10.1.5]
?[0m?[0;34m	at org.apache.tomcat.util.threads.ThreadPoolExecutor.prestartAllCoreThreads(ThreadPoolExecutor.java:1694) ~[tomcat-embed-core-10.1.5.jar:10.1.5]
?[0m?[0;34m	at org.apache.tomcat.util.threads.ThreadPoolExecutor.<init>(ThreadPoolExecutor.java:1370) ~[tomcat-embed-core-10.1.5.jar:10.1.5]
?[0m?[0;34m	at org.apache.tomcat.util.threads.ThreadPoolExecutor.<init>(ThreadPoolExecutor.java:1280) ~[tomcat-embed-core-10.1.5.jar:10.1.5]
?[0m?[0;34m	at org.apache.tomcat.util.net.AbstractEndpoint.createExecutor(AbstractEndpoint.java:948) ~[tomcat-embed-core-10.1.5.jar:10.1.5]
?[0m?[0;34m	at org.apache.tomcat.util.net.NioEndpoint.startInternal(NioEndpoint.java:279) ~[tomcat-embed-core-10.1.5.jar:10.1.5]
?[0m?[0;34m	at org.apache.tomcat.util.net.AbstractEndpoint.start(AbstractEndpoint.java:1261) ~[tomcat-embed-core-10.1.5.jar:10.1.5]
?[0m?[0;34m	at org.apache.coyote.AbstractProtocol.start(AbstractProtocol.java:586) ~[tomcat-embed-core-10.1.5.jar:10.1.5]
?[0m?[0;34m	at org.apache.catalina.connector.Connector.startInternal(Connector.java:1081) ~[tomcat-embed-core-10.1.5.jar:10.1.5]
?[0m?[0;34m	at org.apache.catalina.util.LifecycleBase.start(LifecycleBase.java:183) ~[tomcat-embed-core-10.1.5.jar:10.1.5]
?[0m?[0;34m	at org.apache.catalina.core.StandardService.addConnector(StandardService.java:234) ~[tomcat-embed-core-10.1.5.jar:10.1.5]
?[0m?[0;34m	at org.springframework.boot.web.embedded.tomcat.TomcatWebServer.addPreviouslyRemovedConnectors(TomcatWebServer.java:282) ~[spring-boot-3.0.2.jar:3.0.2]
?[0m?[0;34m	at org.springframework.boot.web.embedded.tomcat.TomcatWebServer.start(TomcatWebServer.java:213) ~[spring-boot-3.0.2.jar:3.0.2]
?[0m?[0;34m	at org.springframework.boot.web.servlet.context.WebServerStartStopLifecycle.start(WebServerStartStopLifecycle.java:44) ~[spring-boot-3.0.2.jar:3.0.2]
?[0m?[0;34m	at org.springframework.context.support.DefaultLifecycleProcessor.doStart(DefaultLifecycleProcessor.java:178) ~[spring-context-6.0.4.jar:6.0.4]
?[0m?[0;34m	at org.springframework.context.support.DefaultLifecycleProcessor$LifecycleGroup.start(DefaultLifecycleProcessor.java:356) ~[spring-context-6.0.4.jar:6.0.4]
?[0m?[0;34m	at java.base/java.lang.Iterable.forEach(Iterable.java:75) ~[na:na]
?[0m?[0;34m	at org.springframework.context.support.DefaultLifecycleProcessor.startBeans(DefaultLifecycleProcessor.java:155) ~[spring-context-6.0.4.jar:6.0.4]
?[0m?[0;34m	at org.springframework.context.support.DefaultLifecycleProcessor.onRefresh(DefaultLifecycleProcessor.java:123) ~[spring-context-6.0.4.jar:6.0.4]
?[0m?[0;34m	at org.springframework.context.support.AbstractApplicationContext.finishRefresh(AbstractApplicationContext.java:932) ~[spring-context-6.0.4.jar:6.0.4]
?[0m?[0;34m	at org.springframework.context.support.AbstractApplicationContext.refresh(AbstractApplicationContext.java:587) ~[spring-context-6.0.4.jar:6.0.4]
?[0m?[0;34m	at org.springframework.boot.web.servlet.context.ServletWebServerApplicationContext.refresh(ServletWebServerApplicationContext.java:146) ~[spring-boot-3.0.2.jar:3.0.2]
?[0m?[0;34m	at org.springframework.boot.SpringApplication.refresh(SpringApplication.java:730) ~[spring-boot-3.0.2.jar:3.0.2]
?[0m?[0;34m	at org.springframework.boot.SpringApplication.refreshContext(SpringApplication.java:432) ~[spring-boot-3.0.2.jar:3.0.2]
?[0m?[0;34m	at org.springframework.boot.SpringApplication.run(SpringApplication.java:308) ~[spring-boot-3.0.2.jar:3.0.2]
?[0m?[0;34m	at org.springframework.boot.SpringApplication.run(SpringApplication.java:1302) ~[spring-boot-3.0.2.jar:3.0.2]
?[0m?[0;34m	at org.springframework.boot.SpringApplication.run(SpringApplication.java:1291) ~[spring-boot-3.0.2.jar:3.0.2]
?[0m?[0;34m	at account.AccountServiceApplication.main(AccountServiceApplication.java:14) ~[main/:na]
?[0m?[0;34m	at java.base/jdk.internal.reflect.NativeMethodAccessorImpl.invoke0(Native Method) ~[na:na]
?[0m?[0;34m	at java.base/jdk.internal.reflect.NativeMethodAccessorImpl.invoke(NativeMethodAccessorImpl.java:77) ~[na:na]
?[0m?[0;34m	at java.base/jdk.internal.reflect.DelegatingMethodAccessorImpl.invoke(DelegatingMethodAccessorImpl.java:43) ~[na:na]
?[0m?[0;34m	at java.base/java.lang.reflect.Method.invoke(Method.java:568) ~[na:na]
?[0m?[0;34m	at org.hyperskill.hstest.stage.SpringTest.startSpring(SpringTest.java:187) ~[hs-test-release-SNAPSHOT.jar:na]
?[0m?[0;34m	at org.hyperskill.hstest.stage.SpringTest.reloadSpring(SpringTest.java:239) ~[hs-test-release-SNAPSHOT.jar:na]
?[0m?[0;34m	at AccountServiceTest.restartApplication(AccountServiceTest.java:262) ~[test/:na]
?[0m?[0;34m	at AccountServiceTest.lambda$new$45(AccountServiceTest.java:452) ~[test/:na]
?[0m?[0;34m	at org.hyperskill.hstest.dynamic.input.DynamicTesting.lambda$searchDynamicTests$3(DynamicTesting.java:289) ~[hs-test-release-SNAPSHOT.jar:na]
?[0m?[0;34m	at org.hyperskill.hstest.dynamic.input.DynamicTesting$1DynamicTestElement.lambda$getTests$0(DynamicTesting.java:252) ~[hs-test-release-SNAPSHOT.jar:na]
?[0m?[0;34m	at org.hyperskill.hstest.testing.runner.SpringApplicationRunner.test(SpringApplicationRunner.java:43) ~[hs-test-release-SNAPSHOT.jar:na]
?[0m?[0;34m	at org.hyperskill.hstest.testing.TestRun.test(TestRun.java:94) ~[hs-test-release-SNAPSHOT.jar:na]
?[0m?[0;34m	at org.hyperskill.hstest.stage.StageTest.start(StageTest.java:164) ~[hs-test-release-SNAPSHOT.jar:na]
?[0m?[0;34m	at java.base/jdk.internal.reflect.NativeMethodAccessorImpl.invoke0(Native Method) ~[na:na]
?[0m?[0;34m	at java.base/jdk.internal.reflect.NativeMethodAccessorImpl.invoke(NativeMethodAccessorImpl.java:77) ~[na:na]
?[0m?[0;34m	at java.base/jdk.internal.reflect.DelegatingMethodAccessorImpl.invoke(DelegatingMethodAccessorImpl.java:43) ~[na:na]
?[0m?[0;34m	at java.base/java.lang.reflect.Method.invoke(Method.java:568) ~[na:na]
?[0m?[0;34m	at org.junit.runners.model.FrameworkMethod$1.runReflectiveCall(FrameworkMethod.java:59) ~[junit-4.13.2.jar:4.13.2]
?[0m?[0;34m	at org.junit.internal.runners.model.ReflectiveCallable.run(ReflectiveCallable.java:12) ~[junit-4.13.2.jar:4.13.2]
?[0m?[0;34m	at org.junit.runners.model.FrameworkMethod.invokeExplosively(FrameworkMethod.java:56) ~[junit-4.13.2.jar:4.13.2]
?[0m?[0;34m	at org.junit.internal.runners.statements.InvokeMethod.evaluate(InvokeMethod.java:17) ~[junit-4.13.2.jar:4.13.2]
?[0m?[0;34m	at org.junit.internal.runners.statements.RunAfters.evaluate(RunAfters.java:27) ~[junit-4.13.2.jar:4.13.2]
?[0m?[0;34m	at org.junit.runners.ParentRunner$3.evaluate(ParentRunner.java:306) ~[junit-4.13.2.jar:4.13.2]
?[0m?[0;34m	at org.junit.runners.BlockJUnit4ClassRunner$1.evaluate(BlockJUnit4ClassRunner.java:100) ~[junit-4.13.2.jar:4.13.2]
?[0m?[0;34m	at org.junit.runners.ParentRunner.runLeaf(ParentRunner.java:366) ~[junit-4.13.2.jar:4.13.2]
?[0m?[0;34m	at org.junit.runners.BlockJUnit4ClassRunner.runChild(BlockJUnit4ClassRunner.java:103) ~[junit-4.13.2.jar:4.13.2]
?[0m?[0;34m	at org.junit.runners.BlockJUnit4ClassRunner.runChild(BlockJUnit4ClassRunner.java:63) ~[junit-4.13.2.jar:4.13.2]
?[0m?[0;34m	at org.junit.runners.ParentRunner$4.run(ParentRunner.java:331) ~[junit-4.13.2.jar:4.13.2]
?[0m?[0;34m	at org.junit.runners.ParentRunner$1.schedule(ParentRunner.java:79) ~[junit-4.13.2.jar:4.13.2]
?[0m?[0;34m	at org.junit.runners.ParentRunner.runChildren(ParentRunner.java:329) ~[junit-4.13.2.jar:4.13.2]
?[0m?[0;34m	at org.junit.runners.ParentRunner.access$100(ParentRunner.java:66) ~[junit-4.13.2.jar:4.13.2]
?[0m?[0;34m	at org.junit.runners.ParentRunner$2.evaluate(ParentRunner.java:293) ~[junit-4.13.2.jar:4.13.2]
?[0m?[0;34m	at org.junit.runners.ParentRunner$3.evaluate(ParentRunner.java:306) ~[junit-4.13.2.jar:4.13.2]
?[0m?[0;34m	at org.junit.runners.ParentRunner.run(ParentRunner.java:413) ~[junit-4.13.2.jar:4.13.2]
?[0m?[0;34m	at org.gradle.api.internal.tasks.testing.junit.JUnitTestClassExecutor.runTestClass(JUnitTestClassExecutor.java:108) ~[na:na]
?[0m?[0;34m	at org.gradle.api.internal.tasks.testing.junit.JUnitTestClassExecutor.execute(JUnitTestClassExecutor.java:57) ~[na:na]
?[0m?[0;34m	at org.gradle.api.internal.tasks.testing.junit.JUnitTestClassExecutor.execute(JUnitTestClassExecutor.java:39) ~[na:na]
?[0m?[0;34m	at org.gradle.api.internal.tasks.testing.junit.AbstractJUnitTestClassProcessor.processTestClass(AbstractJUnitTestClassProcessor.java:62) ~[na:na]
?[0m?[0;34m	at org.gradle.api.internal.tasks.testing.SuiteTestClassProcessor.processTestClass(SuiteTestClassProcessor.java:52) ~[na:na]
?[0m?[0;34m	at java.base/jdk.internal.reflect.NativeMethodAccessorImpl.invoke0(Native Method) ~[na:na]
?[0m?[0;34m	at java.base/jdk.internal.reflect.NativeMethodAccessorImpl.invoke(NativeMethodAccessorImpl.java:77) ~[na:na]
?[0m?[0;34m	at java.base/jdk.internal.reflect.DelegatingMethodAccessorImpl.invoke(DelegatingMethodAccessorImpl.java:43) ~[na:na]
?[0m?[0;34m	at java.base/java.lang.reflect.Method.invoke(Method.java:568) ~[na:na]
?[0m?[0;34m	at org.gradle.internal.dispatch.ReflectionDispatch.dispatch(ReflectionDispatch.java:36) ~[na:na]
?[0m?[0;34m	at org.gradle.internal.dispatch.ReflectionDispatch.dispatch(ReflectionDispatch.java:24) ~[na:na]
?[0m?[0;34m	at org.gradle.internal.dispatch.ContextClassLoaderDispatch.dispatch(ContextClassLoaderDispatch.java:33) ~[na:na]
?[0m?[0;34m	at org.gradle.internal.dispatch.ProxyDispatchAdapter$DispatchingInvocationHandler.invoke(ProxyDispatchAdapter.java:94) ~[na:na]
?[0m?[0;34m	at jdk.proxy1/jdk.proxy1.$Proxy2.processTestClass(Unknown Source) ~[na:na]
?[0m?[0;34m	at org.gradle.api.internal.tasks.testing.worker.TestWorker$2.run(TestWorker.java:176) ~[na:na]
?[0m?[0;34m	at org.gradle.api.internal.tasks.testing.worker.TestWorker.executeAndMaintainThreadName(TestWorker.java:129) ~[na:na]
?[0m?[0;34m	at org.gradle.api.internal.tasks.testing.worker.TestWorker.execute(TestWorker.java:100) ~[na:na]
?[0m?[0;34m	at org.gradle.api.internal.tasks.testing.worker.TestWorker.execute(TestWorker.java:60) ~[na:na]
?[0m?[0;34m	at org.gradle.process.internal.worker.child.ActionExecutionWorker.execute(ActionExecutionWorker.java:56) ~[na:na]
?[0m?[0;34m	at org.gradle.process.internal.worker.child.SystemApplicationClassLoaderWorker.call(SystemApplicationClassLoaderWorker.java:113) ~[na:na]
?[0m?[0;34m	at org.gradle.process.internal.worker.child.SystemApplicationClassLoaderWorker.call(SystemApplicationClassLoaderWorker.java:65) ~[na:na]
?[0m?[0;34m	at worker.org.gradle.process.internal.worker.GradleWorkerMain.run(GradleWorkerMain.java:69) ~[gradle-worker.jar:na]
?[0m?[0;34m	at worker.org.gradle.process.internal.worker.GradleWorkerMain.main(GradleWorkerMain.java:74) ~[gradle-worker.jar:na]
?[0m?[0;34m
?[0m?[0;34m?[2m2023-06-21T15:48:05.426-04:00?[0;39m ?[33m WARN?[0;39m ?[35m31896?[0;39m ?[2m---?[0;39m ?[2m[    Test worker]?[0;39m ?[36m.t.u.s.PrivilegedSetAccessControlContext?[0;39m ?[2m:?[0;39m Unable to set field Thread.inheritedAccessControlContext
?[0m?[0;34m
?[0m?[0;34mjava.lang.IllegalAccessException: class org.apache.tomcat.util.security.PrivilegedSetAccessControlContext cannot access a member of class java.lang.Thread (in module java.base) with modifiers "private"
?[0m?[0;34m	at java.base/jdk.internal.reflect.Reflection.newIllegalAccessException(Reflection.java:392) ~[na:na]
?[0m?[0;34m	at java.base/java.lang.reflect.AccessibleObject.checkAccess(AccessibleObject.java:674) ~[na:na]
?[0m?[0;34m	at java.base/java.lang.reflect.Field.checkAccess(Field.java:1102) ~[na:na]
?[0m?[0;34m	at java.base/java.lang.reflect.Field.set(Field.java:797) ~[na:na]
?[0m?[0;34m	at org.apache.tomcat.util.security.PrivilegedSetAccessControlContext.run(PrivilegedSetAccessControlContext.java:60) ~[tomcat-embed-core-10.1.5.jar:10.1.5]
?[0m?[0;34m	at org.apache.tomcat.util.security.PrivilegedSetAccessControlContext.run(PrivilegedSetAccessControlContext.java:28) ~[tomcat-embed-core-10.1.5.jar:10.1.5]
?[0m?[0;34m	at java.base/java.security.AccessController.doPrivileged(AccessController.java:318) ~[na:na]
?[0m?[0;34m	at org.apache.tomcat.util.threads.TaskThreadFactory.newThread(TaskThreadFactory.java:64) ~[tomcat-embed-core-10.1.5.jar:10.1.5]
?[0m?[0;34m	at org.apache.tomcat.util.threads.ThreadPoolExecutor$Worker.<init>(ThreadPoolExecutor.java:653) ~[tomcat-embed-core-10.1.5.jar:10.1.5]
?[0m?[0;34m	at org.apache.tomcat.util.threads.ThreadPoolExecutor.addWorker(ThreadPoolExecutor.java:957) ~[tomcat-embed-core-10.1.5.jar:10.1.5]
?[0m?[0;34m	at org.apache.tomcat.util.threads.ThreadPoolExecutor.prestartAllCoreThreads(ThreadPoolExecutor.java:1694) ~[tomcat-embed-core-10.1.5.jar:10.1.5]
?[0m?[0;34m	at org.apache.tomcat.util.threads.ThreadPoolExecutor.<init>(ThreadPoolExecutor.java:1370) ~[tomcat-embed-core-10.1.5.jar:10.1.5]
?[0m?[0;34m	at org.apache.tomcat.util.threads.ThreadPoolExecutor.<init>(ThreadPoolExecutor.java:1280) ~[tomcat-embed-core-10.1.5.jar:10.1.5]
?[0m?[0;34m	at org.apache.tomcat.util.net.AbstractEndpoint.createExecutor(AbstractEndpoint.java:948) ~[tomcat-embed-core-10.1.5.jar:10.1.5]
?[0m?[0;34m	at org.apache.tomcat.util.net.NioEndpoint.startInternal(NioEndpoint.java:279) ~[tomcat-embed-core-10.1.5.jar:10.1.5]
?[0m?[0;34m	at org.apache.tomcat.util.net.AbstractEndpoint.start(AbstractEndpoint.java:1261) ~[tomcat-embed-core-10.1.5.jar:10.1.5]
?[0m?[0;34m	at org.apache.coyote.AbstractProtocol.start(AbstractProtocol.java:586) ~[tomcat-embed-core-10.1.5.jar:10.1.5]
?[0m?[0;34m	at org.apache.catalina.connector.Connector.startInternal(Connector.java:1081) ~[tomcat-embed-core-10.1.5.jar:10.1.5]
?[0m?[0;34m	at org.apache.catalina.util.LifecycleBase.start(LifecycleBase.java:183) ~[tomcat-embed-core-10.1.5.jar:10.1.5]
?[0m?[0;34m	at org.apache.catalina.core.StandardService.addConnector(StandardService.java:234) ~[tomcat-embed-core-10.1.5.jar:10.1.5]
?[0m?[0;34m	at org.springframework.boot.web.embedded.tomcat.TomcatWebServer.addPreviouslyRemovedConnectors(TomcatWebServer.java:282) ~[spring-boot-3.0.2.jar:3.0.2]
?[0m?[0;34m	at org.springframework.boot.web.embedded.tomcat.TomcatWebServer.start(TomcatWebServer.java:213) ~[spring-boot-3.0.2.jar:3.0.2]
?[0m?[0;34m	at org.springframework.boot.web.servlet.context.WebServerStartStopLifecycle.start(WebServerStartStopLifecycle.java:44) ~[spring-boot-3.0.2.jar:3.0.2]
?[0m?[0;34m	at org.springframework.context.support.DefaultLifecycleProcessor.doStart(DefaultLifecycleProcessor.java:178) ~[spring-context-6.0.4.jar:6.0.4]
?[0m?[0;34m	at org.springframework.context.support.DefaultLifecycleProcessor$LifecycleGroup.start(DefaultLifecycleProcessor.java:356) ~[spring-context-6.0.4.jar:6.0.4]
?[0m?[0;34m	at java.base/java.lang.Iterable.forEach(Iterable.java:75) ~[na:na]
?[0m?[0;34m	at org.springframework.context.support.DefaultLifecycleProcessor.startBeans(DefaultLifecycleProcessor.java:155) ~[spring-context-6.0.4.jar:6.0.4]
?[0m?[0;34m	at org.springframework.context.support.DefaultLifecycleProcessor.onRefresh(DefaultLifecycleProcessor.java:123) ~[spring-context-6.0.4.jar:6.0.4]
?[0m?[0;34m	at org.springframework.context.support.AbstractApplicationContext.finishRefresh(AbstractApplicationContext.java:932) ~[spring-context-6.0.4.jar:6.0.4]
?[0m?[0;34m	at org.springframework.context.support.AbstractApplicationContext.refresh(AbstractApplicationContext.java:587) ~[spring-context-6.0.4.jar:6.0.4]
?[0m?[0;34m	at org.springframework.boot.web.servlet.context.ServletWebServerApplicationContext.refresh(ServletWebServerApplicationContext.java:146) ~[spring-boot-3.0.2.jar:3.0.2]
?[0m?[0;34m	at org.springframework.boot.SpringApplication.refresh(SpringApplication.java:730) ~[spring-boot-3.0.2.jar:3.0.2]
?[0m?[0;34m	at org.springframework.boot.SpringApplication.refreshContext(SpringApplication.java:432) ~[spring-boot-3.0.2.jar:3.0.2]
?[0m?[0;34m	at org.springframework.boot.SpringApplication.run(SpringApplication.java:308) ~[spring-boot-3.0.2.jar:3.0.2]
?[0m?[0;34m	at org.springframework.boot.SpringApplication.run(SpringApplication.java:1302) ~[spring-boot-3.0.2.jar:3.0.2]
?[0m?[0;34m	at org.springframework.boot.SpringApplication.run(SpringApplication.java:1291) ~[spring-boot-3.0.2.jar:3.0.2]
?[0m?[0;34m	at account.AccountServiceApplication.main(AccountServiceApplication.java:14) ~[main/:na]
?[0m?[0;34m	at java.base/jdk.internal.reflect.NativeMethodAccessorImpl.invoke0(Native Method) ~[na:na]
?[0m?[0;34m	at java.base/jdk.internal.reflect.NativeMethodAccessorImpl.invoke(NativeMethodAccessorImpl.java:77) ~[na:na]
?[0m?[0;34m	at java.base/jdk.internal.reflect.DelegatingMethodAccessorImpl.invoke(DelegatingMethodAccessorImpl.java:43) ~[na:na]
?[0m?[0;34m	at java.base/java.lang.reflect.Method.invoke(Method.java:568) ~[na:na]
?[0m?[0;34m	at org.hyperskill.hstest.stage.SpringTest.startSpring(SpringTest.java:187) ~[hs-test-release-SNAPSHOT.jar:na]
?[0m?[0;34m	at org.hyperskill.hstest.stage.SpringTest.reloadSpring(SpringTest.java:239) ~[hs-test-release-SNAPSHOT.jar:na]
?[0m?[0;34m	at AccountServiceTest.restartApplication(AccountServiceTest.java:262) ~[test/:na]
?[0m?[0;34m	at AccountServiceTest.lambda$new$45(AccountServiceTest.java:452) ~[test/:na]
?[0m?[0;34m	at org.hyperskill.hstest.dynamic.input.DynamicTesting.lambda$searchDynamicTests$3(DynamicTesting.java:289) ~[hs-test-release-SNAPSHOT.jar:na]
?[0m?[0;34m	at org.hyperskill.hstest.dynamic.input.DynamicTesting$1DynamicTestElement.lambda$getTests$0(DynamicTesting.java:252) ~[hs-test-release-SNAPSHOT.jar:na]
?[0m?[0;34m	at org.hyperskill.hstest.testing.runner.SpringApplicationRunner.test(SpringApplicationRunner.java:43) ~[hs-test-release-SNAPSHOT.jar:na]
?[0m?[0;34m	at org.hyperskill.hstest.testing.TestRun.test(TestRun.java:94) ~[hs-test-release-SNAPSHOT.jar:na]
?[0m?[0;34m	at org.hyperskill.hstest.stage.StageTest.start(StageTest.java:164) ~[hs-test-release-SNAPSHOT.jar:na]
?[0m?[0;34m	at java.base/jdk.internal.reflect.NativeMethodAccessorImpl.invoke0(Native Method) ~[na:na]
?[0m?[0;34m	at java.base/jdk.internal.reflect.NativeMethodAccessorImpl.invoke(NativeMethodAccessorImpl.java:77) ~[na:na]
?[0m?[0;34m	at java.base/jdk.internal.reflect.DelegatingMethodAccessorImpl.invoke(DelegatingMethodAccessorImpl.java:43) ~[na:na]
?[0m?[0;34m	at java.base/java.lang.reflect.Method.invoke(Method.java:568) ~[na:na]
?[0m?[0;34m	at org.junit.runners.model.FrameworkMethod$1.runReflectiveCall(FrameworkMethod.java:59) ~[junit-4.13.2.jar:4.13.2]
?[0m?[0;34m	at org.junit.internal.runners.model.ReflectiveCallable.run(ReflectiveCallable.java:12) ~[junit-4.13.2.jar:4.13.2]
?[0m?[0;34m	at org.junit.runners.model.FrameworkMethod.invokeExplosively(FrameworkMethod.java:56) ~[junit-4.13.2.jar:4.13.2]
?[0m?[0;34m	at org.junit.internal.runners.statements.InvokeMethod.evaluate(InvokeMethod.java:17) ~[junit-4.13.2.jar:4.13.2]
?[0m?[0;34m	at org.junit.internal.runners.statements.RunAfters.evaluate(RunAfters.java:27) ~[junit-4.13.2.jar:4.13.2]
?[0m?[0;34m	at org.junit.runners.ParentRunner$3.evaluate(ParentRunner.java:306) ~[junit-4.13.2.jar:4.13.2]
?[0m?[0;34m	at org.junit.runners.BlockJUnit4ClassRunner$1.evaluate(BlockJUnit4ClassRunner.java:100) ~[junit-4.13.2.jar:4.13.2]
?[0m?[0;34m	at org.junit.runners.ParentRunner.runLeaf(ParentRunner.java:366) ~[junit-4.13.2.jar:4.13.2]
?[0m?[0;34m	at org.junit.runners.BlockJUnit4ClassRunner.runChild(BlockJUnit4ClassRunner.java:103) ~[junit-4.13.2.jar:4.13.2]
?[0m?[0;34m	at org.junit.runners.BlockJUnit4ClassRunner.runChild(BlockJUnit4ClassRunner.java:63) ~[junit-4.13.2.jar:4.13.2]
?[0m?[0;34m	at org.junit.runners.ParentRunner$4.run(ParentRunner.java:331) ~[junit-4.13.2.jar:4.13.2]
?[0m?[0;34m	at org.junit.runners.ParentRunner$1.schedule(ParentRunner.java:79) ~[junit-4.13.2.jar:4.13.2]
?[0m?[0;34m	at org.junit.runners.ParentRunner.runChildren(ParentRunner.java:329) ~[junit-4.13.2.jar:4.13.2]
?[0m?[0;34m	at org.junit.runners.ParentRunner.access$100(ParentRunner.java:66) ~[junit-4.13.2.jar:4.13.2]
?[0m?[0;34m	at org.junit.runners.ParentRunner$2.evaluate(ParentRunner.java:293) ~[junit-4.13.2.jar:4.13.2]
?[0m?[0;34m	at org.junit.runners.ParentRunner$3.evaluate(ParentRunner.java:306) ~[junit-4.13.2.jar:4.13.2]
?[0m?[0;34m	at org.junit.runners.ParentRunner.run(ParentRunner.java:413) ~[junit-4.13.2.jar:4.13.2]
?[0m?[0;34m	at org.gradle.api.internal.tasks.testing.junit.JUnitTestClassExecutor.runTestClass(JUnitTestClassExecutor.java:108) ~[na:na]
?[0m?[0;34m	at org.gradle.api.internal.tasks.testing.junit.JUnitTestClassExecutor.execute(JUnitTestClassExecutor.java:57) ~[na:na]
?[0m?[0;34m	at org.gradle.api.internal.tasks.testing.junit.JUnitTestClassExecutor.execute(JUnitTestClassExecutor.java:39) ~[na:na]
?[0m?[0;34m	at org.gradle.api.internal.tasks.testing.junit.AbstractJUnitTestClassProcessor.processTestClass(AbstractJUnitTestClassProcessor.java:62) ~[na:na]
?[0m?[0;34m	at org.gradle.api.internal.tasks.testing.SuiteTestClassProcessor.processTestClass(SuiteTestClassProcessor.java:52) ~[na:na]
?[0m?[0;34m	at java.base/jdk.internal.reflect.NativeMethodAccessorImpl.invoke0(Native Method) ~[na:na]
?[0m?[0;34m	at java.base/jdk.internal.reflect.NativeMethodAccessorImpl.invoke(NativeMethodAccessorImpl.java:77) ~[na:na]
?[0m?[0;34m	at java.base/jdk.internal.reflect.DelegatingMethodAccessorImpl.invoke(DelegatingMethodAccessorImpl.java:43) ~[na:na]
?[0m?[0;34m	at java.base/java.lang.reflect.Method.invoke(Method.java:568) ~[na:na]
?[0m?[0;34m	at org.gradle.internal.dispatch.ReflectionDispatch.dispatch(ReflectionDispatch.java:36) ~[na:na]
?[0m?[0;34m	at org.gradle.internal.dispatch.ReflectionDispatch.dispatch(ReflectionDispatch.java:24) ~[na:na]
?[0m?[0;34m	at org.gradle.internal.dispatch.ContextClassLoaderDispatch.dispatch(ContextClassLoaderDispatch.java:33) ~[na:na]
?[0m?[0;34m	at org.gradle.internal.dispatch.ProxyDispatchAdapter$DispatchingInvocationHandler.invoke(ProxyDispatchAdapter.java:94) ~[na:na]
?[0m?[0;34m	at jdk.proxy1/jdk.proxy1.$Proxy2.processTestClass(Unknown Source) ~[na:na]
?[0m?[0;34m	at org.gradle.api.internal.tasks.testing.worker.TestWorker$2.run(TestWorker.java:176) ~[na:na]
?[0m?[0;34m	at org.gradle.api.internal.tasks.testing.worker.TestWorker.executeAndMaintainThreadName(TestWorker.java:129) ~[na:na]
?[0m?[0;34m	at org.gradle.api.internal.tasks.testing.worker.TestWorker.execute(TestWorker.java:100) ~[na:na]
?[0m?[0;34m	at org.gradle.api.internal.tasks.testing.worker.TestWorker.execute(TestWorker.java:60) ~[na:na]
?[0m?[0;34m	at org.gradle.process.internal.worker.child.ActionExecutionWorker.execute(ActionExecutionWorker.java:56) ~[na:na]
?[0m?[0;34m	at org.gradle.process.internal.worker.child.SystemApplicationClassLoaderWorker.call(SystemApplicationClassLoaderWorker.java:113) ~[na:na]
?[0m?[0;34m	at org.gradle.process.internal.worker.child.SystemApplicationClassLoaderWorker.call(SystemApplicationClassLoaderWorker.java:65) ~[na:na]
?[0m?[0;34m	at worker.org.gradle.process.internal.worker.GradleWorkerMain.run(GradleWorkerMain.java:69) ~[gradle-worker.jar:na]
?[0m?[0;34m	at worker.org.gradle.process.internal.worker.GradleWorkerMain.main(GradleWorkerMain.java:74) ~[gradle-worker.jar:na]
?[0m?[0;34m
?[0m?[0;34m?[2m2023-06-21T15:48:05.429-04:00?[0;39m ?[33m WARN?[0;39m ?[35m31896?[0;39m ?[2m---?[0;39m ?[2m[    Test worker]?[0;39m ?[36m.t.u.s.PrivilegedSetAccessControlContext?[0;39m ?[2m:?[0;39m Unable to set field Thread.inheritedAccessControlContext
?[0m?[0;34m
?[0m?[0;34mjava.lang.IllegalAccessException: class org.apache.tomcat.util.security.PrivilegedSetAccessControlContext cannot access a member of class java.lang.Thread (in module java.base) with modifiers "private"
?[0m?[0;34m	at java.base/jdk.internal.reflect.Reflection.newIllegalAccessException(Reflection.java:392) ~[na:na]
?[0m?[0;34m	at java.base/java.lang.reflect.AccessibleObject.checkAccess(AccessibleObject.java:674) ~[na:na]
?[0m?[0;34m	at java.base/java.lang.reflect.Field.checkAccess(Field.java:1102) ~[na:na]
?[0m?[0;34m	at java.base/java.lang.reflect.Field.set(Field.java:797) ~[na:na]
?[0m?[0;34m	at org.apache.tomcat.util.security.PrivilegedSetAccessControlContext.run(PrivilegedSetAccessControlContext.java:60) ~[tomcat-embed-core-10.1.5.jar:10.1.5]
?[0m?[0;34m	at org.apache.tomcat.util.security.PrivilegedSetAccessControlContext.run(PrivilegedSetAccessControlContext.java:28) ~[tomcat-embed-core-10.1.5.jar:10.1.5]
?[0m?[0;34m	at java.base/java.security.AccessController.doPrivileged(AccessController.java:318) ~[na:na]
?[0m?[0;34m	at org.apache.tomcat.util.threads.TaskThreadFactory.newThread(TaskThreadFactory.java:64) ~[tomcat-embed-core-10.1.5.jar:10.1.5]
?[0m?[0;34m	at org.apache.tomcat.util.threads.ThreadPoolExecutor$Worker.<init>(ThreadPoolExecutor.java:653) ~[tomcat-embed-core-10.1.5.jar:10.1.5]
?[0m?[0;34m	at org.apache.tomcat.util.threads.ThreadPoolExecutor.addWorker(ThreadPoolExecutor.java:957) ~[tomcat-embed-core-10.1.5.jar:10.1.5]
?[0m?[0;34m	at org.apache.tomcat.util.threads.ThreadPoolExecutor.prestartAllCoreThreads(ThreadPoolExecutor.java:1694) ~[tomcat-embed-core-10.1.5.jar:10.1.5]
?[0m?[0;34m	at org.apache.tomcat.util.threads.ThreadPoolExecutor.<init>(ThreadPoolExecutor.java:1370) ~[tomcat-embed-core-10.1.5.jar:10.1.5]
?[0m?[0;34m	at org.apache.tomcat.util.threads.ThreadPoolExecutor.<init>(ThreadPoolExecutor.java:1280) ~[tomcat-embed-core-10.1.5.jar:10.1.5]
?[0m?[0;34m	at org.apache.tomcat.util.net.AbstractEndpoint.createExecutor(AbstractEndpoint.java:948) ~[tomcat-embed-core-10.1.5.jar:10.1.5]
?[0m?[0;34m	at org.apache.tomcat.util.net.NioEndpoint.startInternal(NioEndpoint.java:279) ~[tomcat-embed-core-10.1.5.jar:10.1.5]
?[0m?[0;34m	at org.apache.tomcat.util.net.AbstractEndpoint.start(AbstractEndpoint.java:1261) ~[tomcat-embed-core-10.1.5.jar:10.1.5]
?[0m?[0;34m	at org.apache.coyote.AbstractProtocol.start(AbstractProtocol.java:586) ~[tomcat-embed-core-10.1.5.jar:10.1.5]
?[0m?[0;34m	at org.apache.catalina.connector.Connector.startInternal(Connector.java:1081) ~[tomcat-embed-core-10.1.5.jar:10.1.5]
?[0m?[0;34m	at org.apache.catalina.util.LifecycleBase.start(LifecycleBase.java:183) ~[tomcat-embed-core-10.1.5.jar:10.1.5]
?[0m?[0;34m	at org.apache.catalina.core.StandardService.addConnector(StandardService.java:234) ~[tomcat-embed-core-10.1.5.jar:10.1.5]
?[0m?[0;34m	at org.springframework.boot.web.embedded.tomcat.TomcatWebServer.addPreviouslyRemovedConnectors(TomcatWebServer.java:282) ~[spring-boot-3.0.2.jar:3.0.2]
?[0m?[0;34m	at org.springframework.boot.web.embedded.tomcat.TomcatWebServer.start(TomcatWebServer.java:213) ~[spring-boot-3.0.2.jar:3.0.2]
?[0m?[0;34m	at org.springframework.boot.web.servlet.context.WebServerStartStopLifecycle.start(WebServerStartStopLifecycle.java:44) ~[spring-boot-3.0.2.jar:3.0.2]
?[0m?[0;34m	at org.springframework.context.support.DefaultLifecycleProcessor.doStart(DefaultLifecycleProcessor.java:178) ~[spring-context-6.0.4.jar:6.0.4]
?[0m?[0;34m	at org.springframework.context.support.DefaultLifecycleProcessor$LifecycleGroup.start(DefaultLifecycleProcessor.java:356) ~[spring-context-6.0.4.jar:6.0.4]
?[0m?[0;34m	at java.base/java.lang.Iterable.forEach(Iterable.java:75) ~[na:na]
?[0m?[0;34m	at org.springframework.context.support.DefaultLifecycleProcessor.startBeans(DefaultLifecycleProcessor.java:155) ~[spring-context-6.0.4.jar:6.0.4]
?[0m?[0;34m	at org.springframework.context.support.DefaultLifecycleProcessor.onRefresh(DefaultLifecycleProcessor.java:123) ~[spring-context-6.0.4.jar:6.0.4]
?[0m?[0;34m	at org.springframework.context.support.AbstractApplicationContext.finishRefresh(AbstractApplicationContext.java:932) ~[spring-context-6.0.4.jar:6.0.4]
?[0m?[0;34m	at org.springframework.context.support.AbstractApplicationContext.refresh(AbstractApplicationContext.java:587) ~[spring-context-6.0.4.jar:6.0.4]
?[0m?[0;34m	at org.springframework.boot.web.servlet.context.ServletWebServerApplicationContext.refresh(ServletWebServerApplicationContext.java:146) ~[spring-boot-3.0.2.jar:3.0.2]
?[0m?[0;34m	at org.springframework.boot.SpringApplication.refresh(SpringApplication.java:730) ~[spring-boot-3.0.2.jar:3.0.2]
?[0m?[0;34m	at org.springframework.boot.SpringApplication.refreshContext(SpringApplication.java:432) ~[spring-boot-3.0.2.jar:3.0.2]
?[0m?[0;34m	at org.springframework.boot.SpringApplication.run(SpringApplication.java:308) ~[spring-boot-3.0.2.jar:3.0.2]
?[0m?[0;34m	at org.springframework.boot.SpringApplication.run(SpringApplication.java:1302) ~[spring-boot-3.0.2.jar:3.0.2]
?[0m?[0;34m	at org.springframework.boot.SpringApplication.run(SpringApplication.java:1291) ~[spring-boot-3.0.2.jar:3.0.2]
?[0m?[0;34m	at account.AccountServiceApplication.main(AccountServiceApplication.java:14) ~[main/:na]
?[0m?[0;34m	at java.base/jdk.internal.reflect.NativeMethodAccessorImpl.invoke0(Native Method) ~[na:na]
?[0m?[0;34m	at java.base/jdk.internal.reflect.NativeMethodAccessorImpl.invoke(NativeMethodAccessorImpl.java:77) ~[na:na]
?[0m?[0;34m	at java.base/jdk.internal.reflect.DelegatingMethodAccessorImpl.invoke(DelegatingMethodAccessorImpl.java:43) ~[na:na]
?[0m?[0;34m	at java.base/java.lang.reflect.Method.invoke(Method.java:568) ~[na:na]
?[0m?[0;34m	at org.hyperskill.hstest.stage.SpringTest.startSpring(SpringTest.java:187) ~[hs-test-release-SNAPSHOT.jar:na]
?[0m?[0;34m	at org.hyperskill.hstest.stage.SpringTest.reloadSpring(SpringTest.java:239) ~[hs-test-release-SNAPSHOT.jar:na]
?[0m?[0;34m	at AccountServiceTest.restartApplication(AccountServiceTest.java:262) ~[test/:na]
?[0m?[0;34m	at AccountServiceTest.lambda$new$45(AccountServiceTest.java:452) ~[test/:na]
?[0m?[0;34m	at org.hyperskill.hstest.dynamic.input.DynamicTesting.lambda$searchDynamicTests$3(DynamicTesting.java:289) ~[hs-test-release-SNAPSHOT.jar:na]
?[0m?[0;34m	at org.hyperskill.hstest.dynamic.input.DynamicTesting$1DynamicTestElement.lambda$getTests$0(DynamicTesting.java:252) ~[hs-test-release-SNAPSHOT.jar:na]
?[0m?[0;34m	at org.hyperskill.hstest.testing.runner.SpringApplicationRunner.test(SpringApplicationRunner.java:43) ~[hs-test-release-SNAPSHOT.jar:na]
?[0m?[0;34m	at org.hyperskill.hstest.testing.TestRun.test(TestRun.java:94) ~[hs-test-release-SNAPSHOT.jar:na]
?[0m?[0;34m	at org.hyperskill.hstest.stage.StageTest.start(StageTest.java:164) ~[hs-test-release-SNAPSHOT.jar:na]
?[0m?[0;34m	at java.base/jdk.internal.reflect.NativeMethodAccessorImpl.invoke0(Native Method) ~[na:na]
?[0m?[0;34m	at java.base/jdk.internal.reflect.NativeMethodAccessorImpl.invoke(NativeMethodAccessorImpl.java:77) ~[na:na]
?[0m?[0;34m	at java.base/jdk.internal.reflect.DelegatingMethodAccessorImpl.invoke(DelegatingMethodAccessorImpl.java:43) ~[na:na]
?[0m?[0;34m	at java.base/java.lang.reflect.Method.invoke(Method.java:568) ~[na:na]
?[0m?[0;34m	at org.junit.runners.model.FrameworkMethod$1.runReflectiveCall(FrameworkMethod.java:59) ~[junit-4.13.2.jar:4.13.2]
?[0m?[0;34m	at org.junit.internal.runners.model.ReflectiveCallable.run(ReflectiveCallable.java:12) ~[junit-4.13.2.jar:4.13.2]
?[0m?[0;34m	at org.junit.runners.model.FrameworkMethod.invokeExplosively(FrameworkMethod.java:56) ~[junit-4.13.2.jar:4.13.2]
?[0m?[0;34m	at org.junit.internal.runners.statements.InvokeMethod.evaluate(InvokeMethod.java:17) ~[junit-4.13.2.jar:4.13.2]
?[0m?[0;34m	at org.junit.internal.runners.statements.RunAfters.evaluate(RunAfters.java:27) ~[junit-4.13.2.jar:4.13.2]
?[0m?[0;34m	at org.junit.runners.ParentRunner$3.evaluate(ParentRunner.java:306) ~[junit-4.13.2.jar:4.13.2]
?[0m?[0;34m	at org.junit.runners.BlockJUnit4ClassRunner$1.evaluate(BlockJUnit4ClassRunner.java:100) ~[junit-4.13.2.jar:4.13.2]
?[0m?[0;34m	at org.junit.runners.ParentRunner.runLeaf(ParentRunner.java:366) ~[junit-4.13.2.jar:4.13.2]
?[0m?[0;34m	at org.junit.runners.BlockJUnit4ClassRunner.runChild(BlockJUnit4ClassRunner.java:103) ~[junit-4.13.2.jar:4.13.2]
?[0m?[0;34m	at org.junit.runners.BlockJUnit4ClassRunner.runChild(BlockJUnit4ClassRunner.java:63) ~[junit-4.13.2.jar:4.13.2]
?[0m?[0;34m	at org.junit.runners.ParentRunner$4.run(ParentRunner.java:331) ~[junit-4.13.2.jar:4.13.2]
?[0m?[0;34m	at org.junit.runners.ParentRunner$1.schedule(ParentRunner.java:79) ~[junit-4.13.2.jar:4.13.2]
?[0m?[0;34m	at org.junit.runners.ParentRunner.runChildren(ParentRunner.java:329) ~[junit-4.13.2.jar:4.13.2]
?[0m?[0;34m	at org.junit.runners.ParentRunner.access$100(ParentRunner.java:66) ~[junit-4.13.2.jar:4.13.2]
?[0m?[0;34m	at org.junit.runners.ParentRunner$2.evaluate(ParentRunner.java:293) ~[junit-4.13.2.jar:4.13.2]
?[0m?[0;34m	at org.junit.runners.ParentRunner$3.evaluate(ParentRunner.java:306) ~[junit-4.13.2.jar:4.13.2]
?[0m?[0;34m	at org.junit.runners.ParentRunner.run(ParentRunner.java:413) ~[junit-4.13.2.jar:4.13.2]
?[0m?[0;34m	at org.gradle.api.internal.tasks.testing.junit.JUnitTestClassExecutor.runTestClass(JUnitTestClassExecutor.java:108) ~[na:na]
?[0m?[0;34m	at org.gradle.api.internal.tasks.testing.junit.JUnitTestClassExecutor.execute(JUnitTestClassExecutor.java:57) ~[na:na]
?[0m?[0;34m	at org.gradle.api.internal.tasks.testing.junit.JUnitTestClassExecutor.execute(JUnitTestClassExecutor.java:39) ~[na:na]
?[0m?[0;34m	at org.gradle.api.internal.tasks.testing.junit.AbstractJUnitTestClassProcessor.processTestClass(AbstractJUnitTestClassProcessor.java:62) ~[na:na]
?[0m?[0;34m	at org.gradle.api.internal.tasks.testing.SuiteTestClassProcessor.processTestClass(SuiteTestClassProcessor.java:52) ~[na:na]
?[0m?[0;34m	at java.base/jdk.internal.reflect.NativeMethodAccessorImpl.invoke0(Native Method) ~[na:na]
?[0m?[0;34m	at java.base/jdk.internal.reflect.NativeMethodAccessorImpl.invoke(NativeMethodAccessorImpl.java:77) ~[na:na]
?[0m?[0;34m	at java.base/jdk.internal.reflect.DelegatingMethodAccessorImpl.invoke(DelegatingMethodAccessorImpl.java:43) ~[na:na]
?[0m?[0;34m	at java.base/java.lang.reflect.Method.invoke(Method.java:568) ~[na:na]
?[0m?[0;34m	at org.gradle.internal.dispatch.ReflectionDispatch.dispatch(ReflectionDispatch.java:36) ~[na:na]
?[0m?[0;34m	at org.gradle.internal.dispatch.ReflectionDispatch.dispatch(ReflectionDispatch.java:24) ~[na:na]
?[0m?[0;34m	at org.gradle.internal.dispatch.ContextClassLoaderDispatch.dispatch(ContextClassLoaderDispatch.java:33) ~[na:na]
?[0m?[0;34m	at org.gradle.internal.dispatch.ProxyDispatchAdapter$DispatchingInvocationHandler.invoke(ProxyDispatchAdapter.java:94) ~[na:na]
?[0m?[0;34m	at jdk.proxy1/jdk.proxy1.$Proxy2.processTestClass(Unknown Source) ~[na:na]
?[0m?[0;34m	at org.gradle.api.internal.tasks.testing.worker.TestWorker$2.run(TestWorker.java:176) ~[na:na]
?[0m?[0;34m	at org.gradle.api.internal.tasks.testing.worker.TestWorker.executeAndMaintainThreadName(TestWorker.java:129) ~[na:na]
?[0m?[0;34m	at org.gradle.api.internal.tasks.testing.worker.TestWorker.execute(TestWorker.java:100) ~[na:na]
?[0m?[0;34m	at org.gradle.api.internal.tasks.testing.worker.TestWorker.execute(TestWorker.java:60) ~[na:na]
?[0m?[0;34m	at org.gradle.process.internal.worker.child.ActionExecutionWorker.execute(ActionExecutionWorker.java:56) ~[na:na]
?[0m?[0;34m	at org.gradle.process.internal.worker.child.SystemApplicationClassLoaderWorker.call(SystemApplicationClassLoaderWorker.java:113) ~[na:na]
?[0m?[0;34m	at org.gradle.process.internal.worker.child.SystemApplicationClassLoaderWorker.call(SystemApplicationClassLoaderWorker.java:65) ~[na:na]
?[0m?[0;34m	at worker.org.gradle.process.internal.worker.GradleWorkerMain.run(GradleWorkerMain.java:69) ~[gradle-worker.jar:na]
?[0m?[0;34m	at worker.org.gradle.process.internal.worker.GradleWorkerMain.main(GradleWorkerMain.java:74) ~[gradle-worker.jar:na]
?[0m?[0;34m
?[0m?[0;34m?[2m2023-06-21T15:48:05.433-04:00?[0;39m ?[33m WARN?[0;39m ?[35m31896?[0;39m ?[2m---?[0;39m ?[2m[    Test worker]?[0;39m ?[36m.t.u.s.PrivilegedSetAccessControlContext?[0;39m ?[2m:?[0;39m Unable to set field Thread.inheritedAccessControlContext
?[0m?[0;34m
?[0m?[0;34mjava.lang.IllegalAccessException: class org.apache.tomcat.util.security.PrivilegedSetAccessControlContext cannot access a member of class java.lang.Thread (in module java.base) with modifiers "private"
?[0m?[0;34m	at java.base/jdk.internal.reflect.Reflection.newIllegalAccessException(Reflection.java:392) ~[na:na]
?[0m?[0;34m	at java.base/java.lang.reflect.AccessibleObject.checkAccess(AccessibleObject.java:674) ~[na:na]
?[0m?[0;34m	at java.base/java.lang.reflect.Field.checkAccess(Field.java:1102) ~[na:na]
?[0m?[0;34m	at java.base/java.lang.reflect.Field.set(Field.java:797) ~[na:na]
?[0m?[0;34m	at org.apache.tomcat.util.security.PrivilegedSetAccessControlContext.run(PrivilegedSetAccessControlContext.java:60) ~[tomcat-embed-core-10.1.5.jar:10.1.5]
?[0m?[0;34m	at org.apache.tomcat.util.security.PrivilegedSetAccessControlContext.run(PrivilegedSetAccessControlContext.java:28) ~[tomcat-embed-core-10.1.5.jar:10.1.5]
?[0m?[0;34m	at java.base/java.security.AccessController.doPrivileged(AccessController.java:318) ~[na:na]
?[0m?[0;34m	at org.apache.tomcat.util.threads.TaskThreadFactory.newThread(TaskThreadFactory.java:64) ~[tomcat-embed-core-10.1.5.jar:10.1.5]
?[0m?[0;34m	at org.apache.tomcat.util.threads.ThreadPoolExecutor$Worker.<init>(ThreadPoolExecutor.java:653) ~[tomcat-embed-core-10.1.5.jar:10.1.5]
?[0m?[0;34m	at org.apache.tomcat.util.threads.ThreadPoolExecutor.addWorker(ThreadPoolExecutor.java:957) ~[tomcat-embed-core-10.1.5.jar:10.1.5]
?[0m?[0;34m	at org.apache.tomcat.util.threads.ThreadPoolExecutor.prestartAllCoreThreads(ThreadPoolExecutor.java:1694) ~[tomcat-embed-core-10.1.5.jar:10.1.5]
?[0m?[0;34m	at org.apache.tomcat.util.threads.ThreadPoolExecutor.<init>(ThreadPoolExecutor.java:1370) ~[tomcat-embed-core-10.1.5.jar:10.1.5]
?[0m?[0;34m	at org.apache.tomcat.util.threads.ThreadPoolExecutor.<init>(ThreadPoolExecutor.java:1280) ~[tomcat-embed-core-10.1.5.jar:10.1.5]
?[0m?[0;34m	at org.apache.tomcat.util.net.AbstractEndpoint.createExecutor(AbstractEndpoint.java:948) ~[tomcat-embed-core-10.1.5.jar:10.1.5]
?[0m?[0;34m	at org.apache.tomcat.util.net.NioEndpoint.startInternal(NioEndpoint.java:279) ~[tomcat-embed-core-10.1.5.jar:10.1.5]
?[0m?[0;34m	at org.apache.tomcat.util.net.AbstractEndpoint.start(AbstractEndpoint.java:1261) ~[tomcat-embed-core-10.1.5.jar:10.1.5]
?[0m?[0;34m	at org.apache.coyote.AbstractProtocol.start(AbstractProtocol.java:586) ~[tomcat-embed-core-10.1.5.jar:10.1.5]
?[0m?[0;34m	at org.apache.catalina.connector.Connector.startInternal(Connector.java:1081) ~[tomcat-embed-core-10.1.5.jar:10.1.5]
?[0m?[0;34m	at org.apache.catalina.util.LifecycleBase.start(LifecycleBase.java:183) ~[tomcat-embed-core-10.1.5.jar:10.1.5]
?[0m?[0;34m	at org.apache.catalina.core.StandardService.addConnector(StandardService.java:234) ~[tomcat-embed-core-10.1.5.jar:10.1.5]
?[0m?[0;34m	at org.springframework.boot.web.embedded.tomcat.TomcatWebServer.addPreviouslyRemovedConnectors(TomcatWebServer.java:282) ~[spring-boot-3.0.2.jar:3.0.2]
?[0m?[0;34m	at org.springframework.boot.web.embedded.tomcat.TomcatWebServer.start(TomcatWebServer.java:213) ~[spring-boot-3.0.2.jar:3.0.2]
?[0m?[0;34m	at org.springframework.boot.web.servlet.context.WebServerStartStopLifecycle.start(WebServerStartStopLifecycle.java:44) ~[spring-boot-3.0.2.jar:3.0.2]
?[0m?[0;34m	at org.springframework.context.support.DefaultLifecycleProcessor.doStart(DefaultLifecycleProcessor.java:178) ~[spring-context-6.0.4.jar:6.0.4]
?[0m?[0;34m	at org.springframework.context.support.DefaultLifecycleProcessor$LifecycleGroup.start(DefaultLifecycleProcessor.java:356) ~[spring-context-6.0.4.jar:6.0.4]
?[0m?[0;34m	at java.base/java.lang.Iterable.forEach(Iterable.java:75) ~[na:na]
?[0m?[0;34m	at org.springframework.context.support.DefaultLifecycleProcessor.startBeans(DefaultLifecycleProcessor.java:155) ~[spring-context-6.0.4.jar:6.0.4]
?[0m?[0;34m	at org.springframework.context.support.DefaultLifecycleProcessor.onRefresh(DefaultLifecycleProcessor.java:123) ~[spring-context-6.0.4.jar:6.0.4]
?[0m?[0;34m	at org.springframework.context.support.AbstractApplicationContext.finishRefresh(AbstractApplicationContext.java:932) ~[spring-context-6.0.4.jar:6.0.4]
?[0m?[0;34m	at org.springframework.context.support.AbstractApplicationContext.refresh(AbstractApplicationContext.java:587) ~[spring-context-6.0.4.jar:6.0.4]
?[0m?[0;34m	at org.springframework.boot.web.servlet.context.ServletWebServerApplicationContext.refresh(ServletWebServerApplicationContext.java:146) ~[spring-boot-3.0.2.jar:3.0.2]
?[0m?[0;34m	at org.springframework.boot.SpringApplication.refresh(SpringApplication.java:730) ~[spring-boot-3.0.2.jar:3.0.2]
?[0m?[0;34m	at org.springframework.boot.SpringApplication.refreshContext(SpringApplication.java:432) ~[spring-boot-3.0.2.jar:3.0.2]
?[0m?[0;34m	at org.springframework.boot.SpringApplication.run(SpringApplication.java:308) ~[spring-boot-3.0.2.jar:3.0.2]
?[0m?[0;34m	at org.springframework.boot.SpringApplication.run(SpringApplication.java:1302) ~[spring-boot-3.0.2.jar:3.0.2]
?[0m?[0;34m	at org.springframework.boot.SpringApplication.run(SpringApplication.java:1291) ~[spring-boot-3.0.2.jar:3.0.2]
?[0m?[0;34m	at account.AccountServiceApplication.main(AccountServiceApplication.java:14) ~[main/:na]
?[0m?[0;34m	at java.base/jdk.internal.reflect.NativeMethodAccessorImpl.invoke0(Native Method) ~[na:na]
?[0m?[0;34m	at java.base/jdk.internal.reflect.NativeMethodAccessorImpl.invoke(NativeMethodAccessorImpl.java:77) ~[na:na]
?[0m?[0;34m	at java.base/jdk.internal.reflect.DelegatingMethodAccessorImpl.invoke(DelegatingMethodAccessorImpl.java:43) ~[na:na]
?[0m?[0;34m	at java.base/java.lang.reflect.Method.invoke(Method.java:568) ~[na:na]
?[0m?[0;34m	at org.hyperskill.hstest.stage.SpringTest.startSpring(SpringTest.java:187) ~[hs-test-release-SNAPSHOT.jar:na]
?[0m?[0;34m	at org.hyperskill.hstest.stage.SpringTest.reloadSpring(SpringTest.java:239) ~[hs-test-release-SNAPSHOT.jar:na]
?[0m?[0;34m	at AccountServiceTest.restartApplication(AccountServiceTest.java:262) ~[test/:na]
?[0m?[0;34m	at AccountServiceTest.lambda$new$45(AccountServiceTest.java:452) ~[test/:na]
?[0m?[0;34m	at org.hyperskill.hstest.dynamic.input.DynamicTesting.lambda$searchDynamicTests$3(DynamicTesting.java:289) ~[hs-test-release-SNAPSHOT.jar:na]
?[0m?[0;34m	at org.hyperskill.hstest.dynamic.input.DynamicTesting$1DynamicTestElement.lambda$getTests$0(DynamicTesting.java:252) ~[hs-test-release-SNAPSHOT.jar:na]
?[0m?[0;34m	at org.hyperskill.hstest.testing.runner.SpringApplicationRunner.test(SpringApplicationRunner.java:43) ~[hs-test-release-SNAPSHOT.jar:na]
?[0m?[0;34m	at org.hyperskill.hstest.testing.TestRun.test(TestRun.java:94) ~[hs-test-release-SNAPSHOT.jar:na]
?[0m?[0;34m	at org.hyperskill.hstest.stage.StageTest.start(StageTest.java:164) ~[hs-test-release-SNAPSHOT.jar:na]
?[0m?[0;34m	at java.base/jdk.internal.reflect.NativeMethodAccessorImpl.invoke0(Native Method) ~[na:na]
?[0m?[0;34m	at java.base/jdk.internal.reflect.NativeMethodAccessorImpl.invoke(NativeMethodAccessorImpl.java:77) ~[na:na]
?[0m?[0;34m	at java.base/jdk.internal.reflect.DelegatingMethodAccessorImpl.invoke(DelegatingMethodAccessorImpl.java:43) ~[na:na]
?[0m?[0;34m	at java.base/java.lang.reflect.Method.invoke(Method.java:568) ~[na:na]
?[0m?[0;34m	at org.junit.runners.model.FrameworkMethod$1.runReflectiveCall(FrameworkMethod.java:59) ~[junit-4.13.2.jar:4.13.2]
?[0m?[0;34m	at org.junit.internal.runners.model.ReflectiveCallable.run(ReflectiveCallable.java:12) ~[junit-4.13.2.jar:4.13.2]
?[0m?[0;34m	at org.junit.runners.model.FrameworkMethod.invokeExplosively(FrameworkMethod.java:56) ~[junit-4.13.2.jar:4.13.2]
?[0m?[0;34m	at org.junit.internal.runners.statements.InvokeMethod.evaluate(InvokeMethod.java:17) ~[junit-4.13.2.jar:4.13.2]
?[0m?[0;34m	at org.junit.internal.runners.statements.RunAfters.evaluate(RunAfters.java:27) ~[junit-4.13.2.jar:4.13.2]
?[0m?[0;34m	at org.junit.runners.ParentRunner$3.evaluate(ParentRunner.java:306) ~[junit-4.13.2.jar:4.13.2]
?[0m?[0;34m	at org.junit.runners.BlockJUnit4ClassRunner$1.evaluate(BlockJUnit4ClassRunner.java:100) ~[junit-4.13.2.jar:4.13.2]
?[0m?[0;34m	at org.junit.runners.ParentRunner.runLeaf(ParentRunner.java:366) ~[junit-4.13.2.jar:4.13.2]
?[0m?[0;34m	at org.junit.runners.BlockJUnit4ClassRunner.runChild(BlockJUnit4ClassRunner.java:103) ~[junit-4.13.2.jar:4.13.2]
?[0m?[0;34m	at org.junit.runners.BlockJUnit4ClassRunner.runChild(BlockJUnit4ClassRunner.java:63) ~[junit-4.13.2.jar:4.13.2]
?[0m?[0;34m	at org.junit.runners.ParentRunner$4.run(ParentRunner.java:331) ~[junit-4.13.2.jar:4.13.2]
?[0m?[0;34m	at org.junit.runners.ParentRunner$1.schedule(ParentRunner.java:79) ~[junit-4.13.2.jar:4.13.2]
?[0m?[0;34m	at org.junit.runners.ParentRunner.runChildren(ParentRunner.java:329) ~[junit-4.13.2.jar:4.13.2]
?[0m?[0;34m	at org.junit.runners.ParentRunner.access$100(ParentRunner.java:66) ~[junit-4.13.2.jar:4.13.2]
?[0m?[0;34m	at org.junit.runners.ParentRunner$2.evaluate(ParentRunner.java:293) ~[junit-4.13.2.jar:4.13.2]
?[0m?[0;34m	at org.junit.runners.ParentRunner$3.evaluate(ParentRunner.java:306) ~[junit-4.13.2.jar:4.13.2]
?[0m?[0;34m	at org.junit.runners.ParentRunner.run(ParentRunner.java:413) ~[junit-4.13.2.jar:4.13.2]
?[0m?[0;34m	at org.gradle.api.internal.tasks.testing.junit.JUnitTestClassExecutor.runTestClass(JUnitTestClassExecutor.java:108) ~[na:na]
?[0m?[0;34m	at org.gradle.api.internal.tasks.testing.junit.JUnitTestClassExecutor.execute(JUnitTestClassExecutor.java:57) ~[na:na]
?[0m?[0;34m	at org.gradle.api.internal.tasks.testing.junit.JUnitTestClassExecutor.execute(JUnitTestClassExecutor.java:39) ~[na:na]
?[0m?[0;34m	at org.gradle.api.internal.tasks.testing.junit.AbstractJUnitTestClassProcessor.processTestClass(AbstractJUnitTestClassProcessor.java:62) ~[na:na]
?[0m?[0;34m	at org.gradle.api.internal.tasks.testing.SuiteTestClassProcessor.processTestClass(SuiteTestClassProcessor.java:52) ~[na:na]
?[0m?[0;34m	at java.base/jdk.internal.reflect.NativeMethodAccessorImpl.invoke0(Native Method) ~[na:na]
?[0m?[0;34m	at java.base/jdk.internal.reflect.NativeMethodAccessorImpl.invoke(NativeMethodAccessorImpl.java:77) ~[na:na]
?[0m?[0;34m	at java.base/jdk.internal.reflect.DelegatingMethodAccessorImpl.invoke(DelegatingMethodAccessorImpl.java:43) ~[na:na]
?[0m?[0;34m	at java.base/java.lang.reflect.Method.invoke(Method.java:568) ~[na:na]
?[0m?[0;34m	at org.gradle.internal.dispatch.ReflectionDispatch.dispatch(ReflectionDispatch.java:36) ~[na:na]
?[0m?[0;34m	at org.gradle.internal.dispatch.ReflectionDispatch.dispatch(ReflectionDispatch.java:24) ~[na:na]
?[0m?[0;34m	at org.gradle.internal.dispatch.ContextClassLoaderDispatch.dispatch(ContextClassLoaderDispatch.java:33) ~[na:na]
?[0m?[0;34m	at org.gradle.internal.dispatch.ProxyDispatchAdapter$DispatchingInvocationHandler.invoke(ProxyDispatchAdapter.java:94) ~[na:na]
?[0m?[0;34m	at jdk.proxy1/jdk.proxy1.$Proxy2.processTestClass(Unknown Source) ~[na:na]
?[0m?[0;34m	at org.gradle.api.internal.tasks.testing.worker.TestWorker$2.run(TestWorker.java:176) ~[na:na]
?[0m?[0;34m	at org.gradle.api.internal.tasks.testing.worker.TestWorker.executeAndMaintainThreadName(TestWorker.java:129) ~[na:na]
?[0m?[0;34m	at org.gradle.api.internal.tasks.testing.worker.TestWorker.execute(TestWorker.java:100) ~[na:na]
?[0m?[0;34m	at org.gradle.api.internal.tasks.testing.worker.TestWorker.execute(TestWorker.java:60) ~[na:na]
?[0m?[0;34m	at org.gradle.process.internal.worker.child.ActionExecutionWorker.execute(ActionExecutionWorker.java:56) ~[na:na]
?[0m?[0;34m	at org.gradle.process.internal.worker.child.SystemApplicationClassLoaderWorker.call(SystemApplicationClassLoaderWorker.java:113) ~[na:na]
?[0m?[0;34m	at org.gradle.process.internal.worker.child.SystemApplicationClassLoaderWorker.call(SystemApplicationClassLoaderWorker.java:65) ~[na:na]
?[0m?[0;34m	at worker.org.gradle.process.internal.worker.GradleWorkerMain.run(GradleWorkerMain.java:69) ~[gradle-worker.jar:na]
?[0m?[0;34m	at worker.org.gradle.process.internal.worker.GradleWorkerMain.main(GradleWorkerMain.java:74) ~[gradle-worker.jar:na]
?[0m?[0;34m
?[0m?[0;34m?[2m2023-06-21T15:48:05.436-04:00?[0;39m ?[33m WARN?[0;39m ?[35m31896?[0;39m ?[2m---?[0;39m ?[2m[    Test worker]?[0;39m ?[36m.t.u.s.PrivilegedSetAccessControlContext?[0;39m ?[2m:?[0;39m Unable to set field Thread.inheritedAccessControlContext
?[0m?[0;34m
?[0m?[0;34mjava.lang.IllegalAccessException: class org.apache.tomcat.util.security.PrivilegedSetAccessControlContext cannot access a member of class java.lang.Thread (in module java.base) with modifiers "private"
?[0m?[0;34m	at java.base/jdk.internal.reflect.Reflection.newIllegalAccessException(Reflection.java:392) ~[na:na]
?[0m?[0;34m	at java.base/java.lang.reflect.AccessibleObject.checkAccess(AccessibleObject.java:674) ~[na:na]
?[0m?[0;34m	at java.base/java.lang.reflect.Field.checkAccess(Field.java:1102) ~[na:na]
?[0m?[0;34m	at java.base/java.lang.reflect.Field.set(Field.java:797) ~[na:na]
?[0m?[0;34m	at org.apache.tomcat.util.security.PrivilegedSetAccessControlContext.run(PrivilegedSetAccessControlContext.java:60) ~[tomcat-embed-core-10.1.5.jar:10.1.5]
?[0m?[0;34m	at org.apache.tomcat.util.security.PrivilegedSetAccessControlContext.run(PrivilegedSetAccessControlContext.java:28) ~[tomcat-embed-core-10.1.5.jar:10.1.5]
?[0m?[0;34m	at java.base/java.security.AccessController.doPrivileged(AccessController.java:318) ~[na:na]
?[0m?[0;34m	at org.apache.tomcat.util.threads.TaskThreadFactory.newThread(TaskThreadFactory.java:64) ~[tomcat-embed-core-10.1.5.jar:10.1.5]
?[0m?[0;34m	at org.apache.tomcat.util.threads.ThreadPoolExecutor$Worker.<init>(ThreadPoolExecutor.java:653) ~[tomcat-embed-core-10.1.5.jar:10.1.5]
?[0m?[0;34m	at org.apache.tomcat.util.threads.ThreadPoolExecutor.addWorker(ThreadPoolExecutor.java:957) ~[tomcat-embed-core-10.1.5.jar:10.1.5]
?[0m?[0;34m	at org.apache.tomcat.util.threads.ThreadPoolExecutor.prestartAllCoreThreads(ThreadPoolExecutor.java:1694) ~[tomcat-embed-core-10.1.5.jar:10.1.5]
?[0m?[0;34m	at org.apache.tomcat.util.threads.ThreadPoolExecutor.<init>(ThreadPoolExecutor.java:1370) ~[tomcat-embed-core-10.1.5.jar:10.1.5]
?[0m?[0;34m	at org.apache.tomcat.util.threads.ThreadPoolExecutor.<init>(ThreadPoolExecutor.java:1280) ~[tomcat-embed-core-10.1.5.jar:10.1.5]
?[0m?[0;34m	at org.apache.tomcat.util.net.AbstractEndpoint.createExecutor(AbstractEndpoint.java:948) ~[tomcat-embed-core-10.1.5.jar:10.1.5]
?[0m?[0;34m	at org.apache.tomcat.util.net.NioEndpoint.startInternal(NioEndpoint.java:279) ~[tomcat-embed-core-10.1.5.jar:10.1.5]
?[0m?[0;34m	at org.apache.tomcat.util.net.AbstractEndpoint.start(AbstractEndpoint.java:1261) ~[tomcat-embed-core-10.1.5.jar:10.1.5]
?[0m?[0;34m	at org.apache.coyote.AbstractProtocol.start(AbstractProtocol.java:586) ~[tomcat-embed-core-10.1.5.jar:10.1.5]
?[0m?[0;34m	at org.apache.catalina.connector.Connector.startInternal(Connector.java:1081) ~[tomcat-embed-core-10.1.5.jar:10.1.5]
?[0m?[0;34m	at org.apache.catalina.util.LifecycleBase.start(LifecycleBase.java:183) ~[tomcat-embed-core-10.1.5.jar:10.1.5]
?[0m?[0;34m	at org.apache.catalina.core.StandardService.addConnector(StandardService.java:234) ~[tomcat-embed-core-10.1.5.jar:10.1.5]
?[0m?[0;34m	at org.springframework.boot.web.embedded.tomcat.TomcatWebServer.addPreviouslyRemovedConnectors(TomcatWebServer.java:282) ~[spring-boot-3.0.2.jar:3.0.2]
?[0m?[0;34m	at org.springframework.boot.web.embedded.tomcat.TomcatWebServer.start(TomcatWebServer.java:213) ~[spring-boot-3.0.2.jar:3.0.2]
?[0m?[0;34m	at org.springframework.boot.web.servlet.context.WebServerStartStopLifecycle.start(WebServerStartStopLifecycle.java:44) ~[spring-boot-3.0.2.jar:3.0.2]
?[0m?[0;34m	at org.springframework.context.support.DefaultLifecycleProcessor.doStart(DefaultLifecycleProcessor.java:178) ~[spring-context-6.0.4.jar:6.0.4]
?[0m?[0;34m	at org.springframework.context.support.DefaultLifecycleProcessor$LifecycleGroup.start(DefaultLifecycleProcessor.java:356) ~[spring-context-6.0.4.jar:6.0.4]
?[0m?[0;34m	at java.base/java.lang.Iterable.forEach(Iterable.java:75) ~[na:na]
?[0m?[0;34m	at org.springframework.context.support.DefaultLifecycleProcessor.startBeans(DefaultLifecycleProcessor.java:155) ~[spring-context-6.0.4.jar:6.0.4]
?[0m?[0;34m	at org.springframework.context.support.DefaultLifecycleProcessor.onRefresh(DefaultLifecycleProcessor.java:123) ~[spring-context-6.0.4.jar:6.0.4]
?[0m?[0;34m	at org.springframework.context.support.AbstractApplicationContext.finishRefresh(AbstractApplicationContext.java:932) ~[spring-context-6.0.4.jar:6.0.4]
?[0m?[0;34m	at org.springframework.context.support.AbstractApplicationContext.refresh(AbstractApplicationContext.java:587) ~[spring-context-6.0.4.jar:6.0.4]
?[0m?[0;34m	at org.springframework.boot.web.servlet.context.ServletWebServerApplicationContext.refresh(ServletWebServerApplicationContext.java:146) ~[spring-boot-3.0.2.jar:3.0.2]
?[0m?[0;34m	at org.springframework.boot.SpringApplication.refresh(SpringApplication.java:730) ~[spring-boot-3.0.2.jar:3.0.2]
?[0m?[0;34m	at org.springframework.boot.SpringApplication.refreshContext(SpringApplication.java:432) ~[spring-boot-3.0.2.jar:3.0.2]
?[0m?[0;34m	at org.springframework.boot.SpringApplication.run(SpringApplication.java:308) ~[spring-boot-3.0.2.jar:3.0.2]
?[0m?[0;34m	at org.springframework.boot.SpringApplication.run(SpringApplication.java:1302) ~[spring-boot-3.0.2.jar:3.0.2]
?[0m?[0;34m	at org.springframework.boot.SpringApplication.run(SpringApplication.java:1291) ~[spring-boot-3.0.2.jar:3.0.2]
?[0m?[0;34m	at account.AccountServiceApplication.main(AccountServiceApplication.java:14) ~[main/:na]
?[0m?[0;34m	at java.base/jdk.internal.reflect.NativeMethodAccessorImpl.invoke0(Native Method) ~[na:na]
?[0m?[0;34m	at java.base/jdk.internal.reflect.NativeMethodAccessorImpl.invoke(NativeMethodAccessorImpl.java:77) ~[na:na]
?[0m?[0;34m	at java.base/jdk.internal.reflect.DelegatingMethodAccessorImpl.invoke(DelegatingMethodAccessorImpl.java:43) ~[na:na]
?[0m?[0;34m	at java.base/java.lang.reflect.Method.invoke(Method.java:568) ~[na:na]
?[0m?[0;34m	at org.hyperskill.hstest.stage.SpringTest.startSpring(SpringTest.java:187) ~[hs-test-release-SNAPSHOT.jar:na]
?[0m?[0;34m	at org.hyperskill.hstest.stage.SpringTest.reloadSpring(SpringTest.java:239) ~[hs-test-release-SNAPSHOT.jar:na]
?[0m?[0;34m	at AccountServiceTest.restartApplication(AccountServiceTest.java:262) ~[test/:na]
?[0m?[0;34m	at AccountServiceTest.lambda$new$45(AccountServiceTest.java:452) ~[test/:na]
?[0m?[0;34m	at org.hyperskill.hstest.dynamic.input.DynamicTesting.lambda$searchDynamicTests$3(DynamicTesting.java:289) ~[hs-test-release-SNAPSHOT.jar:na]
?[0m?[0;34m	at org.hyperskill.hstest.dynamic.input.DynamicTesting$1DynamicTestElement.lambda$getTests$0(DynamicTesting.java:252) ~[hs-test-release-SNAPSHOT.jar:na]
?[0m?[0;34m	at org.hyperskill.hstest.testing.runner.SpringApplicationRunner.test(SpringApplicationRunner.java:43) ~[hs-test-release-SNAPSHOT.jar:na]
?[0m?[0;34m	at org.hyperskill.hstest.testing.TestRun.test(TestRun.java:94) ~[hs-test-release-SNAPSHOT.jar:na]
?[0m?[0;34m	at org.hyperskill.hstest.stage.StageTest.start(StageTest.java:164) ~[hs-test-release-SNAPSHOT.jar:na]
?[0m?[0;34m	at java.base/jdk.internal.reflect.NativeMethodAccessorImpl.invoke0(Native Method) ~[na:na]
?[0m?[0;34m	at java.base/jdk.internal.reflect.NativeMethodAccessorImpl.invoke(NativeMethodAccessorImpl.java:77) ~[na:na]
?[0m?[0;34m	at java.base/jdk.internal.reflect.DelegatingMethodAccessorImpl.invoke(DelegatingMethodAccessorImpl.java:43) ~[na:na]
?[0m?[0;34m	at java.base/java.lang.reflect.Method.invoke(Method.java:568) ~[na:na]
?[0m?[0;34m	at org.junit.runners.model.FrameworkMethod$1.runReflectiveCall(FrameworkMethod.java:59) ~[junit-4.13.2.jar:4.13.2]
?[0m?[0;34m	at org.junit.internal.runners.model.ReflectiveCallable.run(ReflectiveCallable.java:12) ~[junit-4.13.2.jar:4.13.2]
?[0m?[0;34m	at org.junit.runners.model.FrameworkMethod.invokeExplosively(FrameworkMethod.java:56) ~[junit-4.13.2.jar:4.13.2]
?[0m?[0;34m	at org.junit.internal.runners.statements.InvokeMethod.evaluate(InvokeMethod.java:17) ~[junit-4.13.2.jar:4.13.2]
?[0m?[0;34m	at org.junit.internal.runners.statements.RunAfters.evaluate(RunAfters.java:27) ~[junit-4.13.2.jar:4.13.2]
?[0m?[0;34m	at org.junit.runners.ParentRunner$3.evaluate(ParentRunner.java:306) ~[junit-4.13.2.jar:4.13.2]
?[0m?[0;34m	at org.junit.runners.BlockJUnit4ClassRunner$1.evaluate(BlockJUnit4ClassRunner.java:100) ~[junit-4.13.2.jar:4.13.2]
?[0m?[0;34m	at org.junit.runners.ParentRunner.runLeaf(ParentRunner.java:366) ~[junit-4.13.2.jar:4.13.2]
?[0m?[0;34m	at org.junit.runners.BlockJUnit4ClassRunner.runChild(BlockJUnit4ClassRunner.java:103) ~[junit-4.13.2.jar:4.13.2]
?[0m?[0;34m	at org.junit.runners.BlockJUnit4ClassRunner.runChild(BlockJUnit4ClassRunner.java:63) ~[junit-4.13.2.jar:4.13.2]
?[0m?[0;34m	at org.junit.runners.ParentRunner$4.run(ParentRunner.java:331) ~[junit-4.13.2.jar:4.13.2]
?[0m?[0;34m	at org.junit.runners.ParentRunner$1.schedule(ParentRunner.java:79) ~[junit-4.13.2.jar:4.13.2]
?[0m?[0;34m	at org.junit.runners.ParentRunner.runChildren(ParentRunner.java:329) ~[junit-4.13.2.jar:4.13.2]
?[0m?[0;34m	at org.junit.runners.ParentRunner.access$100(ParentRunner.java:66) ~[junit-4.13.2.jar:4.13.2]
?[0m?[0;34m	at org.junit.runners.ParentRunner$2.evaluate(ParentRunner.java:293) ~[junit-4.13.2.jar:4.13.2]
?[0m?[0;34m	at org.junit.runners.ParentRunner$3.evaluate(ParentRunner.java:306) ~[junit-4.13.2.jar:4.13.2]
?[0m?[0;34m	at org.junit.runners.ParentRunner.run(ParentRunner.java:413) ~[junit-4.13.2.jar:4.13.2]
?[0m?[0;34m	at org.gradle.api.internal.tasks.testing.junit.JUnitTestClassExecutor.runTestClass(JUnitTestClassExecutor.java:108) ~[na:na]
?[0m?[0;34m	at org.gradle.api.internal.tasks.testing.junit.JUnitTestClassExecutor.execute(JUnitTestClassExecutor.java:57) ~[na:na]
?[0m?[0;34m	at org.gradle.api.internal.tasks.testing.junit.JUnitTestClassExecutor.execute(JUnitTestClassExecutor.java:39) ~[na:na]
?[0m?[0;34m	at org.gradle.api.internal.tasks.testing.junit.AbstractJUnitTestClassProcessor.processTestClass(AbstractJUnitTestClassProcessor.java:62) ~[na:na]
?[0m?[0;34m	at org.gradle.api.internal.tasks.testing.SuiteTestClassProcessor.processTestClass(SuiteTestClassProcessor.java:52) ~[na:na]
?[0m?[0;34m	at java.base/jdk.internal.reflect.NativeMethodAccessorImpl.invoke0(Native Method) ~[na:na]
?[0m?[0;34m	at java.base/jdk.internal.reflect.NativeMethodAccessorImpl.invoke(NativeMethodAccessorImpl.java:77) ~[na:na]
?[0m?[0;34m	at java.base/jdk.internal.reflect.DelegatingMethodAccessorImpl.invoke(DelegatingMethodAccessorImpl.java:43) ~[na:na]
?[0m?[0;34m	at java.base/java.lang.reflect.Method.invoke(Method.java:568) ~[na:na]
?[0m?[0;34m	at org.gradle.internal.dispatch.ReflectionDispatch.dispatch(ReflectionDispatch.java:36) ~[na:na]
?[0m?[0;34m	at org.gradle.internal.dispatch.ReflectionDispatch.dispatch(ReflectionDispatch.java:24) ~[na:na]
?[0m?[0;34m	at org.gradle.internal.dispatch.ContextClassLoaderDispatch.dispatch(ContextClassLoaderDispatch.java:33) ~[na:na]
?[0m?[0;34m	at org.gradle.internal.dispatch.ProxyDispatchAdapter$DispatchingInvocationHandler.invoke(ProxyDispatchAdapter.java:94) ~[na:na]
?[0m?[0;34m	at jdk.proxy1/jdk.proxy1.$Proxy2.processTestClass(Unknown Source) ~[na:na]
?[0m?[0;34m	at org.gradle.api.internal.tasks.testing.worker.TestWorker$2.run(TestWorker.java:176) ~[na:na]
?[0m?[0;34m	at org.gradle.api.internal.tasks.testing.worker.TestWorker.executeAndMaintainThreadName(TestWorker.java:129) ~[na:na]
?[0m?[0;34m	at org.gradle.api.internal.tasks.testing.worker.TestWorker.execute(TestWorker.java:100) ~[na:na]
?[0m?[0;34m	at org.gradle.api.internal.tasks.testing.worker.TestWorker.execute(TestWorker.java:60) ~[na:na]
?[0m?[0;34m	at org.gradle.process.internal.worker.child.ActionExecutionWorker.execute(ActionExecutionWorker.java:56) ~[na:na]
?[0m?[0;34m	at org.gradle.process.internal.worker.child.SystemApplicationClassLoaderWorker.call(SystemApplicationClassLoaderWorker.java:113) ~[na:na]
?[0m?[0;34m	at org.gradle.process.internal.worker.child.SystemApplicationClassLoaderWorker.call(SystemApplicationClassLoaderWorker.java:65) ~[na:na]
?[0m?[0;34m	at worker.org.gradle.process.internal.worker.GradleWorkerMain.run(GradleWorkerMain.java:69) ~[gradle-worker.jar:na]
?[0m?[0;34m	at worker.org.gradle.process.internal.worker.GradleWorkerMain.main(GradleWorkerMain.java:74) ~[gradle-worker.jar:na]
?[0m?[0;34m
?[0m?[0;34m?[2m2023-06-21T15:48:05.441-04:00?[0;39m ?[32m INFO?[0;39m ?[35m31896?[0;39m ?[2m---?[0;39m ?[2m[    Test worker]?[0;39m ?[36mo.s.b.w.embedded.tomcat.TomcatWebServer ?[0;39m ?[2m:?[0;39m Tomcat started on port(s): 28852 (http) with context path ''
?[0m?[0;34m?[2m2023-06-21T15:48:05.447-04:00?[0;39m ?[32m INFO?[0;39m ?[35m31896?[0;39m ?[2m---?[0;39m ?[2m[    Test worker]?[0;39m ?[36maccount.AccountServiceApplication       ?[0;39m ?[2m:?[0;39m Started AccountServiceApplication in 0.733 seconds (process running for 37.774)
?[0m?[1;31m
Start test 45?[0m
?[0;34m?[2m2023-06-21T15:48:05.455-04:00?[0;39m ?[32m INFO?[0;39m ?[35m31896?[0;39m ?[2m---?[0;39m ?[2m[io-28852-exec-1]?[0;39m ?[36mo.a.c.c.C.[Tomcat].[localhost].[/]      ?[0;39m ?[2m:?[0;39m Initializing Spring DispatcherServlet 'dispatcherServlet'
?[0m?[0;34m?[2m2023-06-21T15:48:05.456-04:00?[0;39m ?[32m INFO?[0;39m ?[35m31896?[0;39m ?[2m---?[0;39m ?[2m[io-28852-exec-1]?[0;39m ?[36mo.s.web.servlet.DispatcherServlet       ?[0;39m ?[2m:?[0;39m Initializing Servlet 'dispatcherServlet'
?[0m?[0;34m?[2m2023-06-21T15:48:05.456-04:00?[0;39m ?[32mDEBUG?[0;39m ?[35m31896?[0;39m ?[2m---?[0;39m ?[2m[io-28852-exec-1]?[0;39m ?[36mo.s.web.servlet.DispatcherServlet       ?[0;39m ?[2m:?[0;39m Detected StandardServletMultipartResolver
?[0m?[0;34m?[2m2023-06-21T15:48:05.456-04:00?[0;39m ?[32mDEBUG?[0;39m ?[35m31896?[0;39m ?[2m---?[0;39m ?[2m[io-28852-exec-1]?[0;39m ?[36mo.s.web.servlet.DispatcherServlet       ?[0;39m ?[2m:?[0;39m Detected AcceptHeaderLocaleResolver
?[0m?[0;34m?[2m2023-06-21T15:48:05.456-04:00?[0;39m ?[32mDEBUG?[0;39m ?[35m31896?[0;39m ?[2m---?[0;39m ?[2m[io-28852-exec-1]?[0;39m ?[36mo.s.web.servlet.DispatcherServlet       ?[0;39m ?[2m:?[0;39m Detected FixedThemeResolver
?[0m?[0;34m?[2m2023-06-21T15:48:05.457-04:00?[0;39m ?[32mDEBUG?[0;39m ?[35m31896?[0;39m ?[2m---?[0;39m ?[2m[io-28852-exec-1]?[0;39m ?[36mo.s.web.servlet.DispatcherServlet       ?[0;39m ?[2m:?[0;39m Detected org.springframework.web.servlet.view.DefaultRequestToViewNameTranslator@37635407
?[0m?[0;34m?[2m2023-06-21T15:48:05.457-04:00?[0;39m ?[32mDEBUG?[0;39m ?[35m31896?[0;39m ?[2m---?[0;39m ?[2m[io-28852-exec-1]?[0;39m ?[36mo.s.web.servlet.DispatcherServlet       ?[0;39m ?[2m:?[0;39m Detected org.springframework.web.servlet.support.SessionFlashMapManager@60ee1a29
?[0m?[0;34m?[2m2023-06-21T15:48:05.457-04:00?[0;39m ?[32mDEBUG?[0;39m ?[35m31896?[0;39m ?[2m---?[0;39m ?[2m[io-28852-exec-1]?[0;39m ?[36mo.s.web.servlet.DispatcherServlet       ?[0;39m ?[2m:?[0;39m enableLoggingRequestDetails='false': request parameters and headers will be masked to prevent unsafe logging of potentially sensitive data
?[0m?[0;34m?[2m2023-06-21T15:48:05.457-04:00?[0;39m ?[32m INFO?[0;39m ?[35m31896?[0;39m ?[2m---?[0;39m ?[2m[io-28852-exec-1]?[0;39m ?[36mo.s.web.servlet.DispatcherServlet       ?[0;39m ?[2m:?[0;39m Completed initialization in 1 ms
?[0m?[0;34m?[2m2023-06-21T15:48:06.467-04:00?[0;39m ?[32mDEBUG?[0;39m ?[35m31896?[0;39m ?[2m---?[0;39m ?[2m[io-28852-exec-1]?[0;39m ?[36ms.w.s.m.m.a.RequestMappingHandlerMapping?[0;39m ?[2m:?[0;39m Mapped to account.controllers.BusinessLogicController#testAuth(Authentication)
?[0m?[0;34m?[2m2023-06-21T15:48:06.467-04:00?[0;39m ?[32mDEBUG?[0;39m ?[35m31896?[0;39m ?[2m---?[0;39m ?[2m[io-28852-exec-1]?[0;39m ?[36ms.w.s.m.m.a.RequestMappingHandlerMapping?[0;39m ?[2m:?[0;39m Mapped to account.controllers.BusinessLogicController#testAuth(Authentication)
?[0m?[0;34m?[2m2023-06-21T15:48:06.467-04:00?[0;39m ?[32mDEBUG?[0;39m ?[35m31896?[0;39m ?[2m---?[0;39m ?[2m[io-28852-exec-1]?[0;39m ?[36mo.s.web.servlet.DispatcherServlet       ?[0;39m ?[2m:?[0;39m GET "/api/empl/payment", parameters={}
?[0m?[0;34m?[2m2023-06-21T15:48:06.467-04:00?[0;39m ?[32mDEBUG?[0;39m ?[35m31896?[0;39m ?[2m---?[0;39m ?[2m[io-28852-exec-1]?[0;39m ?[36ms.w.s.m.m.a.RequestMappingHandlerMapping?[0;39m ?[2m:?[0;39m Mapped to account.controllers.BusinessLogicController#testAuth(Authentication)
?[0m?[0;34mHibernate: select e1_0.id,e1_0.email,e1_0.last_name,e1_0.name,e1_0.password,e1_0.role from employees e1_0
?[0m?[0;34m?[2m2023-06-21T15:48:06.473-04:00?[0;39m ?[32mDEBUG?[0;39m ?[35m31896?[0;39m ?[2m---?[0;39m ?[2m[io-28852-exec-1]?[0;39m ?[36mo.s.w.s.m.m.a.HttpEntityMethodProcessor ?[0;39m ?[2m:?[0;39m Using 'application/json', given [*/*] and supported [application/json, application/*+json]
?[0m?[0;34m?[2m2023-06-21T15:48:06.474-04:00?[0;39m ?[32mDEBUG?[0;39m ?[35m31896?[0;39m ?[2m---?[0;39m ?[2m[io-28852-exec-1]?[0;39m ?[36mo.s.w.s.m.m.a.HttpEntityMethodProcessor ?[0;39m ?[2m:?[0;39m Writing [User{id=2, name='Max', lastName='Mustermann', email='maxmustermann@acme.com', password='$2a$13$tz.LZ (truncated)...]
?[0m?[0;34m?[2m2023-06-21T15:48:06.474-04:00?[0;39m ?[32mDEBUG?[0;39m ?[35m31896?[0;39m ?[2m---?[0;39m ?[2m[io-28852-exec-1]?[0;39m ?[36mo.s.web.servlet.DispatcherServlet       ?[0;39m ?[2m:?[0;39m Completed 200 OK
?[1;31m
Start test 46?[0m
?[0;34m?[2m2023-06-21T15:48:06.980-04:00?[0;39m ?[32mDEBUG?[0;39m ?[35m31896?[0;39m ?[2m---?[0;39m ?[2m[io-28852-exec-2]?[0;39m ?[36ms.w.s.m.m.a.RequestMappingHandlerMapping?[0;39m ?[2m:?[0;39m Mapped to account.controllers.AuthenticationController#changePassword(Authentication, PasswordChange)
?[0m?[0;34m?[2m2023-06-21T15:48:06.980-04:00?[0;39m ?[32mDEBUG?[0;39m ?[35m31896?[0;39m ?[2m---?[0;39m ?[2m[io-28852-exec-2]?[0;39m ?[36ms.w.s.m.m.a.RequestMappingHandlerMapping?[0;39m ?[2m:?[0;39m Mapped to account.controllers.AuthenticationController#changePassword(Authentication, PasswordChange)
?[0m?[0;34m?[2m2023-06-21T15:48:06.980-04:00?[0;39m ?[32mDEBUG?[0;39m ?[35m31896?[0;39m ?[2m---?[0;39m ?[2m[io-28852-exec-2]?[0;39m ?[36ms.w.s.m.m.a.RequestMappingHandlerMapping?[0;39m ?[2m:?[0;39m Mapped to account.controllers.AuthenticationController#changePassword(Authentication, PasswordChange)
?[0m?[0;34m?[2m2023-06-21T15:48:06.980-04:00?[0;39m ?[32mDEBUG?[0;39m ?[35m31896?[0;39m ?[2m---?[0;39m ?[2m[io-28852-exec-2]?[0;39m ?[36ms.w.s.m.m.a.RequestMappingHandlerMapping?[0;39m ?[2m:?[0;39m Mapped to account.controllers.AuthenticationController#changePassword(Authentication, PasswordChange)
?[0m?[0;34m?[2m2023-06-21T15:48:06.980-04:00?[0;39m ?[32mDEBUG?[0;39m ?[35m31896?[0;39m ?[2m---?[0;39m ?[2m[io-28852-exec-2]?[0;39m ?[36mo.s.web.servlet.DispatcherServlet       ?[0;39m ?[2m:?[0;39m POST "/api/auth/changepass", parameters={}
?[0m?[0;34m?[2m2023-06-21T15:48:06.981-04:00?[0;39m ?[32mDEBUG?[0;39m ?[35m31896?[0;39m ?[2m---?[0;39m ?[2m[io-28852-exec-2]?[0;39m ?[36ms.w.s.m.m.a.RequestMappingHandlerMapping?[0;39m ?[2m:?[0;39m Mapped to account.controllers.AuthenticationController#changePassword(Authentication, PasswordChange)
?[0m?[0;34m?[2m2023-06-21T15:48:06.982-04:00?[0;39m ?[32mDEBUG?[0;39m ?[35m31896?[0;39m ?[2m---?[0;39m ?[2m[io-28852-exec-2]?[0;39m ?[36mm.m.a.RequestResponseBodyMethodProcessor?[0;39m ?[2m:?[0;39m Read "application/json;charset=UTF-8" to [account.dto.PasswordChange@7e18a8cb]
?[0m?[0;34mAintnoway
?[0m?[0;34mHibernate: select e1_0.id,e1_0.email,e1_0.last_name,e1_0.name,e1_0.password,e1_0.role from employees e1_0
?[0m?[0;34mHibernate: select e1_0.id,e1_0.email,e1_0.last_name,e1_0.name,e1_0.password,e1_0.role from employees e1_0
?[0m?[0;34mHibernate: update employees set email=?, last_name=?, name=?, password=?, role=? where id=?
?[0m?[0;34mHibernate: select u1_0.username,u1_0.enabled,u1_0.password from users u1_0 where u1_0.username=?
?[0m?[0;34mHibernate: update users set enabled=?, password=? where username=?
?[0m?[0;34m?[2m2023-06-21T15:48:08.013-04:00?[0;39m ?[32mDEBUG?[0;39m ?[35m31896?[0;39m ?[2m---?[0;39m ?[2m[io-28852-exec-2]?[0;39m ?[36mo.s.w.s.m.m.a.HttpEntityMethodProcessor ?[0;39m ?[2m:?[0;39m Using 'application/json', given [*/*] and supported [application/json, application/*+json]
?[0m?[0;34m?[2m2023-06-21T15:48:08.013-04:00?[0;39m ?[32mDEBUG?[0;39m ?[35m31896?[0;39m ?[2m---?[0;39m ?[2m[io-28852-exec-2]?[0;39m ?[36mo.s.w.s.m.m.a.HttpEntityMethodProcessor ?[0;39m ?[2m:?[0;39m Writing [account.dto.SuccessfulPassword@6041f823]
?[0m?[0;34m?[2m2023-06-21T15:48:08.014-04:00?[0;39m ?[32mDEBUG?[0;39m ?[35m31896?[0;39m ?[2m---?[0;39m ?[2m[io-28852-exec-2]?[0;39m ?[36mo.s.web.servlet.DispatcherServlet       ?[0;39m ?[2m:?[0;39m Completed 200 OK
?[1;31m
Start test 47?[0m
?[0;34m?[2m2023-06-21T15:48:08.530-04:00?[0;39m ?[32mDEBUG?[0;39m ?[35m31896?[0;39m ?[2m---?[0;39m ?[2m[io-28852-exec-3]?[0;39m ?[36ms.w.s.m.m.a.RequestMappingHandlerMapping?[0;39m ?[2m:?[0;39m Mapped to org.springframework.boot.autoconfigure.web.servlet.error.BasicErrorController#error(HttpServletRequest)
?[0m?[0;34m?[2m2023-06-21T15:48:08.530-04:00?[0;39m ?[32mDEBUG?[0;39m ?[35m31896?[0;39m ?[2m---?[0;39m ?[2m[io-28852-exec-3]?[0;39m ?[36ms.w.s.m.m.a.RequestMappingHandlerMapping?[0;39m ?[2m:?[0;39m Mapped to org.springframework.boot.autoconfigure.web.servlet.error.BasicErrorController#error(HttpServletRequest)
?[1;31m
Start test 48?[0m
?[0;34m?[2m2023-06-21T15:48:09.038-04:00?[0;39m ?[32mDEBUG?[0;39m ?[35m31896?[0;39m ?[2m---?[0;39m ?[2m[io-28852-exec-4]?[0;39m ?[36ms.w.s.m.m.a.RequestMappingHandlerMapping?[0;39m ?[2m:?[0;39m Mapped to account.controllers.BusinessLogicController#testAuth(Authentication)
?[0m?[0;34m?[2m2023-06-21T15:48:09.038-04:00?[0;39m ?[32mDEBUG?[0;39m ?[35m31896?[0;39m ?[2m---?[0;39m ?[2m[io-28852-exec-4]?[0;39m ?[36ms.w.s.m.m.a.RequestMappingHandlerMapping?[0;39m ?[2m:?[0;39m Mapped to account.controllers.BusinessLogicController#testAuth(Authentication)
?[0m?[0;34m?[2m2023-06-21T15:48:09.038-04:00?[0;39m ?[32mDEBUG?[0;39m ?[35m31896?[0;39m ?[2m---?[0;39m ?[2m[io-28852-exec-4]?[0;39m ?[36mo.s.web.servlet.DispatcherServlet       ?[0;39m ?[2m:?[0;39m GET "/api/empl/payment", parameters={}
?[0m?[0;34m?[2m2023-06-21T15:48:09.038-04:00?[0;39m ?[32mDEBUG?[0;39m ?[35m31896?[0;39m ?[2m---?[0;39m ?[2m[io-28852-exec-4]?[0;39m ?[36ms.w.s.m.m.a.RequestMappingHandlerMapping?[0;39m ?[2m:?[0;39m Mapped to account.controllers.BusinessLogicController#testAuth(Authentication)
?[0m?[0;34mHibernate: select e1_0.id,e1_0.email,e1_0.last_name,e1_0.name,e1_0.password,e1_0.role from employees e1_0
?[0m?[0;34m?[2m2023-06-21T15:48:09.040-04:00?[0;39m ?[32mDEBUG?[0;39m ?[35m31896?[0;39m ?[2m---?[0;39m ?[2m[io-28852-exec-4]?[0;39m ?[36mo.s.w.s.m.m.a.HttpEntityMethodProcessor ?[0;39m ?[2m:?[0;39m Using 'application/json', given [*/*] and supported [application/json, application/*+json]
?[0m?[0;34m?[2m2023-06-21T15:48:09.040-04:00?[0;39m ?[32mDEBUG?[0;39m ?[35m31896?[0;39m ?[2m---?[0;39m ?[2m[io-28852-exec-4]?[0;39m ?[36mo.s.w.s.m.m.a.HttpEntityMethodProcessor ?[0;39m ?[2m:?[0;39m Writing [User{id=1, name='John', lastName='Doe', email='johndoe@acme.com', password='$2a$13$74Kq7w4ha77ht0te6 (truncated)...]
?[0m?[0;34m?[2m2023-06-21T15:48:09.041-04:00?[0;39m ?[32mDEBUG?[0;39m ?[35m31896?[0;39m ?[2m---?[0;39m ?[2m[io-28852-exec-4]?[0;39m ?[36mo.s.web.servlet.DispatcherServlet       ?[0;39m ?[2m:?[0;39m Completed 200 OK
?[1;31m
Start test 49?[0m
?[0;34m?[2m2023-06-21T15:48:09.544-04:00?[0;39m ?[32mDEBUG?[0;39m ?[35m31896?[0;39m ?[2m---?[0;39m ?[2m[io-28852-exec-5]?[0;39m ?[36ms.w.s.m.m.a.RequestMappingHandlerMapping?[0;39m ?[2m:?[0;39m Mapped to account.controllers.AuthenticationController#changePassword(Authentication, PasswordChange)
?[0m?[0;34m?[2m2023-06-21T15:48:09.544-04:00?[0;39m ?[32mDEBUG?[0;39m ?[35m31896?[0;39m ?[2m---?[0;39m ?[2m[io-28852-exec-5]?[0;39m ?[36ms.w.s.m.m.a.RequestMappingHandlerMapping?[0;39m ?[2m:?[0;39m Mapped to account.controllers.AuthenticationController#changePassword(Authentication, PasswordChange)
?[0m?[0;34m?[2m2023-06-21T15:48:09.544-04:00?[0;39m ?[32mDEBUG?[0;39m ?[35m31896?[0;39m ?[2m---?[0;39m ?[2m[io-28852-exec-5]?[0;39m ?[36ms.w.s.m.m.a.RequestMappingHandlerMapping?[0;39m ?[2m:?[0;39m Mapped to account.controllers.AuthenticationController#changePassword(Authentication, PasswordChange)
?[0m?[0;34m?[2m2023-06-21T15:48:09.544-04:00?[0;39m ?[32mDEBUG?[0;39m ?[35m31896?[0;39m ?[2m---?[0;39m ?[2m[io-28852-exec-5]?[0;39m ?[36ms.w.s.m.m.a.RequestMappingHandlerMapping?[0;39m ?[2m:?[0;39m Mapped to account.controllers.AuthenticationController#changePassword(Authentication, PasswordChange)
?[0m?[0;34m?[2m2023-06-21T15:48:09.544-04:00?[0;39m ?[32mDEBUG?[0;39m ?[35m31896?[0;39m ?[2m---?[0;39m ?[2m[io-28852-exec-5]?[0;39m ?[36mo.s.web.servlet.DispatcherServlet       ?[0;39m ?[2m:?[0;39m POST "/api/auth/changepass", parameters={}
?[0m?[0;34m?[2m2023-06-21T15:48:09.544-04:00?[0;39m ?[32mDEBUG?[0;39m ?[35m31896?[0;39m ?[2m---?[0;39m ?[2m[io-28852-exec-5]?[0;39m ?[36ms.w.s.m.m.a.RequestMappingHandlerMapping?[0;39m ?[2m:?[0;39m Mapped to account.controllers.AuthenticationController#changePassword(Authentication, PasswordChange)
?[0m?[0;34m?[2m2023-06-21T15:48:09.545-04:00?[0;39m ?[32mDEBUG?[0;39m ?[35m31896?[0;39m ?[2m---?[0;39m ?[2m[io-28852-exec-5]?[0;39m ?[36mm.m.a.RequestResponseBodyMethodProcessor?[0;39m ?[2m:?[0;39m Read "application/json;charset=UTF-8" to [account.dto.PasswordChange@61c804c9]
?[0m?[0;34mAintnoway
?[0m?[0;34mHibernate: select e1_0.id,e1_0.email,e1_0.last_name,e1_0.name,e1_0.password,e1_0.role from employees e1_0
?[0m?[0;34mHibernate: select e1_0.id,e1_0.email,e1_0.last_name,e1_0.name,e1_0.password,e1_0.role from employees e1_0
?[0m?[0;34mHibernate: update employees set email=?, last_name=?, name=?, password=?, role=? where id=?
?[0m?[0;34mHibernate: select u1_0.username,u1_0.enabled,u1_0.password from users u1_0 where u1_0.username=?
?[0m?[0;34mHibernate: update users set enabled=?, password=? where username=?
?[0m?[0;34m?[2m2023-06-21T15:48:10.564-04:00?[0;39m ?[32mDEBUG?[0;39m ?[35m31896?[0;39m ?[2m---?[0;39m ?[2m[io-28852-exec-5]?[0;39m ?[36mo.s.w.s.m.m.a.HttpEntityMethodProcessor ?[0;39m ?[2m:?[0;39m Using 'application/json', given [*/*] and supported [application/json, application/*+json]
?[0m?[0;34m?[2m2023-06-21T15:48:10.564-04:00?[0;39m ?[32mDEBUG?[0;39m ?[35m31896?[0;39m ?[2m---?[0;39m ?[2m[io-28852-exec-5]?[0;39m ?[36mo.s.w.s.m.m.a.HttpEntityMethodProcessor ?[0;39m ?[2m:?[0;39m Writing [account.dto.SuccessfulPassword@7f0d41c2]
?[0m?[0;34m?[2m2023-06-21T15:48:10.565-04:00?[0;39m ?[32mDEBUG?[0;39m ?[35m31896?[0;39m ?[2m---?[0;39m ?[2m[io-28852-exec-5]?[0;39m ?[36mo.s.web.servlet.DispatcherServlet       ?[0;39m ?[2m:?[0;39m Completed 200 OK
?[1;31m
Start test 50?[0m
?[0;34m?[2m2023-06-21T15:48:11.075-04:00?[0;39m ?[32mDEBUG?[0;39m ?[35m31896?[0;39m ?[2m---?[0;39m ?[2m[io-28852-exec-6]?[0;39m ?[36ms.w.s.m.m.a.RequestMappingHandlerMapping?[0;39m ?[2m:?[0;39m Mapped to org.springframework.boot.autoconfigure.web.servlet.error.BasicErrorController#error(HttpServletRequest)
?[0m?[0;34m?[2m2023-06-21T15:48:11.075-04:00?[0;39m ?[32mDEBUG?[0;39m ?[35m31896?[0;39m ?[2m---?[0;39m ?[2m[io-28852-exec-6]?[0;39m ?[36ms.w.s.m.m.a.RequestMappingHandlerMapping?[0;39m ?[2m:?[0;39m Mapped to org.springframework.boot.autoconfigure.web.servlet.error.BasicErrorController#error(HttpServletRequest)
?[1;31m
Start test 51?[0m
?[0;34m?[2m2023-06-21T15:48:11.586-04:00?[0;39m ?[32mDEBUG?[0;39m ?[35m31896?[0;39m ?[2m---?[0;39m ?[2m[io-28852-exec-7]?[0;39m ?[36ms.w.s.m.m.a.RequestMappingHandlerMapping?[0;39m ?[2m:?[0;39m Mapped to account.controllers.BusinessLogicController#testAuth(Authentication)
?[0m?[0;34m?[2m2023-06-21T15:48:11.586-04:00?[0;39m ?[32mDEBUG?[0;39m ?[35m31896?[0;39m ?[2m---?[0;39m ?[2m[io-28852-exec-7]?[0;39m ?[36ms.w.s.m.m.a.RequestMappingHandlerMapping?[0;39m ?[2m:?[0;39m Mapped to account.controllers.BusinessLogicController#testAuth(Authentication)
?[0m?[0;34m?[2m2023-06-21T15:48:11.586-04:00?[0;39m ?[32mDEBUG?[0;39m ?[35m31896?[0;39m ?[2m---?[0;39m ?[2m[io-28852-exec-7]?[0;39m ?[36mo.s.web.servlet.DispatcherServlet       ?[0;39m ?[2m:?[0;39m GET "/api/empl/payment", parameters={}
?[0m?[0;34m?[2m2023-06-21T15:48:11.586-04:00?[0;39m ?[32mDEBUG?[0;39m ?[35m31896?[0;39m ?[2m---?[0;39m ?[2m[io-28852-exec-7]?[0;39m ?[36ms.w.s.m.m.a.RequestMappingHandlerMapping?[0;39m ?[2m:?[0;39m Mapped to account.controllers.BusinessLogicController#testAuth(Authentication)
?[0m?[0;34mHibernate: select e1_0.id,e1_0.email,e1_0.last_name,e1_0.name,e1_0.password,e1_0.role from employees e1_0
?[0m?[0;34m?[2m2023-06-21T15:48:11.588-04:00?[0;39m ?[32mDEBUG?[0;39m ?[35m31896?[0;39m ?[2m---?[0;39m ?[2m[io-28852-exec-7]?[0;39m ?[36mo.s.w.s.m.m.a.HttpEntityMethodProcessor ?[0;39m ?[2m:?[0;39m Using 'application/json', given [*/*] and supported [application/json, application/*+json]
?[0m?[0;34m?[2m2023-06-21T15:48:11.588-04:00?[0;39m ?[32mDEBUG?[0;39m ?[35m31896?[0;39m ?[2m---?[0;39m ?[2m[io-28852-exec-7]?[0;39m ?[36mo.s.w.s.m.m.a.HttpEntityMethodProcessor ?[0;39m ?[2m:?[0;39m Writing [User{id=2, name='Max', lastName='Mustermann', email='maxmustermann@acme.com', password='$2a$13$Pdfaj (truncated)...]
?[0m?[0;34m?[2m2023-06-21T15:48:11.589-04:00?[0;39m ?[32mDEBUG?[0;39m ?[35m31896?[0;39m ?[2m---?[0;39m ?[2m[io-28852-exec-7]?[0;39m ?[36mo.s.web.servlet.DispatcherServlet       ?[0;39m ?[2m:?[0;39m Completed 200 OK
?[2m2023-06-21T15:48:11.595-04:00?[0;39m ?[32mDEBUG?[0;39m ?[35m31896?[0;39m ?[2m---?[0;39m ?[2m[io-28852-exec-8]?[0;39m ?[36mo.s.web.servlet.DispatcherServlet       ?[0;39m ?[2m:?[0;39m POST "/actuator/shutdown", parameters={}
?[2m2023-06-21T15:48:11.596-04:00?[0;39m ?[32mDEBUG?[0;39m ?[35m31896?[0;39m ?[2m---?[0;39m ?[2m[io-28852-exec-8]?[0;39m ?[36mm.m.a.RequestResponseBodyMethodProcessor?[0;39m ?[2m:?[0;39m Read "application/json;charset=UTF-8" to []
?[2m2023-06-21T15:48:11.597-04:00?[0;39m ?[32mDEBUG?[0;39m ?[35m31896?[0;39m ?[2m---?[0;39m ?[2m[io-28852-exec-8]?[0;39m ?[36mm.m.a.RequestResponseBodyMethodProcessor?[0;39m ?[2m:?[0;39m Using 'application/vnd.spring-boot.actuator.v3+json', given [*/*] and supported [application/vnd.spring-boot.actuator.v3+json, application/vnd.spring-boot.actuator.v2+json, application/json]
?[2m2023-06-21T15:48:11.597-04:00?[0;39m ?[32mDEBUG?[0;39m ?[35m31896?[0;39m ?[2m---?[0;39m ?[2m[io-28852-exec-8]?[0;39m ?[36mm.m.a.RequestResponseBodyMethodProcessor?[0;39m ?[2m:?[0;39m Writing [org.springframework.boot.actuate.context.ShutdownEndpoint$ShutdownDescriptor@3fc76a99]
?[2m2023-06-21T15:48:11.597-04:00?[0;39m ?[32mDEBUG?[0;39m ?[35m31896?[0;39m ?[2m---?[0;39m ?[2m[io-28852-exec-8]?[0;39m ?[36mo.s.web.servlet.DispatcherServlet       ?[0;39m ?[2m:?[0;39m Completed 200 OK
]]></system-out>
  <system-err><![CDATA[]]></system-err>
</testsuite>
